[2025-10-20 14:05:41.597] [multi_logger] [info] Logger initialized
[2025-10-20 14:05:41.597] [multi_logger] [info] Command: /Users/gc3045/git/fast-laml/build/src/fastlaml --matrix /Users/gc3045/git/laml2-experiments/real_data/PEtracer/inputs/colonies_clone3_kde_scores.csv --tree clone3.stepwise_addition_08.nwk --output fastlaml_colonies_clone3.stepwise_addition_08 --mode search --seed 0 --max-iterations 5000 --ultrametric -d observation-matrix -v
[2025-10-20 14:05:41.597] [multi_logger] [info] Loading tree from Newick file...
[2025-10-20 14:05:41.598] [multi_logger] [info] Processing matrix and mutation priors...
[2025-10-20 14:05:41.652] [multi_logger] [info] Found 832 taxa and 48 characters
[2025-10-20 14:05:41.652] [multi_logger] [info] No mutation priors provided. Assuming uniform priors.
[2025-10-20 14:05:41.652] [multi_logger] [info] Generating uniform priors for observation matrix w 8 states...
[2025-10-20 14:05:41.658] [multi_logger] [info] === END OF IO SUMMARY ===
[2025-10-20 14:05:41.658] [multi_logger] [info] Number of characters: 48
[2025-10-20 14:05:41.658] [multi_logger] [info] Max alphabet size: 8
[2025-10-20 14:05:41.658] [multi_logger] [info] Data type: observation-matrix

[2025-10-20 14:05:41.659] [multi_logger] [info] Searching for optimal tree...
[2025-10-20 14:05:41.662] [multi_logger] [info] Num missing entries: 9846 Num not missing entries: 30090
[2025-10-20 14:05:41.761] [multi_logger] [info] EM iteration: 0 Log likelihood: -2064799.7913372624
[2025-10-20 14:05:41.761] [multi_logger] [info] Nu: 0.5439321398735046 Phi: 0.5835601091384888
[2025-10-20 14:05:41.986] [multi_logger] [info] EM iteration: 1 Log likelihood: -2036061.1540951156
[2025-10-20 14:05:41.986] [multi_logger] [info] Nu: 0.015488569908478491 Phi: 0.23549954016975747
[2025-10-20 14:05:42.140] [multi_logger] [info] EM iteration: 2 Log likelihood: -2035150.6654937742
[2025-10-20 14:05:42.140] [multi_logger] [info] Nu: 0.027200088579803574 Phi: 0.21521902528113165
[2025-10-20 14:05:42.297] [multi_logger] [info] EM iteration: 3 Log likelihood: -2034794.8611536063
[2025-10-20 14:05:42.297] [multi_logger] [info] Nu: 0.04676161928325941 Phi: 0.20069790236348325
[2025-10-20 14:05:42.437] [multi_logger] [info] EM iteration: 4 Log likelihood: -2034510.9450991866
[2025-10-20 14:05:42.437] [multi_logger] [info] Nu: 0.07146327582286235 Phi: 0.1854261491591788
[2025-10-20 14:05:42.592] [multi_logger] [info] EM iteration: 5 Log likelihood: -2034266.4438083062
[2025-10-20 14:05:42.592] [multi_logger] [info] Nu: 0.09900990193127278 Phi: 0.1697179729210854
[2025-10-20 14:05:42.742] [multi_logger] [info] EM iteration: 6 Log likelihood: -2034064.492930151
[2025-10-20 14:05:42.742] [multi_logger] [info] Nu: 0.1270789054974965 Phi: 0.1545097660298477
[2025-10-20 14:05:42.894] [multi_logger] [info] EM iteration: 7 Log likelihood: -2033912.1988953012
[2025-10-20 14:05:42.894] [multi_logger] [info] Nu: 0.15372440837409132 Phi: 0.14053839960963535
[2025-10-20 14:05:43.043] [multi_logger] [info] EM iteration: 8 Log likelihood: -2033799.0859638867
[2025-10-20 14:05:43.043] [multi_logger] [info] Nu: 0.17786750399210963 Phi: 0.1282743423296091
[2025-10-20 14:05:43.187] [multi_logger] [info] EM iteration: 9 Log likelihood: -2033714.398674026
[2025-10-20 14:05:43.187] [multi_logger] [info] Nu: 0.1991672446301536 Phi: 0.11765915003296379
[2025-10-20 14:05:43.340] [multi_logger] [info] EM iteration: 10 Log likelihood: -2033651.1965767862
[2025-10-20 14:05:43.340] [multi_logger] [info] Nu: 0.21765323618175206 Phi: 0.10857297412098303
[2025-10-20 14:05:43.558] [multi_logger] [info] EM iteration: 11 Log likelihood: -2033602.1762479478
[2025-10-20 14:05:43.558] [multi_logger] [info] Nu: 0.23357040792413636 Phi: 0.10079979688303116
[2025-10-20 14:05:43.720] [multi_logger] [info] EM iteration: 12 Log likelihood: -2033562.517789355
[2025-10-20 14:05:43.720] [multi_logger] [info] Nu: 0.24727065616813143 Phi: 0.09408609336777632
[2025-10-20 14:05:43.895] [multi_logger] [info] EM iteration: 13 Log likelihood: -2033529.5358392089
[2025-10-20 14:05:43.895] [multi_logger] [info] Nu: 0.25912437482893036 Phi: 0.08822854992863406
[2025-10-20 14:05:44.080] [multi_logger] [info] EM iteration: 14 Log likelihood: -2033501.7564271935
[2025-10-20 14:05:44.080] [multi_logger] [info] Nu: 0.26946108464564167 Phi: 0.08307152668590022
[2025-10-20 14:05:44.256] [multi_logger] [info] EM iteration: 15 Log likelihood: -2033478.617087958
[2025-10-20 14:05:44.256] [multi_logger] [info] Nu: 0.27855281145562827 Phi: 0.07849936453663107
[2025-10-20 14:05:44.571] [multi_logger] [info] Starting simulated annealing with initial log likelihood: -2033459.896820689
[2025-10-20 14:05:45.165] [multi_logger] [info] Iteration 0: Applied NNI move (1038, 1031), no. accepts: 0, new log likelihood: -2033437.42584664, current phi: 0.3005421060802244, current nu: 0.06768463191320215
[2025-10-20 14:05:45.734] [multi_logger] [info] Iteration 1: Applied NNI move (149, 180), no. accepts: 1, new log likelihood: -2033423.2459946894, current phi: 0.31178255404164207, current nu: 0.06217135336774974
[2025-10-20 14:05:46.298] [multi_logger] [info] Iteration 2: Applied NNI move (651, 650), no. accepts: 2, new log likelihood: -2033405.426174476, current phi: 0.32128527451098615, current nu: 0.057546475233271756
[2025-10-20 14:05:46.860] [multi_logger] [info] Iteration 3: Rejected NNI move (688, 696), proposed log likelihood: -2033405.426174476
[2025-10-20 14:05:47.415] [multi_logger] [info] Iteration 4: Rejected NNI move (100, 119), proposed log likelihood: -2033405.426174476
[2025-10-20 14:05:48.001] [multi_logger] [info] Iteration 5: Applied NNI move (820, 819), no. accepts: 3, new log likelihood: -2033400.5424454568, current phi: 0.32917736242137413, current nu: 0.05388009671407927
[2025-10-20 14:05:48.575] [multi_logger] [info] Iteration 6: Applied NNI move (118, 116), no. accepts: 4, new log likelihood: -2033387.8532587488, current phi: 0.335935270591577, current nu: 0.05048610184888802
[2025-10-20 14:05:49.140] [multi_logger] [info] Iteration 7: Applied NNI move (1053, 1064), no. accepts: 5, new log likelihood: -2033382.0764783374, current phi: 0.3420113148127764, current nu: 0.04744948799037959
[2025-10-20 14:05:49.737] [multi_logger] [info] Iteration 8: Rejected NNI move (1525, 1507), proposed log likelihood: -2033382.0764783374
[2025-10-20 14:05:50.302] [multi_logger] [info] Iteration 9: Applied NNI move (1176, 1216), no. accepts: 6, new log likelihood: -2033376.143849153, current phi: 0.3473313264718563, current nu: 0.04482722489943614
[2025-10-20 14:05:50.895] [multi_logger] [info] Iteration 10: Applied NNI move (1285, 1290), no. accepts: 7, new log likelihood: -2033370.2400574423, current phi: 0.35211905958323414, current nu: 0.042471569764576764
[2025-10-20 14:05:51.464] [multi_logger] [info] Iteration 11: Applied NNI move (510, 513), no. accepts: 8, new log likelihood: -2033362.4738521378, current phi: 0.3569565419061281, current nu: 0.04016086799703486
[2025-10-20 14:05:52.071] [multi_logger] [info] Iteration 12: Applied NNI move (886, 883), no. accepts: 9, new log likelihood: -2033356.432734374, current phi: 0.36173408356934833, current nu: 0.03789982233666949
[2025-10-20 14:05:52.635] [multi_logger] [info] Iteration 13: Applied NNI move (867, 835), no. accepts: 10, new log likelihood: -2033351.818756723, current phi: 0.36619033170625304, current nu: 0.035723941796717416
[2025-10-20 14:05:53.206] [multi_logger] [info] Iteration 14: Applied NNI move (54, 57), no. accepts: 11, new log likelihood: -2033346.7341669751, current phi: 0.37033983866358466, current nu: 0.033739753806157735
[2025-10-20 14:05:53.778] [multi_logger] [info] Iteration 15: Applied NNI move (119, 116), no. accepts: 12, new log likelihood: -2033346.0933595414, current phi: 0.37408837902176717, current nu: 0.03193384310586551
[2025-10-20 14:05:54.353] [multi_logger] [info] Iteration 16: Rejected NNI move (918, 917), proposed log likelihood: -2033346.0933595414
[2025-10-20 14:05:54.946] [multi_logger] [info] Iteration 17: Rejected NNI move (289, 288), proposed log likelihood: -2033346.0933595414
[2025-10-20 14:05:55.583] [multi_logger] [info] Iteration 18: Rejected NNI move (1404, 1406), proposed log likelihood: -2033346.0933595414
[2025-10-20 14:05:56.183] [multi_logger] [info] Iteration 19: Rejected NNI move (745, 741), proposed log likelihood: -2033346.0933595414
[2025-10-20 14:05:56.765] [multi_logger] [info] Iteration 20: Rejected NNI move (666, 662), proposed log likelihood: -2033346.0933595414
[2025-10-20 14:05:57.384] [multi_logger] [info] Iteration 21: Rejected NNI move (571, 569), proposed log likelihood: -2033346.0933595414
[2025-10-20 14:05:57.998] [multi_logger] [info] Iteration 22: Rejected NNI move (683, 701), proposed log likelihood: -2033346.0933595414
[2025-10-20 14:05:58.592] [multi_logger] [info] Iteration 23: Rejected NNI move (1004, 1012), proposed log likelihood: -2033346.0933595414
[2025-10-20 14:05:59.184] [multi_logger] [info] Iteration 24: Applied NNI move (566, 568), no. accepts: 13, new log likelihood: -2033344.0154749458, current phi: 0.37735059513870217, current nu: 0.030334813735576997
[2025-10-20 14:05:59.788] [multi_logger] [info] Iteration 25: Applied NNI move (1444, 1451), no. accepts: 14, new log likelihood: -2033339.1172964834, current phi: 0.3803404596379204, current nu: 0.028912182786219078
[2025-10-20 14:06:00.394] [multi_logger] [info] Iteration 26: Rejected NNI move (307, 458), proposed log likelihood: -2033339.1172964834
[2025-10-20 14:06:01.008] [multi_logger] [info] Iteration 27: Applied NNI move (682, 681), no. accepts: 15, new log likelihood: -2033334.3513678613, current phi: 0.3830557895866998, current nu: 0.027589246140991036
[2025-10-20 14:06:01.601] [multi_logger] [info] Iteration 28: Applied NNI move (1534, 1532), no. accepts: 16, new log likelihood: -2033327.9129404486, current phi: 0.38579783794303907, current nu: 0.02629159958843738
[2025-10-20 14:06:02.191] [multi_logger] [info] Iteration 29: Applied NNI move (1422, 4), no. accepts: 17, new log likelihood: -2033326.1758125885, current phi: 0.3883340669829983, current nu: 0.025051532610450792
[2025-10-20 14:06:02.821] [multi_logger] [info] Iteration 30: Rejected NNI move (867, 841), proposed log likelihood: -2033326.1758125885
[2025-10-20 14:06:03.424] [multi_logger] [info] Iteration 31: Rejected NNI move (1043, 1042), proposed log likelihood: -2033326.1758125885
[2025-10-20 14:06:04.036] [multi_logger] [info] Iteration 32: Rejected NNI move (1029, 1033), proposed log likelihood: -2033326.1758125885
[2025-10-20 14:06:04.641] [multi_logger] [info] Iteration 33: Applied NNI move (1088, 1119), no. accepts: 18, new log likelihood: -2033324.9537508807, current phi: 0.39067828796074106, current nu: 0.02389669537725771
[2025-10-20 14:06:05.193] [multi_logger] [info] Iteration 34: Rejected NNI move (354, 359), proposed log likelihood: -2033324.9537508807
[2025-10-20 14:06:05.772] [multi_logger] [info] Iteration 35: Applied NNI move (652, 646), no. accepts: 19, new log likelihood: -2033323.8675709045, current phi: 0.39283107745320256, current nu: 0.02283746581919257
[2025-10-20 14:06:06.336] [multi_logger] [info] Iteration 36: Rejected NNI move (836, 838), proposed log likelihood: -2033323.8675709045
[2025-10-20 14:06:06.940] [multi_logger] [info] Iteration 37: Rejected NNI move (5, 1052), proposed log likelihood: -2033323.8675709045
[2025-10-20 14:06:07.544] [multi_logger] [info] Iteration 38: Applied NNI move (1084, 1240), no. accepts: 20, new log likelihood: -2033314.0432611944, current phi: 0.39493384301357143, current nu: 0.02187306665839284
[2025-10-20 14:06:08.121] [multi_logger] [info] Iteration 39: Applied NNI move (646, 650), no. accepts: 21, new log likelihood: -2033309.613330929, current phi: 0.39650873970068706, current nu: 0.020969196471703748
[2025-10-20 14:06:08.751] [multi_logger] [info] Iteration 40: Rejected NNI move (191, 141), proposed log likelihood: -2033309.613330929
[2025-10-20 14:06:09.359] [multi_logger] [info] Iteration 41: Rejected NNI move (97, 253), proposed log likelihood: -2033309.613330929
[2025-10-20 14:06:09.946] [multi_logger] [info] Iteration 42: Rejected NNI move (1605, 1648), proposed log likelihood: -2033309.613330929
[2025-10-20 14:06:10.579] [multi_logger] [info] Iteration 43: Rejected NNI move (1489, 1488), proposed log likelihood: -2033309.613330929
[2025-10-20 14:06:11.178] [multi_logger] [info] Iteration 44: Applied NNI move (1498, 1496), no. accepts: 22, new log likelihood: -2033308.8491325066, current phi: 0.39817435475796037, current nu: 0.0201467465063416
[2025-10-20 14:06:11.778] [multi_logger] [info] Iteration 45: Rejected NNI move (1555, 1587), proposed log likelihood: -2033308.8491325066
[2025-10-20 14:06:12.370] [multi_logger] [info] Iteration 46: Applied NNI move (1574, 1573), no. accepts: 23, new log likelihood: -2033308.1331504118, current phi: 0.3997210928657661, current nu: 0.019382938830329256
[2025-10-20 14:06:12.950] [multi_logger] [info] Iteration 47: Applied NNI move (1238, 1233), no. accepts: 24, new log likelihood: -2033306.6234906951, current phi: 0.4011749922631195, current nu: 0.018664105738075174
[2025-10-20 14:06:13.537] [multi_logger] [info] Iteration 48: Applied NNI move (288, 256), no. accepts: 25, new log likelihood: -2033303.5602863338, current phi: 0.4025883627400644, current nu: 0.017984797968009662
[2025-10-20 14:06:14.090] [multi_logger] [info] Iteration 49: Rejected NNI move (1467, 1469), proposed log likelihood: -2033303.5602863338
[2025-10-20 14:06:14.696] [multi_logger] [info] Iteration 50: Rejected NNI move (320, 331), proposed log likelihood: -2033303.5602863338
[2025-10-20 14:06:15.277] [multi_logger] [info] Iteration 51: Rejected NNI move (603, 607), proposed log likelihood: -2033303.5602863338
[2025-10-20 14:06:15.869] [multi_logger] [info] Iteration 52: Rejected NNI move (860, 859), proposed log likelihood: -2033303.5602863338
[2025-10-20 14:06:16.455] [multi_logger] [info] Iteration 53: Rejected NNI move (1314, 1316), proposed log likelihood: -2033303.5602863338
[2025-10-20 14:06:17.051] [multi_logger] [info] Iteration 54: Applied NNI move (1553, 1642), no. accepts: 26, new log likelihood: -2033288.0294483239, current phi: 0.40382893250208307, current nu: 0.01734308420846638
[2025-10-20 14:06:17.644] [multi_logger] [info] Iteration 55: Applied NNI move (4, 1069), no. accepts: 27, new log likelihood: -2033287.3455030408, current phi: 0.40504897673430074, current nu: 0.01673867224489139
[2025-10-20 14:06:18.229] [multi_logger] [info] Iteration 56: Applied NNI move (641, 645), no. accepts: 28, new log likelihood: -2033284.7300462376, current phi: 0.4062298135976429, current nu: 0.016169925768542814
[2025-10-20 14:06:18.824] [multi_logger] [info] Iteration 57: Rejected NNI move (408, 398), proposed log likelihood: -2033284.7300462376
[2025-10-20 14:06:19.416] [multi_logger] [info] Iteration 58: Applied NNI move (247, 250), no. accepts: 29, new log likelihood: -2033272.5878691575, current phi: 0.40742851767450583, current nu: 0.015625525314226087
[2025-10-20 14:06:19.997] [multi_logger] [info] Iteration 59: Applied NNI move (423, 412), no. accepts: 30, new log likelihood: -2033265.4951161873, current phi: 0.40824657137802345, current nu: 0.015055318778085929
[2025-10-20 14:06:20.594] [multi_logger] [info] Iteration 60: Rejected NNI move (468, 463), proposed log likelihood: -2033265.4951161873
[2025-10-20 14:06:21.181] [multi_logger] [info] Iteration 61: Rejected NNI move (1102, 1108), proposed log likelihood: -2033265.4951161873
[2025-10-20 14:06:21.766] [multi_logger] [info] Iteration 62: Applied NNI move (1496, 1497), no. accepts: 31, new log likelihood: -2033264.754934906, current phi: 0.4092800267813532, current nu: 0.014511675855616291
[2025-10-20 14:06:22.365] [multi_logger] [info] Iteration 63: Applied NNI move (1230, 1216), no. accepts: 32, new log likelihood: -2033264.0804111483, current phi: 0.4103122263699503, current nu: 0.013993598901245189
[2025-10-20 14:06:23.004] [multi_logger] [info] Iteration 64: Applied NNI move (1198, 1190), no. accepts: 33, new log likelihood: -2033260.371163785, current phi: 0.41133694229210416, current nu: 0.013501706355861917
[2025-10-20 14:06:23.572] [multi_logger] [info] Iteration 65: Applied NNI move (1579, 1560), no. accepts: 34, new log likelihood: -2033253.420204761, current phi: 0.4123847231970479, current nu: 0.013036328202182763
[2025-10-20 14:06:24.155] [multi_logger] [info] Iteration 66: Rejected NNI move (1432, 1431), proposed log likelihood: -2033253.420204761
[2025-10-20 14:06:24.753] [multi_logger] [info] Iteration 67: Rejected NNI move (633, 637), proposed log likelihood: -2033253.420204761
[2025-10-20 14:06:25.351] [multi_logger] [info] Iteration 68: Rejected NNI move (496, 513), proposed log likelihood: -2033253.420204761
[2025-10-20 14:06:26.029] [multi_logger] [info] Iteration 69: Applied NNI move (943, 899), no. accepts: 35, new log likelihood: -2033248.325027422, current phi: 0.41335490924993906, current nu: 0.012598428142468218
[2025-10-20 14:06:26.620] [multi_logger] [info] Iteration 70: Applied NNI move (312, 320), no. accepts: 36, new log likelihood: -2033242.1699270522, current phi: 0.4141807173695313, current nu: 0.012171807809828046
[2025-10-20 14:06:27.187] [multi_logger] [info] Iteration 71: Rejected NNI move (232, 226), proposed log likelihood: -2033242.1699270522
[2025-10-20 14:06:27.781] [multi_logger] [info] Iteration 72: Rejected NNI move (567, 569), proposed log likelihood: -2033242.1699270522
[2025-10-20 14:06:28.362] [multi_logger] [info] Iteration 73: Rejected NNI move (1007, 1010), proposed log likelihood: -2033242.1699270522
[2025-10-20 14:06:28.942] [multi_logger] [info] Iteration 74: Rejected NNI move (316, 315), proposed log likelihood: -2033242.1699270522
[2025-10-20 14:06:29.526] [multi_logger] [info] Iteration 75: Rejected NNI move (262, 271), proposed log likelihood: -2033242.1699270522
[2025-10-20 14:06:30.119] [multi_logger] [info] Iteration 76: Rejected NNI move (13, 804), proposed log likelihood: -2033242.1699270522
[2025-10-20 14:06:30.759] [multi_logger] [info] Iteration 77: Rejected NNI move (666, 662), proposed log likelihood: -2033242.1699270522
[2025-10-20 14:06:31.367] [multi_logger] [info] Iteration 78: Applied NNI move (1351, 1081), no. accepts: 37, new log likelihood: -2033241.8857622189, current phi: 0.4149734987841596, current nu: 0.011772052285749051
[2025-10-20 14:06:31.976] [multi_logger] [info] Iteration 79: Rejected NNI move (568, 566), proposed log likelihood: -2033241.8857622189
[2025-10-20 14:06:32.583] [multi_logger] [info] Iteration 80: Rejected NNI move (1209, 1201), proposed log likelihood: -2033241.8857622189
[2025-10-20 14:06:33.170] [multi_logger] [info] Iteration 81: Rejected NNI move (745, 741), proposed log likelihood: -2033241.8857622189
[2025-10-20 14:06:33.798] [multi_logger] [info] Iteration 82: Rejected NNI move (1135, 1133), proposed log likelihood: -2033241.8857622189
[2025-10-20 14:06:34.414] [multi_logger] [info] Iteration 83: Rejected NNI move (85, 735), proposed log likelihood: -2033241.8857622189
[2025-10-20 14:06:35.013] [multi_logger] [info] Iteration 84: Applied NNI move (321, 324), no. accepts: 38, new log likelihood: -2033236.9330514697, current phi: 0.4159915750358187, current nu: 0.011402371919735269
[2025-10-20 14:06:35.612] [multi_logger] [info] Iteration 85: Rejected NNI move (529, 531), proposed log likelihood: -2033236.9330514697
[2025-10-20 14:06:36.196] [multi_logger] [info] Iteration 86: Applied NNI move (1156, 1130), no. accepts: 39, new log likelihood: -2033229.3761414345, current phi: 0.4167339972037996, current nu: 0.011049820110209621
[2025-10-20 14:06:36.867] [multi_logger] [info] Iteration 87: Applied NNI move (1226, 1218), no. accepts: 40, new log likelihood: -2033217.8567496762, current phi: 0.41712045443645346, current nu: 0.010711140533258274
[2025-10-20 14:06:37.469] [multi_logger] [info] Iteration 88: Applied NNI move (1497, 1498), no. accepts: 41, new log likelihood: -2033212.7190769014, current phi: 0.41750250404782735, current nu: 0.010406081015550824
[2025-10-20 14:06:38.099] [multi_logger] [info] Iteration 89: Rejected NNI move (666, 662), proposed log likelihood: -2033212.7190769014
[2025-10-20 14:06:38.712] [multi_logger] [info] Iteration 90: Applied NNI move (557, 553), no. accepts: 42, new log likelihood: -2033210.4550461166, current phi: 0.41808118206696976, current nu: 0.010109440384903138
[2025-10-20 14:06:39.295] [multi_logger] [info] Iteration 91: Applied NNI move (1462, 1479), no. accepts: 43, new log likelihood: -2033209.0884507056, current phi: 0.4186399866681649, current nu: 0.009830094782009035
[2025-10-20 14:06:39.863] [multi_logger] [info] Iteration 92: Rejected NNI move (528, 534), proposed log likelihood: -2033209.0884507056
[2025-10-20 14:06:40.431] [multi_logger] [info] Iteration 93: Rejected NNI move (1361, 1393), proposed log likelihood: -2033209.0884507056
[2025-10-20 14:06:41.077] [multi_logger] [info] Iteration 94: Rejected NNI move (1371, 1382), proposed log likelihood: -2033209.0884507056
[2025-10-20 14:06:41.687] [multi_logger] [info] Iteration 95: Rejected NNI move (1129, 1131), proposed log likelihood: -2033209.0884507056
[2025-10-20 14:06:42.315] [multi_logger] [info] Iteration 96: Rejected NNI move (1649, 1552), proposed log likelihood: -2033209.0884507056
[2025-10-20 14:06:42.904] [multi_logger] [info] Iteration 97: Rejected NNI move (1629, 1631), proposed log likelihood: -2033209.0884507056
[2025-10-20 14:06:43.518] [multi_logger] [info] Iteration 98: Rejected NNI move (860, 859), proposed log likelihood: -2033209.0884507056
[2025-10-20 14:06:44.134] [multi_logger] [info] Iteration 99: Applied NNI move (947, 951), no. accepts: 44, new log likelihood: -2033208.930051836, current phi: 0.4191667423827625, current nu: 0.009565065832883237
[2025-10-20 14:06:44.720] [multi_logger] [info] Iteration 100: Applied NNI move (958, 957), no. accepts: 45, new log likelihood: -2033205.8482895577, current phi: 0.4197014301102334, current nu: 0.009310281749906626
[2025-10-20 14:06:45.316] [multi_logger] [info] Iteration 101: Applied NNI move (1071, 1079), no. accepts: 46, new log likelihood: -2033188.927424849, current phi: 0.4204210708430827, current nu: 0.009062547486087352
[2025-10-20 14:06:45.911] [multi_logger] [info] Iteration 102: Applied NNI move (98, 139), no. accepts: 47, new log likelihood: -2033187.7033537105, current phi: 0.42093535051970876, current nu: 0.008822571826231095
[2025-10-20 14:06:46.522] [multi_logger] [info] Iteration 103: Rejected NNI move (10, 824), proposed log likelihood: -2033187.7033537105
[2025-10-20 14:06:47.134] [multi_logger] [info] Iteration 104: Applied NNI move (1644, 1647), no. accepts: 48, new log likelihood: -2033174.1407404216, current phi: 0.42162511373784867, current nu: 0.008589207570834293
[2025-10-20 14:06:47.768] [multi_logger] [info] Iteration 105: Applied NNI move (793, 778), no. accepts: 49, new log likelihood: -2033165.8236824223, current phi: 0.42201349640782043, current nu: 0.008355873174325784
[2025-10-20 14:06:48.386] [multi_logger] [info] Iteration 106: Rejected NNI move (41, 40), proposed log likelihood: -2033165.8236824223
[2025-10-20 14:06:49.057] [multi_logger] [info] Iteration 107: Rejected NNI move (500, 499), proposed log likelihood: -2033165.8236824223
[2025-10-20 14:06:49.698] [multi_logger] [info] Iteration 108: Rejected NNI move (1268, 1302), proposed log likelihood: -2033165.8236824223
[2025-10-20 14:06:50.315] [multi_logger] [info] Iteration 109: Rejected NNI move (1434, 1660), proposed log likelihood: -2033165.8236824223
[2025-10-20 14:06:50.904] [multi_logger] [info] Iteration 110: Applied NNI move (68, 65), no. accepts: 50, new log likelihood: -2033160.6902185518, current phi: 0.4223984548799048, current nu: 0.008134401982826986
[2025-10-20 14:06:51.486] [multi_logger] [info] Iteration 111: Rejected NNI move (1463, 1467), proposed log likelihood: -2033160.6902185518
[2025-10-20 14:06:52.083] [multi_logger] [info] Iteration 112: Rejected NNI move (421, 419), proposed log likelihood: -2033160.6902185518
[2025-10-20 14:06:52.693] [multi_logger] [info] Iteration 113: Rejected NNI move (232, 231), proposed log likelihood: -2033160.6902185518
[2025-10-20 14:06:53.287] [multi_logger] [info] Iteration 114: Applied NNI move (1098, 1100), no. accepts: 51, new log likelihood: -2033157.189924441, current phi: 0.4227732760552441, current nu: 0.007921977430562926
[2025-10-20 14:06:53.926] [multi_logger] [info] Iteration 115: Rejected NNI move (520, 518), proposed log likelihood: -2033157.189924441
[2025-10-20 14:06:54.538] [multi_logger] [info] Iteration 116: Applied NNI move (903, 910), no. accepts: 52, new log likelihood: -2033154.4279616445, current phi: 0.4230678113496105, current nu: 0.00771707860115021
[2025-10-20 14:06:55.135] [multi_logger] [info] Iteration 117: Rejected NNI move (517, 521), proposed log likelihood: -2033154.4279616445
[2025-10-20 14:06:55.719] [multi_logger] [info] Iteration 118: Applied NNI move (963, 965), no. accepts: 53, new log likelihood: -2033154.2371491157, current phi: 0.42327826235710114, current nu: 0.007522909050871917
[2025-10-20 14:06:56.328] [multi_logger] [info] Iteration 119: Rejected NNI move (773, 795), proposed log likelihood: -2033154.2371491157
[2025-10-20 14:06:56.943] [multi_logger] [info] Iteration 120: Rejected NNI move (1362, 1389), proposed log likelihood: -2033154.2371491157
[2025-10-20 14:06:57.568] [multi_logger] [info] Iteration 121: Applied NNI move (51, 50), no. accepts: 54, new log likelihood: -2033152.1817980944, current phi: 0.42363605527239967, current nu: 0.007338277937475001
[2025-10-20 14:06:58.176] [multi_logger] [info] Iteration 122: Applied NNI move (1298, 1291), no. accepts: 55, new log likelihood: -2033151.9525497437, current phi: 0.42399237102819426, current nu: 0.007160534073108962
[2025-10-20 14:06:58.810] [multi_logger] [info] Iteration 123: Rejected NNI move (192, 251), proposed log likelihood: -2033151.9525497437
[2025-10-20 14:06:59.401] [multi_logger] [info] Iteration 124: Applied NNI move (288, 258), no. accepts: 56, new log likelihood: -2033151.7187534736, current phi: 0.4243392472466294, current nu: 0.00698938846362169
[2025-10-20 14:07:00.007] [multi_logger] [info] Iteration 125: Applied NNI move (640, 301), no. accepts: 57, new log likelihood: -2033142.9364682734, current phi: 0.4247123817063474, current nu: 0.00682436666202141
[2025-10-20 14:07:00.623] [multi_logger] [info] Iteration 126: Applied NNI move (1528, 1456), no. accepts: 58, new log likelihood: -2033114.9620659004, current phi: 0.4254637734256789, current nu: 0.006661304517389747
[2025-10-20 14:07:01.257] [multi_logger] [info] Iteration 127: Applied NNI move (80, 71), no. accepts: 59, new log likelihood: -2033114.0899262568, current phi: 0.4257745396934598, current nu: 0.006511490439900425
[2025-10-20 14:07:01.876] [multi_logger] [info] Iteration 128: Rejected NNI move (1039, 1045), proposed log likelihood: -2033114.0899262568
[2025-10-20 14:07:02.462] [multi_logger] [info] Iteration 129: Rejected NNI move (1532, 1534), proposed log likelihood: -2033114.0899262568
[2025-10-20 14:07:03.079] [multi_logger] [info] Iteration 130: Applied NNI move (488, 476), no. accepts: 60, new log likelihood: -2033111.5980453286, current phi: 0.42619267724158433, current nu: 0.006372265619259304
[2025-10-20 14:07:03.670] [multi_logger] [info] Iteration 131: Rejected NNI move (1379, 1377), proposed log likelihood: -2033111.5980453286
[2025-10-20 14:07:04.274] [multi_logger] [info] Iteration 132: Applied NNI move (864, 861), no. accepts: 61, new log likelihood: -2033104.9163842723, current phi: 0.42645514635578285, current nu: 0.006236290608785305
[2025-10-20 14:07:04.999] [multi_logger] [info] Iteration 133: Applied NNI move (1381, 1384), no. accepts: 62, new log likelihood: -2033101.797825965, current phi: 0.4268249923023241, current nu: 0.0061107091583033814
[2025-10-20 14:07:05.642] [multi_logger] [info] Iteration 134: Applied NNI move (367, 371), no. accepts: 63, new log likelihood: -2033101.1310594296, current phi: 0.427054685216306, current nu: 0.005982849351933282
[2025-10-20 14:07:06.303] [multi_logger] [info] Iteration 135: Rejected NNI move (1267, 1306), proposed log likelihood: -2033101.1310594296
[2025-10-20 14:07:06.994] [multi_logger] [info] Iteration 136: Applied NNI move (906, 911), no. accepts: 64, new log likelihood: -2033097.3362469953, current phi: 0.42711739017207795, current nu: 0.00585800417134398
[2025-10-20 14:07:07.657] [multi_logger] [info] Iteration 137: Rejected NNI move (1437, 1604), proposed log likelihood: -2033097.3362469953
[2025-10-20 14:07:08.279] [multi_logger] [info] Iteration 138: Applied NNI move (626, 623), no. accepts: 65, new log likelihood: -2033097.1801016296, current phi: 0.4274951333585335, current nu: 0.005745196662204994
[2025-10-20 14:07:08.898] [multi_logger] [info] Iteration 139: Rejected NNI move (1093, 1091), proposed log likelihood: -2033097.1801016296
[2025-10-20 14:07:09.541] [multi_logger] [info] Iteration 140: Rejected NNI move (1029, 1033), proposed log likelihood: -2033097.1801016296
[2025-10-20 14:07:10.210] [multi_logger] [info] Iteration 141: Applied NNI move (348, 381), no. accepts: 66, new log likelihood: -2033097.085598941, current phi: 0.42772306001382304, current nu: 0.005634137589987602
[2025-10-20 14:07:10.865] [multi_logger] [info] Iteration 142: Rejected NNI move (5, 1025), proposed log likelihood: -2033097.085598941
[2025-10-20 14:07:11.507] [multi_logger] [info] Iteration 143: Rejected NNI move (1275, 1279), proposed log likelihood: -2033097.085598941
[2025-10-20 14:07:12.105] [multi_logger] [info] Iteration 144: Applied NNI move (1030, 1044), no. accepts: 67, new log likelihood: -2033095.9426923832, current phi: 0.4279575220733491, current nu: 0.00552630923300376
[2025-10-20 14:07:12.774] [multi_logger] [info] Iteration 145: Applied NNI move (454, 425), no. accepts: 68, new log likelihood: -2033092.5533097675, current phi: 0.4282550025320723, current nu: 0.00542130534662169
[2025-10-20 14:07:13.422] [multi_logger] [info] Iteration 146: Applied NNI move (45, 37), no. accepts: 69, new log likelihood: -2033078.5498438773, current phi: 0.42861679885988446, current nu: 0.0053175838513467326
[2025-10-20 14:07:13.999] [multi_logger] [info] Iteration 147: Rejected NNI move (1171, 1237), proposed log likelihood: -2033078.5498438773
[2025-10-20 14:07:14.585] [multi_logger] [info] Iteration 148: Rejected NNI move (964, 969), proposed log likelihood: -2033078.5498438773
[2025-10-20 14:07:15.201] [multi_logger] [info] Iteration 149: Rejected NNI move (308, 340), proposed log likelihood: -2033078.5498438773
[2025-10-20 14:07:15.798] [multi_logger] [info] Iteration 150: Applied NNI move (286, 260), no. accepts: 70, new log likelihood: -2033078.3286379897, current phi: 0.42880329684559654, current nu: 0.005215005770777656
[2025-10-20 14:07:16.392] [multi_logger] [info] Iteration 151: Applied NNI move (1106, 1104), no. accepts: 71, new log likelihood: -2033075.6807933552, current phi: 0.4288823519353327, current nu: 0.0051091752853308706
[2025-10-20 14:07:17.007] [multi_logger] [info] Iteration 152: Applied NNI move (1301, 1300), no. accepts: 72, new log likelihood: -2033056.5501846354, current phi: 0.4292522232143705, current nu: 0.005006286156021937
[2025-10-20 14:07:17.621] [multi_logger] [info] Iteration 153: Rejected NNI move (1656, 1652), proposed log likelihood: -2033056.5501846354
[2025-10-20 14:07:18.232] [multi_logger] [info] Iteration 154: Rejected NNI move (165, 171), proposed log likelihood: -2033056.5501846354
[2025-10-20 14:07:18.842] [multi_logger] [info] Iteration 155: Applied NNI move (827, 830), no. accepts: 73, new log likelihood: -2033048.5685023027, current phi: 0.42950183525070873, current nu: 0.00490217298005988
[2025-10-20 14:07:19.454] [multi_logger] [info] Iteration 156: Applied NNI move (1231, 1216), no. accepts: 74, new log likelihood: -2033048.4697840395, current phi: 0.4296565160501773, current nu: 0.004803882898918137
[2025-10-20 14:07:20.062] [multi_logger] [info] Iteration 157: Rejected NNI move (1095, 1120), proposed log likelihood: -2033048.4697840395
[2025-10-20 14:07:20.636] [multi_logger] [info] Iteration 158: Applied NNI move (422, 415), no. accepts: 75, new log likelihood: -2033047.738023779, current phi: 0.42977901382258876, current nu: 0.004708806680967541
[2025-10-20 14:07:21.217] [multi_logger] [info] Iteration 159: Applied NNI move (993, 964), no. accepts: 76, new log likelihood: -2033047.1772526973, current phi: 0.42989080967963317, current nu: 0.004616700398317353
[2025-10-20 14:07:21.807] [multi_logger] [info] Iteration 160: Applied NNI move (901, 910), no. accepts: 77, new log likelihood: -2033045.9402832042, current phi: 0.4300357347372835, current nu: 0.004527604410499284
[2025-10-20 14:07:22.405] [multi_logger] [info] Iteration 161: Rejected NNI move (1043, 1041), proposed log likelihood: -2033045.9402832042
[2025-10-20 14:07:23.022] [multi_logger] [info] Iteration 162: Rejected NNI move (772, 779), proposed log likelihood: -2033045.9402832042
[2025-10-20 14:07:23.608] [multi_logger] [info] Iteration 163: Rejected NNI move (1068, 1066), proposed log likelihood: -2033045.9402832042
[2025-10-20 14:07:24.220] [multi_logger] [info] Iteration 164: Rejected NNI move (236, 242), proposed log likelihood: -2033045.9402832042
[2025-10-20 14:07:24.820] [multi_logger] [info] Iteration 165: Applied NNI move (1243, 1310), no. accepts: 78, new log likelihood: -2033043.243545087, current phi: 0.4302336042859854, current nu: 0.004440249684357618
[2025-10-20 14:07:25.419] [multi_logger] [info] Iteration 166: Applied NNI move (1403, 1360), no. accepts: 79, new log likelihood: -2033039.1088973624, current phi: 0.43032682477511014, current nu: 0.00435415132397912
[2025-10-20 14:07:26.031] [multi_logger] [info] Iteration 167: Applied NNI move (392, 385), no. accepts: 80, new log likelihood: -2033035.8608598756, current phi: 0.43062197112166606, current nu: 0.0042718521104428185
[2025-10-20 14:07:26.646] [multi_logger] [info] Iteration 168: Rejected NNI move (478, 486), proposed log likelihood: -2033035.8608598756
[2025-10-20 14:07:27.243] [multi_logger] [info] Iteration 169: Rejected NNI move (1361, 1393), proposed log likelihood: -2033035.8608598756
[2025-10-20 14:07:27.831] [multi_logger] [info] Iteration 170: Rejected NNI move (1339, 1337), proposed log likelihood: -2033035.8608598756
[2025-10-20 14:07:28.448] [multi_logger] [info] Iteration 171: Applied NNI move (761, 764), no. accepts: 81, new log likelihood: -2033033.4984571384, current phi: 0.4305410678971419, current nu: 0.004183487532245833
[2025-10-20 14:07:29.107] [multi_logger] [info] Iteration 172: Applied NNI move (1480, 1471), no. accepts: 82, new log likelihood: -2033032.3923369069, current phi: 0.4310022894047807, current nu: 0.004102910707924401
[2025-10-20 14:07:29.710] [multi_logger] [info] Iteration 173: Applied NNI move (1145, 1147), no. accepts: 83, new log likelihood: -2033020.558304715, current phi: 0.43111629366711546, current nu: 0.004020126242102874
[2025-10-20 14:07:30.306] [multi_logger] [info] Iteration 174: Applied NNI move (1186, 1178), no. accepts: 84, new log likelihood: -2033015.1651641426, current phi: 0.4310930336726312, current nu: 0.003935942705007848
[2025-10-20 14:07:30.932] [multi_logger] [info] Iteration 175: Applied NNI move (80, 65), no. accepts: 85, new log likelihood: -2033013.2659323614, current phi: 0.43103711660343363, current nu: 0.0038533072311674513
[2025-10-20 14:07:31.529] [multi_logger] [info] Iteration 176: Applied NNI move (1387, 1368), no. accepts: 86, new log likelihood: -2033011.8584494595, current phi: 0.4311241500935816, current nu: 0.0037761821252008253
[2025-10-20 14:07:32.217] [multi_logger] [info] Iteration 177: Applied NNI move (1459, 1471), no. accepts: 87, new log likelihood: -2033007.1439524535, current phi: 0.43118314540444896, current nu: 0.0037015826113957367
[2025-10-20 14:07:32.807] [multi_logger] [info] Iteration 178: Rejected NNI move (24, 22), proposed log likelihood: -2033007.1439524535
[2025-10-20 14:07:33.396] [multi_logger] [info] Iteration 179: Applied NNI move (452, 437), no. accepts: 88, new log likelihood: -2033000.546420731, current phi: 0.4313380719634716, current nu: 0.003629642983657518
[2025-10-20 14:07:34.006] [multi_logger] [info] Iteration 180: Applied NNI move (867, 841), no. accepts: 89, new log likelihood: -2032999.377794316, current phi: 0.4314781140255549, current nu: 0.0035605493810698967
[2025-10-20 14:07:34.637] [multi_logger] [info] Iteration 181: Applied NNI move (233, 235), no. accepts: 90, new log likelihood: -2032992.8266094527, current phi: 0.4316280826786145, current nu: 0.0034934514791456783
[2025-10-20 14:07:35.217] [multi_logger] [info] Iteration 182: Rejected NNI move (84, 748), proposed log likelihood: -2032992.8266094527
[2025-10-20 14:07:35.864] [multi_logger] [info] Iteration 183: Applied NNI move (182, 187), no. accepts: 91, new log likelihood: -2032960.8908844148, current phi: 0.43190950458685495, current nu: 0.0034330303083218295
[2025-10-20 14:07:36.489] [multi_logger] [info] Iteration 184: Rejected NNI move (139, 130), proposed log likelihood: -2032960.8908844148
[2025-10-20 14:07:37.091] [multi_logger] [info] Iteration 185: Rejected NNI move (262, 270), proposed log likelihood: -2032960.8908844148
[2025-10-20 14:07:37.654] [multi_logger] [info] Iteration 186: Rejected NNI move (432, 431), proposed log likelihood: -2032960.8908844148
[2025-10-20 14:07:38.253] [multi_logger] [info] Iteration 187: Applied NNI move (722, 714), no. accepts: 92, new log likelihood: -2032952.7612479825, current phi: 0.43252614402827827, current nu: 0.003376610847436544
[2025-10-20 14:07:38.957] [multi_logger] [info] Iteration 188: Applied NNI move (730, 727), no. accepts: 93, new log likelihood: -2032952.268362843, current phi: 0.43264217672592814, current nu: 0.0033196848596844957
[2025-10-20 14:07:39.575] [multi_logger] [info] Iteration 189: Rejected NNI move (446, 448), proposed log likelihood: -2032952.268362843
[2025-10-20 14:07:40.240] [multi_logger] [info] Iteration 190: Rejected NNI move (484, 482), proposed log likelihood: -2032952.268362843
[2025-10-20 14:07:40.860] [multi_logger] [info] Iteration 191: Applied NNI move (367, 374), no. accepts: 94, new log likelihood: -2032951.9629170175, current phi: 0.43284089123636077, current nu: 0.0032687634805624206
[2025-10-20 14:07:41.496] [multi_logger] [info] Iteration 192: Applied NNI move (161, 170), no. accepts: 95, new log likelihood: -2032951.3237467525, current phi: 0.432957365233684, current nu: 0.0032161652337478145
[2025-10-20 14:07:42.109] [multi_logger] [info] Iteration 193: Applied NNI move (1210, 1199), no. accepts: 96, new log likelihood: -2032949.9630720424, current phi: 0.43312034713158765, current nu: 0.003164831255136735
[2025-10-20 14:07:42.732] [multi_logger] [info] Iteration 194: Applied NNI move (1577, 1563), no. accepts: 97, new log likelihood: -2032947.9209639807, current phi: 0.43328783051563546, current nu: 0.0031149365533077638
[2025-10-20 14:07:43.336] [multi_logger] [info] Iteration 195: Rejected NNI move (1482, 1490), proposed log likelihood: -2032947.9209639807
[2025-10-20 14:07:43.939] [multi_logger] [info] Iteration 196: Applied NNI move (1291, 1298), no. accepts: 98, new log likelihood: -2032947.7977961036, current phi: 0.43341630138729237, current nu: 0.0030658893585550164
[2025-10-20 14:07:44.531] [multi_logger] [info] Iteration 197: Applied NNI move (259, 272), no. accepts: 99, new log likelihood: -2032947.116449431, current phi: 0.43351729828897506, current nu: 0.003017789435066329
[2025-10-20 14:07:45.111] [multi_logger] [info] Iteration 198: Applied NNI move (639, 633), no. accepts: 100, new log likelihood: -2032923.2484240592, current phi: 0.4341470957352696, current nu: 0.0029718946928783407
[2025-10-20 14:07:45.721] [multi_logger] [info] Iteration 199: Rejected NNI move (1482, 1501), proposed log likelihood: -2032923.2484240592
[2025-10-20 14:07:46.362] [multi_logger] [info] Iteration 200: Applied NNI move (1550, 1530), no. accepts: 101, new log likelihood: -2032918.8368097378, current phi: 0.4345490323100651, current nu: 0.0029239462261777013
[2025-10-20 14:07:46.971] [multi_logger] [info] Iteration 201: Applied NNI move (415, 422), no. accepts: 102, new log likelihood: -2032915.3274454838, current phi: 0.4347616244406179, current nu: 0.0028806155008272443
[2025-10-20 14:07:47.635] [multi_logger] [info] Iteration 202: Rejected NNI move (58, 16), proposed log likelihood: -2032915.3274454838
[2025-10-20 14:07:48.223] [multi_logger] [info] Iteration 203: Applied NNI move (833, 894), no. accepts: 103, new log likelihood: -2032908.1399164975, current phi: 0.4350854454518994, current nu: 0.0028343104500491794
[2025-10-20 14:07:48.841] [multi_logger] [info] Iteration 204: Rejected NNI move (139, 98), proposed log likelihood: -2032908.1399164975
[2025-10-20 14:07:49.470] [multi_logger] [info] Iteration 205: Rejected NNI move (973, 979), proposed log likelihood: -2032908.1399164975
[2025-10-20 14:07:50.122] [multi_logger] [info] Iteration 206: Applied NNI move (308, 343), no. accepts: 104, new log likelihood: -2032893.3652007673, current phi: 0.43545953405768323, current nu: 0.002789323071164593
[2025-10-20 14:07:50.734] [multi_logger] [info] Iteration 207: Applied NNI move (1018, 1011), no. accepts: 105, new log likelihood: -2032883.6498912293, current phi: 0.43504189853301717, current nu: 0.002744976233633331
[2025-10-20 14:07:51.339] [multi_logger] [info] Iteration 208: Rejected NNI move (467, 465), proposed log likelihood: -2032883.6498912293
[2025-10-20 14:07:51.983] [multi_logger] [info] Iteration 209: Rejected NNI move (33, 31), proposed log likelihood: -2032883.6498912293
[2025-10-20 14:07:52.653] [multi_logger] [info] Iteration 210: Rejected NNI move (97, 253), proposed log likelihood: -2032883.6498912293
[2025-10-20 14:07:53.269] [multi_logger] [info] Iteration 211: Rejected NNI move (1460, 1462), proposed log likelihood: -2032883.6498912293
[2025-10-20 14:07:53.883] [multi_logger] [info] Iteration 212: Applied NNI move (386, 391), no. accepts: 106, new log likelihood: -2032883.3444084246, current phi: 0.43502039149730826, current nu: 0.002703111778184865
[2025-10-20 14:07:54.539] [multi_logger] [info] Iteration 213: Rejected NNI move (860, 858), proposed log likelihood: -2032883.3444084246
[2025-10-20 14:07:55.230] [multi_logger] [info] Iteration 214: Applied NNI move (623, 622), no. accepts: 107, new log likelihood: -2032880.7382531299, current phi: 0.4351812916900669, current nu: 0.0026615897417543092
[2025-10-20 14:07:55.937] [multi_logger] [info] Iteration 215: Rejected NNI move (1082, 1339), proposed log likelihood: -2032880.7382531299
[2025-10-20 14:07:56.587] [multi_logger] [info] Iteration 216: Rejected NNI move (312, 328), proposed log likelihood: -2032880.7382531299
[2025-10-20 14:07:57.256] [multi_logger] [info] Iteration 217: Applied NNI move (414, 416), no. accepts: 108, new log likelihood: -2032879.9416025807, current phi: 0.43525486724574264, current nu: 0.0026193647013964118
[2025-10-20 14:07:57.913] [multi_logger] [info] Iteration 218: Rejected NNI move (27, 20), proposed log likelihood: -2032879.9416025807
[2025-10-20 14:07:58.597] [multi_logger] [info] Iteration 219: Applied NNI move (1178, 1179), no. accepts: 109, new log likelihood: -2032877.4225857123, current phi: 0.4352512282047435, current nu: 0.002576715748645206
[2025-10-20 14:07:59.227] [multi_logger] [info] Iteration 220: Applied NNI move (1231, 1215), no. accepts: 110, new log likelihood: -2032875.1760064831, current phi: 0.4350733565522506, current nu: 0.0025320464366920792
[2025-10-20 14:07:59.912] [multi_logger] [info] Iteration 221: Applied NNI move (1563, 1577), no. accepts: 111, new log likelihood: -2032874.6072317974, current phi: 0.435068130560195, current nu: 0.0024901352461223895
[2025-10-20 14:08:00.539] [multi_logger] [info] Iteration 222: Applied NNI move (3, 1421), no. accepts: 112, new log likelihood: -2032874.5605547582, current phi: 0.43513173836649616, current nu: 0.002450208427533228
[2025-10-20 14:08:01.158] [multi_logger] [info] Iteration 223: Rejected NNI move (962, 972), proposed log likelihood: -2032874.5605547582
[2025-10-20 14:08:01.794] [multi_logger] [info] Iteration 224: Rejected NNI move (1224, 1223), proposed log likelihood: -2032874.5605547582
[2025-10-20 14:08:02.439] [multi_logger] [info] Iteration 225: Rejected NNI move (1442, 1441), proposed log likelihood: -2032874.5605547582
[2025-10-20 14:08:03.078] [multi_logger] [info] Iteration 226: Applied NNI move (1252, 1256), no. accepts: 113, new log likelihood: -2032874.4491633084, current phi: 0.43488114012920404, current nu: 0.002411610823899136
[2025-10-20 14:08:03.737] [multi_logger] [info] Iteration 227: Rejected NNI move (856, 855), proposed log likelihood: -2032874.4491633084
[2025-10-20 14:08:04.434] [multi_logger] [info] Iteration 228: Applied NNI move (1500, 1492), no. accepts: 114, new log likelihood: -2032874.4080837544, current phi: 0.4349591488249986, current nu: 0.0023746328077461714
[2025-10-20 14:08:05.113] [multi_logger] [info] Iteration 229: Rejected NNI move (1079, 1071), proposed log likelihood: -2032874.4080837544
[2025-10-20 14:08:05.771] [multi_logger] [info] Iteration 230: Rejected NNI move (1402, 1401), proposed log likelihood: -2032874.4080837544
[2025-10-20 14:08:06.543] [multi_logger] [info] Iteration 231: Rejected NNI move (139, 130), proposed log likelihood: -2032874.4080837544
[2025-10-20 14:08:07.185] [multi_logger] [info] Iteration 232: Applied NNI move (1334, 1239), no. accepts: 115, new log likelihood: -2032874.3898993516, current phi: 0.4350354840518555, current nu: 0.0023383584032773915
[2025-10-20 14:08:07.810] [multi_logger] [info] Iteration 233: Rejected NNI move (1141, 1166), proposed log likelihood: -2032874.3898993516
[2025-10-20 14:08:08.445] [multi_logger] [info] Iteration 234: Rejected NNI move (1386, 1385), proposed log likelihood: -2032874.3898993516
[2025-10-20 14:08:09.137] [multi_logger] [info] Iteration 235: Rejected NNI move (1385, 1380), proposed log likelihood: -2032874.3898993516
[2025-10-20 14:08:09.795] [multi_logger] [info] Iteration 236: Rejected NNI move (1404, 1407), proposed log likelihood: -2032874.3898993516
[2025-10-20 14:08:10.432] [multi_logger] [info] Iteration 237: Rejected NNI move (1043, 1042), proposed log likelihood: -2032874.3898993516
[2025-10-20 14:08:11.054] [multi_logger] [info] Iteration 238: Rejected NNI move (48, 36), proposed log likelihood: -2032874.3898993516
[2025-10-20 14:08:11.671] [multi_logger] [info] Iteration 239: Rejected NNI move (590, 589), proposed log likelihood: -2032874.3898993516
[2025-10-20 14:08:12.283] [multi_logger] [info] Iteration 240: Rejected NNI move (1525, 1507), proposed log likelihood: -2032874.3898993516
[2025-10-20 14:08:12.978] [multi_logger] [info] Iteration 241: Rejected NNI move (1068, 1066), proposed log likelihood: -2032874.3898993516
[2025-10-20 14:08:13.638] [multi_logger] [info] Iteration 242: Rejected NNI move (488, 485), proposed log likelihood: -2032874.3898993516
[2025-10-20 14:08:14.394] [multi_logger] [info] Iteration 243: Applied NNI move (1573, 1564), no. accepts: 116, new log likelihood: -2032874.3759728614, current phi: 0.43510997590883815, current nu: 0.0023027941349948577
[2025-10-20 14:08:15.031] [multi_logger] [info] Iteration 244: Rejected NNI move (969, 968), proposed log likelihood: -2032874.3759728614
[2025-10-20 14:08:15.690] [multi_logger] [info] Iteration 245: Applied NNI move (252, 139), no. accepts: 117, new log likelihood: -2032862.7726755645, current phi: 0.43530670381589665, current nu: 0.002267746609090702
[2025-10-20 14:08:16.350] [multi_logger] [info] Iteration 246: Rejected NNI move (1594, 1593), proposed log likelihood: -2032862.7726755645
[2025-10-20 14:08:17.041] [multi_logger] [info] Iteration 247: Rejected NNI move (1436, 1657), proposed log likelihood: -2032862.7726755645
[2025-10-20 14:08:17.731] [multi_logger] [info] Iteration 248: Rejected NNI move (1455, 1457), proposed log likelihood: -2032862.7726755645
[2025-10-20 14:08:18.395] [multi_logger] [info] Iteration 249: Applied NNI move (652, 651), no. accepts: 118, new log likelihood: -2032861.3104811427, current phi: 0.4354168830573389, current nu: 0.002232647897628486
[2025-10-20 14:08:19.045] [multi_logger] [info] Iteration 250: Applied NNI move (225, 235), no. accepts: 119, new log likelihood: -2032859.0475707042, current phi: 0.4354455335524508, current nu: 0.002197550458010824
[2025-10-20 14:08:19.696] [multi_logger] [info] Iteration 251: Applied NNI move (864, 843), no. accepts: 120, new log likelihood: -2032856.0650885198, current phi: 0.43550305843791415, current nu: 0.0021628983937216303
[2025-10-20 14:08:20.394] [multi_logger] [info] Iteration 252: Applied NNI move (1551, 1455), no. accepts: 121, new log likelihood: -2032854.6971903066, current phi: 0.43557198273434244, current nu: 0.002129366568185769
[2025-10-20 14:08:21.023] [multi_logger] [info] Iteration 253: Applied NNI move (1124, 1123), no. accepts: 122, new log likelihood: -2032845.7675349675, current phi: 0.4353532575694514, current nu: 0.0020879830203387297
[2025-10-20 14:08:21.658] [multi_logger] [info] Iteration 254: Rejected NNI move (507, 506), proposed log likelihood: -2032845.7675349675
[2025-10-20 14:08:22.335] [multi_logger] [info] Iteration 255: Applied NNI move (79, 78), no. accepts: 123, new log likelihood: -2032844.4326390852, current phi: 0.43555025647951057, current nu: 0.002046595941055731
[2025-10-20 14:08:22.981] [multi_logger] [info] Iteration 256: Rejected NNI move (1319, 1324), proposed log likelihood: -2032844.4326390852
[2025-10-20 14:08:23.625] [multi_logger] [info] Iteration 257: Applied NNI move (1023, 1003), no. accepts: 124, new log likelihood: -2032844.1249680836, current phi: 0.43564289073806073, current nu: 0.0020058503983771724
[2025-10-20 14:08:24.372] [multi_logger] [info] Iteration 258: Applied NNI move (1583, 1580), no. accepts: 125, new log likelihood: -2032829.7459916864, current phi: 0.4359342129967134, current nu: 0.0019655163886372735
[2025-10-20 14:08:25.034] [multi_logger] [info] Iteration 259: Rejected NNI move (700, 684), proposed log likelihood: -2032829.7459916864
[2025-10-20 14:08:25.707] [multi_logger] [info] Iteration 260: Applied NNI move (952, 948), no. accepts: 126, new log likelihood: -2032828.7685826737, current phi: 0.4356406970945905, current nu: 0.001924719006198189
[2025-10-20 14:08:26.368] [multi_logger] [info] Iteration 261: Rejected NNI move (688, 696), proposed log likelihood: -2032828.7685826737
[2025-10-20 14:08:27.020] [multi_logger] [info] Iteration 262: Applied NNI move (1162, 1165), no. accepts: 127, new log likelihood: -2032828.5839902195, current phi: 0.43571138482627336, current nu: 0.0018846820454530193
[2025-10-20 14:08:27.705] [multi_logger] [info] Iteration 263: Rejected NNI move (51, 30), proposed log likelihood: -2032828.5839902195
[2025-10-20 14:08:28.437] [multi_logger] [info] Iteration 264: Rejected NNI move (1466, 1464), proposed log likelihood: -2032828.5839902195
[2025-10-20 14:08:29.106] [multi_logger] [info] Iteration 265: Rejected NNI move (764, 763), proposed log likelihood: -2032828.5839902195
[2025-10-20 14:08:29.832] [multi_logger] [info] Iteration 266: Applied NNI move (257, 272), no. accepts: 128, new log likelihood: -2032827.3478412102, current phi: 0.4357952483520088, current nu: 0.0018456652586415132
[2025-10-20 14:08:30.560] [multi_logger] [info] Iteration 267: Applied NNI move (688, 696), no. accepts: 129, new log likelihood: -2032827.1436889153, current phi: 0.4356688260935045, current nu: 0.0018091299149878204
[2025-10-20 14:08:31.217] [multi_logger] [info] Iteration 268: Applied NNI move (1408, 1358), no. accepts: 130, new log likelihood: -2032819.0477602696, current phi: 0.4359992802629855, current nu: 0.00177036362001862
[2025-10-20 14:08:31.851] [multi_logger] [info] Iteration 269: Rejected NNI move (322, 326), proposed log likelihood: -2032819.0477602696
[2025-10-20 14:08:32.485] [multi_logger] [info] Iteration 270: Rejected NNI move (469, 562), proposed log likelihood: -2032819.0477602696
[2025-10-20 14:08:33.082] [multi_logger] [info] Iteration 271: Applied NNI move (1256, 1257), no. accepts: 131, new log likelihood: -2032816.0078497585, current phi: 0.43637171573122785, current nu: 0.0017319081408306008
[2025-10-20 14:08:33.689] [multi_logger] [info] Iteration 272: Applied NNI move (1053, 1056), no. accepts: 132, new log likelihood: -2032810.8632535762, current phi: 0.436526656989008, current nu: 0.0016921309629835592
[2025-10-20 14:08:34.247] [multi_logger] [info] Iteration 273: Rejected NNI move (98, 131), proposed log likelihood: -2032810.8632535762
[2025-10-20 14:08:34.822] [multi_logger] [info] Iteration 274: Rejected NNI move (880, 888), proposed log likelihood: -2032810.8632535762
[2025-10-20 14:08:35.415] [multi_logger] [info] Iteration 275: Rejected NNI move (623, 628), proposed log likelihood: -2032810.8632535762
[2025-10-20 14:08:36.009] [multi_logger] [info] Iteration 276: Rejected NNI move (1450, 1449), proposed log likelihood: -2032810.8632535762
[2025-10-20 14:08:36.602] [multi_logger] [info] Iteration 277: Applied NNI move (923, 925), no. accepts: 133, new log likelihood: -2032810.363671478, current phi: 0.4365842340453393, current nu: 0.0016538303390375288
[2025-10-20 14:08:37.196] [multi_logger] [info] Iteration 278: Rejected NNI move (242, 244), proposed log likelihood: -2032810.363671478
[2025-10-20 14:08:37.773] [multi_logger] [info] Iteration 279: Applied NNI move (842, 844), no. accepts: 134, new log likelihood: -2032810.3106227724, current phi: 0.4368888130167066, current nu: 0.0016182411818942966
[2025-10-20 14:08:38.389] [multi_logger] [info] Iteration 280: Applied NNI move (1657, 1651), no. accepts: 135, new log likelihood: -2032810.1893892272, current phi: 0.43695664138248236, current nu: 0.0015826937123144768
[2025-10-20 14:08:38.981] [multi_logger] [info] Iteration 281: Rejected NNI move (1083, 1333), proposed log likelihood: -2032810.1893892272
[2025-10-20 14:08:39.592] [multi_logger] [info] Iteration 282: Rejected NNI move (938, 936), proposed log likelihood: -2032810.1893892272
[2025-10-20 14:08:40.213] [multi_logger] [info] Iteration 283: Rejected NNI move (723, 728), proposed log likelihood: -2032810.1893892272
[2025-10-20 14:08:40.897] [multi_logger] [info] Iteration 284: Applied NNI move (335, 311), no. accepts: 136, new log likelihood: -2032807.5473415842, current phi: 0.43705462961433544, current nu: 0.0015480425962916338
[2025-10-20 14:08:41.572] [multi_logger] [info] Iteration 285: Applied NNI move (855, 856), no. accepts: 137, new log likelihood: -2032802.2458060505, current phi: 0.4372374961060022, current nu: 0.001514835496644669
[2025-10-20 14:08:42.185] [multi_logger] [info] Iteration 286: Applied NNI move (990, 988), no. accepts: 138, new log likelihood: -2032800.829136887, current phi: 0.4379057081412819, current nu: 0.0014899022471447454
[2025-10-20 14:08:42.798] [multi_logger] [info] Iteration 287: Rejected NNI move (191, 141), proposed log likelihood: -2032800.829136887
[2025-10-20 14:08:43.428] [multi_logger] [info] Iteration 288: Applied NNI move (705, 704), no. accepts: 139, new log likelihood: -2032800.1881170115, current phi: 0.43797796148658136, current nu: 0.0014605443726940363
[2025-10-20 14:08:44.038] [multi_logger] [info] Iteration 289: Applied NNI move (479, 484), no. accepts: 140, new log likelihood: -2032794.1782185335, current phi: 0.438147775843132, current nu: 0.0014317648863554381
[2025-10-20 14:08:44.631] [multi_logger] [info] Iteration 290: Applied NNI move (705, 90), no. accepts: 141, new log likelihood: -2032793.780618675, current phi: 0.43820127928810165, current nu: 0.001403732741264283
[2025-10-20 14:08:45.274] [multi_logger] [info] Iteration 291: Rejected NNI move (1146, 1149), proposed log likelihood: -2032793.780618675
[2025-10-20 14:08:45.941] [multi_logger] [info] Iteration 292: Rejected NNI move (85, 738), proposed log likelihood: -2032793.780618675
[2025-10-20 14:08:46.612] [multi_logger] [info] Iteration 293: Rejected NNI move (1563, 1565), proposed log likelihood: -2032793.780618675
[2025-10-20 14:08:47.197] [multi_logger] [info] Iteration 294: Rejected NNI move (1610, 1638), proposed log likelihood: -2032793.780618675
[2025-10-20 14:08:47.789] [multi_logger] [info] Iteration 295: Rejected NNI move (161, 166), proposed log likelihood: -2032793.780618675
[2025-10-20 14:08:48.408] [multi_logger] [info] Iteration 296: Applied NNI move (1539, 1541), no. accepts: 142, new log likelihood: -2032793.6731620226, current phi: 0.438256112862912, current nu: 0.0013764302540214693
[2025-10-20 14:08:48.984] [multi_logger] [info] Iteration 297: Rejected NNI move (1604, 1643), proposed log likelihood: -2032793.6731620226
[2025-10-20 14:08:49.593] [multi_logger] [info] Iteration 298: Rejected NNI move (309, 338), proposed log likelihood: -2032793.6731620226
[2025-10-20 14:08:50.318] [multi_logger] [info] Iteration 299: Rejected NNI move (1060, 1058), proposed log likelihood: -2032793.6731620226
[2025-10-20 14:08:50.940] [multi_logger] [info] Iteration 300: Rejected NNI move (86, 733), proposed log likelihood: -2032793.6731620226
[2025-10-20 14:08:51.595] [multi_logger] [info] Iteration 301: Applied NNI move (16, 50), no. accepts: 143, new log likelihood: -2032792.0122087072, current phi: 0.43832315234056884, current nu: 0.001349709600241158
[2025-10-20 14:08:52.168] [multi_logger] [info] Iteration 302: Applied NNI move (1005, 1007), no. accepts: 144, new log likelihood: -2032780.9800600198, current phi: 0.43852205624806184, current nu: 0.0013232807013263217
[2025-10-20 14:08:52.724] [multi_logger] [info] Iteration 303: Rejected NNI move (935, 939), proposed log likelihood: -2032780.9800600198
[2025-10-20 14:08:53.273] [multi_logger] [info] Iteration 304: Applied NNI move (1501, 1492), no. accepts: 145, new log likelihood: -2032778.2342898888, current phi: 0.4382544385793967, current nu: 0.0012971297310187104
[2025-10-20 14:08:53.852] [multi_logger] [info] Iteration 305: Rejected NNI move (1473, 1477), proposed log likelihood: -2032778.2342898888
[2025-10-20 14:08:54.421] [multi_logger] [info] Iteration 306: Rejected NNI move (160, 179), proposed log likelihood: -2032778.2342898888
[2025-10-20 14:08:55.134] [multi_logger] [info] Iteration 307: Rejected NNI move (703, 709), proposed log likelihood: -2032778.2342898888
[2025-10-20 14:08:55.733] [multi_logger] [info] Iteration 308: Rejected NNI move (468, 462), proposed log likelihood: -2032778.2342898888
[2025-10-20 14:08:56.303] [multi_logger] [info] Iteration 309: Rejected NNI move (349, 371), proposed log likelihood: -2032778.2342898888
[2025-10-20 14:08:56.890] [multi_logger] [info] Iteration 310: Rejected NNI move (11, 816), proposed log likelihood: -2032778.2342898888
[2025-10-20 14:08:57.454] [multi_logger] [info] Iteration 311: Applied NNI move (682, 654), no. accepts: 146, new log likelihood: -2032776.8952898635, current phi: 0.4382210927631355, current nu: 0.0012730728664833004
[2025-10-20 14:08:58.027] [multi_logger] [info] Iteration 312: Rejected NNI move (1156, 1155), proposed log likelihood: -2032776.8952898635
[2025-10-20 14:08:58.660] [multi_logger] [info] Iteration 313: Rejected NNI move (234, 226), proposed log likelihood: -2032776.8952898635
[2025-10-20 14:08:59.219] [multi_logger] [info] Iteration 314: Rejected NNI move (1530, 1550), proposed log likelihood: -2032776.8952898635
[2025-10-20 14:08:59.817] [multi_logger] [info] Iteration 315: Rejected NNI move (1095, 1120), proposed log likelihood: -2032776.8952898635
[2025-10-20 14:09:00.421] [multi_logger] [info] Iteration 316: Rejected NNI move (679, 674), proposed log likelihood: -2032776.8952898635
[2025-10-20 14:09:00.992] [multi_logger] [info] Iteration 317: Rejected NNI move (622, 626), proposed log likelihood: -2032776.8952898635
[2025-10-20 14:09:01.582] [multi_logger] [info] Iteration 318: Rejected NNI move (1361, 1393), proposed log likelihood: -2032776.8952898635
[2025-10-20 14:09:02.164] [multi_logger] [info] Iteration 319: Rejected NNI move (259, 269), proposed log likelihood: -2032776.8952898635
[2025-10-20 14:09:02.678] [multi_logger] [info] Iteration 320: Applied NNI move (453, 429), no. accepts: 147, new log likelihood: -2032773.8215832508, current phi: 0.4382961658402381, current nu: 0.0012500663064843032
[2025-10-20 14:09:03.226] [multi_logger] [info] Iteration 321: Rejected NNI move (667, 670), proposed log likelihood: -2032773.8215832508
[2025-10-20 14:09:03.788] [multi_logger] [info] Iteration 322: Applied NNI move (788, 784), no. accepts: 148, new log likelihood: -2032773.13928889, current phi: 0.43836001630045046, current nu: 0.0012277592904375223
[2025-10-20 14:09:04.367] [multi_logger] [info] Iteration 323: Rejected NNI move (856, 864), proposed log likelihood: -2032773.13928889
[2025-10-20 14:09:04.964] [multi_logger] [info] Iteration 324: Rejected NNI move (352, 354), proposed log likelihood: -2032773.13928889
[2025-10-20 14:09:05.558] [multi_logger] [info] Iteration 325: Rejected NNI move (1420, 1418), proposed log likelihood: -2032773.13928889
[2025-10-20 14:09:06.133] [multi_logger] [info] Iteration 326: Rejected NNI move (683, 701), proposed log likelihood: -2032773.13928889
[2025-10-20 14:09:06.682] [multi_logger] [info] Iteration 327: Rejected NNI move (1002, 1018), proposed log likelihood: -2032773.13928889
[2025-10-20 14:09:07.203] [multi_logger] [info] Iteration 328: Applied NNI move (1501, 1499), no. accepts: 149, new log likelihood: -2032770.6169140665, current phi: 0.43857232054522455, current nu: 0.0012070277063563138
[2025-10-20 14:09:07.750] [multi_logger] [info] Iteration 329: Rejected NNI move (1591, 1595), proposed log likelihood: -2032770.6169140665
[2025-10-20 14:09:08.294] [multi_logger] [info] Iteration 330: Rejected NNI move (1157, 1168), proposed log likelihood: -2032770.6169140665
[2025-10-20 14:09:08.859] [multi_logger] [info] Iteration 331: Rejected NNI move (516, 492), proposed log likelihood: -2032770.6169140665
[2025-10-20 14:09:09.390] [multi_logger] [info] Iteration 332: Rejected NNI move (1610, 1641), proposed log likelihood: -2032770.6169140665
[2025-10-20 14:09:09.910] [multi_logger] [info] Iteration 333: Applied NNI move (1429, 1433), no. accepts: 150, new log likelihood: -2032768.9447239302, current phi: 0.43868898034590165, current nu: 0.0011862507294933867
[2025-10-20 14:09:10.450] [multi_logger] [info] Iteration 334: Rejected NNI move (578, 577), proposed log likelihood: -2032768.9447239302
[2025-10-20 14:09:11.001] [multi_logger] [info] Iteration 335: Rejected NNI move (626, 624), proposed log likelihood: -2032768.9447239302
[2025-10-20 14:09:11.531] [multi_logger] [info] Iteration 336: Rejected NNI move (474, 528), proposed log likelihood: -2032768.9447239302
[2025-10-20 14:09:12.102] [multi_logger] [info] Iteration 337: Rejected NNI move (1082, 1339), proposed log likelihood: -2032768.9447239302
[2025-10-20 14:09:12.615] [multi_logger] [info] Iteration 338: Applied NNI move (279, 281), no. accepts: 151, new log likelihood: -2032767.9443126372, current phi: 0.43868641486626647, current nu: 0.001165836155658162
[2025-10-20 14:09:13.124] [multi_logger] [info] Iteration 339: Applied NNI move (1650, 1653), no. accepts: 152, new log likelihood: -2032751.908419778, current phi: 0.43872840648700656, current nu: 0.0011449985941277309
[2025-10-20 14:09:13.660] [multi_logger] [info] Iteration 340: Rejected NNI move (1166, 1158), proposed log likelihood: -2032751.908419778
[2025-10-20 14:09:14.219] [multi_logger] [info] Iteration 341: Applied NNI move (1056, 1061), no. accepts: 153, new log likelihood: -2032742.4302408488, current phi: 0.43873023734742717, current nu: 0.0011241170518760113
[2025-10-20 14:09:14.769] [multi_logger] [info] Iteration 342: Rejected NNI move (1273, 1290), proposed log likelihood: -2032742.4302408488
[2025-10-20 14:09:15.300] [multi_logger] [info] Iteration 343: Applied NNI move (165, 163), no. accepts: 154, new log likelihood: -2032738.8020637226, current phi: 0.43904134964594793, current nu: 0.0011069740989203619
[2025-10-20 14:09:15.846] [multi_logger] [info] Iteration 344: Applied NNI move (959, 946), no. accepts: 155, new log likelihood: -2032738.2693392886, current phi: 0.4390837851800311, current nu: 0.0010880322419879525
[2025-10-20 14:09:16.376] [multi_logger] [info] Iteration 345: Applied NNI move (791, 783), no. accepts: 156, new log likelihood: -2032731.1799161274, current phi: 0.4391810949209129, current nu: 0.001069463065711024
[2025-10-20 14:09:16.920] [multi_logger] [info] Iteration 346: Applied NNI move (140, 192), no. accepts: 157, new log likelihood: -2032712.689609961, current phi: 0.43952386641128843, current nu: 0.0010510739014401435
[2025-10-20 14:09:17.447] [multi_logger] [info] Iteration 347: Rejected NNI move (491, 517), proposed log likelihood: -2032712.689609961
[2025-10-20 14:09:17.970] [multi_logger] [info] Iteration 348: Applied NNI move (140, 224), no. accepts: 158, new log likelihood: -2032710.6325846668, current phi: 0.4396029850491965, current nu: 0.001032609767937489
[2025-10-20 14:09:18.537] [multi_logger] [info] Iteration 349: Rejected NNI move (1371, 1382), proposed log likelihood: -2032710.6325846668
[2025-10-20 14:09:19.057] [multi_logger] [info] Iteration 350: Applied NNI move (1087, 1130), no. accepts: 159, new log likelihood: -2032705.6098139253, current phi: 0.43964694062405174, current nu: 0.0010143916253021966
[2025-10-20 14:09:19.604] [multi_logger] [info] Iteration 351: Rejected NNI move (1442, 1441), proposed log likelihood: -2032705.6098139253
[2025-10-20 14:09:20.120] [multi_logger] [info] Iteration 352: Applied NNI move (188, 185), no. accepts: 160, new log likelihood: -2032705.2923839302, current phi: 0.43968576046467767, current nu: 0.0009964989234020594
[2025-10-20 14:09:20.638] [multi_logger] [info] Iteration 353: Rejected NNI move (830, 829), proposed log likelihood: -2032705.2923839302
[2025-10-20 14:09:21.153] [multi_logger] [info] Iteration 354: Rejected NNI move (60, 66), proposed log likelihood: -2032705.2923839302
[2025-10-20 14:09:21.752] [multi_logger] [info] Iteration 355: Rejected NNI move (1017, 1016), proposed log likelihood: -2032705.2923839302
[2025-10-20 14:09:22.287] [multi_logger] [info] Iteration 356: Applied NNI move (194, 221), no. accepts: 161, new log likelihood: -2032705.1914876986, current phi: 0.43972367761022674, current nu: 0.0009789618576926393
[2025-10-20 14:09:22.814] [multi_logger] [info] Iteration 357: Applied NNI move (960, 8), no. accepts: 162, new log likelihood: -2032705.0720949024, current phi: 0.43976063776386126, current nu: 0.0009617691968797092
[2025-10-20 14:09:23.358] [multi_logger] [info] Iteration 358: Applied NNI move (651, 652), no. accepts: 163, new log likelihood: -2032701.2467656916, current phi: 0.439823627026823, current nu: 0.0009449116251735025
[2025-10-20 14:09:23.897] [multi_logger] [info] Iteration 359: Applied NNI move (217, 201), no. accepts: 164, new log likelihood: -2032695.0698145418, current phi: 0.4399882929063423, current nu: 0.0009283374564658287
[2025-10-20 14:09:24.441] [multi_logger] [info] Iteration 360: Rejected NNI move (815, 817), proposed log likelihood: -2032695.0698145418
[2025-10-20 14:09:25.041] [multi_logger] [info] Iteration 361: Applied NNI move (1304, 1300), no. accepts: 165, new log likelihood: -2032694.2842585337, current phi: 0.4400356547984437, current nu: 0.000912037928370826
[2025-10-20 14:09:25.541] [multi_logger] [info] Iteration 362: Applied NNI move (704, 90), no. accepts: 166, new log likelihood: -2032694.1746929935, current phi: 0.4400696576263186, current nu: 0.0008960582682994059
[2025-10-20 14:09:26.079] [multi_logger] [info] Iteration 363: Applied NNI move (772, 780), no. accepts: 167, new log likelihood: -2032691.6658992341, current phi: 0.4398243219563974, current nu: 0.0008802208469208225
[2025-10-20 14:09:26.639] [multi_logger] [info] Iteration 364: Rejected NNI move (1442, 1441), proposed log likelihood: -2032691.6658992341
[2025-10-20 14:09:27.244] [multi_logger] [info] Iteration 365: Applied NNI move (257, 259), no. accepts: 168, new log likelihood: -2032685.8273001874, current phi: 0.43988061755664315, current nu: 0.0008650584062824892
[2025-10-20 14:09:27.804] [multi_logger] [info] Iteration 366: Applied NNI move (21, 26), no. accepts: 169, new log likelihood: -2032681.1926304055, current phi: 0.4406978977304086, current nu: 0.0008607777204513333
[2025-10-20 14:09:28.316] [multi_logger] [info] Iteration 367: Rejected NNI move (1622, 1612), proposed log likelihood: -2032681.1926304055
[2025-10-20 14:09:28.878] [multi_logger] [info] Iteration 368: Applied NNI move (1048, 1051), no. accepts: 170, new log likelihood: -2032676.5697517144, current phi: 0.44055069121074786, current nu: 0.0008504180989451146
[2025-10-20 14:09:29.464] [multi_logger] [info] Iteration 369: Rejected NNI move (1455, 1551), proposed log likelihood: -2032676.5697517144
[2025-10-20 14:09:30.004] [multi_logger] [info] Iteration 370: Applied NNI move (793, 774), no. accepts: 171, new log likelihood: -2032673.545756856, current phi: 0.44034676432840364, current nu: 0.0008403385602995787
[2025-10-20 14:09:30.551] [multi_logger] [info] Iteration 371: Rejected NNI move (6, 962), proposed log likelihood: -2032673.545756856
[2025-10-20 14:09:31.054] [multi_logger] [info] Iteration 372: Rejected NNI move (273, 284), proposed log likelihood: -2032673.545756856
[2025-10-20 14:09:31.608] [multi_logger] [info] Iteration 373: Rejected NNI move (305, 618), proposed log likelihood: -2032673.545756856
[2025-10-20 14:09:32.188] [multi_logger] [info] Iteration 374: Rejected NNI move (98, 131), proposed log likelihood: -2032673.545756856
[2025-10-20 14:09:32.752] [multi_logger] [info] Iteration 375: Applied NNI move (453, 433), no. accepts: 172, new log likelihood: -2032670.9093041667, current phi: 0.4401281046443231, current nu: 0.0008305426793067378
[2025-10-20 14:09:33.321] [multi_logger] [info] Iteration 376: Rejected NNI move (1322, 1320), proposed log likelihood: -2032670.9093041667
[2025-10-20 14:09:33.870] [multi_logger] [info] Iteration 377: Rejected NNI move (408, 405), proposed log likelihood: -2032670.9093041667
[2025-10-20 14:09:34.408] [multi_logger] [info] Iteration 378: Rejected NNI move (507, 505), proposed log likelihood: -2032670.9093041667
[2025-10-20 14:09:35.023] [multi_logger] [info] Iteration 379: Rejected NNI move (9, 828), proposed log likelihood: -2032670.9093041667
[2025-10-20 14:09:35.576] [multi_logger] [info] Iteration 380: Applied NNI move (511, 514), no. accepts: 173, new log likelihood: -2032668.634192267, current phi: 0.4402228810218625, current nu: 0.0008224252564256126
[2025-10-20 14:09:36.122] [multi_logger] [info] Iteration 381: Rejected NNI move (999, 997), proposed log likelihood: -2032668.634192267
[2025-10-20 14:09:36.122] [multi_logger] [info] Terminating: no acceptable move or improvement <  at iteration 382
[2025-10-20 14:09:36.122] [multi_logger] [info] Simulated annealing completed after 382 iterations. Final log likelihood: -2032668.634192267
[2025-10-20 14:09:36.127] [multi_logger] [info] Num missing entries: 9846 Num not missing entries: 30090
[2025-10-20 14:09:36.199] [multi_logger] [info] EM iteration: 0 Log likelihood: -2074588.5558711868
[2025-10-20 14:09:36.199] [multi_logger] [info] Nu: 0.693670392036438 Phi: 0.8098391890525818
[2025-10-20 14:09:36.352] [multi_logger] [info] EM iteration: 1 Log likelihood: -2033745.3202472087
[2025-10-20 14:09:36.352] [multi_logger] [info] Nu: 0.16068204458494112 Phi: 0.17308434658092425
[2025-10-20 14:09:36.489] [multi_logger] [info] EM iteration: 2 Log likelihood: -2033247.7670694804
[2025-10-20 14:09:36.489] [multi_logger] [info] Nu: 0.17304402675450625 Phi: 0.13560239119190526
[2025-10-20 14:09:36.662] [multi_logger] [info] EM iteration: 3 Log likelihood: -2033069.2681393954
[2025-10-20 14:09:36.662] [multi_logger] [info] Nu: 0.1992389251673383 Phi: 0.11796407259513668
[2025-10-20 14:09:36.819] [multi_logger] [info] EM iteration: 4 Log likelihood: -2032970.539631683
[2025-10-20 14:09:36.819] [multi_logger] [info] Nu: 0.222682574573848 Phi: 0.10530769630778905
[2025-10-20 14:09:36.975] [multi_logger] [info] EM iteration: 5 Log likelihood: -2032906.6683314918
[2025-10-20 14:09:36.975] [multi_logger] [info] Nu: 0.24229657721895898 Phi: 0.09540295135585729
[2025-10-20 14:09:37.123] [multi_logger] [info] EM iteration: 6 Log likelihood: -2032862.4642629528
[2025-10-20 14:09:37.123] [multi_logger] [info] Nu: 0.25864403574745337 Phi: 0.08738230535492178
[2025-10-20 14:09:37.297] [multi_logger] [info] EM iteration: 7 Log likelihood: -2032830.4792963397
[2025-10-20 14:09:37.297] [multi_logger] [info] Nu: 0.2723850363014575 Phi: 0.08074927646056942
[2025-10-20 14:09:37.465] [multi_logger] [info] EM iteration: 8 Log likelihood: -2032806.3923851205
[2025-10-20 14:09:37.465] [multi_logger] [info] Nu: 0.2840740788859968 Phi: 0.07516325290851202
[2025-10-20 14:09:37.769] [multi_logger] [info] Best log likelihood: -2032787.613396161
[2025-10-20 14:09:37.769] [multi_logger] [info] Total runtime: 236108 ms
[2025-10-20 14:09:37.769] [multi_logger] [info] Writing best tree to file...
[2025-10-20 14:09:37.770] [multi_logger] [info] Optimized tree written to fastlaml_colonies_clone3.stepwise_addition_08_tree.newick
[2025-10-20 14:09:37.770] [multi_logger] [info] data_type: observation-matrix, writing posterior probs and argmax probs.
[2025-10-20 14:09:38.123] [multi_logger] [info] Posterior matrix written to fastlaml_colonies_clone3.stepwise_addition_08_posterior_probs.csv
[2025-10-20 14:09:38.131] [multi_logger] [info] Argmax matrix written to fastlaml_colonies_clone3.stepwise_addition_08_posterior_argmax.csv
[2025-10-20 14:09:38.131] [multi_logger] [info] JSON summary written to fastlaml_colonies_clone3.stepwise_addition_08_results.json
[2025-10-20 14:09:38.131] [multi_logger] [info] Tree search and optimization completed. Log likelihood: -2032787.613396161
