[2025-10-28 17:05:23.348] [multi_logger] [info] Logger initialized
[2025-10-28 17:05:23.348] [multi_logger] [info] Command: /Users/gc3045/git/fast-laml/build/src/fastlaml --matrix /Users/gc3045/git/laml2-experiments/real_data/PEtracer/inputs/colonies_clone3_kde_scores_subset.csv --tree clone3.stepwise_addition_04.nwk --output fastlaml_colonies_clone3.stepwise_addition_04 --mode search --seed 0 --max-iterations 5000 --ultrametric --min-branch-length 0.01 -d observation-matrix -v
[2025-10-28 17:05:23.348] [multi_logger] [info] Loading tree from Newick file...
[2025-10-28 17:05:23.349] [multi_logger] [info] Processing matrix and mutation priors...
[2025-10-28 17:05:23.403] [multi_logger] [info] Found 695 taxa and 48 characters
[2025-10-28 17:05:23.404] [multi_logger] [info] No mutation priors provided. Assuming uniform priors.
[2025-10-28 17:05:23.404] [multi_logger] [info] Generating uniform priors for observation matrix w 8 states...
[2025-10-28 17:05:23.406] [multi_logger] [info] === END OF IO SUMMARY ===
[2025-10-28 17:05:23.406] [multi_logger] [info] Number of characters: 48
[2025-10-28 17:05:23.406] [multi_logger] [info] Max alphabet size: 8
[2025-10-28 17:05:23.406] [multi_logger] [info] Data type: observation-matrix

[2025-10-28 17:05:23.407] [multi_logger] [info] Searching for optimal tree...
[2025-10-28 17:05:23.409] [multi_logger] [info] Num missing entries: 6792 Num not missing entries: 26568
[2025-10-28 17:05:23.481] [multi_logger] [info] EM iteration: 0 Log likelihood: -1831796.48613963
[2025-10-28 17:05:23.481] [multi_logger] [info] Nu: 0.5439321398735046 Phi: 0.5835601091384888
[2025-10-28 17:05:23.674] [multi_logger] [info] EM iteration: 1 Log likelihood: -1805683.215136254
[2025-10-28 17:05:23.674] [multi_logger] [info] Nu: 0.008753102326455174 Phi: 0.19451043723254338
[2025-10-28 17:05:23.811] [multi_logger] [info] EM iteration: 2 Log likelihood: -1805135.4870250998
[2025-10-28 17:05:23.811] [multi_logger] [info] Nu: 0.01750652986402291 Phi: 0.1811143782590297
[2025-10-28 17:05:23.943] [multi_logger] [info] EM iteration: 3 Log likelihood: -1804909.0555899225
[2025-10-28 17:05:23.943] [multi_logger] [info] Nu: 0.03194371622992329 Phi: 0.17028934547739852
[2025-10-28 17:05:24.084] [multi_logger] [info] EM iteration: 4 Log likelihood: -1804726.9390887753
[2025-10-28 17:05:24.084] [multi_logger] [info] Nu: 0.05054872866058846 Phi: 0.15837349987085636
[2025-10-28 17:05:24.238] [multi_logger] [info] EM iteration: 5 Log likelihood: -1804575.0484066596
[2025-10-28 17:05:24.238] [multi_logger] [info] Nu: 0.07148646489051046 Phi: 0.14621004899064
[2025-10-28 17:05:24.383] [multi_logger] [info] EM iteration: 6 Log likelihood: -1804450.0126222805
[2025-10-28 17:05:24.383] [multi_logger] [info] Nu: 0.09295904018903109 Phi: 0.13444933918302604
[2025-10-28 17:05:24.522] [multi_logger] [info] EM iteration: 7 Log likelihood: -1804351.28779073
[2025-10-28 17:05:24.522] [multi_logger] [info] Nu: 0.1136054728555192 Phi: 0.12347422719326058
[2025-10-28 17:05:24.671] [multi_logger] [info] EM iteration: 8 Log likelihood: -1804277.2776787472
[2025-10-28 17:05:24.671] [multi_logger] [info] Nu: 0.13253728896983186 Phi: 0.11368900996391154
[2025-10-28 17:05:24.818] [multi_logger] [info] EM iteration: 9 Log likelihood: -1804221.4736598579
[2025-10-28 17:05:24.818] [multi_logger] [info] Nu: 0.14936728674971045 Phi: 0.10522107880678949
[2025-10-28 17:05:24.957] [multi_logger] [info] EM iteration: 10 Log likelihood: -1804177.9911322626
[2025-10-28 17:05:24.957] [multi_logger] [info] Nu: 0.16411801015644006 Phi: 0.09789629917342478
[2025-10-28 17:05:25.105] [multi_logger] [info] EM iteration: 11 Log likelihood: -1804143.9547352293
[2025-10-28 17:05:25.105] [multi_logger] [info] Nu: 0.1770208952028008 Phi: 0.09150880328698355
[2025-10-28 17:05:25.248] [multi_logger] [info] EM iteration: 12 Log likelihood: -1804117.68191896
[2025-10-28 17:05:25.248] [multi_logger] [info] Nu: 0.1883363545595494 Phi: 0.08592454278989897
[2025-10-28 17:05:25.387] [multi_logger] [info] EM iteration: 13 Log likelihood: -1804097.547244512
[2025-10-28 17:05:25.387] [multi_logger] [info] Nu: 0.19828075173193993 Phi: 0.08104286253642583
[2025-10-28 17:05:25.645] [multi_logger] [info] Starting simulated annealing with initial log likelihood: -1804082.1002660492
[2025-10-28 17:05:26.228] [multi_logger] [info] Iteration 0: Applied NNI move (900, 899), no. accepts: 0, new log likelihood: -1804072.3472591117, current phi: 0.06971346428331716, current nu: 0.22163864751454238
[2025-10-28 17:05:26.763] [multi_logger] [info] Iteration 1: Applied NNI move (835, 820), no. accepts: 1, new log likelihood: -1804058.701835942, current phi: 0.06420572718539694, current nu: 0.23314941533365574
[2025-10-28 17:05:27.323] [multi_logger] [info] Iteration 2: Applied NNI move (820, 733), no. accepts: 2, new log likelihood: -1804045.570856831, current phi: 0.059847278246741166, current nu: 0.24238931637769442
[2025-10-28 17:05:27.896] [multi_logger] [info] Iteration 3: Applied NNI move (559, 558), no. accepts: 3, new log likelihood: -1804039.7093016393, current phi: 0.056335850447566976, current nu: 0.2498250041000095
[2025-10-28 17:05:28.441] [multi_logger] [info] Iteration 4: Rejected NNI move (1330, 1332), proposed log likelihood: -1804039.7093016393
[2025-10-28 17:05:29.015] [multi_logger] [info] Iteration 5: Applied NNI move (1103, 1131), no. accepts: 4, new log likelihood: -1804035.0638021976, current phi: 0.05344524180973463, current nu: 0.25596048718566344
[2025-10-28 17:05:29.584] [multi_logger] [info] Iteration 6: Rejected NNI move (904, 908), proposed log likelihood: -1804035.0638021976
[2025-10-28 17:05:30.183] [multi_logger] [info] Iteration 7: Applied NNI move (347, 346), no. accepts: 5, new log likelihood: -1804031.8624445351, current phi: 0.0509974753465134, current nu: 0.2611694126003439
[2025-10-28 17:05:30.771] [multi_logger] [info] Iteration 8: Applied NNI move (595, 594), no. accepts: 6, new log likelihood: -1804017.4694581507, current phi: 0.04890586153839778, current nu: 0.26578806991169673
[2025-10-28 17:05:31.350] [multi_logger] [info] Iteration 9: Rejected NNI move (1342, 1341), proposed log likelihood: -1804017.4694581507
[2025-10-28 17:05:31.967] [multi_logger] [info] Iteration 10: Rejected NNI move (370, 393), proposed log likelihood: -1804017.4694581507
[2025-10-28 17:05:32.516] [multi_logger] [info] Iteration 11: Applied NNI move (778, 736), no. accepts: 7, new log likelihood: -1804008.2599188825, current phi: 0.047109102116191695, current nu: 0.26970583878518567
[2025-10-28 17:05:33.209] [multi_logger] [info] Iteration 12: Applied NNI move (682, 657), no. accepts: 8, new log likelihood: -1803991.42981586, current phi: 0.04551943793172493, current nu: 0.2732597396951375
[2025-10-28 17:05:33.849] [multi_logger] [info] Iteration 13: Applied NNI move (174, 176), no. accepts: 9, new log likelihood: -1803988.0588493175, current phi: 0.044095961104799304, current nu: 0.2763004886954377
[2025-10-28 17:05:34.439] [multi_logger] [info] Iteration 14: Applied NNI move (1098, 1097), no. accepts: 10, new log likelihood: -1803987.0679491144, current phi: 0.04286800927540709, current nu: 0.27892132127866615
[2025-10-28 17:05:35.048] [multi_logger] [info] Iteration 15: Applied NNI move (781, 803), no. accepts: 11, new log likelihood: -1803982.6742335283, current phi: 0.04178244709952547, current nu: 0.2812950028620966
[2025-10-28 17:05:35.636] [multi_logger] [info] Iteration 16: Applied NNI move (1345, 1319), no. accepts: 12, new log likelihood: -1803981.23930875, current phi: 0.04080913622529336, current nu: 0.2834022574891016
[2025-10-28 17:05:36.186] [multi_logger] [info] Iteration 17: Rejected NNI move (437, 439), proposed log likelihood: -1803981.23930875
[2025-10-28 17:05:36.768] [multi_logger] [info] Iteration 18: Applied NNI move (620, 637), no. accepts: 13, new log likelihood: -1803980.6888914236, current phi: 0.039929112814773064, current nu: 0.28530321384656365
[2025-10-28 17:05:37.419] [multi_logger] [info] Iteration 19: Applied NNI move (1273, 1215), no. accepts: 14, new log likelihood: -1803980.9010832082, current phi: 0.039125968808016595, current nu: 0.28701970449181413
[2025-10-28 17:05:38.001] [multi_logger] [info] Iteration 20: Rejected NNI move (488, 486), proposed log likelihood: -1803980.9010832082
[2025-10-28 17:05:38.625] [multi_logger] [info] Iteration 21: Applied NNI move (1169, 5), no. accepts: 15, new log likelihood: -1803942.7026519438, current phi: 0.038384512902709333, current nu: 0.2890209566009804
[2025-10-28 17:05:39.215] [multi_logger] [info] Iteration 22: Rejected NNI move (847, 862), proposed log likelihood: -1803942.7026519438
[2025-10-28 17:05:39.783] [multi_logger] [info] Iteration 23: Applied NNI move (250, 194), no. accepts: 16, new log likelihood: -1803935.7580206878, current phi: 0.037690243808428024, current nu: 0.2906643353317402
[2025-10-28 17:05:40.366] [multi_logger] [info] Iteration 24: Rejected NNI move (1240, 1223), proposed log likelihood: -1803935.7580206878
[2025-10-28 17:05:41.013] [multi_logger] [info] Iteration 25: Rejected NNI move (460, 477), proposed log likelihood: -1803935.7580206878
[2025-10-28 17:05:41.610] [multi_logger] [info] Iteration 26: Applied NNI move (184, 178), no. accepts: 17, new log likelihood: -1803933.7373188282, current phi: 0.03701672301785775, current nu: 0.2920126956044136
[2025-10-28 17:05:42.211] [multi_logger] [info] Iteration 27: Rejected NNI move (376, 380), proposed log likelihood: -1803933.7373188282
[2025-10-28 17:05:42.807] [multi_logger] [info] Iteration 28: Rejected NNI move (1249, 1248), proposed log likelihood: -1803933.7373188282
[2025-10-28 17:05:43.415] [multi_logger] [info] Iteration 29: Applied NNI move (946, 932), no. accepts: 18, new log likelihood: -1803931.3227725623, current phi: 0.03639060570984702, current nu: 0.29297434939184713
[2025-10-28 17:05:44.015] [multi_logger] [info] Iteration 30: Applied NNI move (1110, 1113), no. accepts: 19, new log likelihood: -1803924.700059941, current phi: 0.03596725944821578, current nu: 0.2940854362877588
[2025-10-28 17:05:44.614] [multi_logger] [info] Iteration 31: Applied NNI move (546, 12), no. accepts: 20, new log likelihood: -1803917.162322056, current phi: 0.03559522739342199, current nu: 0.295087555452265
[2025-10-28 17:05:45.195] [multi_logger] [info] Iteration 32: Applied NNI move (615, 612), no. accepts: 21, new log likelihood: -1803911.8360229277, current phi: 0.03523214315465659, current nu: 0.29579436002341797
[2025-10-28 17:05:45.771] [multi_logger] [info] Iteration 33: Applied NNI move (1029, 958), no. accepts: 22, new log likelihood: -1803910.5354239275, current phi: 0.03489489970088316, current nu: 0.29642443457997963
[2025-10-28 17:05:46.384] [multi_logger] [info] Iteration 34: Rejected NNI move (94, 123), proposed log likelihood: -1803910.5354239275
[2025-10-28 17:05:46.985] [multi_logger] [info] Iteration 35: Rejected NNI move (1168, 1160), proposed log likelihood: -1803910.5354239275
[2025-10-28 17:05:47.570] [multi_logger] [info] Iteration 36: Rejected NNI move (24, 59), proposed log likelihood: -1803910.5354239275
[2025-10-28 17:05:48.157] [multi_logger] [info] Iteration 37: Rejected NNI move (460, 474), proposed log likelihood: -1803910.5354239275
[2025-10-28 17:05:48.751] [multi_logger] [info] Iteration 38: Rejected NNI move (371, 390), proposed log likelihood: -1803910.5354239275
[2025-10-28 17:05:49.327] [multi_logger] [info] Iteration 39: Rejected NNI move (721, 1096), proposed log likelihood: -1803910.5354239275
[2025-10-28 17:05:49.945] [multi_logger] [info] Iteration 40: Rejected NNI move (660, 670), proposed log likelihood: -1803910.5354239275
[2025-10-28 17:05:50.541] [multi_logger] [info] Iteration 41: Rejected NNI move (1084, 1074), proposed log likelihood: -1803910.5354239275
[2025-10-28 17:05:51.162] [multi_logger] [info] Iteration 42: Applied NNI move (1277, 1276), no. accepts: 23, new log likelihood: -1803910.015927584, current phi: 0.03480473833703363, current nu: 0.2970817619392699
[2025-10-28 17:05:51.772] [multi_logger] [info] Iteration 43: Applied NNI move (1377, 1376), no. accepts: 24, new log likelihood: -1803909.8470126416, current phi: 0.03465387196996919, current nu: 0.29740898390755066
[2025-10-28 17:05:52.375] [multi_logger] [info] Iteration 44: Applied NNI move (112, 103), no. accepts: 25, new log likelihood: -1803906.1714761993, current phi: 0.034497608042752856, current nu: 0.29768920276779576
[2025-10-28 17:05:53.010] [multi_logger] [info] Iteration 45: Rejected NNI move (911, 913), proposed log likelihood: -1803906.1714761993
[2025-10-28 17:05:53.651] [multi_logger] [info] Iteration 46: Rejected NNI move (1041, 1040), proposed log likelihood: -1803906.1714761993
[2025-10-28 17:05:54.248] [multi_logger] [info] Iteration 47: Applied NNI move (928, 866), no. accepts: 26, new log likelihood: -1803904.1516899914, current phi: 0.034350593123957725, current nu: 0.297945852120076
[2025-10-28 17:05:54.842] [multi_logger] [info] Iteration 48: Rejected NNI move (721, 1069), proposed log likelihood: -1803904.1516899914
[2025-10-28 17:05:55.451] [multi_logger] [info] Iteration 49: Rejected NNI move (582, 581), proposed log likelihood: -1803904.1516899914
[2025-10-28 17:05:56.025] [multi_logger] [info] Iteration 50: Rejected NNI move (34, 33), proposed log likelihood: -1803904.1516899914
[2025-10-28 17:05:56.591] [multi_logger] [info] Iteration 51: Rejected NNI move (529, 536), proposed log likelihood: -1803904.1516899914
[2025-10-28 17:05:57.149] [multi_logger] [info] Iteration 52: Applied NNI move (620, 624), no. accepts: 27, new log likelihood: -1803893.4935021084, current phi: 0.03419839224074844, current nu: 0.29826861021894524
[2025-10-28 17:05:57.719] [multi_logger] [info] Iteration 53: Applied NNI move (846, 733), no. accepts: 28, new log likelihood: -1803885.3501574802, current phi: 0.03404780472807028, current nu: 0.2985024522386574
[2025-10-28 17:05:58.273] [multi_logger] [info] Iteration 54: Rejected NNI move (1143, 1159), proposed log likelihood: -1803885.3501574802
[2025-10-28 17:05:58.854] [multi_logger] [info] Iteration 55: Rejected NNI move (489, 481), proposed log likelihood: -1803885.3501574802
[2025-10-28 17:05:59.474] [multi_logger] [info] Iteration 56: Rejected NNI move (1185, 1184), proposed log likelihood: -1803885.3501574802
[2025-10-28 17:06:00.119] [multi_logger] [info] Iteration 57: Rejected NNI move (1130, 1133), proposed log likelihood: -1803885.3501574802
[2025-10-28 17:06:00.669] [multi_logger] [info] Iteration 58: Rejected NNI move (900, 898), proposed log likelihood: -1803885.3501574802
[2025-10-28 17:06:01.239] [multi_logger] [info] Iteration 59: Rejected NNI move (751, 750), proposed log likelihood: -1803885.3501574802
[2025-10-28 17:06:01.821] [multi_logger] [info] Iteration 60: Rejected NNI move (1249, 1243), proposed log likelihood: -1803885.3501574802
[2025-10-28 17:06:02.439] [multi_logger] [info] Iteration 61: Rejected NNI move (733, 732), proposed log likelihood: -1803885.3501574802
[2025-10-28 17:06:02.998] [multi_logger] [info] Iteration 62: Applied NNI move (888, 926), no. accepts: 29, new log likelihood: -1803880.7505582492, current phi: 0.03394171978974146, current nu: 0.2987255606593675
[2025-10-28 17:06:03.604] [multi_logger] [info] Iteration 63: Rejected NNI move (9, 563), proposed log likelihood: -1803880.7505582492
[2025-10-28 17:06:04.204] [multi_logger] [info] Iteration 64: Applied NNI move (843, 842), no. accepts: 30, new log likelihood: -1803878.58161031, current phi: 0.033857314047637345, current nu: 0.298940716603567
[2025-10-28 17:06:04.816] [multi_logger] [info] Iteration 65: Rejected NNI move (1249, 1243), proposed log likelihood: -1803878.58161031
[2025-10-28 17:06:05.459] [multi_logger] [info] Iteration 66: Applied NNI move (730, 929), no. accepts: 31, new log likelihood: -1803878.3614166246, current phi: 0.03378102038072265, current nu: 0.2990976407536749
[2025-10-28 17:06:06.010] [multi_logger] [info] Iteration 67: Rejected NNI move (229, 217), proposed log likelihood: -1803878.3614166246
[2025-10-28 17:06:06.595] [multi_logger] [info] Iteration 68: Rejected NNI move (783, 794), proposed log likelihood: -1803878.3614166246
[2025-10-28 17:06:07.223] [multi_logger] [info] Iteration 69: Rejected NNI move (633, 630), proposed log likelihood: -1803878.3614166246
[2025-10-28 17:06:07.809] [multi_logger] [info] Iteration 70: Rejected NNI move (685, 691), proposed log likelihood: -1803878.3614166246
[2025-10-28 17:06:08.404] [multi_logger] [info] Iteration 71: Rejected NNI move (653, 616), proposed log likelihood: -1803878.3614166246
[2025-10-28 17:06:08.980] [multi_logger] [info] Iteration 72: Applied NNI move (363, 360), no. accepts: 32, new log likelihood: -1803876.039016367, current phi: 0.03361882801772525, current nu: 0.29908716260384616
[2025-10-28 17:06:09.588] [multi_logger] [info] Iteration 73: Applied NNI move (843, 841), no. accepts: 33, new log likelihood: -1803874.5889485644, current phi: 0.033467358743422305, current nu: 0.29908332485772443
[2025-10-28 17:06:10.180] [multi_logger] [info] Iteration 74: Rejected NNI move (736, 767), proposed log likelihood: -1803874.5889485644
[2025-10-28 17:06:10.773] [multi_logger] [info] Iteration 75: Rejected NNI move (857, 856), proposed log likelihood: -1803874.5889485644
[2025-10-28 17:06:11.364] [multi_logger] [info] Iteration 76: Rejected NNI move (981, 980), proposed log likelihood: -1803874.5889485644
[2025-10-28 17:06:11.981] [multi_logger] [info] Iteration 77: Applied NNI move (168, 148), no. accepts: 34, new log likelihood: -1803868.9773592455, current phi: 0.03333394830158464, current nu: 0.2993149977447594
[2025-10-28 17:06:12.569] [multi_logger] [info] Iteration 78: Applied NNI move (1308, 1301), no. accepts: 35, new log likelihood: -1803862.4055259489, current phi: 0.03318524790586313, current nu: 0.2995354981358983
[2025-10-28 17:06:13.152] [multi_logger] [info] Iteration 79: Rejected NNI move (829, 831), proposed log likelihood: -1803862.4055259489
[2025-10-28 17:06:13.784] [multi_logger] [info] Iteration 80: Applied NNI move (423, 456), no. accepts: 36, new log likelihood: -1803862.220921638, current phi: 0.03305191214309446, current nu: 0.2997759733050203
[2025-10-28 17:06:14.393] [multi_logger] [info] Iteration 81: Rejected NNI move (784, 786), proposed log likelihood: -1803862.220921638
[2025-10-28 17:06:15.002] [multi_logger] [info] Iteration 82: Rejected NNI move (829, 831), proposed log likelihood: -1803862.220921638
[2025-10-28 17:06:15.609] [multi_logger] [info] Iteration 83: Rejected NNI move (437, 440), proposed log likelihood: -1803862.220921638
[2025-10-28 17:06:16.167] [multi_logger] [info] Iteration 84: Applied NNI move (1029, 728), no. accepts: 37, new log likelihood: -1803846.408182613, current phi: 0.032934320095160764, current nu: 0.30032990560727696
[2025-10-28 17:06:16.778] [multi_logger] [info] Iteration 85: Rejected NNI move (149, 164), proposed log likelihood: -1803846.408182613
[2025-10-28 17:06:17.368] [multi_logger] [info] Iteration 86: Applied NNI move (599, 601), no. accepts: 38, new log likelihood: -1803846.2228021245, current phi: 0.03283407235550221, current nu: 0.30058787605079484
[2025-10-28 17:06:17.964] [multi_logger] [info] Iteration 87: Rejected NNI move (612, 611), proposed log likelihood: -1803846.2228021245
[2025-10-28 17:06:18.541] [multi_logger] [info] Iteration 88: Rejected NNI move (206, 213), proposed log likelihood: -1803846.2228021245
[2025-10-28 17:06:19.176] [multi_logger] [info] Iteration 89: Rejected NNI move (1023, 1017), proposed log likelihood: -1803846.2228021245
[2025-10-28 17:06:19.774] [multi_logger] [info] Iteration 90: Applied NNI move (275, 280), no. accepts: 39, new log likelihood: -1803836.3013614272, current phi: 0.032732118718229765, current nu: 0.30097737864162466
[2025-10-28 17:06:20.377] [multi_logger] [info] Iteration 91: Applied NNI move (272, 252), no. accepts: 40, new log likelihood: -1803835.2730365158, current phi: 0.032659429742349685, current nu: 0.30118756852635054
[2025-10-28 17:06:20.985] [multi_logger] [info] Iteration 92: Applied NNI move (1171, 1187), no. accepts: 41, new log likelihood: -1803835.2140093748, current phi: 0.032603680269816616, current nu: 0.30130781537477785
[2025-10-28 17:06:21.582] [multi_logger] [info] Iteration 93: Rejected NNI move (311, 310), proposed log likelihood: -1803835.2140093748
[2025-10-28 17:06:22.154] [multi_logger] [info] Iteration 94: Applied NNI move (1327, 1337), no. accepts: 42, new log likelihood: -1803835.243992452, current phi: 0.032553952694240475, current nu: 0.30141105852100775
[2025-10-28 17:06:22.753] [multi_logger] [info] Iteration 95: Rejected NNI move (433, 424), proposed log likelihood: -1803835.243992452
[2025-10-28 17:06:23.373] [multi_logger] [info] Iteration 96: Applied NNI move (1152, 1149), no. accepts: 43, new log likelihood: -1803833.3596612136, current phi: 0.03246221899260609, current nu: 0.3013978907872318
[2025-10-28 17:06:23.941] [multi_logger] [info] Iteration 97: Rejected NNI move (477, 476), proposed log likelihood: -1803833.3596612136
[2025-10-28 17:06:24.563] [multi_logger] [info] Iteration 98: Rejected NNI move (627, 636), proposed log likelihood: -1803833.3596612136
[2025-10-28 17:06:25.128] [multi_logger] [info] Iteration 99: Rejected NNI move (968, 977), proposed log likelihood: -1803833.3596612136
[2025-10-28 17:06:25.715] [multi_logger] [info] Iteration 100: Applied NNI move (561, 554), no. accepts: 44, new log likelihood: -1803830.5474418057, current phi: 0.03237250329149288, current nu: 0.3013814847992587
[2025-10-28 17:06:26.287] [multi_logger] [info] Iteration 101: Applied NNI move (587, 569), no. accepts: 45, new log likelihood: -1803826.0785530657, current phi: 0.03230945843229155, current nu: 0.3015648866380681
[2025-10-28 17:06:26.834] [multi_logger] [info] Iteration 102: Rejected NNI move (503, 509), proposed log likelihood: -1803826.0785530657
[2025-10-28 17:06:27.426] [multi_logger] [info] Iteration 103: Rejected NNI move (959, 1014), proposed log likelihood: -1803826.0785530657
[2025-10-28 17:06:28.018] [multi_logger] [info] Iteration 104: Rejected NNI move (925, 903), proposed log likelihood: -1803826.0785530657
[2025-10-28 17:06:28.609] [multi_logger] [info] Iteration 105: Rejected NNI move (547, 11), proposed log likelihood: -1803826.0785530657
[2025-10-28 17:06:29.189] [multi_logger] [info] Iteration 106: Rejected NNI move (503, 514), proposed log likelihood: -1803826.0785530657
[2025-10-28 17:06:29.761] [multi_logger] [info] Iteration 107: Applied NNI move (431, 428), no. accepts: 46, new log likelihood: -1803823.648856782, current phi: 0.03226238826927137, current nu: 0.301737036227997
[2025-10-28 17:06:30.349] [multi_logger] [info] Iteration 108: Rejected NNI move (1248, 1247), proposed log likelihood: -1803823.648856782
[2025-10-28 17:06:30.926] [multi_logger] [info] Iteration 109: Applied NNI move (1098, 721), no. accepts: 47, new log likelihood: -1803788.3337256617, current phi: 0.032216130657505386, current nu: 0.3023170900106086
[2025-10-28 17:06:31.503] [multi_logger] [info] Iteration 110: Rejected NNI move (1216, 1276), proposed log likelihood: -1803788.3337256617
[2025-10-28 17:06:32.074] [multi_logger] [info] Iteration 111: Applied NNI move (265, 267), no. accepts: 48, new log likelihood: -1803782.610501871, current phi: 0.03215361907896575, current nu: 0.3025446549855321
[2025-10-28 17:06:32.679] [multi_logger] [info] Iteration 112: Rejected NNI move (621, 638), proposed log likelihood: -1803782.610501871
[2025-10-28 17:06:33.261] [multi_logger] [info] Iteration 113: Applied NNI move (711, 710), no. accepts: 49, new log likelihood: -1803772.4846725648, current phi: 0.032086987648033624, current nu: 0.30275707982326383
[2025-10-28 17:06:33.829] [multi_logger] [info] Iteration 114: Applied NNI move (457, 409), no. accepts: 50, new log likelihood: -1803771.8421458667, current phi: 0.03202878052040236, current nu: 0.30282759322328245
[2025-10-28 17:06:34.406] [multi_logger] [info] Iteration 115: Rejected NNI move (488, 487), proposed log likelihood: -1803771.8421458667
[2025-10-28 17:06:34.987] [multi_logger] [info] Iteration 116: Applied NNI move (200, 205), no. accepts: 51, new log likelihood: -1803759.6003937076, current phi: 0.0319548191660308, current nu: 0.30278703290525893
[2025-10-28 17:06:35.571] [multi_logger] [info] Iteration 117: Applied NNI move (502, 499), no. accepts: 52, new log likelihood: -1803750.585217801, current phi: 0.03186916047316135, current nu: 0.30239895631967145
[2025-10-28 17:06:36.120] [multi_logger] [info] Iteration 118: Rejected NNI move (806, 808), proposed log likelihood: -1803750.585217801
[2025-10-28 17:06:36.709] [multi_logger] [info] Iteration 119: Rejected NNI move (13, 327), proposed log likelihood: -1803750.585217801
[2025-10-28 17:06:37.278] [multi_logger] [info] Iteration 120: Rejected NNI move (515, 495), proposed log likelihood: -1803750.585217801
[2025-10-28 17:06:37.847] [multi_logger] [info] Iteration 121: Applied NNI move (1248, 1247), no. accepts: 53, new log likelihood: -1803750.6119271722, current phi: 0.031837056267167, current nu: 0.3024193270629859
[2025-10-28 17:06:38.406] [multi_logger] [info] Iteration 122: Rejected NNI move (16, 189), proposed log likelihood: -1803750.6119271722
[2025-10-28 17:06:38.998] [multi_logger] [info] Iteration 123: Applied NNI move (164, 158), no. accepts: 54, new log likelihood: -1803747.2947533242, current phi: 0.03180008885876556, current nu: 0.3024219432121176
[2025-10-28 17:06:39.553] [multi_logger] [info] Iteration 124: Applied NNI move (457, 456), no. accepts: 55, new log likelihood: -1803747.3179484217, current phi: 0.03177652907176739, current nu: 0.3024616499681694
[2025-10-28 17:06:40.151] [multi_logger] [info] Iteration 125: Rejected NNI move (424, 430), proposed log likelihood: -1803747.3179484217
[2025-10-28 17:06:40.713] [multi_logger] [info] Iteration 126: Applied NNI move (347, 345), no. accepts: 56, new log likelihood: -1803747.342093732, current phi: 0.03175664690860043, current nu: 0.302533572651732
[2025-10-28 17:06:41.320] [multi_logger] [info] Iteration 127: Applied NNI move (514, 510), no. accepts: 57, new log likelihood: -1803747.160212229, current phi: 0.031738714442219436, current nu: 0.30256668503265477
[2025-10-28 17:06:41.905] [multi_logger] [info] Iteration 128: Applied NNI move (581, 572), no. accepts: 58, new log likelihood: -1803734.939538326, current phi: 0.031624482124914574, current nu: 0.30252400383339473
[2025-10-28 17:06:42.479] [multi_logger] [info] Iteration 129: Applied NNI move (539, 493), no. accepts: 59, new log likelihood: -1803734.3617623204, current phi: 0.031542182741667694, current nu: 0.3026634842063696
[2025-10-28 17:06:43.057] [multi_logger] [info] Iteration 130: Applied NNI move (1191, 1193), no. accepts: 60, new log likelihood: -1803721.3932263902, current phi: 0.03145620021338963, current nu: 0.302856443557001
[2025-10-28 17:06:43.637] [multi_logger] [info] Iteration 131: Rejected NNI move (158, 164), proposed log likelihood: -1803721.3932263902
[2025-10-28 17:06:44.245] [multi_logger] [info] Iteration 132: Applied NNI move (84, 78), no. accepts: 61, new log likelihood: -1803719.4345319783, current phi: 0.03139744135841516, current nu: 0.3029606228342388
[2025-10-28 17:06:44.848] [multi_logger] [info] Iteration 133: Rejected NNI move (353, 349), proposed log likelihood: -1803719.4345319783
[2025-10-28 17:06:45.422] [multi_logger] [info] Iteration 134: Applied NNI move (434, 448), no. accepts: 62, new log likelihood: -1803709.822472796, current phi: 0.031360937563487325, current nu: 0.3032160281259136
[2025-10-28 17:06:45.995] [multi_logger] [info] Iteration 135: Applied NNI move (955, 931), no. accepts: 63, new log likelihood: -1803707.2024073557, current phi: 0.031321476233123736, current nu: 0.30333648337098373
[2025-10-28 17:06:46.576] [multi_logger] [info] Iteration 136: Rejected NNI move (835, 828), proposed log likelihood: -1803707.2024073557
[2025-10-28 17:06:47.162] [multi_logger] [info] Iteration 137: Rejected NNI move (911, 914), proposed log likelihood: -1803707.2024073557
[2025-10-28 17:06:47.742] [multi_logger] [info] Iteration 138: Applied NNI move (1387, 1382), no. accepts: 64, new log likelihood: -1803702.8647512214, current phi: 0.03130351900303741, current nu: 0.30367373809842274
[2025-10-28 17:06:48.323] [multi_logger] [info] Iteration 139: Applied NNI move (604, 606), no. accepts: 65, new log likelihood: -1803700.2942636132, current phi: 0.03131018693770169, current nu: 0.3036856101079555
[2025-10-28 17:06:48.891] [multi_logger] [info] Iteration 140: Rejected NNI move (1375, 1372), proposed log likelihood: -1803700.2942636132
[2025-10-28 17:06:49.463] [multi_logger] [info] Iteration 141: Rejected NNI move (120, 116), proposed log likelihood: -1803700.2942636132
[2025-10-28 17:06:50.060] [multi_logger] [info] Iteration 142: Applied NNI move (1049, 1051), no. accepts: 66, new log likelihood: -1803699.9966668203, current phi: 0.03129801997325286, current nu: 0.30370192800923407
[2025-10-28 17:06:50.652] [multi_logger] [info] Iteration 143: Rejected NNI move (441, 437), proposed log likelihood: -1803699.9966668203
[2025-10-28 17:06:51.257] [multi_logger] [info] Iteration 144: Rejected NNI move (1358, 1354), proposed log likelihood: -1803699.9966668203
[2025-10-28 17:06:51.822] [multi_logger] [info] Iteration 145: Applied NNI move (463, 468), no. accepts: 67, new log likelihood: -1803692.573353637, current phi: 0.03129497296946009, current nu: 0.3037554834552119
[2025-10-28 17:06:52.415] [multi_logger] [info] Iteration 146: Rejected NNI move (657, 656), proposed log likelihood: -1803692.573353637
[2025-10-28 17:06:52.994] [multi_logger] [info] Iteration 147: Applied NNI move (321, 190), no. accepts: 68, new log likelihood: -1803673.9194961523, current phi: 0.03129779441613711, current nu: 0.3040463351875107
[2025-10-28 17:06:53.578] [multi_logger] [info] Iteration 148: Rejected NNI move (582, 588), proposed log likelihood: -1803673.9194961523
[2025-10-28 17:06:54.147] [multi_logger] [info] Iteration 149: Applied NNI move (335, 340), no. accepts: 69, new log likelihood: -1803667.677088655, current phi: 0.031324137206794576, current nu: 0.3042921668870904
[2025-10-28 17:06:54.684] [multi_logger] [info] Iteration 150: Rejected NNI move (751, 749), proposed log likelihood: -1803667.677088655
[2025-10-28 17:06:55.278] [multi_logger] [info] Iteration 151: Rejected NNI move (1242, 1251), proposed log likelihood: -1803667.677088655
[2025-10-28 17:06:55.853] [multi_logger] [info] Iteration 152: Rejected NNI move (253, 267), proposed log likelihood: -1803667.677088655
[2025-10-28 17:06:56.429] [multi_logger] [info] Iteration 153: Rejected NNI move (1195, 1197), proposed log likelihood: -1803667.677088655
[2025-10-28 17:06:57.025] [multi_logger] [info] Iteration 154: Applied NNI move (423, 447), no. accepts: 70, new log likelihood: -1803667.6401874102, current phi: 0.0313461644568586, current nu: 0.3042489140317457
[2025-10-28 17:06:57.615] [multi_logger] [info] Iteration 155: Rejected NNI move (403, 401), proposed log likelihood: -1803667.6401874102
[2025-10-28 17:06:57.615] [multi_logger] [info] Terminating: no acceptable move or improvement < η at iteration 156
[2025-10-28 17:06:57.615] [multi_logger] [info] Simulated annealing completed after 156 iterations. Final log likelihood: -1803667.6401874102
[2025-10-28 17:06:57.624] [multi_logger] [info] Num missing entries: 6792 Num not missing entries: 26568
[2025-10-28 17:06:57.693] [multi_logger] [info] EM iteration: 0 Log likelihood: -1842267.0818761128
[2025-10-28 17:06:57.693] [multi_logger] [info] Nu: 0.693670392036438 Phi: 0.8098391890525818
[2025-10-28 17:06:57.890] [multi_logger] [info] EM iteration: 1 Log likelihood: -1804236.372108705
[2025-10-28 17:06:57.890] [multi_logger] [info] Nu: 0.12489554515015872 Phi: 0.14451887100306418
[2025-10-28 17:06:58.064] [multi_logger] [info] EM iteration: 2 Log likelihood: -1803958.9408536502
[2025-10-28 17:06:58.064] [multi_logger] [info] Nu: 0.13330919502009542 Phi: 0.11665790646340546
[2025-10-28 17:06:58.244] [multi_logger] [info] EM iteration: 3 Log likelihood: -1803863.5032514744
[2025-10-28 17:06:58.244] [multi_logger] [info] Nu: 0.15218891698619794 Phi: 0.10418125091933914
[2025-10-28 17:06:58.423] [multi_logger] [info] EM iteration: 4 Log likelihood: -1803809.939396694
[2025-10-28 17:06:58.423] [multi_logger] [info] Nu: 0.16908267248565453 Phi: 0.0950698844319215
[2025-10-28 17:06:58.591] [multi_logger] [info] EM iteration: 5 Log likelihood: -1803775.0681921872
[2025-10-28 17:06:58.591] [multi_logger] [info] Nu: 0.18333586440587132 Phi: 0.08788907862048824
[2025-10-28 17:06:58.762] [multi_logger] [info] EM iteration: 6 Log likelihood: -1803750.9251676602
[2025-10-28 17:06:58.762] [multi_logger] [info] Nu: 0.19529328421622025 Phi: 0.08205030783186623
[2025-10-28 17:06:59.074] [multi_logger] [info] Best log likelihood: -1803733.6133880303
[2025-10-28 17:06:59.074] [multi_logger] [info] Total runtime: 95666 ms
[2025-10-28 17:06:59.074] [multi_logger] [info] Writing best tree to file...
[2025-10-28 17:06:59.077] [multi_logger] [info] Optimized tree written to fastlaml_colonies_clone3.stepwise_addition_04_tree.newick
[2025-10-28 17:06:59.077] [multi_logger] [info] data_type: observation-matrix, writing posterior probs and argmax probs.
[2025-10-28 17:06:59.335] [multi_logger] [info] Posterior matrix written to fastlaml_colonies_clone3.stepwise_addition_04_posterior_probs.csv
[2025-10-28 17:06:59.342] [multi_logger] [info] Argmax matrix written to fastlaml_colonies_clone3.stepwise_addition_04_posterior_argmax.csv
[2025-10-28 17:06:59.342] [multi_logger] [info] JSON summary written to fastlaml_colonies_clone3.stepwise_addition_04_results.json
[2025-10-28 17:06:59.342] [multi_logger] [info] Tree search and optimization completed. Log likelihood: -1803733.6133880303
