[2025-10-28 17:05:23.331] [multi_logger] [info] Logger initialized
[2025-10-28 17:05:23.334] [multi_logger] [info] Command: /Users/gc3045/git/fast-laml/build/src/fastlaml --matrix /Users/gc3045/git/laml2-experiments/real_data/PEtracer/inputs/colonies_clone3_kde_scores_subset.csv --tree clone3.stepwise_addition_08.nwk --output fastlaml_colonies_clone3.stepwise_addition_08 --mode search --seed 0 --max-iterations 5000 --ultrametric --min-branch-length 0.01 -d observation-matrix -v
[2025-10-28 17:05:23.334] [multi_logger] [info] Loading tree from Newick file...
[2025-10-28 17:05:23.335] [multi_logger] [info] Processing matrix and mutation priors...
[2025-10-28 17:05:23.408] [multi_logger] [info] Found 695 taxa and 48 characters
[2025-10-28 17:05:23.408] [multi_logger] [info] No mutation priors provided. Assuming uniform priors.
[2025-10-28 17:05:23.408] [multi_logger] [info] Generating uniform priors for observation matrix w 8 states...
[2025-10-28 17:05:23.415] [multi_logger] [info] === END OF IO SUMMARY ===
[2025-10-28 17:05:23.415] [multi_logger] [info] Number of characters: 48
[2025-10-28 17:05:23.415] [multi_logger] [info] Max alphabet size: 8
[2025-10-28 17:05:23.415] [multi_logger] [info] Data type: observation-matrix

[2025-10-28 17:05:23.417] [multi_logger] [info] Searching for optimal tree...
[2025-10-28 17:05:23.419] [multi_logger] [info] Num missing entries: 6792 Num not missing entries: 26568
[2025-10-28 17:05:23.484] [multi_logger] [info] EM iteration: 0 Log likelihood: -1831145.4726576568
[2025-10-28 17:05:23.484] [multi_logger] [info] Nu: 0.5439321398735046 Phi: 0.5835601091384888
[2025-10-28 17:05:23.748] [multi_logger] [info] EM iteration: 1 Log likelihood: -1805483.8185985738
[2025-10-28 17:05:23.748] [multi_logger] [info] Nu: 0.009128818836078492 Phi: 0.19588517710175912
[2025-10-28 17:05:23.949] [multi_logger] [info] EM iteration: 2 Log likelihood: -1804872.4678543604
[2025-10-28 17:05:23.949] [multi_logger] [info] Nu: 0.019578519063200555 Phi: 0.18002381404802445
[2025-10-28 17:05:24.140] [multi_logger] [info] EM iteration: 3 Log likelihood: -1804620.4406339934
[2025-10-28 17:05:24.140] [multi_logger] [info] Nu: 0.036551071109771814 Phi: 0.16748914519293284
[2025-10-28 17:05:24.343] [multi_logger] [info] EM iteration: 4 Log likelihood: -1804432.985629436
[2025-10-28 17:05:24.343] [multi_logger] [info] Nu: 0.05741593382194853 Phi: 0.155013883858275
[2025-10-28 17:05:24.562] [multi_logger] [info] EM iteration: 5 Log likelihood: -1804285.5753618174
[2025-10-28 17:05:24.562] [multi_logger] [info] Nu: 0.079803419853086 Phi: 0.14280803593773334
[2025-10-28 17:05:24.734] [multi_logger] [info] EM iteration: 6 Log likelihood: -1804173.3803888625
[2025-10-28 17:05:24.734] [multi_logger] [info] Nu: 0.10176043283698688 Phi: 0.13144897840614378
[2025-10-28 17:05:24.942] [multi_logger] [info] EM iteration: 7 Log likelihood: -1804088.7200991765
[2025-10-28 17:05:24.942] [multi_logger] [info] Nu: 0.12206849449642895 Phi: 0.12124162638543828
[2025-10-28 17:05:25.145] [multi_logger] [info] EM iteration: 8 Log likelihood: -1804024.679763504
[2025-10-28 17:05:25.145] [multi_logger] [info] Nu: 0.140240643007739 Phi: 0.11222613214729718
[2025-10-28 17:05:25.339] [multi_logger] [info] EM iteration: 9 Log likelihood: -1803975.912441954
[2025-10-28 17:05:25.339] [multi_logger] [info] Nu: 0.1562542078587478 Phi: 0.10434628091595376
[2025-10-28 17:05:25.532] [multi_logger] [info] EM iteration: 10 Log likelihood: -1803938.5589513145
[2025-10-28 17:05:25.532] [multi_logger] [info] Nu: 0.17026891681880318 Phi: 0.09748789648448546
[2025-10-28 17:05:25.704] [multi_logger] [info] EM iteration: 11 Log likelihood: -1803909.8311174791
[2025-10-28 17:05:25.704] [multi_logger] [info] Nu: 0.18249900457348206 Phi: 0.09152447083037973
[2025-10-28 17:05:25.881] [multi_logger] [info] EM iteration: 12 Log likelihood: -1803887.6916082138
[2025-10-28 17:05:25.881] [multi_logger] [info] Nu: 0.19317096076921483 Phi: 0.086339510203179
[2025-10-28 17:05:26.201] [multi_logger] [info] Starting simulated annealing with initial log likelihood: -1803870.6033077692
[2025-10-28 17:05:26.763] [multi_logger] [info] Iteration 0: Applied NNI move (1115, 1121), no. accepts: 0, new log likelihood: -1803850.9851449884, current phi: 0.07455014382377705, current nu: 0.21780150135909557
[2025-10-28 17:05:27.303] [multi_logger] [info] Iteration 1: Applied NNI move (1237, 1262), no. accepts: 1, new log likelihood: -1803846.7879245072, current phi: 0.06917395155737625, current nu: 0.229744966003084
[2025-10-28 17:05:27.838] [multi_logger] [info] Iteration 2: Applied NNI move (856, 863), no. accepts: 2, new log likelihood: -1803838.4412129268, current phi: 0.06454342018462927, current nu: 0.2397306108226511
[2025-10-28 17:05:28.400] [multi_logger] [info] Iteration 3: Applied NNI move (119, 117), no. accepts: 3, new log likelihood: -1803829.1693742177, current phi: 0.06064052308476949, current nu: 0.24807399323609838
[2025-10-28 17:05:28.986] [multi_logger] [info] Iteration 4: Applied NNI move (518, 514), no. accepts: 4, new log likelihood: -1803811.5643860204, current phi: 0.057340103726583, current nu: 0.25539700262208337
[2025-10-28 17:05:29.543] [multi_logger] [info] Iteration 5: Applied NNI move (671, 673), no. accepts: 5, new log likelihood: -1803808.7446747269, current phi: 0.05450281371126273, current nu: 0.26153261684768836
[2025-10-28 17:05:30.113] [multi_logger] [info] Iteration 6: Applied NNI move (970, 964), no. accepts: 6, new log likelihood: -1803805.4257081044, current phi: 0.05201566412119236, current nu: 0.266934438832667
[2025-10-28 17:05:30.687] [multi_logger] [info] Iteration 7: Applied NNI move (1243, 1245), no. accepts: 7, new log likelihood: -1803803.4418863659, current phi: 0.049868885104960445, current nu: 0.2716909109921872
[2025-10-28 17:05:31.259] [multi_logger] [info] Iteration 8: Rejected NNI move (945, 942), proposed log likelihood: -1803803.4418863659
[2025-10-28 17:05:31.848] [multi_logger] [info] Iteration 9: Rejected NNI move (1139, 1113), proposed log likelihood: -1803803.4418863659
[2025-10-28 17:05:32.433] [multi_logger] [info] Iteration 10: Rejected NNI move (219, 209), proposed log likelihood: -1803803.4418863659
[2025-10-28 17:05:33.022] [multi_logger] [info] Iteration 11: Applied NNI move (765, 769), no. accepts: 8, new log likelihood: -1803802.7342664078, current phi: 0.047923564452114584, current nu: 0.2759072657056069
[2025-10-28 17:05:33.652] [multi_logger] [info] Iteration 12: Rejected NNI move (911, 910), proposed log likelihood: -1803802.7342664078
[2025-10-28 17:05:34.200] [multi_logger] [info] Iteration 13: Applied NNI move (845, 844), no. accepts: 9, new log likelihood: -1803801.8127236734, current phi: 0.04621886302738934, current nu: 0.27972059680863015
[2025-10-28 17:05:34.748] [multi_logger] [info] Iteration 14: Rejected NNI move (959, 980), proposed log likelihood: -1803801.8127236734
[2025-10-28 17:05:35.319] [multi_logger] [info] Iteration 15: Rejected NNI move (1280, 1278), proposed log likelihood: -1803801.8127236734
[2025-10-28 17:05:35.893] [multi_logger] [info] Iteration 16: Applied NNI move (1297, 1264), no. accepts: 10, new log likelihood: -1803800.5315869288, current phi: 0.044644399509833156, current nu: 0.28314747940401874
[2025-10-28 17:05:36.456] [multi_logger] [info] Iteration 17: Applied NNI move (977, 976), no. accepts: 11, new log likelihood: -1803799.5022050133, current phi: 0.04323112989865559, current nu: 0.28622155019979195
[2025-10-28 17:05:37.035] [multi_logger] [info] Iteration 18: Rejected NNI move (714, 705), proposed log likelihood: -1803799.5022050133
[2025-10-28 17:05:37.679] [multi_logger] [info] Iteration 19: Rejected NNI move (297, 296), proposed log likelihood: -1803799.5022050133
[2025-10-28 17:05:38.242] [multi_logger] [info] Iteration 20: Applied NNI move (1311, 1313), no. accepts: 12, new log likelihood: -1803798.9478785705, current phi: 0.0419835634897638, current nu: 0.2889867954741928
[2025-10-28 17:05:38.795] [multi_logger] [info] Iteration 21: Rejected NNI move (860, 858), proposed log likelihood: -1803798.9478785705
[2025-10-28 17:05:39.372] [multi_logger] [info] Iteration 22: Rejected NNI move (720, 716), proposed log likelihood: -1803798.9478785705
[2025-10-28 17:05:39.952] [multi_logger] [info] Iteration 23: Applied NNI move (1188, 1186), no. accepts: 13, new log likelihood: -1803798.2213008709, current phi: 0.0408513635223191, current nu: 0.2914472465241406
[2025-10-28 17:05:40.592] [multi_logger] [info] Iteration 24: Applied NNI move (419, 418), no. accepts: 14, new log likelihood: -1803797.7478642738, current phi: 0.039836999286351885, current nu: 0.2936560921599515
[2025-10-28 17:05:41.205] [multi_logger] [info] Iteration 25: Applied NNI move (1253, 1251), no. accepts: 15, new log likelihood: -1803796.4580349056, current phi: 0.03888287598257053, current nu: 0.2955138657441527
[2025-10-28 17:05:41.785] [multi_logger] [info] Iteration 26: Rejected NNI move (582, 580), proposed log likelihood: -1803796.4580349056
[2025-10-28 17:05:42.338] [multi_logger] [info] Iteration 27: Applied NNI move (813, 817), no. accepts: 16, new log likelihood: -1803793.7506117006, current phi: 0.03800768661843107, current nu: 0.297274807043661
[2025-10-28 17:05:42.924] [multi_logger] [info] Iteration 28: Applied NNI move (977, 975), no. accepts: 17, new log likelihood: -1803793.6335431421, current phi: 0.03724626728387909, current nu: 0.2989245553356393
[2025-10-28 17:05:43.550] [multi_logger] [info] Iteration 29: Rejected NNI move (1, 866), proposed log likelihood: -1803793.6335431421
[2025-10-28 17:05:44.151] [multi_logger] [info] Iteration 30: Rejected NNI move (1309, 1301), proposed log likelihood: -1803793.6335431421
[2025-10-28 17:05:44.725] [multi_logger] [info] Iteration 31: Applied NNI move (1009, 1001), no. accepts: 18, new log likelihood: -1803792.0125460075, current phi: 0.036552703765762404, current nu: 0.30042551856392297
[2025-10-28 17:05:45.337] [multi_logger] [info] Iteration 32: Rejected NNI move (92, 107), proposed log likelihood: -1803792.0125460075
[2025-10-28 17:05:45.954] [multi_logger] [info] Iteration 33: Rejected NNI move (3, 595), proposed log likelihood: -1803792.0125460075
[2025-10-28 17:05:46.536] [multi_logger] [info] Iteration 34: Applied NNI move (760, 764), no. accepts: 19, new log likelihood: -1803782.0064508116, current phi: 0.035927877665200794, current nu: 0.30193858233020543
[2025-10-28 17:05:47.132] [multi_logger] [info] Iteration 35: Applied NNI move (446, 449), no. accepts: 20, new log likelihood: -1803775.8018860184, current phi: 0.03531239455037719, current nu: 0.303182753554534
[2025-10-28 17:05:47.710] [multi_logger] [info] Iteration 36: Rejected NNI move (30, 28), proposed log likelihood: -1803775.8018860184
[2025-10-28 17:05:48.292] [multi_logger] [info] Iteration 37: Applied NNI move (114, 16), no. accepts: 21, new log likelihood: -1803771.6604290465, current phi: 0.034733124079105504, current nu: 0.30434069542592823
[2025-10-28 17:05:48.892] [multi_logger] [info] Iteration 38: Rejected NNI move (579, 584), proposed log likelihood: -1803771.6604290465
[2025-10-28 17:05:49.469] [multi_logger] [info] Iteration 39: Rejected NNI move (623, 703), proposed log likelihood: -1803771.6604290465
[2025-10-28 17:05:50.076] [multi_logger] [info] Iteration 40: Rejected NNI move (408, 439), proposed log likelihood: -1803771.6604290465
[2025-10-28 17:05:50.683] [multi_logger] [info] Iteration 41: Rejected NNI move (1125, 1138), proposed log likelihood: -1803771.6604290465
[2025-10-28 17:05:51.267] [multi_logger] [info] Iteration 42: Applied NNI move (36, 35), no. accepts: 22, new log likelihood: -1803771.381833841, current phi: 0.03423000983753164, current nu: 0.3054148649574334
[2025-10-28 17:05:51.855] [multi_logger] [info] Iteration 43: Rejected NNI move (365, 364), proposed log likelihood: -1803771.381833841
[2025-10-28 17:05:52.462] [multi_logger] [info] Iteration 44: Rejected NNI move (776, 775), proposed log likelihood: -1803771.381833841
[2025-10-28 17:05:53.060] [multi_logger] [info] Iteration 45: Applied NNI move (617, 619), no. accepts: 23, new log likelihood: -1803771.152041941, current phi: 0.03378259968824851, current nu: 0.3063760990611949
[2025-10-28 17:05:53.667] [multi_logger] [info] Iteration 46: Rejected NNI move (873, 890), proposed log likelihood: -1803771.152041941
[2025-10-28 17:05:54.238] [multi_logger] [info] Iteration 47: Rejected NNI move (810, 819), proposed log likelihood: -1803771.152041941
[2025-10-28 17:05:54.833] [multi_logger] [info] Iteration 48: Applied NNI move (292, 294), no. accepts: 24, new log likelihood: -1803769.9488426605, current phi: 0.0333611735764257, current nu: 0.30715410299314644
[2025-10-28 17:05:55.467] [multi_logger] [info] Iteration 49: Rejected NNI move (891, 869), proposed log likelihood: -1803769.9488426605
[2025-10-28 17:05:56.044] [multi_logger] [info] Iteration 50: Applied NNI move (782, 781), no. accepts: 25, new log likelihood: -1803769.7852983708, current phi: 0.032981890767193676, current nu: 0.30791194892086704
[2025-10-28 17:05:56.631] [multi_logger] [info] Iteration 51: Applied NNI move (432, 435), no. accepts: 26, new log likelihood: -1803769.670266151, current phi: 0.03271374302497371, current nu: 0.30865252363472345
[2025-10-28 17:05:57.226] [multi_logger] [info] Iteration 52: Rejected NNI move (866, 865), proposed log likelihood: -1803769.670266151
[2025-10-28 17:05:57.825] [multi_logger] [info] Iteration 53: Rejected NNI move (1219, 1230), proposed log likelihood: -1803769.670266151
[2025-10-28 17:05:58.411] [multi_logger] [info] Iteration 54: Applied NNI move (1299, 923), no. accepts: 27, new log likelihood: -1803745.591087378, current phi: 0.03244952787576826, current nu: 0.309469343085209
[2025-10-28 17:05:59.024] [multi_logger] [info] Iteration 55: Rejected NNI move (1289, 1292), proposed log likelihood: -1803745.591087378
[2025-10-28 17:05:59.615] [multi_logger] [info] Iteration 56: Rejected NNI move (12, 178), proposed log likelihood: -1803745.591087378
[2025-10-28 17:06:00.194] [multi_logger] [info] Iteration 57: Applied NNI move (1236, 1200), no. accepts: 28, new log likelihood: -1803739.589302944, current phi: 0.03220850376214303, current nu: 0.31011269372559463
[2025-10-28 17:06:00.807] [multi_logger] [info] Iteration 58: Applied NNI move (560, 557), no. accepts: 29, new log likelihood: -1803731.7204249345, current phi: 0.031996439870853946, current nu: 0.3107412176730347
[2025-10-28 17:06:01.463] [multi_logger] [info] Iteration 59: Applied NNI move (504, 503), no. accepts: 30, new log likelihood: -1803717.108415475, current phi: 0.031803926491919134, current nu: 0.3112351859286907
[2025-10-28 17:06:02.161] [multi_logger] [info] Iteration 60: Applied NNI move (359, 355), no. accepts: 31, new log likelihood: -1803703.4514457397, current phi: 0.031624904972239944, current nu: 0.31168059330645814
[2025-10-28 17:06:02.777] [multi_logger] [info] Iteration 61: Applied NNI move (1182, 1178), no. accepts: 32, new log likelihood: -1803701.0921472937, current phi: 0.03146615008712289, current nu: 0.3119866869683801
[2025-10-28 17:06:03.416] [multi_logger] [info] Iteration 62: Rejected NNI move (407, 406), proposed log likelihood: -1803701.0921472937
[2025-10-28 17:06:04.034] [multi_logger] [info] Iteration 63: Rejected NNI move (1217, 1214), proposed log likelihood: -1803701.0921472937
[2025-10-28 17:06:04.615] [multi_logger] [info] Iteration 64: Rejected NNI move (852, 850), proposed log likelihood: -1803701.0921472937
[2025-10-28 17:06:05.218] [multi_logger] [info] Iteration 65: Rejected NNI move (528, 527), proposed log likelihood: -1803701.0921472937
[2025-10-28 17:06:05.808] [multi_logger] [info] Iteration 66: Applied NNI move (1121, 1115), no. accepts: 33, new log likelihood: -1803698.0301785388, current phi: 0.03132615082411706, current nu: 0.3122523581466344
[2025-10-28 17:06:06.389] [multi_logger] [info] Iteration 67: Rejected NNI move (243, 247), proposed log likelihood: -1803698.0301785388
[2025-10-28 17:06:07.079] [multi_logger] [info] Iteration 68: Applied NNI move (946, 940), no. accepts: 34, new log likelihood: -1803698.1895617757, current phi: 0.031186434202402573, current nu: 0.31241328356312525
[2025-10-28 17:06:07.713] [multi_logger] [info] Iteration 69: Rejected NNI move (427, 438), proposed log likelihood: -1803698.1895617757
[2025-10-28 17:06:08.299] [multi_logger] [info] Iteration 70: Applied NNI move (1382, 1384), no. accepts: 35, new log likelihood: -1803696.6918396363, current phi: 0.0311018930994513, current nu: 0.3127399152775394
[2025-10-28 17:06:08.857] [multi_logger] [info] Iteration 71: Rejected NNI move (1219, 1223), proposed log likelihood: -1803696.6918396363
[2025-10-28 17:06:09.442] [multi_logger] [info] Iteration 72: Applied NNI move (1298, 1309), no. accepts: 36, new log likelihood: -1803696.6796521419, current phi: 0.031013544189977996, current nu: 0.31293275020924316
[2025-10-28 17:06:10.070] [multi_logger] [info] Iteration 73: Rejected NNI move (1139, 1124), proposed log likelihood: -1803696.6796521419
[2025-10-28 17:06:10.676] [multi_logger] [info] Iteration 74: Rejected NNI move (1059, 1057), proposed log likelihood: -1803696.6796521419
[2025-10-28 17:06:11.251] [multi_logger] [info] Iteration 75: Rejected NNI move (892, 906), proposed log likelihood: -1803696.6796521419
[2025-10-28 17:06:11.875] [multi_logger] [info] Iteration 76: Rejected NNI move (103, 93), proposed log likelihood: -1803696.6796521419
[2025-10-28 17:06:12.471] [multi_logger] [info] Iteration 77: Rejected NNI move (115, 132), proposed log likelihood: -1803696.6796521419
[2025-10-28 17:06:13.088] [multi_logger] [info] Iteration 78: Rejected NNI move (408, 426), proposed log likelihood: -1803696.6796521419
[2025-10-28 17:06:13.685] [multi_logger] [info] Iteration 79: Rejected NNI move (1011, 1018), proposed log likelihood: -1803696.6796521419
[2025-10-28 17:06:14.317] [multi_logger] [info] Iteration 80: Rejected NNI move (246, 244), proposed log likelihood: -1803696.6796521419
[2025-10-28 17:06:14.960] [multi_logger] [info] Iteration 81: Applied NNI move (1284, 1274), no. accepts: 37, new log likelihood: -1803683.9305695114, current phi: 0.030902570482969186, current nu: 0.3131812354892435
[2025-10-28 17:06:15.571] [multi_logger] [info] Iteration 82: Applied NNI move (716, 719), no. accepts: 38, new log likelihood: -1803683.3348874326, current phi: 0.030754508059689288, current nu: 0.3134483265537346
[2025-10-28 17:06:16.191] [multi_logger] [info] Iteration 83: Applied NNI move (1055, 1052), no. accepts: 39, new log likelihood: -1803676.7370966012, current phi: 0.03061448731631832, current nu: 0.3138112034820883
[2025-10-28 17:06:16.804] [multi_logger] [info] Iteration 84: Rejected NNI move (884, 874), proposed log likelihood: -1803676.7370966012
[2025-10-28 17:06:17.376] [multi_logger] [info] Iteration 85: Applied NNI move (572, 563), no. accepts: 40, new log likelihood: -1803676.6962267524, current phi: 0.030481559469968948, current nu: 0.31410568458339966
[2025-10-28 17:06:17.976] [multi_logger] [info] Iteration 86: Rejected NNI move (1274, 1284), proposed log likelihood: -1803676.6962267524
[2025-10-28 17:06:18.579] [multi_logger] [info] Iteration 87: Applied NNI move (133, 16), no. accepts: 41, new log likelihood: -1803661.6019421318, current phi: 0.03035307024545593, current nu: 0.31455587395485063
[2025-10-28 17:06:19.211] [multi_logger] [info] Iteration 88: Rejected NNI move (2, 600), proposed log likelihood: -1803661.6019421318
[2025-10-28 17:06:19.814] [multi_logger] [info] Iteration 89: Rejected NNI move (317, 316), proposed log likelihood: -1803661.6019421318
[2025-10-28 17:06:20.424] [multi_logger] [info] Iteration 90: Rejected NNI move (749, 752), proposed log likelihood: -1803661.6019421318
[2025-10-28 17:06:21.027] [multi_logger] [info] Iteration 91: Rejected NNI move (537, 590), proposed log likelihood: -1803661.6019421318
[2025-10-28 17:06:21.617] [multi_logger] [info] Iteration 92: Rejected NNI move (1247, 1244), proposed log likelihood: -1803661.6019421318
[2025-10-28 17:06:22.199] [multi_logger] [info] Iteration 93: Applied NNI move (260, 256), no. accepts: 42, new log likelihood: -1803660.1865216778, current phi: 0.03022109908587904, current nu: 0.314833895922866
[2025-10-28 17:06:22.768] [multi_logger] [info] Iteration 94: Rejected NNI move (1289, 1292), proposed log likelihood: -1803660.1865216778
[2025-10-28 17:06:23.369] [multi_logger] [info] Iteration 95: Rejected NNI move (940, 945), proposed log likelihood: -1803660.1865216778
[2025-10-28 17:06:23.957] [multi_logger] [info] Iteration 96: Applied NNI move (1361, 1359), no. accepts: 43, new log likelihood: -1803658.8729929286, current phi: 0.03010034388238214, current nu: 0.31510881091289045
[2025-10-28 17:06:24.568] [multi_logger] [info] Iteration 97: Rejected NNI move (497, 496), proposed log likelihood: -1803658.8729929286
[2025-10-28 17:06:25.163] [multi_logger] [info] Iteration 98: Rejected NNI move (608, 736), proposed log likelihood: -1803658.8729929286
[2025-10-28 17:06:25.772] [multi_logger] [info] Iteration 99: Rejected NNI move (997, 996), proposed log likelihood: -1803658.8729929286
[2025-10-28 17:06:26.359] [multi_logger] [info] Iteration 100: Rejected NNI move (1079, 1083), proposed log likelihood: -1803658.8729929286
[2025-10-28 17:06:26.925] [multi_logger] [info] Iteration 101: Applied NNI move (893, 901), no. accepts: 44, new log likelihood: -1803653.1914917876, current phi: 0.030026907996505904, current nu: 0.3157668577322884
[2025-10-28 17:06:27.534] [multi_logger] [info] Iteration 102: Rejected NNI move (532, 530), proposed log likelihood: -1803653.1914917876
[2025-10-28 17:06:28.110] [multi_logger] [info] Iteration 103: Rejected NNI move (904, 897), proposed log likelihood: -1803653.1914917876
[2025-10-28 17:06:28.712] [multi_logger] [info] Iteration 104: Applied NNI move (1001, 1002), no. accepts: 45, new log likelihood: -1803641.3778750575, current phi: 0.02990479540922505, current nu: 0.3161923230769957
[2025-10-28 17:06:29.319] [multi_logger] [info] Iteration 105: Applied NNI move (975, 977), no. accepts: 46, new log likelihood: -1803640.429070952, current phi: 0.029802337057183836, current nu: 0.3164035513273425
[2025-10-28 17:06:29.913] [multi_logger] [info] Iteration 106: Applied NNI move (1379, 1316), no. accepts: 47, new log likelihood: -1803637.9649130693, current phi: 0.0297293281223322, current nu: 0.31661574313327556
[2025-10-28 17:06:30.557] [multi_logger] [info] Iteration 107: Rejected NNI move (1249, 1258), proposed log likelihood: -1803637.9649130693
[2025-10-28 17:06:31.143] [multi_logger] [info] Iteration 108: Rejected NNI move (238, 237), proposed log likelihood: -1803637.9649130693
[2025-10-28 17:06:31.707] [multi_logger] [info] Iteration 109: Rejected NNI move (856, 861), proposed log likelihood: -1803637.9649130693
[2025-10-28 17:06:32.325] [multi_logger] [info] Iteration 110: Rejected NNI move (772, 767), proposed log likelihood: -1803637.9649130693
[2025-10-28 17:06:32.885] [multi_logger] [info] Iteration 111: Rejected NNI move (1037, 1056), proposed log likelihood: -1803637.9649130693
[2025-10-28 17:06:33.482] [multi_logger] [info] Iteration 112: Rejected NNI move (1379, 1315), proposed log likelihood: -1803637.9649130693
[2025-10-28 17:06:34.034] [multi_logger] [info] Iteration 113: Applied NNI move (93, 102), no. accepts: 48, new log likelihood: -1803637.8322610965, current phi: 0.029662452770072366, current nu: 0.31676815765959065
[2025-10-28 17:06:34.662] [multi_logger] [info] Iteration 114: Applied NNI move (290, 293), no. accepts: 49, new log likelihood: -1803617.9561576042, current phi: 0.029602933300581696, current nu: 0.31718743983826536
[2025-10-28 17:06:35.233] [multi_logger] [info] Iteration 115: Rejected NNI move (219, 216), proposed log likelihood: -1803617.9561576042
[2025-10-28 17:06:35.809] [multi_logger] [info] Iteration 116: Rejected NNI move (579, 584), proposed log likelihood: -1803617.9561576042
[2025-10-28 17:06:36.410] [multi_logger] [info] Iteration 117: Applied NNI move (977, 974), no. accepts: 50, new log likelihood: -1803616.9833728326, current phi: 0.029592964358948707, current nu: 0.317326089071065
[2025-10-28 17:06:36.973] [multi_logger] [info] Iteration 118: Applied NNI move (292, 299), no. accepts: 51, new log likelihood: -1803610.3055367833, current phi: 0.029592368837646887, current nu: 0.31745986551802163
[2025-10-28 17:06:37.532] [multi_logger] [info] Iteration 119: Rejected NNI move (1055, 1047), proposed log likelihood: -1803610.3055367833
[2025-10-28 17:06:38.092] [multi_logger] [info] Iteration 120: Applied NNI move (483, 464), no. accepts: 52, new log likelihood: -1803609.259347522, current phi: 0.029605792683864044, current nu: 0.3174968027312611
[2025-10-28 17:06:38.702] [multi_logger] [info] Iteration 121: Rejected NNI move (622, 727), proposed log likelihood: -1803609.259347522
[2025-10-28 17:06:39.275] [multi_logger] [info] Iteration 122: Applied NNI move (1110, 932), no. accepts: 53, new log likelihood: -1803591.1590438369, current phi: 0.029621002114151196, current nu: 0.317742890203136
[2025-10-28 17:06:39.866] [multi_logger] [info] Iteration 123: Applied NNI move (447, 450), no. accepts: 54, new log likelihood: -1803589.7121698225, current phi: 0.0296344630488236, current nu: 0.31780098804071266
[2025-10-28 17:06:40.430] [multi_logger] [info] Iteration 124: Rejected NNI move (873, 885), proposed log likelihood: -1803589.7121698225
[2025-10-28 17:06:41.034] [multi_logger] [info] Iteration 125: Rejected NNI move (1241, 1240), proposed log likelihood: -1803589.7121698225
[2025-10-28 17:06:41.631] [multi_logger] [info] Iteration 126: Rejected NNI move (900, 902), proposed log likelihood: -1803589.7121698225
[2025-10-28 17:06:42.234] [multi_logger] [info] Iteration 127: Rejected NNI move (1103, 1099), proposed log likelihood: -1803589.7121698225
[2025-10-28 17:06:42.815] [multi_logger] [info] Iteration 128: Applied NNI move (134, 148), no. accepts: 55, new log likelihood: -1803585.8036649926, current phi: 0.029653900398185495, current nu: 0.317863274814395
[2025-10-28 17:06:43.422] [multi_logger] [info] Iteration 129: Rejected NNI move (309, 311), proposed log likelihood: -1803585.8036649926
[2025-10-28 17:06:44.003] [multi_logger] [info] Iteration 130: Rejected NNI move (16, 133), proposed log likelihood: -1803585.8036649926
[2025-10-28 17:06:44.599] [multi_logger] [info] Iteration 131: Rejected NNI move (319, 332), proposed log likelihood: -1803585.8036649926
[2025-10-28 17:06:45.186] [multi_logger] [info] Iteration 132: Rejected NNI move (378, 386), proposed log likelihood: -1803585.8036649926
[2025-10-28 17:06:45.757] [multi_logger] [info] Iteration 133: Rejected NNI move (457, 452), proposed log likelihood: -1803585.8036649926
[2025-10-28 17:06:46.337] [multi_logger] [info] Iteration 134: Applied NNI move (435, 432), no. accepts: 56, new log likelihood: -1803585.565116886, current phi: 0.0296209289824001, current nu: 0.31773758759520765
[2025-10-28 17:06:46.934] [multi_logger] [info] Iteration 135: Rejected NNI move (524, 523), proposed log likelihood: -1803585.565116886
[2025-10-28 17:06:47.535] [multi_logger] [info] Iteration 136: Applied NNI move (679, 685), no. accepts: 57, new log likelihood: -1803581.5547181612, current phi: 0.029596593996705917, current nu: 0.31784197136181247
[2025-10-28 17:06:48.124] [multi_logger] [info] Iteration 137: Rejected NNI move (764, 777), proposed log likelihood: -1803581.5547181612
[2025-10-28 17:06:48.733] [multi_logger] [info] Iteration 138: Applied NNI move (755, 757), no. accepts: 58, new log likelihood: -1803573.2134593031, current phi: 0.029578784076548348, current nu: 0.31801596294566636
[2025-10-28 17:06:49.316] [multi_logger] [info] Iteration 139: Applied NNI move (744, 603), no. accepts: 59, new log likelihood: -1803566.1939960849, current phi: 0.029585885506942675, current nu: 0.318033426997842
[2025-10-28 17:06:49.881] [multi_logger] [info] Iteration 140: Applied NNI move (440, 397), no. accepts: 60, new log likelihood: -1803548.5468621603, current phi: 0.029580038063410297, current nu: 0.3179892322904112
[2025-10-28 17:06:50.453] [multi_logger] [info] Iteration 141: Applied NNI move (1037, 1059), no. accepts: 61, new log likelihood: -1803534.975505291, current phi: 0.029581227559920386, current nu: 0.3181638321515453
[2025-10-28 17:06:51.042] [multi_logger] [info] Iteration 142: Rejected NNI move (219, 216), proposed log likelihood: -1803534.975505291
[2025-10-28 17:06:51.623] [multi_logger] [info] Iteration 143: Applied NNI move (1111, 931), no. accepts: 62, new log likelihood: -1803528.4214173937, current phi: 0.02956476638359922, current nu: 0.31834835028191294
[2025-10-28 17:06:52.231] [multi_logger] [info] Iteration 144: Rejected NNI move (388, 385), proposed log likelihood: -1803528.4214173937
[2025-10-28 17:06:52.785] [multi_logger] [info] Iteration 145: Rejected NNI move (1217, 1214), proposed log likelihood: -1803528.4214173937
[2025-10-28 17:06:53.376] [multi_logger] [info] Iteration 146: Rejected NNI move (432, 435), proposed log likelihood: -1803528.4214173937
[2025-10-28 17:06:53.957] [multi_logger] [info] Iteration 147: Rejected NNI move (10, 250), proposed log likelihood: -1803528.4214173937
[2025-10-28 17:06:54.520] [multi_logger] [info] Iteration 148: Rejected NNI move (935, 939), proposed log likelihood: -1803528.4214173937
[2025-10-28 17:06:55.082] [multi_logger] [info] Iteration 149: Rejected NNI move (1086, 1084), proposed log likelihood: -1803528.4214173937
[2025-10-28 17:06:55.641] [multi_logger] [info] Iteration 150: Rejected NNI move (1219, 1223), proposed log likelihood: -1803528.4214173937
[2025-10-28 17:06:56.218] [multi_logger] [info] Iteration 151: Rejected NNI move (749, 752), proposed log likelihood: -1803528.4214173937
[2025-10-28 17:06:56.818] [multi_logger] [info] Iteration 152: Rejected NNI move (378, 387), proposed log likelihood: -1803528.4214173937
[2025-10-28 17:06:57.415] [multi_logger] [info] Iteration 153: Applied NNI move (1157, 1159), no. accepts: 63, new log likelihood: -1803524.4421807344, current phi: 0.02956484572071153, current nu: 0.3186604239828405
[2025-10-28 17:06:57.997] [multi_logger] [info] Iteration 154: Applied NNI move (303, 300), no. accepts: 64, new log likelihood: -1803524.286269111, current phi: 0.029566911560249404, current nu: 0.31863930035439003
[2025-10-28 17:06:58.567] [multi_logger] [info] Iteration 155: Applied NNI move (221, 224), no. accepts: 65, new log likelihood: -1803518.5588306058, current phi: 0.02968364279571146, current nu: 0.31863682920690667
[2025-10-28 17:06:59.162] [multi_logger] [info] Iteration 156: Rejected NNI move (801, 824), proposed log likelihood: -1803518.5588306058
[2025-10-28 17:06:59.779] [multi_logger] [info] Iteration 157: Applied NNI move (1380, 918), no. accepts: 66, new log likelihood: -1803496.1401543268, current phi: 0.029789680896983025, current nu: 0.31869378730966486
[2025-10-28 17:07:00.378] [multi_logger] [info] Iteration 158: Rejected NNI move (554, 552), proposed log likelihood: -1803496.1401543268
[2025-10-28 17:07:00.996] [multi_logger] [info] Iteration 159: Rejected NNI move (971, 961), proposed log likelihood: -1803496.1401543268
[2025-10-28 17:07:01.608] [multi_logger] [info] Iteration 160: Rejected NNI move (313, 310), proposed log likelihood: -1803496.1401543268
[2025-10-28 17:07:02.229] [multi_logger] [info] Iteration 161: Rejected NNI move (330, 329), proposed log likelihood: -1803496.1401543268
[2025-10-28 17:07:02.819] [multi_logger] [info] Iteration 162: Applied NNI move (172, 175), no. accepts: 67, new log likelihood: -1803495.9638264934, current phi: 0.029878525639754433, current nu: 0.31841701489980223
[2025-10-28 17:07:03.386] [multi_logger] [info] Iteration 163: Applied NNI move (360, 355), no. accepts: 68, new log likelihood: -1803469.1618749937, current phi: 0.02997822527658036, current nu: 0.3186983175842556
[2025-10-28 17:07:03.989] [multi_logger] [info] Iteration 164: Rejected NNI move (916, 1383), proposed log likelihood: -1803469.1618749937
[2025-10-28 17:07:04.553] [multi_logger] [info] Iteration 165: Applied NNI move (41, 21), no. accepts: 69, new log likelihood: -1803451.5085224384, current phi: 0.03003521203652302, current nu: 0.31863452037478984
[2025-10-28 17:07:05.144] [multi_logger] [info] Iteration 166: Applied NNI move (52, 55), no. accepts: 70, new log likelihood: -1803434.0621344415, current phi: 0.029993959104115075, current nu: 0.31838837661935315
[2025-10-28 17:07:05.725] [multi_logger] [info] Iteration 167: Rejected NNI move (1168, 1167), proposed log likelihood: -1803434.0621344415
[2025-10-28 17:07:06.323] [multi_logger] [info] Iteration 168: Applied NNI move (1380, 1348), no. accepts: 71, new log likelihood: -1803431.2128871824, current phi: 0.029919730257719136, current nu: 0.3183734386382173
[2025-10-28 17:07:06.888] [multi_logger] [info] Iteration 169: Rejected NNI move (1147, 1146), proposed log likelihood: -1803431.2128871824
[2025-10-28 17:07:07.483] [multi_logger] [info] Iteration 170: Applied NNI move (763, 769), no. accepts: 72, new log likelihood: -1803430.6037190347, current phi: 0.029857928994223758, current nu: 0.3185430706186874
[2025-10-28 17:07:08.072] [multi_logger] [info] Iteration 171: Applied NNI move (1201, 1218), no. accepts: 73, new log likelihood: -1803425.3169801268, current phi: 0.02980249141640439, current nu: 0.31877035581728974
[2025-10-28 17:07:08.680] [multi_logger] [info] Iteration 172: Rejected NNI move (431, 430), proposed log likelihood: -1803425.3169801268
[2025-10-28 17:07:09.300] [multi_logger] [info] Iteration 173: Rejected NNI move (267, 286), proposed log likelihood: -1803425.3169801268
[2025-10-28 17:07:09.918] [multi_logger] [info] Iteration 174: Applied NNI move (60, 53), no. accepts: 74, new log likelihood: -1803425.144973096, current phi: 0.029750958182745528, current nu: 0.31889024865647253
[2025-10-28 17:07:10.534] [multi_logger] [info] Iteration 175: Applied NNI move (1105, 1104), no. accepts: 75, new log likelihood: -1803425.0714796153, current phi: 0.0297038789125654, current nu: 0.31899426444115236
[2025-10-28 17:07:11.116] [multi_logger] [info] Iteration 176: Rejected NNI move (1356, 1364), proposed log likelihood: -1803425.0714796153
[2025-10-28 17:07:11.699] [multi_logger] [info] Iteration 177: Rejected NNI move (1035, 957), proposed log likelihood: -1803425.0714796153
[2025-10-28 17:07:12.294] [multi_logger] [info] Iteration 178: Rejected NNI move (1217, 1213), proposed log likelihood: -1803425.0714796153
[2025-10-28 17:07:12.890] [multi_logger] [info] Iteration 179: Rejected NNI move (777, 761), proposed log likelihood: -1803425.0714796153
[2025-10-28 17:07:13.472] [multi_logger] [info] Iteration 180: Applied NNI move (1339, 1342), no. accepts: 76, new log likelihood: -1803423.2134215748, current phi: 0.029524941961061223, current nu: 0.3186507718417568
[2025-10-28 17:07:14.089] [multi_logger] [info] Iteration 181: Rejected NNI move (941, 943), proposed log likelihood: -1803423.2134215748
[2025-10-28 17:07:14.669] [multi_logger] [info] Iteration 182: Applied NNI move (702, 624), no. accepts: 77, new log likelihood: -1803423.01260179, current phi: 0.029390180840484614, current nu: 0.3188813275086419
[2025-10-28 17:07:15.275] [multi_logger] [info] Iteration 183: Rejected NNI move (317, 315), proposed log likelihood: -1803423.01260179
[2025-10-28 17:07:15.859] [multi_logger] [info] Iteration 184: Applied NNI move (118, 120), no. accepts: 78, new log likelihood: -1803420.7058091536, current phi: 0.029272768151392663, current nu: 0.319186449494382
[2025-10-28 17:07:16.418] [multi_logger] [info] Iteration 185: Rejected NNI move (1222, 1221), proposed log likelihood: -1803420.7058091536
[2025-10-28 17:07:17.031] [multi_logger] [info] Iteration 186: Rejected NNI move (758, 783), proposed log likelihood: -1803420.7058091536
[2025-10-28 17:07:17.565] [multi_logger] [info] Iteration 187: Rejected NNI move (720, 717), proposed log likelihood: -1803420.7058091536
[2025-10-28 17:07:18.161] [multi_logger] [info] Iteration 188: Rejected NNI move (307, 319), proposed log likelihood: -1803420.7058091536
[2025-10-28 17:07:18.733] [multi_logger] [info] Iteration 189: Applied NNI move (1373, 1365), no. accepts: 79, new log likelihood: -1803411.1611446724, current phi: 0.029134596271298552, current nu: 0.31947055349437264
[2025-10-28 17:07:19.300] [multi_logger] [info] Iteration 190: Rejected NNI move (1059, 1037), proposed log likelihood: -1803411.1611446724
[2025-10-28 17:07:19.881] [multi_logger] [info] Iteration 191: Applied NNI move (241, 232), no. accepts: 80, new log likelihood: -1803406.5663599782, current phi: 0.02898370041858367, current nu: 0.3197578844225774
[2025-10-28 17:07:20.435] [multi_logger] [info] Iteration 192: Applied NNI move (655, 649), no. accepts: 81, new log likelihood: -1803403.395900273, current phi: 0.028840364685624318, current nu: 0.32003648456214345
[2025-10-28 17:07:21.003] [multi_logger] [info] Iteration 193: Rejected NNI move (457, 452), proposed log likelihood: -1803403.395900273
[2025-10-28 17:07:21.616] [multi_logger] [info] Iteration 194: Rejected NNI move (348, 342), proposed log likelihood: -1803403.395900273
[2025-10-28 17:07:22.224] [multi_logger] [info] Iteration 195: Rejected NNI move (1017, 1015), proposed log likelihood: -1803403.395900273
[2025-10-28 17:07:22.804] [multi_logger] [info] Iteration 196: Applied NNI move (745, 601), no. accepts: 82, new log likelihood: -1803402.5776618076, current phi: 0.028704604258191328, current nu: 0.3202621991407275
[2025-10-28 17:07:23.415] [multi_logger] [info] Iteration 197: Rejected NNI move (656, 648), proposed log likelihood: -1803402.5776618076
[2025-10-28 17:07:23.992] [multi_logger] [info] Iteration 198: Rejected NNI move (117, 120), proposed log likelihood: -1803402.5776618076
[2025-10-28 17:07:24.590] [multi_logger] [info] Iteration 199: Applied NNI move (424, 418), no. accepts: 83, new log likelihood: -1803402.5665501752, current phi: 0.02858207717047509, current nu: 0.3204986022152596
[2025-10-28 17:07:25.173] [multi_logger] [info] Iteration 200: Applied NNI move (1189, 1184), no. accepts: 84, new log likelihood: -1803401.7751926216, current phi: 0.028469486860456784, current nu: 0.32076987452021993
[2025-10-28 17:07:25.758] [multi_logger] [info] Iteration 201: Rejected NNI move (318, 308), proposed log likelihood: -1803401.7751926216
[2025-10-28 17:07:26.364] [multi_logger] [info] Iteration 202: Rejected NNI move (908, 913), proposed log likelihood: -1803401.7751926216
[2025-10-28 17:07:26.947] [multi_logger] [info] Iteration 203: Rejected NNI move (860, 857), proposed log likelihood: -1803401.7751926216
[2025-10-28 17:07:27.540] [multi_logger] [info] Iteration 204: Rejected NNI move (228, 225), proposed log likelihood: -1803401.7751926216
[2025-10-28 17:07:28.122] [multi_logger] [info] Iteration 205: Rejected NNI move (941, 943), proposed log likelihood: -1803401.7751926216
[2025-10-28 17:07:28.716] [multi_logger] [info] Iteration 206: Applied NNI move (321, 323), no. accepts: 85, new log likelihood: -1803396.5279350881, current phi: 0.02836656302272912, current nu: 0.3211426275087955
[2025-10-28 17:07:29.295] [multi_logger] [info] Iteration 207: Applied NNI move (651, 653), no. accepts: 86, new log likelihood: -1803396.5145767587, current phi: 0.028304604529283618, current nu: 0.3213074157015417
[2025-10-28 17:07:29.840] [multi_logger] [info] Iteration 208: Applied NNI move (657, 663), no. accepts: 87, new log likelihood: -1803391.001702894, current phi: 0.028252603465962315, current nu: 0.3215057222176558
[2025-10-28 17:07:30.411] [multi_logger] [info] Iteration 209: Rejected NNI move (629, 634), proposed log likelihood: -1803391.001702894
[2025-10-28 17:07:31.010] [multi_logger] [info] Iteration 210: Applied NNI move (483, 391), no. accepts: 88, new log likelihood: -1803390.8934988857, current phi: 0.028201535305480543, current nu: 0.321625456249304
[2025-10-28 17:07:31.610] [multi_logger] [info] Iteration 211: Applied NNI move (119, 122), no. accepts: 89, new log likelihood: -1803388.3822772657, current phi: 0.028152157397567174, current nu: 0.32174616853552696
[2025-10-28 17:07:32.223] [multi_logger] [info] Iteration 212: Rejected NNI move (769, 763), proposed log likelihood: -1803388.3822772657
[2025-10-28 17:07:32.785] [multi_logger] [info] Iteration 213: Applied NNI move (498, 501), no. accepts: 90, new log likelihood: -1803388.1168543864, current phi: 0.02810452818432258, current nu: 0.32185481957026224
[2025-10-28 17:07:33.373] [multi_logger] [info] Iteration 214: Rejected NNI move (525, 532), proposed log likelihood: -1803388.1168543864
[2025-10-28 17:07:33.967] [multi_logger] [info] Iteration 215: Rejected NNI move (1064, 1062), proposed log likelihood: -1803388.1168543864
[2025-10-28 17:07:34.538] [multi_logger] [info] Iteration 216: Rejected NNI move (1059, 1056), proposed log likelihood: -1803388.1168543864
[2025-10-28 17:07:35.101] [multi_logger] [info] Iteration 217: Rejected NNI move (792, 794), proposed log likelihood: -1803388.1168543864
[2025-10-28 17:07:35.646] [multi_logger] [info] Iteration 218: Applied NNI move (852, 851), no. accepts: 91, new log likelihood: -1803387.5422196733, current phi: 0.028099694581736837, current nu: 0.3219485596475284
[2025-10-28 17:07:36.241] [multi_logger] [info] Iteration 219: Rejected NNI move (19, 43), proposed log likelihood: -1803387.5422196733
[2025-10-28 17:07:36.809] [multi_logger] [info] Iteration 220: Rejected NNI move (938, 937), proposed log likelihood: -1803387.5422196733
[2025-10-28 17:07:37.416] [multi_logger] [info] Iteration 221: Applied NNI move (1060, 956), no. accepts: 92, new log likelihood: -1803375.9971504328, current phi: 0.028059463932608546, current nu: 0.3222871934212099
[2025-10-28 17:07:38.024] [multi_logger] [info] Iteration 222: Rejected NNI move (706, 712), proposed log likelihood: -1803375.9971504328
[2025-10-28 17:07:38.600] [multi_logger] [info] Iteration 223: Rejected NNI move (956, 1060), proposed log likelihood: -1803375.9971504328
[2025-10-28 17:07:39.179] [multi_logger] [info] Iteration 224: Rejected NNI move (219, 209), proposed log likelihood: -1803375.9971504328
[2025-10-28 17:07:39.771] [multi_logger] [info] Iteration 225: Rejected NNI move (834, 837), proposed log likelihood: -1803375.9971504328
[2025-10-28 17:07:40.361] [multi_logger] [info] Iteration 226: Rejected NNI move (661, 659), proposed log likelihood: -1803375.9971504328
[2025-10-28 17:07:40.941] [multi_logger] [info] Iteration 227: Applied NNI move (950, 952), no. accepts: 93, new log likelihood: -1803373.2750866478, current phi: 0.028082015252539484, current nu: 0.32250158610676705
[2025-10-28 17:07:41.508] [multi_logger] [info] Iteration 228: Rejected NNI move (307, 319), proposed log likelihood: -1803373.2750866478
[2025-10-28 17:07:42.080] [multi_logger] [info] Iteration 229: Applied NNI move (18, 63), no. accepts: 94, new log likelihood: -1803372.6330809123, current phi: 0.02808438845079025, current nu: 0.3225121805625143
[2025-10-28 17:07:42.699] [multi_logger] [info] Iteration 230: Rejected NNI move (1238, 1242), proposed log likelihood: -1803372.6330809123
[2025-10-28 17:07:43.280] [multi_logger] [info] Iteration 231: Rejected NNI move (1200, 1236), proposed log likelihood: -1803372.6330809123
[2025-10-28 17:07:43.868] [multi_logger] [info] Iteration 232: Rejected NNI move (777, 761), proposed log likelihood: -1803372.6330809123
[2025-10-28 17:07:44.429] [multi_logger] [info] Iteration 233: Rejected NNI move (926, 1198), proposed log likelihood: -1803372.6330809123
[2025-10-28 17:07:45.027] [multi_logger] [info] Iteration 234: Rejected NNI move (1318, 1347), proposed log likelihood: -1803372.6330809123
[2025-10-28 17:07:45.623] [multi_logger] [info] Iteration 235: Applied NNI move (1003, 1008), no. accepts: 95, new log likelihood: -1803366.4641299625, current phi: 0.028137118078186064, current nu: 0.32269153390963295
[2025-10-28 17:07:46.204] [multi_logger] [info] Iteration 236: Rejected NNI move (680, 682), proposed log likelihood: -1803366.4641299625
[2025-10-28 17:07:46.779] [multi_logger] [info] Iteration 237: Rejected NNI move (229, 246), proposed log likelihood: -1803366.4641299625
[2025-10-28 17:07:47.340] [multi_logger] [info] Iteration 238: Applied NNI move (487, 492), no. accepts: 96, new log likelihood: -1803348.9581220108, current phi: 0.028182524060407034, current nu: 0.3234017641566543
[2025-10-28 17:07:47.935] [multi_logger] [info] Iteration 239: Applied NNI move (785, 757), no. accepts: 97, new log likelihood: -1803346.9819827576, current phi: 0.028213457917151293, current nu: 0.3233354005407255
[2025-10-28 17:07:48.497] [multi_logger] [info] Iteration 240: Applied NNI move (509, 514), no. accepts: 98, new log likelihood: -1803343.2796619516, current phi: 0.028241327393058187, current nu: 0.32325230809907163
[2025-10-28 17:07:49.043] [multi_logger] [info] Iteration 241: Rejected NNI move (733, 732), proposed log likelihood: -1803343.2796619516
[2025-10-28 17:07:49.627] [multi_logger] [info] Iteration 242: Rejected NNI move (440, 396), proposed log likelihood: -1803343.2796619516
[2025-10-28 17:07:50.237] [multi_logger] [info] Iteration 243: Rejected NNI move (1345, 1319), proposed log likelihood: -1803343.2796619516
[2025-10-28 17:07:50.841] [multi_logger] [info] Iteration 244: Rejected NNI move (1249, 1258), proposed log likelihood: -1803343.2796619516
[2025-10-28 17:07:51.446] [multi_logger] [info] Iteration 245: Rejected NNI move (832, 847), proposed log likelihood: -1803343.2796619516
[2025-10-28 17:07:52.029] [multi_logger] [info] Iteration 246: Rejected NNI move (691, 689), proposed log likelihood: -1803343.2796619516
[2025-10-28 17:07:52.604] [multi_logger] [info] Iteration 247: Rejected NNI move (308, 314), proposed log likelihood: -1803343.2796619516
[2025-10-28 17:07:53.174] [multi_logger] [info] Iteration 248: Applied NNI move (199, 183), no. accepts: 99, new log likelihood: -1803342.1070740009, current phi: 0.028262769432445715, current nu: 0.3232742656160796
[2025-10-28 17:07:53.773] [multi_logger] [info] Iteration 249: Applied NNI move (589, 591), no. accepts: 100, new log likelihood: -1803339.0177003648, current phi: 0.028279360406146377, current nu: 0.32321674890752167
[2025-10-28 17:07:54.363] [multi_logger] [info] Iteration 250: Rejected NNI move (285, 281), proposed log likelihood: -1803339.0177003648
[2025-10-28 17:07:54.944] [multi_logger] [info] Iteration 251: Applied NNI move (135, 146), no. accepts: 101, new log likelihood: -1803338.620163161, current phi: 0.028285172370850067, current nu: 0.32318974095226943
[2025-10-28 17:07:55.541] [multi_logger] [info] Iteration 252: Rejected NNI move (727, 723), proposed log likelihood: -1803338.620163161
[2025-10-28 17:07:56.134] [multi_logger] [info] Iteration 253: Rejected NNI move (1174, 1186), proposed log likelihood: -1803338.620163161
[2025-10-28 17:07:56.725] [multi_logger] [info] Iteration 254: Rejected NNI move (974, 975), proposed log likelihood: -1803338.620163161
[2025-10-28 17:07:57.298] [multi_logger] [info] Iteration 255: Rejected NNI move (897, 896), proposed log likelihood: -1803338.620163161
[2025-10-28 17:07:57.883] [multi_logger] [info] Iteration 256: Rejected NNI move (491, 488), proposed log likelihood: -1803338.620163161
[2025-10-28 17:07:58.483] [multi_logger] [info] Iteration 257: Rejected NNI move (229, 246), proposed log likelihood: -1803338.620163161
[2025-10-28 17:07:59.051] [multi_logger] [info] Iteration 258: Rejected NNI move (11, 181), proposed log likelihood: -1803338.620163161
[2025-10-28 17:07:59.670] [multi_logger] [info] Iteration 259: Rejected NNI move (1158, 1163), proposed log likelihood: -1803338.620163161
[2025-10-28 17:08:00.245] [multi_logger] [info] Iteration 260: Applied NNI move (230, 238), no. accepts: 102, new log likelihood: -1803333.512847042, current phi: 0.028281320055472067, current nu: 0.32307249507036706
[2025-10-28 17:08:00.785] [multi_logger] [info] Iteration 261: Rejected NNI move (233, 241), proposed log likelihood: -1803333.512847042
[2025-10-28 17:08:01.377] [multi_logger] [info] Iteration 262: Rejected NNI move (317, 316), proposed log likelihood: -1803333.512847042
[2025-10-28 17:08:01.953] [multi_logger] [info] Iteration 263: Rejected NNI move (959, 980), proposed log likelihood: -1803333.512847042
[2025-10-28 17:08:02.544] [multi_logger] [info] Iteration 264: Applied NNI move (863, 856), no. accepts: 103, new log likelihood: -1803330.8677867306, current phi: 0.028278948849287663, current nu: 0.32299403539509364
[2025-10-28 17:08:03.128] [multi_logger] [info] Iteration 265: Applied NNI move (1329, 1322), no. accepts: 104, new log likelihood: -1803329.2201386858, current phi: 0.028284255629930227, current nu: 0.322991257141686
[2025-10-28 17:08:03.732] [multi_logger] [info] Iteration 266: Rejected NNI move (15, 147), proposed log likelihood: -1803329.2201386858
[2025-10-28 17:08:04.318] [multi_logger] [info] Iteration 267: Applied NNI move (17, 67), no. accepts: 105, new log likelihood: -1803317.9839360837, current phi: 0.028294713441199642, current nu: 0.3231478933331021
[2025-10-28 17:08:04.911] [multi_logger] [info] Iteration 268: Applied NNI move (808, 807), no. accepts: 106, new log likelihood: -1803316.7057460118, current phi: 0.02830565085374065, current nu: 0.32313395404887346
[2025-10-28 17:08:05.477] [multi_logger] [info] Iteration 269: Applied NNI move (711, 710), no. accepts: 107, new log likelihood: -1803313.394679856, current phi: 0.028317628798906105, current nu: 0.32316504171278965
[2025-10-28 17:08:06.063] [multi_logger] [info] Iteration 270: Applied NNI move (922, 1264), no. accepts: 108, new log likelihood: -1803313.4493905515, current phi: 0.02832909323384095, current nu: 0.3231494691388207
[2025-10-28 17:08:06.636] [multi_logger] [info] Iteration 271: Rejected NNI move (680, 683), proposed log likelihood: -1803313.4493905515
[2025-10-28 17:08:07.220] [multi_logger] [info] Iteration 272: Rejected NNI move (139, 136), proposed log likelihood: -1803313.4493905515
[2025-10-28 17:08:07.836] [multi_logger] [info] Iteration 273: Rejected NNI move (1275, 1280), proposed log likelihood: -1803313.4493905515
[2025-10-28 17:08:08.415] [multi_logger] [info] Iteration 274: Rejected NNI move (1082, 1081), proposed log likelihood: -1803313.4493905515
[2025-10-28 17:08:08.976] [multi_logger] [info] Iteration 275: Rejected NNI move (1211, 1202), proposed log likelihood: -1803313.4493905515
[2025-10-28 17:08:09.571] [multi_logger] [info] Iteration 276: Rejected NNI move (1200, 1231), proposed log likelihood: -1803313.4493905515
[2025-10-28 17:08:10.150] [multi_logger] [info] Iteration 277: Rejected NNI move (309, 311), proposed log likelihood: -1803313.4493905515
[2025-10-28 17:08:10.713] [multi_logger] [info] Iteration 278: Applied NNI move (1348, 1317), no. accepts: 109, new log likelihood: -1803312.8676618994, current phi: 0.028338048806723613, current nu: 0.3231502759945694
[2025-10-28 17:08:11.296] [multi_logger] [info] Iteration 279: Rejected NNI move (163, 162), proposed log likelihood: -1803312.8676618994
[2025-10-28 17:08:11.896] [multi_logger] [info] Iteration 280: Applied NNI move (237, 235), no. accepts: 110, new log likelihood: -1803312.4354129666, current phi: 0.028364792072606674, current nu: 0.32320133270247275
[2025-10-28 17:08:12.493] [multi_logger] [info] Iteration 281: Applied NNI move (571, 568), no. accepts: 111, new log likelihood: -1803308.809367392, current phi: 0.028382973532957167, current nu: 0.3232608377050705
[2025-10-28 17:08:13.063] [multi_logger] [info] Iteration 282: Applied NNI move (1178, 1181), no. accepts: 112, new log likelihood: -1803295.0058992775, current phi: 0.02836141893302931, current nu: 0.3231973714133518
[2025-10-28 17:08:13.659] [multi_logger] [info] Iteration 283: Applied NNI move (864, 798), no. accepts: 113, new log likelihood: -1803292.4238244323, current phi: 0.028362418016473896, current nu: 0.32311265757127855
[2025-10-28 17:08:14.271] [multi_logger] [info] Iteration 284: Rejected NNI move (72, 89), proposed log likelihood: -1803292.4238244323
[2025-10-28 17:08:14.853] [multi_logger] [info] Iteration 285: Applied NNI move (149, 151), no. accepts: 114, new log likelihood: -1803286.4159620393, current phi: 0.028350995086781513, current nu: 0.32303386284901037
[2025-10-28 17:08:15.447] [multi_logger] [info] Iteration 286: Rejected NNI move (820, 804), proposed log likelihood: -1803286.4159620393
[2025-10-28 17:08:16.048] [multi_logger] [info] Iteration 287: Applied NNI move (1231, 1260), no. accepts: 115, new log likelihood: -1803280.3229901472, current phi: 0.02831355722597547, current nu: 0.3228059831705284
[2025-10-28 17:08:16.613] [multi_logger] [info] Iteration 288: Rejected NNI move (614, 613), proposed log likelihood: -1803280.3229901472
[2025-10-28 17:08:17.217] [multi_logger] [info] Iteration 289: Applied NNI move (800, 831), no. accepts: 116, new log likelihood: -1803278.9879146398, current phi: 0.028292888005450573, current nu: 0.3226850282768893
[2025-10-28 17:08:17.785] [multi_logger] [info] Iteration 290: Applied NNI move (150, 153), no. accepts: 117, new log likelihood: -1803278.2782950886, current phi: 0.02833126578612089, current nu: 0.3226409158277913
[2025-10-28 17:08:18.364] [multi_logger] [info] Iteration 291: Rejected NNI move (216, 210), proposed log likelihood: -1803278.2782950886
[2025-10-28 17:08:18.945] [multi_logger] [info] Iteration 292: Rejected NNI move (403, 401), proposed log likelihood: -1803278.2782950886
[2025-10-28 17:08:19.534] [multi_logger] [info] Iteration 293: Rejected NNI move (1168, 1154), proposed log likelihood: -1803278.2782950886
[2025-10-28 17:08:20.129] [multi_logger] [info] Iteration 294: Rejected NNI move (719, 716), proposed log likelihood: -1803278.2782950886
[2025-10-28 17:08:20.742] [multi_logger] [info] Iteration 295: Rejected NNI move (726, 725), proposed log likelihood: -1803278.2782950886
[2025-10-28 17:08:21.331] [multi_logger] [info] Iteration 296: Applied NNI move (1319, 1334), no. accepts: 118, new log likelihood: -1803278.1666006222, current phi: 0.02834676772610963, current nu: 0.3225921431025608
[2025-10-28 17:08:21.903] [multi_logger] [info] Iteration 297: Rejected NNI move (514, 513), proposed log likelihood: -1803278.1666006222
[2025-10-28 17:08:22.469] [multi_logger] [info] Iteration 298: Rejected NNI move (1266, 1285), proposed log likelihood: -1803278.1666006222
[2025-10-28 17:08:23.044] [multi_logger] [info] Iteration 299: Rejected NNI move (163, 157), proposed log likelihood: -1803278.1666006222
[2025-10-28 17:08:23.620] [multi_logger] [info] Iteration 300: Rejected NNI move (77, 79), proposed log likelihood: -1803278.1666006222
[2025-10-28 17:08:24.203] [multi_logger] [info] Iteration 301: Rejected NNI move (997, 996), proposed log likelihood: -1803278.1666006222
[2025-10-28 17:08:24.792] [multi_logger] [info] Iteration 302: Applied NNI move (1199, 1210), no. accepts: 119, new log likelihood: -1803278.0072197567, current phi: 0.028362772104351668, current nu: 0.32255727695753567
[2025-10-28 17:08:25.358] [multi_logger] [info] Iteration 303: Applied NNI move (1172, 1169), no. accepts: 120, new log likelihood: -1803277.7715201194, current phi: 0.028379957398114636, current nu: 0.32251155315105773
[2025-10-28 17:08:25.938] [multi_logger] [info] Iteration 304: Rejected NNI move (636, 643), proposed log likelihood: -1803277.7715201194
[2025-10-28 17:08:26.513] [multi_logger] [info] Iteration 305: Applied NNI move (521, 528), no. accepts: 121, new log likelihood: -1803269.6034037306, current phi: 0.028390743063475332, current nu: 0.3224328007824807
[2025-10-28 17:08:27.135] [multi_logger] [info] Iteration 306: Rejected NNI move (1321, 1330), proposed log likelihood: -1803269.6034037306
[2025-10-28 17:08:27.726] [multi_logger] [info] Iteration 307: Rejected NNI move (636, 642), proposed log likelihood: -1803269.6034037306
[2025-10-28 17:08:28.314] [multi_logger] [info] Iteration 308: Rejected NNI move (711, 709), proposed log likelihood: -1803269.6034037306
[2025-10-28 17:08:28.919] [multi_logger] [info] Iteration 309: Rejected NNI move (1345, 1332), proposed log likelihood: -1803269.6034037306
[2025-10-28 17:08:29.502] [multi_logger] [info] Iteration 310: Rejected NNI move (786, 2), proposed log likelihood: -1803269.6034037306
[2025-10-28 17:08:30.053] [multi_logger] [info] Iteration 311: Applied NNI move (1120, 1117), no. accepts: 122, new log likelihood: -1803266.244053613, current phi: 0.028441741800840636, current nu: 0.3223434766074405
[2025-10-28 17:08:30.640] [multi_logger] [info] Iteration 312: Applied NNI move (360, 358), no. accepts: 123, new log likelihood: -1803259.832574172, current phi: 0.028521551492219507, current nu: 0.3225082010047719
[2025-10-28 17:08:31.243] [multi_logger] [info] Iteration 313: Rejected NNI move (206, 226), proposed log likelihood: -1803259.832574172
[2025-10-28 17:08:31.842] [multi_logger] [info] Iteration 314: Rejected NNI move (14, 66), proposed log likelihood: -1803259.832574172
[2025-10-28 17:08:32.449] [multi_logger] [info] Iteration 315: Applied NNI move (1201, 1217), no. accepts: 124, new log likelihood: -1803259.4369592075, current phi: 0.0285736274080986, current nu: 0.3223894831880355
[2025-10-28 17:08:33.042] [multi_logger] [info] Iteration 316: Rejected NNI move (635, 632), proposed log likelihood: -1803259.4369592075
[2025-10-28 17:08:33.649] [multi_logger] [info] Iteration 317: Applied NNI move (933, 956), no. accepts: 125, new log likelihood: -1803252.146011686, current phi: 0.028622840800821617, current nu: 0.3222365358085031
[2025-10-28 17:08:34.235] [multi_logger] [info] Iteration 318: Applied NNI move (628, 636), no. accepts: 126, new log likelihood: -1803247.960511774, current phi: 0.028673425444495863, current nu: 0.322143902577013
[2025-10-28 17:08:34.791] [multi_logger] [info] Iteration 319: Rejected NNI move (625, 714), proposed log likelihood: -1803247.960511774
[2025-10-28 17:08:35.370] [multi_logger] [info] Iteration 320: Applied NNI move (1172, 1152), no. accepts: 127, new log likelihood: -1803247.4137576763, current phi: 0.02872646077083526, current nu: 0.32200710354253814
[2025-10-28 17:08:35.958] [multi_logger] [info] Iteration 321: Applied NNI move (1320, 1323), no. accepts: 128, new log likelihood: -1803244.3783464557, current phi: 0.02877636065667763, current nu: 0.3219575483316906
[2025-10-28 17:08:36.531] [multi_logger] [info] Iteration 322: Rejected NNI move (1052, 1059), proposed log likelihood: -1803244.3783464557
[2025-10-28 17:08:37.104] [multi_logger] [info] Iteration 323: Applied NNI move (878, 877), no. accepts: 129, new log likelihood: -1803243.4422801808, current phi: 0.028930131482301034, current nu: 0.32219683204190824
[2025-10-28 17:08:37.697] [multi_logger] [info] Iteration 324: Rejected NNI move (267, 286), proposed log likelihood: -1803243.4422801808
[2025-10-28 17:08:38.232] [multi_logger] [info] Iteration 325: Rejected NNI move (162, 161), proposed log likelihood: -1803243.4422801808
[2025-10-28 17:08:38.825] [multi_logger] [info] Iteration 326: Rejected NNI move (540, 585), proposed log likelihood: -1803243.4422801808
[2025-10-28 17:08:39.405] [multi_logger] [info] Iteration 327: Rejected NNI move (22, 38), proposed log likelihood: -1803243.4422801808
[2025-10-28 17:08:39.985] [multi_logger] [info] Iteration 328: Rejected NNI move (930, 1073), proposed log likelihood: -1803243.4422801808
[2025-10-28 17:08:40.558] [multi_logger] [info] Iteration 329: Rejected NNI move (307, 319), proposed log likelihood: -1803243.4422801808
[2025-10-28 17:08:41.129] [multi_logger] [info] Iteration 330: Rejected NNI move (543, 554), proposed log likelihood: -1803243.4422801808
[2025-10-28 17:08:41.718] [multi_logger] [info] Iteration 331: Rejected NNI move (908, 912), proposed log likelihood: -1803243.4422801808
[2025-10-28 17:08:42.325] [multi_logger] [info] Iteration 332: Applied NNI move (906, 911), no. accepts: 130, new log likelihood: -1803237.2094648988, current phi: 0.02898400656552634, current nu: 0.32199246152118566
[2025-10-28 17:08:42.909] [multi_logger] [info] Iteration 333: Applied NNI move (46, 44), no. accepts: 131, new log likelihood: -1803236.9037091655, current phi: 0.029041483120440047, current nu: 0.32180512244272075
[2025-10-28 17:08:43.517] [multi_logger] [info] Iteration 334: Rejected NNI move (99, 97), proposed log likelihood: -1803236.9037091655
[2025-10-28 17:08:44.084] [multi_logger] [info] Iteration 335: Rejected NNI move (359, 366), proposed log likelihood: -1803236.9037091655
[2025-10-28 17:08:44.670] [multi_logger] [info] Iteration 336: Rejected NNI move (514, 509), proposed log likelihood: -1803236.9037091655
[2025-10-28 17:08:45.250] [multi_logger] [info] Iteration 337: Rejected NNI move (821, 820), proposed log likelihood: -1803236.9037091655
[2025-10-28 17:08:45.857] [multi_logger] [info] Iteration 338: Rejected NNI move (735, 728), proposed log likelihood: -1803236.9037091655
[2025-10-28 17:08:46.416] [multi_logger] [info] Iteration 339: Applied NNI move (42, 20), no. accepts: 132, new log likelihood: -1803233.5513833351, current phi: 0.029102091775205535, current nu: 0.321724182608216
[2025-10-28 17:08:46.984] [multi_logger] [info] Iteration 340: Rejected NNI move (1079, 1083), proposed log likelihood: -1803233.5513833351
[2025-10-28 17:08:47.592] [multi_logger] [info] Iteration 341: Applied NNI move (60, 59), no. accepts: 133, new log likelihood: -1803229.441268285, current phi: 0.029156702653946764, current nu: 0.32169230316840697
[2025-10-28 17:08:48.172] [multi_logger] [info] Iteration 342: Applied NNI move (922, 1297), no. accepts: 134, new log likelihood: -1803229.3993893962, current phi: 0.02920331394074838, current nu: 0.32160208812669916
[2025-10-28 17:08:48.751] [multi_logger] [info] Iteration 343: Rejected NNI move (541, 564), proposed log likelihood: -1803229.3993893962
[2025-10-28 17:08:49.347] [multi_logger] [info] Iteration 344: Rejected NNI move (162, 161), proposed log likelihood: -1803229.3993893962
[2025-10-28 17:08:49.924] [multi_logger] [info] Iteration 345: Rejected NNI move (609, 729), proposed log likelihood: -1803229.3993893962
[2025-10-28 17:08:50.501] [multi_logger] [info] Iteration 346: Applied NNI move (505, 507), no. accepts: 135, new log likelihood: -1803217.5879802012, current phi: 0.029236599147292576, current nu: 0.3216763273707964
[2025-10-28 17:08:51.173] [multi_logger] [info] Iteration 347: Applied NNI move (796, 791), no. accepts: 136, new log likelihood: -1803216.2113756184, current phi: 0.029296937581557367, current nu: 0.3219901725031029
[2025-10-28 17:08:51.765] [multi_logger] [info] Iteration 348: Applied NNI move (175, 172), no. accepts: 137, new log likelihood: -1803215.3528358932, current phi: 0.029361665857201544, current nu: 0.3218966860448714
[2025-10-28 17:08:52.358] [multi_logger] [info] Iteration 349: Rejected NNI move (147, 153), proposed log likelihood: -1803215.3528358932
[2025-10-28 17:08:52.953] [multi_logger] [info] Iteration 350: Rejected NNI move (469, 479), proposed log likelihood: -1803215.3528358932
[2025-10-28 17:08:53.529] [multi_logger] [info] Iteration 351: Rejected NNI move (277, 269), proposed log likelihood: -1803215.3528358932
[2025-10-28 17:08:54.095] [multi_logger] [info] Iteration 352: Rejected NNI move (923, 1265), proposed log likelihood: -1803215.3528358932
[2025-10-28 17:08:54.687] [multi_logger] [info] Iteration 353: Rejected NNI move (114, 103), proposed log likelihood: -1803215.3528358932
[2025-10-28 17:08:55.264] [multi_logger] [info] Iteration 354: Rejected NNI move (168, 166), proposed log likelihood: -1803215.3528358932
[2025-10-28 17:08:55.837] [multi_logger] [info] Iteration 355: Rejected NNI move (1035, 1064), proposed log likelihood: -1803215.3528358932
[2025-10-28 17:08:56.433] [multi_logger] [info] Iteration 356: Applied NNI move (958, 982), no. accepts: 138, new log likelihood: -1803202.9826020314, current phi: 0.029429074697790308, current nu: 0.32184140924868765
[2025-10-28 17:08:57.028] [multi_logger] [info] Iteration 357: Rejected NNI move (153, 150), proposed log likelihood: -1803202.9826020314
[2025-10-28 17:08:57.690] [multi_logger] [info] Iteration 358: Rejected NNI move (107, 105), proposed log likelihood: -1803202.9826020314
[2025-10-28 17:08:58.273] [multi_logger] [info] Iteration 359: Applied NNI move (235, 236), no. accepts: 139, new log likelihood: -1803202.4477361105, current phi: 0.029459727974036825, current nu: 0.321579873462468
[2025-10-28 17:08:58.855] [multi_logger] [info] Iteration 360: Rejected NNI move (914, 868), proposed log likelihood: -1803202.4477361105
[2025-10-28 17:08:59.417] [multi_logger] [info] Iteration 361: Rejected NNI move (635, 637), proposed log likelihood: -1803202.4477361105
[2025-10-28 17:09:00.016] [multi_logger] [info] Iteration 362: Applied NNI move (374, 333), no. accepts: 140, new log likelihood: -1803201.8192120478, current phi: 0.02950357503617294, current nu: 0.32142815316731943
[2025-10-28 17:09:00.629] [multi_logger] [info] Iteration 363: Rejected NNI move (1277, 1281), proposed log likelihood: -1803201.8192120478
[2025-10-28 17:09:01.213] [multi_logger] [info] Iteration 364: Rejected NNI move (657, 670), proposed log likelihood: -1803201.8192120478
[2025-10-28 17:09:01.808] [multi_logger] [info] Iteration 365: Rejected NNI move (256, 260), proposed log likelihood: -1803201.8192120478
[2025-10-28 17:09:02.404] [multi_logger] [info] Iteration 366: Rejected NNI move (923, 1286), proposed log likelihood: -1803201.8192120478
[2025-10-28 17:09:03.007] [multi_logger] [info] Iteration 367: Rejected NNI move (621, 618), proposed log likelihood: -1803201.8192120478
[2025-10-28 17:09:03.583] [multi_logger] [info] Iteration 368: Rejected NNI move (851, 852), proposed log likelihood: -1803201.8192120478
[2025-10-28 17:09:04.198] [multi_logger] [info] Iteration 369: Rejected NNI move (1064, 1062), proposed log likelihood: -1803201.8192120478
[2025-10-28 17:09:04.804] [multi_logger] [info] Iteration 370: Rejected NNI move (303, 289), proposed log likelihood: -1803201.8192120478
[2025-10-28 17:09:05.400] [multi_logger] [info] Iteration 371: Rejected NNI move (543, 551), proposed log likelihood: -1803201.8192120478
[2025-10-28 17:09:05.970] [multi_logger] [info] Iteration 372: Rejected NNI move (720, 717), proposed log likelihood: -1803201.8192120478
[2025-10-28 17:09:06.569] [multi_logger] [info] Iteration 373: Rejected NNI move (984, 1022), proposed log likelihood: -1803201.8192120478
[2025-10-28 17:09:07.154] [multi_logger] [info] Iteration 374: Rejected NNI move (1135, 1133), proposed log likelihood: -1803201.8192120478
[2025-10-28 17:09:07.713] [multi_logger] [info] Iteration 375: Applied NNI move (563, 572), no. accepts: 141, new log likelihood: -1803201.8066160907, current phi: 0.029546240780951055, current nu: 0.32131976699883275
[2025-10-28 17:09:08.310] [multi_logger] [info] Iteration 376: Rejected NNI move (206, 226), proposed log likelihood: -1803201.8066160907
[2025-10-28 17:09:08.874] [multi_logger] [info] Iteration 377: Rejected NNI move (970, 966), proposed log likelihood: -1803201.8066160907
[2025-10-28 17:09:09.503] [multi_logger] [info] Iteration 378: Rejected NNI move (509, 518), proposed log likelihood: -1803201.8066160907
[2025-10-28 17:09:10.122] [multi_logger] [info] Iteration 379: Applied NNI move (462, 457), no. accepts: 142, new log likelihood: -1803201.8106997353, current phi: 0.029586071757321183, current nu: 0.3212237979195129
[2025-10-28 17:09:10.693] [multi_logger] [info] Iteration 380: Applied NNI move (1328, 1321), no. accepts: 143, new log likelihood: -1803201.735209114, current phi: 0.0296215584894239, current nu: 0.32114056492790016
[2025-10-28 17:09:11.272] [multi_logger] [info] Iteration 381: Applied NNI move (1067, 1072), no. accepts: 144, new log likelihood: -1803201.6249667625, current phi: 0.029652667898000192, current nu: 0.32107056645994997
[2025-10-28 17:09:11.868] [multi_logger] [info] Iteration 382: Rejected NNI move (445, 453), proposed log likelihood: -1803201.6249667625
[2025-10-28 17:09:12.451] [multi_logger] [info] Iteration 383: Rejected NNI move (726, 724), proposed log likelihood: -1803201.6249667625
[2025-10-28 17:09:13.053] [multi_logger] [info] Iteration 384: Rejected NNI move (1212, 1202), proposed log likelihood: -1803201.6249667625
[2025-10-28 17:09:13.680] [multi_logger] [info] Iteration 385: Rejected NNI move (30, 28), proposed log likelihood: -1803201.6249667625
[2025-10-28 17:09:14.261] [multi_logger] [info] Iteration 386: Rejected NNI move (329, 323), proposed log likelihood: -1803201.6249667625
[2025-10-28 17:09:14.862] [multi_logger] [info] Iteration 387: Rejected NNI move (971, 961), proposed log likelihood: -1803201.6249667625
[2025-10-28 17:09:15.456] [multi_logger] [info] Iteration 388: Rejected NNI move (847, 846), proposed log likelihood: -1803201.6249667625
[2025-10-28 17:09:16.035] [multi_logger] [info] Iteration 389: Rejected NNI move (714, 704), proposed log likelihood: -1803201.6249667625
[2025-10-28 17:09:16.623] [multi_logger] [info] Iteration 390: Rejected NNI move (103, 102), proposed log likelihood: -1803201.6249667625
[2025-10-28 17:09:17.188] [multi_logger] [info] Iteration 391: Rejected NNI move (1241, 1239), proposed log likelihood: -1803201.6249667625
[2025-10-28 17:09:17.785] [multi_logger] [info] Iteration 392: Rejected NNI move (13, 165), proposed log likelihood: -1803201.6249667625
[2025-10-28 17:09:18.354] [multi_logger] [info] Iteration 393: Rejected NNI move (1099, 1101), proposed log likelihood: -1803201.6249667625
[2025-10-28 17:09:18.960] [multi_logger] [info] Iteration 394: Rejected NNI move (952, 953), proposed log likelihood: -1803201.6249667625
[2025-10-28 17:09:19.573] [multi_logger] [info] Iteration 395: Rejected NNI move (886, 889), proposed log likelihood: -1803201.6249667625
[2025-10-28 17:09:20.121] [multi_logger] [info] Iteration 396: Rejected NNI move (308, 314), proposed log likelihood: -1803201.6249667625
[2025-10-28 17:09:20.686] [multi_logger] [info] Iteration 397: Applied NNI move (375, 388), no. accepts: 145, new log likelihood: -1803201.414206794, current phi: 0.02968074498394494, current nu: 0.32100914899228267
[2025-10-28 17:09:21.263] [multi_logger] [info] Iteration 398: Rejected NNI move (1152, 1172), proposed log likelihood: -1803201.414206794
[2025-10-28 17:09:21.862] [multi_logger] [info] Iteration 399: Rejected NNI move (273, 272), proposed log likelihood: -1803201.414206794
[2025-10-28 17:09:22.431] [multi_logger] [info] Iteration 400: Rejected NNI move (165, 176), proposed log likelihood: -1803201.414206794
[2025-10-28 17:09:23.011] [multi_logger] [info] Iteration 401: Rejected NNI move (957, 1034), proposed log likelihood: -1803201.414206794
[2025-10-28 17:09:23.629] [multi_logger] [info] Iteration 402: Rejected NNI move (349, 371), proposed log likelihood: -1803201.414206794
[2025-10-28 17:09:24.220] [multi_logger] [info] Iteration 403: Rejected NNI move (625, 714), proposed log likelihood: -1803201.414206794
[2025-10-28 17:09:24.798] [multi_logger] [info] Iteration 404: Applied NNI move (906, 909), no. accepts: 146, new log likelihood: -1803198.2921699805, current phi: 0.02970671843970051, current nu: 0.3209397815715855
[2025-10-28 17:09:25.362] [multi_logger] [info] Iteration 405: Applied NNI move (9, 263), no. accepts: 147, new log likelihood: -1803173.144201737, current phi: 0.029700884791144362, current nu: 0.32125560693364974
[2025-10-28 17:09:25.938] [multi_logger] [info] Iteration 406: Applied NNI move (1242, 1248), no. accepts: 148, new log likelihood: -1803170.896320195, current phi: 0.029672958328131712, current nu: 0.32103752672390906
[2025-10-28 17:09:26.516] [multi_logger] [info] Iteration 407: Applied NNI move (177, 164), no. accepts: 149, new log likelihood: -1803170.3572385958, current phi: 0.029656224704999925, current nu: 0.32098603663428993
[2025-10-28 17:09:27.100] [multi_logger] [info] Iteration 408: Rejected NNI move (1333, 1322), proposed log likelihood: -1803170.3572385958
[2025-10-28 17:09:27.644] [multi_logger] [info] Iteration 409: Rejected NNI move (546, 549), proposed log likelihood: -1803170.3572385958
[2025-10-28 17:09:28.210] [multi_logger] [info] Iteration 410: Applied NNI move (220, 219), no. accepts: 150, new log likelihood: -1803169.3827791605, current phi: 0.029643778542396405, current nu: 0.321036311087611
[2025-10-28 17:09:28.768] [multi_logger] [info] Iteration 411: Applied NNI move (463, 457), no. accepts: 151, new log likelihood: -1803169.3778118216, current phi: 0.029630553744164952, current nu: 0.3210671539152297
[2025-10-28 17:09:29.323] [multi_logger] [info] Iteration 412: Rejected NNI move (1241, 1240), proposed log likelihood: -1803169.3778118216
[2025-10-28 17:09:29.895] [multi_logger] [info] Iteration 413: Applied NNI move (120, 124), no. accepts: 152, new log likelihood: -1803168.4439908275, current phi: 0.029643823803288713, current nu: 0.3212686887630434
[2025-10-28 17:09:30.444] [multi_logger] [info] Iteration 414: Applied NNI move (102, 95), no. accepts: 153, new log likelihood: -1803163.596743859, current phi: 0.02961116348787087, current nu: 0.32129880076887013
[2025-10-28 17:09:31.018] [multi_logger] [info] Iteration 415: Rejected NNI move (114, 103), proposed log likelihood: -1803163.596743859
[2025-10-28 17:09:31.561] [multi_logger] [info] Iteration 416: Rejected NNI move (1002, 1001), proposed log likelihood: -1803163.596743859
[2025-10-28 17:09:32.117] [multi_logger] [info] Iteration 417: Rejected NNI move (153, 150), proposed log likelihood: -1803163.596743859
[2025-10-28 17:09:32.665] [multi_logger] [info] Iteration 418: Rejected NNI move (1125, 1138), proposed log likelihood: -1803163.596743859
[2025-10-28 17:09:33.215] [multi_logger] [info] Iteration 419: Rejected NNI move (238, 233), proposed log likelihood: -1803163.596743859
[2025-10-28 17:09:33.771] [multi_logger] [info] Iteration 420: Rejected NNI move (707, 712), proposed log likelihood: -1803163.596743859
[2025-10-28 17:09:34.341] [multi_logger] [info] Iteration 421: Applied NNI move (790, 797), no. accepts: 154, new log likelihood: -1803163.2769826162, current phi: 0.02958555435449498, current nu: 0.3213066193797579
[2025-10-28 17:09:34.914] [multi_logger] [info] Iteration 422: Rejected NNI move (1047, 1039), proposed log likelihood: -1803163.2769826162
[2025-10-28 17:09:35.469] [multi_logger] [info] Iteration 423: Rejected NNI move (543, 554), proposed log likelihood: -1803163.2769826162
[2025-10-28 17:09:36.002] [multi_logger] [info] Iteration 424: Rejected NNI move (330, 329), proposed log likelihood: -1803163.2769826162
[2025-10-28 17:09:36.551] [multi_logger] [info] Iteration 425: Rejected NNI move (748, 754), proposed log likelihood: -1803163.2769826162
[2025-10-28 17:09:37.104] [multi_logger] [info] Iteration 426: Rejected NNI move (792, 794), proposed log likelihood: -1803163.2769826162
[2025-10-28 17:09:37.643] [multi_logger] [info] Iteration 427: Rejected NNI move (348, 342), proposed log likelihood: -1803163.2769826162
[2025-10-28 17:09:38.215] [multi_logger] [info] Iteration 428: Applied NNI move (1293, 1290), no. accepts: 155, new log likelihood: -1803162.073882935, current phi: 0.02957501557487022, current nu: 0.321468355480288
[2025-10-28 17:09:38.762] [multi_logger] [info] Iteration 429: Rejected NNI move (208, 222), proposed log likelihood: -1803162.073882935
[2025-10-28 17:09:39.324] [multi_logger] [info] Iteration 430: Rejected NNI move (874, 882), proposed log likelihood: -1803162.073882935
[2025-10-28 17:09:39.885] [multi_logger] [info] Iteration 431: Rejected NNI move (6, 484), proposed log likelihood: -1803162.073882935
[2025-10-28 17:09:40.459] [multi_logger] [info] Iteration 432: Rejected NNI move (555, 559), proposed log likelihood: -1803162.073882935
[2025-10-28 17:09:40.993] [multi_logger] [info] Iteration 433: Rejected NNI move (931, 1111), proposed log likelihood: -1803162.073882935
[2025-10-28 17:09:41.583] [multi_logger] [info] Iteration 434: Rejected NNI move (140, 142), proposed log likelihood: -1803162.073882935
[2025-10-28 17:09:42.146] [multi_logger] [info] Iteration 435: Rejected NNI move (299, 298), proposed log likelihood: -1803162.073882935
[2025-10-28 17:09:42.727] [multi_logger] [info] Iteration 436: Rejected NNI move (22, 39), proposed log likelihood: -1803162.073882935
[2025-10-28 17:09:43.300] [multi_logger] [info] Iteration 437: Rejected NNI move (148, 134), proposed log likelihood: -1803162.073882935
[2025-10-28 17:09:43.848] [multi_logger] [info] Iteration 438: Rejected NNI move (691, 689), proposed log likelihood: -1803162.073882935
[2025-10-28 17:09:44.394] [multi_logger] [info] Iteration 439: Applied NNI move (250, 261), no. accepts: 156, new log likelihood: -1803152.350169102, current phi: 0.029564738527421423, current nu: 0.3216543050324327
[2025-10-28 17:09:44.983] [multi_logger] [info] Iteration 440: Rejected NNI move (3, 598), proposed log likelihood: -1803152.350169102
[2025-10-28 17:09:45.535] [multi_logger] [info] Iteration 441: Rejected NNI move (1143, 1141), proposed log likelihood: -1803152.350169102
[2025-10-28 17:09:46.086] [multi_logger] [info] Iteration 442: Rejected NNI move (997, 995), proposed log likelihood: -1803152.350169102
[2025-10-28 17:09:46.662] [multi_logger] [info] Iteration 443: Applied NNI move (1020, 990), no. accepts: 157, new log likelihood: -1803137.3811253994, current phi: 0.02954250295531578, current nu: 0.32186437765684994
[2025-10-28 17:09:47.221] [multi_logger] [info] Iteration 444: Rejected NNI move (378, 387), proposed log likelihood: -1803137.3811253994
[2025-10-28 17:09:47.798] [multi_logger] [info] Iteration 445: Rejected NNI move (954, 1030), proposed log likelihood: -1803137.3811253994
[2025-10-28 17:09:48.347] [multi_logger] [info] Iteration 446: Rejected NNI move (147, 153), proposed log likelihood: -1803137.3811253994
[2025-10-28 17:09:48.908] [multi_logger] [info] Iteration 447: Applied NNI move (94, 96), no. accepts: 158, new log likelihood: -1803130.6081029803, current phi: 0.029524278633849647, current nu: 0.32204910558489197
[2025-10-28 17:09:49.471] [multi_logger] [info] Iteration 448: Applied NNI move (347, 346), no. accepts: 159, new log likelihood: -1803130.092354231, current phi: 0.029526960653905886, current nu: 0.32204979711617704
[2025-10-28 17:09:50.052] [multi_logger] [info] Iteration 449: Rejected NNI move (330, 329), proposed log likelihood: -1803130.092354231
[2025-10-28 17:09:50.613] [multi_logger] [info] Iteration 450: Rejected NNI move (246, 245), proposed log likelihood: -1803130.092354231
[2025-10-28 17:09:51.181] [multi_logger] [info] Iteration 451: Rejected NNI move (1097, 1089), proposed log likelihood: -1803130.092354231
[2025-10-28 17:09:51.743] [multi_logger] [info] Iteration 452: Applied NNI move (508, 520), no. accepts: 160, new log likelihood: -1803124.7793560466, current phi: 0.029528607619532587, current nu: 0.3221543823840666
[2025-10-28 17:09:52.302] [multi_logger] [info] Iteration 453: Rejected NNI move (1334, 1333), proposed log likelihood: -1803124.7793560466
[2025-10-28 17:09:52.849] [multi_logger] [info] Iteration 454: Rejected NNI move (615, 614), proposed log likelihood: -1803124.7793560466
[2025-10-28 17:09:53.412] [multi_logger] [info] Iteration 455: Rejected NNI move (990, 1019), proposed log likelihood: -1803124.7793560466
[2025-10-28 17:09:53.966] [multi_logger] [info] Iteration 456: Rejected NNI move (749, 752), proposed log likelihood: -1803124.7793560466
[2025-10-28 17:09:54.528] [multi_logger] [info] Iteration 457: Rejected NNI move (246, 245), proposed log likelihood: -1803124.7793560466
[2025-10-28 17:09:55.080] [multi_logger] [info] Iteration 458: Applied NNI move (44, 45), no. accepts: 161, new log likelihood: -1803124.5427716062, current phi: 0.029522656340253577, current nu: 0.32216736467933893
[2025-10-28 17:09:55.668] [multi_logger] [info] Iteration 459: Rejected NNI move (13, 178), proposed log likelihood: -1803124.5427716062
[2025-10-28 17:09:56.240] [multi_logger] [info] Iteration 460: Rejected NNI move (91, 115), proposed log likelihood: -1803124.5427716062
[2025-10-28 17:09:56.791] [multi_logger] [info] Iteration 461: Rejected NNI move (68, 72), proposed log likelihood: -1803124.5427716062
[2025-10-28 17:09:57.347] [multi_logger] [info] Iteration 462: Rejected NNI move (926, 1198), proposed log likelihood: -1803124.5427716062
[2025-10-28 17:09:57.925] [multi_logger] [info] Iteration 463: Rejected NNI move (366, 362), proposed log likelihood: -1803124.5427716062
[2025-10-28 17:09:58.479] [multi_logger] [info] Iteration 464: Rejected NNI move (1374, 1363), proposed log likelihood: -1803124.5427716062
[2025-10-28 17:09:59.046] [multi_logger] [info] Iteration 465: Rejected NNI move (5, 392), proposed log likelihood: -1803124.5427716062
[2025-10-28 17:09:59.616] [multi_logger] [info] Iteration 466: Rejected NNI move (1379, 1315), proposed log likelihood: -1803124.5427716062
[2025-10-28 17:10:00.172] [multi_logger] [info] Iteration 467: Rejected NNI move (941, 944), proposed log likelihood: -1803124.5427716062
[2025-10-28 17:10:00.706] [multi_logger] [info] Iteration 468: Applied NNI move (998, 997), no. accepts: 162, new log likelihood: -1803123.5184981283, current phi: 0.029526252769454527, current nu: 0.32220467631398364
[2025-10-28 17:10:01.240] [multi_logger] [info] Iteration 469: Applied NNI move (745, 604), no. accepts: 163, new log likelihood: -1803123.2993328492, current phi: 0.02954227863804769, current nu: 0.32215457290850047
[2025-10-28 17:10:01.777] [multi_logger] [info] Iteration 470: Rejected NNI move (1304, 1303), proposed log likelihood: -1803123.2993328492
[2025-10-28 17:10:02.328] [multi_logger] [info] Iteration 471: Rejected NNI move (929, 1173), proposed log likelihood: -1803123.2993328492
[2025-10-28 17:10:02.856] [multi_logger] [info] Iteration 472: Rejected NNI move (1338, 1336), proposed log likelihood: -1803123.2993328492
[2025-10-28 17:10:03.374] [multi_logger] [info] Iteration 473: Rejected NNI move (1065, 1072), proposed log likelihood: -1803123.2993328492
[2025-10-28 17:10:03.897] [multi_logger] [info] Iteration 474: Rejected NNI move (198, 194), proposed log likelihood: -1803123.2993328492
[2025-10-28 17:10:04.433] [multi_logger] [info] Iteration 475: Rejected NNI move (335, 341), proposed log likelihood: -1803123.2993328492
[2025-10-28 17:10:04.946] [multi_logger] [info] Iteration 476: Rejected NNI move (1076, 1097), proposed log likelihood: -1803123.2993328492
[2025-10-28 17:10:05.485] [multi_logger] [info] Iteration 477: Applied NNI move (266, 293), no. accepts: 164, new log likelihood: -1803111.801213975, current phi: 0.029554863727600807, current nu: 0.3222221944310174
[2025-10-28 17:10:05.997] [multi_logger] [info] Iteration 478: Rejected NNI move (1365, 1372), proposed log likelihood: -1803111.801213975
[2025-10-28 17:10:06.526] [multi_logger] [info] Iteration 479: Rejected NNI move (1379, 1315), proposed log likelihood: -1803111.801213975
[2025-10-28 17:10:07.061] [multi_logger] [info] Iteration 480: Applied NNI move (763, 765), no. accepts: 165, new log likelihood: -1803110.2613092388, current phi: 0.029559228874656847, current nu: 0.3222123547375047
[2025-10-28 17:10:07.591] [multi_logger] [info] Iteration 481: Rejected NNI move (582, 580), proposed log likelihood: -1803110.2613092388
[2025-10-28 17:10:08.148] [multi_logger] [info] Iteration 482: Rejected NNI move (1305, 1307), proposed log likelihood: -1803110.2613092388
[2025-10-28 17:10:08.677] [multi_logger] [info] Iteration 483: Applied NNI move (481, 478), no. accepts: 166, new log likelihood: -1803103.209575971, current phi: 0.029559761223986337, current nu: 0.322407438607782
[2025-10-28 17:10:09.208] [multi_logger] [info] Iteration 484: Rejected NNI move (408, 426), proposed log likelihood: -1803103.209575971
[2025-10-28 17:10:09.750] [multi_logger] [info] Iteration 485: Rejected NNI move (1159, 1164), proposed log likelihood: -1803103.209575971
[2025-10-28 17:10:10.282] [multi_logger] [info] Iteration 486: Applied NNI move (1172, 930), no. accepts: 167, new log likelihood: -1803087.7557468757, current phi: 0.02955519128358346, current nu: 0.3226907548618484
[2025-10-28 17:10:10.827] [multi_logger] [info] Iteration 487: Rejected NNI move (261, 252), proposed log likelihood: -1803087.7557468757
[2025-10-28 17:10:11.354] [multi_logger] [info] Iteration 488: Applied NNI move (563, 550), no. accepts: 168, new log likelihood: -1803084.1084090385, current phi: 0.029542680324291856, current nu: 0.3225299361584033
[2025-10-28 17:10:11.875] [multi_logger] [info] Iteration 489: Applied NNI move (309, 311), no. accepts: 169, new log likelihood: -1803084.0721785952, current phi: 0.02954193399717352, current nu: 0.32248861568278553
[2025-10-28 17:10:12.405] [multi_logger] [info] Iteration 490: Applied NNI move (743, 746), no. accepts: 170, new log likelihood: -1803083.7990488512, current phi: 0.029544976752331434, current nu: 0.32248407723721834
[2025-10-28 17:10:12.908] [multi_logger] [info] Iteration 491: Applied NNI move (1166, 1165), no. accepts: 171, new log likelihood: -1803083.79431602, current phi: 0.02954915912955213, current nu: 0.322469385875498
[2025-10-28 17:10:13.448] [multi_logger] [info] Iteration 492: Applied NNI move (599, 594), no. accepts: 172, new log likelihood: -1803083.2656739992, current phi: 0.029552818845249716, current nu: 0.32245057719126674
[2025-10-28 17:10:13.975] [multi_logger] [info] Iteration 493: Rejected NNI move (348, 343), proposed log likelihood: -1803083.2656739992
[2025-10-28 17:10:14.495] [multi_logger] [info] Iteration 494: Rejected NNI move (1167, 1155), proposed log likelihood: -1803083.2656739992
[2025-10-28 17:10:15.040] [multi_logger] [info] Iteration 495: Rejected NNI move (1265, 1287), proposed log likelihood: -1803083.2656739992
[2025-10-28 17:10:15.573] [multi_logger] [info] Iteration 496: Applied NNI move (566, 570), no. accepts: 173, new log likelihood: -1803079.9118242483, current phi: 0.029624667474609772, current nu: 0.32252115439007406
[2025-10-28 17:10:16.098] [multi_logger] [info] Iteration 497: Rejected NNI move (194, 196), proposed log likelihood: -1803079.9118242483
[2025-10-28 17:10:16.621] [multi_logger] [info] Iteration 498: Rejected NNI move (601, 603), proposed log likelihood: -1803079.9118242483
[2025-10-28 17:10:17.151] [multi_logger] [info] Iteration 499: Rejected NNI move (757, 785), proposed log likelihood: -1803079.9118242483
[2025-10-28 17:10:17.687] [multi_logger] [info] Iteration 500: Rejected NNI move (563, 545), proposed log likelihood: -1803079.9118242483
[2025-10-28 17:10:18.217] [multi_logger] [info] Iteration 501: Rejected NNI move (163, 162), proposed log likelihood: -1803079.9118242483
[2025-10-28 17:10:18.736] [multi_logger] [info] Iteration 502: Applied NNI move (300, 265), no. accepts: 174, new log likelihood: -1803053.5494989953, current phi: 0.02965934942520906, current nu: 0.322625850186678
[2025-10-28 17:10:19.267] [multi_logger] [info] Iteration 503: Applied NNI move (964, 970), no. accepts: 175, new log likelihood: -1803048.019049821, current phi: 0.029692484182531925, current nu: 0.32248604703896905
[2025-10-28 17:10:19.789] [multi_logger] [info] Iteration 504: Rejected NNI move (7, 334), proposed log likelihood: -1803048.019049821
[2025-10-28 17:10:20.323] [multi_logger] [info] Iteration 505: Rejected NNI move (1125, 1138), proposed log likelihood: -1803048.019049821
[2025-10-28 17:10:20.857] [multi_logger] [info] Iteration 506: Rejected NNI move (621, 618), proposed log likelihood: -1803048.019049821
[2025-10-28 17:10:21.382] [multi_logger] [info] Iteration 507: Rejected NNI move (220, 209), proposed log likelihood: -1803048.019049821
[2025-10-28 17:10:21.928] [multi_logger] [info] Iteration 508: Rejected NNI move (609, 734), proposed log likelihood: -1803048.019049821
[2025-10-28 17:10:22.456] [multi_logger] [info] Iteration 509: Applied NNI move (177, 16), no. accepts: 176, new log likelihood: -1803037.0687464885, current phi: 0.02973097935550683, current nu: 0.3225847394492458
[2025-10-28 17:10:22.983] [multi_logger] [info] Iteration 510: Rejected NNI move (18, 51), proposed log likelihood: -1803037.0687464885
[2025-10-28 17:10:23.503] [multi_logger] [info] Iteration 511: Rejected NNI move (491, 489), proposed log likelihood: -1803037.0687464885
[2025-10-28 17:10:24.039] [multi_logger] [info] Iteration 512: Applied NNI move (373, 335), no. accepts: 177, new log likelihood: -1803032.4450309302, current phi: 0.029758621439693673, current nu: 0.32265123829177644
[2025-10-28 17:10:24.587] [multi_logger] [info] Iteration 513: Rejected NNI move (162, 161), proposed log likelihood: -1803032.4450309302
[2025-10-28 17:10:25.123] [multi_logger] [info] Iteration 514: Rejected NNI move (851, 850), proposed log likelihood: -1803032.4450309302
[2025-10-28 17:10:25.693] [multi_logger] [info] Iteration 515: Rejected NNI move (121, 127), proposed log likelihood: -1803032.4450309302
[2025-10-28 17:10:26.223] [multi_logger] [info] Iteration 516: Rejected NNI move (99, 102), proposed log likelihood: -1803032.4450309302
[2025-10-28 17:10:26.777] [multi_logger] [info] Iteration 517: Rejected NNI move (680, 683), proposed log likelihood: -1803032.4450309302
[2025-10-28 17:10:27.299] [multi_logger] [info] Iteration 518: Rejected NNI move (1024, 1021), proposed log likelihood: -1803032.4450309302
[2025-10-28 17:10:27.854] [multi_logger] [info] Iteration 519: Applied NNI move (1236, 1237), no. accepts: 178, new log likelihood: -1803022.6939353654, current phi: 0.02976333358678566, current nu: 0.3222450089906938
[2025-10-28 17:10:28.390] [multi_logger] [info] Iteration 520: Rejected NNI move (785, 781), proposed log likelihood: -1803022.6939353654
[2025-10-28 17:10:28.921] [multi_logger] [info] Iteration 521: Applied NNI move (289, 299), no. accepts: 179, new log likelihood: -1803012.5736919723, current phi: 0.029809323516956587, current nu: 0.32227702775481026
[2025-10-28 17:10:29.450] [multi_logger] [info] Iteration 522: Rejected NNI move (16, 14), proposed log likelihood: -1803012.5736919723
[2025-10-28 17:10:29.984] [multi_logger] [info] Iteration 523: Rejected NNI move (1271, 1270), proposed log likelihood: -1803012.5736919723
[2025-10-28 17:10:30.496] [multi_logger] [info] Iteration 524: Rejected NNI move (974, 975), proposed log likelihood: -1803012.5736919723
[2025-10-28 17:10:30.496] [multi_logger] [info] Terminating: no acceptable move or improvement <  at iteration 525
[2025-10-28 17:10:30.496] [multi_logger] [info] Simulated annealing completed after 525 iterations. Final log likelihood: -1803012.5736919723
[2025-10-28 17:10:30.502] [multi_logger] [info] Num missing entries: 6792 Num not missing entries: 26568
[2025-10-28 17:10:30.565] [multi_logger] [info] EM iteration: 0 Log likelihood: -1841280.3257073383
[2025-10-28 17:10:30.565] [multi_logger] [info] Nu: 0.693670392036438 Phi: 0.8098391890525818
[2025-10-28 17:10:30.727] [multi_logger] [info] EM iteration: 1 Log likelihood: -1803564.244486953
[2025-10-28 17:10:30.727] [multi_logger] [info] Nu: 0.12654831393092625 Phi: 0.14682632417901828
[2025-10-28 17:10:30.878] [multi_logger] [info] EM iteration: 2 Log likelihood: -1803295.1200780692
[2025-10-28 17:10:30.878] [multi_logger] [info] Nu: 0.13573995893288573 Phi: 0.11806089455894458
[2025-10-28 17:10:31.041] [multi_logger] [info] EM iteration: 3 Log likelihood: -1803209.993360267
[2025-10-28 17:10:31.041] [multi_logger] [info] Nu: 0.15536795083586138 Phi: 0.10637009842535013
[2025-10-28 17:10:31.207] [multi_logger] [info] EM iteration: 4 Log likelihood: -1803160.2503458026
[2025-10-28 17:10:31.207] [multi_logger] [info] Nu: 0.17243876380884737 Phi: 0.09776982499827015
[2025-10-28 17:10:31.366] [multi_logger] [info] EM iteration: 5 Log likelihood: -1803127.1187734127
[2025-10-28 17:10:31.366] [multi_logger] [info] Nu: 0.18679104695075383 Phi: 0.0908464906522988
[2025-10-28 17:10:31.530] [multi_logger] [info] EM iteration: 6 Log likelihood: -1803103.8919734803
[2025-10-28 17:10:31.530] [multi_logger] [info] Nu: 0.1989227172946265 Phi: 0.08513345577296004
[2025-10-28 17:10:31.805] [multi_logger] [info] Best log likelihood: -1803086.9511347027
[2025-10-28 17:10:31.805] [multi_logger] [info] Total runtime: 308387 ms
[2025-10-28 17:10:31.805] [multi_logger] [info] Writing best tree to file...
[2025-10-28 17:10:31.807] [multi_logger] [info] Optimized tree written to fastlaml_colonies_clone3.stepwise_addition_08_tree.newick
[2025-10-28 17:10:31.807] [multi_logger] [info] data_type: observation-matrix, writing posterior probs and argmax probs.
[2025-10-28 17:10:32.065] [multi_logger] [info] Posterior matrix written to fastlaml_colonies_clone3.stepwise_addition_08_posterior_probs.csv
[2025-10-28 17:10:32.071] [multi_logger] [info] Argmax matrix written to fastlaml_colonies_clone3.stepwise_addition_08_posterior_argmax.csv
[2025-10-28 17:10:32.071] [multi_logger] [info] JSON summary written to fastlaml_colonies_clone3.stepwise_addition_08_results.json
[2025-10-28 17:10:32.071] [multi_logger] [info] Tree search and optimization completed. Log likelihood: -1803086.9511347027
