[2025-10-20 15:48:57.580] [multi_logger] [info] Logger initialized
[2025-10-20 15:48:57.580] [multi_logger] [info] Command: /Users/gc3045/git/fast-laml/build/src/fastlaml --matrix /Users/gc3045/git/laml2-experiments/real_data/PEtracer/inputs/colonies_clone3_kde_scores.csv --tree clone3.stepwise_addition_08.nwk --output fastlaml_colonies_clone3.stepwise_addition_08 --mode search --seed 0 --max-iterations 5000 --ultrametric -d observation-matrix -v
[2025-10-20 15:48:57.580] [multi_logger] [info] Loading tree from Newick file...
[2025-10-20 15:48:57.582] [multi_logger] [info] Processing matrix and mutation priors...
[2025-10-20 15:48:57.693] [multi_logger] [info] Found 832 taxa and 48 characters
[2025-10-20 15:48:57.693] [multi_logger] [info] No mutation priors provided. Assuming uniform priors.
[2025-10-20 15:48:57.693] [multi_logger] [info] Generating uniform priors for observation matrix w 8 states...
[2025-10-20 15:48:57.698] [multi_logger] [info] === END OF IO SUMMARY ===
[2025-10-20 15:48:57.698] [multi_logger] [info] Number of characters: 48
[2025-10-20 15:48:57.698] [multi_logger] [info] Max alphabet size: 8
[2025-10-20 15:48:57.698] [multi_logger] [info] Data type: observation-matrix

[2025-10-20 15:48:57.700] [multi_logger] [info] Searching for optimal tree...
[2025-10-20 15:48:57.707] [multi_logger] [info] Num missing entries: 9846 Num not missing entries: 30090
[2025-10-20 15:48:57.875] [multi_logger] [info] EM iteration: 0 Log likelihood: -2064799.7913372624
[2025-10-20 15:48:57.875] [multi_logger] [info] Nu: 0.5439321398735046 Phi: 0.5835601091384888
[2025-10-20 15:48:58.165] [multi_logger] [info] EM iteration: 1 Log likelihood: -2036061.1565561914
[2025-10-20 15:48:58.166] [multi_logger] [info] Nu: 0.015488602068808114 Phi: 0.23549954007229426
[2025-10-20 15:48:58.368] [multi_logger] [info] EM iteration: 2 Log likelihood: -2035150.6657383714
[2025-10-20 15:48:58.368] [multi_logger] [info] Nu: 0.02720013196831255 Phi: 0.21521904504378395
[2025-10-20 15:48:58.556] [multi_logger] [info] EM iteration: 3 Log likelihood: -2034794.869411962
[2025-10-20 15:48:58.556] [multi_logger] [info] Nu: 0.04676167002613198 Phi: 0.20069795007412533
[2025-10-20 15:48:58.745] [multi_logger] [info] EM iteration: 4 Log likelihood: -2034511.0140363206
[2025-10-20 15:48:58.745] [multi_logger] [info] Nu: 0.07146327594110016 Phi: 0.1854262592920859
[2025-10-20 15:48:58.929] [multi_logger] [info] EM iteration: 5 Log likelihood: -2034266.6827893546
[2025-10-20 15:48:58.929] [multi_logger] [info] Nu: 0.0990094586128166 Phi: 0.16971817251016758
[2025-10-20 15:48:59.109] [multi_logger] [info] EM iteration: 6 Log likelihood: -2034064.6661282624
[2025-10-20 15:48:59.109] [multi_logger] [info] Nu: 0.12707762777938345 Phi: 0.1545100545703581
[2025-10-20 15:48:59.300] [multi_logger] [info] EM iteration: 7 Log likelihood: -2033912.2531150882
[2025-10-20 15:48:59.300] [multi_logger] [info] Nu: 0.15372371853388414 Phi: 0.14053874144264042
[2025-10-20 15:48:59.474] [multi_logger] [info] EM iteration: 8 Log likelihood: -2033799.1095454674
[2025-10-20 15:48:59.474] [multi_logger] [info] Nu: 0.1778671044529961 Phi: 0.12827487655250694
[2025-10-20 15:48:59.682] [multi_logger] [info] EM iteration: 9 Log likelihood: -2033714.4128436395
[2025-10-20 15:48:59.682] [multi_logger] [info] Nu: 0.19916680627443525 Phi: 0.1176598421727592
[2025-10-20 15:48:59.940] [multi_logger] [info] EM iteration: 10 Log likelihood: -2033651.209963115
[2025-10-20 15:48:59.940] [multi_logger] [info] Nu: 0.21765268355394707 Phi: 0.10857376938170843
[2025-10-20 15:49:00.141] [multi_logger] [info] EM iteration: 11 Log likelihood: -2033602.1940239351
[2025-10-20 15:49:00.141] [multi_logger] [info] Nu: 0.23356969637248756 Phi: 0.100800794413655
[2025-10-20 15:49:00.334] [multi_logger] [info] EM iteration: 12 Log likelihood: -2033562.5443803964
[2025-10-20 15:49:00.334] [multi_logger] [info] Nu: 0.24726967306504902 Phi: 0.09408743498131841
[2025-10-20 15:49:00.511] [multi_logger] [info] EM iteration: 13 Log likelihood: -2033529.575107919
[2025-10-20 15:49:00.511] [multi_logger] [info] Nu: 0.2591229289152977 Phi: 0.08823044043907581
[2025-10-20 15:49:00.690] [multi_logger] [info] EM iteration: 14 Log likelihood: -2033501.808157345
[2025-10-20 15:49:00.690] [multi_logger] [info] Nu: 0.2694589073394353 Phi: 0.08307420138294334
[2025-10-20 15:49:00.870] [multi_logger] [info] EM iteration: 15 Log likelihood: -2033478.6737356917
[2025-10-20 15:49:00.870] [multi_logger] [info] Nu: 0.278549710263532 Phi: 0.0785028742524925
[2025-10-20 15:49:01.208] [multi_logger] [info] Starting simulated annealing with initial log likelihood: -2033459.9512673179
[2025-10-20 15:49:01.814] [multi_logger] [info] Iteration 0: Applied NNI move (1197, 1191), no. accepts: 0, new log likelihood: -2033432.5877543672, current phi: 0.06764649700537237, current nu: 0.30029867450703285
[2025-10-20 15:49:02.423] [multi_logger] [info] Iteration 1: Applied NNI move (79, 78), no. accepts: 1, new log likelihood: -2033410.4726539215, current phi: 0.06216175368104354, current nu: 0.3115989511478875
[2025-10-20 15:49:03.001] [multi_logger] [info] Iteration 2: Applied NNI move (882, 884), no. accepts: 2, new log likelihood: -2033402.1971780187, current phi: 0.057826031515576796, current nu: 0.3207213131356896
[2025-10-20 15:49:03.597] [multi_logger] [info] Iteration 3: Applied NNI move (1125, 1121), no. accepts: 3, new log likelihood: -2033386.3405407374, current phi: 0.05386440532212845, current nu: 0.3287171471323506
[2025-10-20 15:49:04.201] [multi_logger] [info] Iteration 4: Applied NNI move (188, 185), no. accepts: 4, new log likelihood: -2033373.5112053815, current phi: 0.050378047334345075, current nu: 0.3356659285659404
[2025-10-20 15:49:04.812] [multi_logger] [info] Iteration 5: Applied NNI move (214, 202), no. accepts: 5, new log likelihood: -2033370.705503893, current phi: 0.047282159579959245, current nu: 0.3414494113419858
[2025-10-20 15:49:05.431] [multi_logger] [info] Iteration 6: Applied NNI move (557, 556), no. accepts: 6, new log likelihood: -2033369.2519840293, current phi: 0.04468118185256242, current nu: 0.34679766040103926
[2025-10-20 15:49:06.052] [multi_logger] [info] Iteration 7: Rejected NNI move (309, 338), proposed log likelihood: -2033369.2519840293
[2025-10-20 15:49:06.680] [multi_logger] [info] Iteration 8: Applied NNI move (488, 476), no. accepts: 7, new log likelihood: -2033360.6335764066, current phi: 0.042330432631255216, current nu: 0.3516871563565012
[2025-10-20 15:49:07.306] [multi_logger] [info] Iteration 9: Applied NNI move (1227, 1217), no. accepts: 8, new log likelihood: -2033352.72217566, current phi: 0.04003704820911107, current nu: 0.3563127940893174
[2025-10-20 15:49:07.911] [multi_logger] [info] Iteration 10: Applied NNI move (424, 410), no. accepts: 9, new log likelihood: -2033347.1213186507, current phi: 0.03775615066020487, current nu: 0.36096118716681397
[2025-10-20 15:49:08.538] [multi_logger] [info] Iteration 11: Applied NNI move (551, 550), no. accepts: 10, new log likelihood: -2033343.9732398684, current phi: 0.03560935970586613, current nu: 0.3652705900521955
[2025-10-20 15:49:09.163] [multi_logger] [info] Iteration 12: Applied NNI move (1026, 1028), no. accepts: 11, new log likelihood: -2033342.8891093354, current phi: 0.03360817486769947, current nu: 0.3691147884398116
[2025-10-20 15:49:09.801] [multi_logger] [info] Iteration 13: Applied NNI move (386, 391), no. accepts: 12, new log likelihood: -2033339.6780992777, current phi: 0.031791138408476846, current nu: 0.3727508588161024
[2025-10-20 15:49:10.424] [multi_logger] [info] Iteration 14: Rejected NNI move (1358, 1405), proposed log likelihood: -2033339.6780992777
[2025-10-20 15:49:11.064] [multi_logger] [info] Iteration 15: Rejected NNI move (65, 63), proposed log likelihood: -2033339.6780992777
[2025-10-20 15:49:11.706] [multi_logger] [info] Iteration 16: Rejected NNI move (1580, 1558), proposed log likelihood: -2033339.6780992777
[2025-10-20 15:49:12.320] [multi_logger] [info] Iteration 17: Applied NNI move (993, 963), no. accepts: 13, new log likelihood: -2033336.915787234, current phi: 0.03017752635317618, current nu: 0.37601880480919614
[2025-10-20 15:49:12.972] [multi_logger] [info] Iteration 18: Applied NNI move (1644, 1647), no. accepts: 14, new log likelihood: -2033326.9015956526, current phi: 0.028734942630176712, current nu: 0.3790640205843094
[2025-10-20 15:49:13.592] [multi_logger] [info] Iteration 19: Rejected NNI move (910, 909), proposed log likelihood: -2033326.9015956526
[2025-10-20 15:49:14.231] [multi_logger] [info] Iteration 20: Applied NNI move (854, 846), no. accepts: 15, new log likelihood: -2033322.3974198033, current phi: 0.02740608393996581, current nu: 0.3816808995055707
[2025-10-20 15:49:14.864] [multi_logger] [info] Iteration 21: Applied NNI move (918, 912), no. accepts: 16, new log likelihood: -2033312.5950262542, current phi: 0.02614837707858694, current nu: 0.38451760463892193
[2025-10-20 15:49:15.481] [multi_logger] [info] Iteration 22: Rejected NNI move (1215, 1177), proposed log likelihood: -2033312.5950262542
[2025-10-20 15:49:16.122] [multi_logger] [info] Iteration 23: Rejected NNI move (877, 871), proposed log likelihood: -2033312.5950262542
[2025-10-20 15:49:16.718] [multi_logger] [info] Iteration 24: Applied NNI move (735, 739), no. accepts: 17, new log likelihood: -2033309.3219887526, current phi: 0.024877087313046654, current nu: 0.386947264624921
[2025-10-20 15:49:17.345] [multi_logger] [info] Iteration 25: Rejected NNI move (149, 180), proposed log likelihood: -2033309.3219887526
[2025-10-20 15:49:17.964] [multi_logger] [info] Iteration 26: Applied NNI move (1642, 1609), no. accepts: 18, new log likelihood: -2033296.8105005177, current phi: 0.023668885699918617, current nu: 0.38960572785153336
[2025-10-20 15:49:18.623] [multi_logger] [info] Iteration 27: Applied NNI move (1552, 1453), no. accepts: 19, new log likelihood: -2033294.442002623, current phi: 0.022534869556425034, current nu: 0.3919389760778533
[2025-10-20 15:49:19.246] [multi_logger] [info] Iteration 28: Applied NNI move (1018, 1011), no. accepts: 20, new log likelihood: -2033260.6179367036, current phi: 0.021498736132275247, current nu: 0.3938286624555151
[2025-10-20 15:49:19.866] [multi_logger] [info] Iteration 29: Rejected NNI move (15, 59), proposed log likelihood: -2033260.6179367036
[2025-10-20 15:49:20.560] [multi_logger] [info] Iteration 30: Rejected NNI move (966, 970), proposed log likelihood: -2033260.6179367036
[2025-10-20 15:49:21.192] [multi_logger] [info] Iteration 31: Rejected NNI move (124, 123), proposed log likelihood: -2033260.6179367036
[2025-10-20 15:49:21.821] [multi_logger] [info] Iteration 32: Rejected NNI move (1124, 1127), proposed log likelihood: -2033260.6179367036
[2025-10-20 15:49:22.434] [multi_logger] [info] Iteration 33: Rejected NNI move (58, 27), proposed log likelihood: -2033260.6179367036
[2025-10-20 15:49:23.069] [multi_logger] [info] Iteration 34: Rejected NNI move (1199, 1198), proposed log likelihood: -2033260.6179367036
[2025-10-20 15:49:23.682] [multi_logger] [info] Iteration 35: Rejected NNI move (1055, 1065), proposed log likelihood: -2033260.6179367036
[2025-10-20 15:49:24.303] [multi_logger] [info] Iteration 36: Rejected NNI move (105, 103), proposed log likelihood: -2033260.6179367036
[2025-10-20 15:49:24.922] [multi_logger] [info] Iteration 37: Applied NNI move (972, 966), no. accepts: 21, new log likelihood: -2033258.4979714318, current phi: 0.020554267442580956, current nu: 0.3958132732870475
[2025-10-20 15:49:25.567] [multi_logger] [info] Iteration 38: Rejected NNI move (1656, 1652), proposed log likelihood: -2033258.4979714318
[2025-10-20 15:49:26.201] [multi_logger] [info] Iteration 39: Applied NNI move (1425, 1429), no. accepts: 22, new log likelihood: -2033257.6135366242, current phi: 0.019688084071087502, current nu: 0.3975812302564023
[2025-10-20 15:49:26.846] [multi_logger] [info] Iteration 40: Rejected NNI move (906, 904), proposed log likelihood: -2033257.6135366242
[2025-10-20 15:49:27.477] [multi_logger] [info] Iteration 41: Applied NNI move (999, 997), no. accepts: 23, new log likelihood: -2033257.0563275397, current phi: 0.018897869230429673, current nu: 0.3991920429474072
[2025-10-20 15:49:28.109] [multi_logger] [info] Iteration 42: Rejected NNI move (1557, 1582), proposed log likelihood: -2033257.0563275397
[2025-10-20 15:49:28.711] [multi_logger] [info] Iteration 43: Applied NNI move (367, 372), no. accepts: 24, new log likelihood: -2033256.0989828426, current phi: 0.018166371276795695, current nu: 0.40067865035071376
[2025-10-20 15:49:29.347] [multi_logger] [info] Iteration 44: Rejected NNI move (182, 189), proposed log likelihood: -2033256.0989828426
[2025-10-20 15:49:29.985] [multi_logger] [info] Iteration 45: Applied NNI move (49, 35), no. accepts: 25, new log likelihood: -2033252.4462587219, current phi: 0.01747348510213987, current nu: 0.40214096297655144
[2025-10-20 15:49:30.591] [multi_logger] [info] Iteration 46: Applied NNI move (256, 287), no. accepts: 26, new log likelihood: -2033251.7395349927, current phi: 0.016811439410354734, current nu: 0.40349611915276995
[2025-10-20 15:49:31.250] [multi_logger] [info] Iteration 47: Rejected NNI move (1356, 1354), proposed log likelihood: -2033251.7395349927
[2025-10-20 15:49:31.873] [multi_logger] [info] Iteration 48: Rejected NNI move (946, 943), proposed log likelihood: -2033251.7395349927
[2025-10-20 15:49:32.687] [multi_logger] [info] Iteration 49: Rejected NNI move (93, 655), proposed log likelihood: -2033251.7395349927
[2025-10-20 15:49:33.308] [multi_logger] [info] Iteration 50: Applied NNI move (221, 218), no. accepts: 27, new log likelihood: -2033251.212481578, current phi: 0.01618506617606702, current nu: 0.40476290489895206
[2025-10-20 15:49:33.935] [multi_logger] [info] Iteration 51: Rejected NNI move (880, 888), proposed log likelihood: -2033251.212481578
[2025-10-20 15:49:34.552] [multi_logger] [info] Iteration 52: Applied NNI move (1459, 1461), no. accepts: 28, new log likelihood: -2033250.3526291817, current phi: 0.015595140766191628, current nu: 0.4059583250370674
[2025-10-20 15:49:35.168] [multi_logger] [info] Iteration 53: Rejected NNI move (897, 947), proposed log likelihood: -2033250.3526291817
[2025-10-20 15:49:35.810] [multi_logger] [info] Iteration 54: Rejected NNI move (155, 181), proposed log likelihood: -2033250.3526291817
[2025-10-20 15:49:36.436] [multi_logger] [info] Iteration 55: Rejected NNI move (1082, 1339), proposed log likelihood: -2033250.3526291817
[2025-10-20 15:49:37.069] [multi_logger] [info] Iteration 56: Rejected NNI move (169, 168), proposed log likelihood: -2033250.3526291817
[2025-10-20 15:49:37.683] [multi_logger] [info] Iteration 57: Applied NNI move (1177, 1210), no. accepts: 29, new log likelihood: -2033247.9860376478, current phi: 0.015032164251583739, current nu: 0.40709724791366647
[2025-10-20 15:49:38.291] [multi_logger] [info] Iteration 58: Applied NNI move (631, 630), no. accepts: 30, new log likelihood: -2033238.4722253408, current phi: 0.014479839853955678, current nu: 0.4082756302640182
[2025-10-20 15:49:38.916] [multi_logger] [info] Iteration 59: Rejected NNI move (1246, 1244), proposed log likelihood: -2033238.4722253408
[2025-10-20 15:49:39.530] [multi_logger] [info] Iteration 60: Applied NNI move (536, 473), no. accepts: 31, new log likelihood: -2033235.7490361042, current phi: 0.013934777525650479, current nu: 0.40934521499359294
[2025-10-20 15:49:40.153] [multi_logger] [info] Iteration 61: Rejected NNI move (666, 665), proposed log likelihood: -2033235.7490361042
[2025-10-20 15:49:40.760] [multi_logger] [info] Iteration 62: Rejected NNI move (311, 333), proposed log likelihood: -2033235.7490361042
[2025-10-20 15:49:41.365] [multi_logger] [info] Iteration 63: Rejected NNI move (886, 883), proposed log likelihood: -2033235.7490361042
[2025-10-20 15:49:41.983] [multi_logger] [info] Iteration 64: Rejected NNI move (572, 567), proposed log likelihood: -2033235.7490361042
[2025-10-20 15:49:42.600] [multi_logger] [info] Iteration 65: Rejected NNI move (1053, 1064), proposed log likelihood: -2033235.7490361042
[2025-10-20 15:49:43.218] [multi_logger] [info] Iteration 66: Rejected NNI move (209, 205), proposed log likelihood: -2033235.7490361042
[2025-10-20 15:49:43.818] [multi_logger] [info] Iteration 67: Applied NNI move (180, 156), no. accepts: 32, new log likelihood: -2033231.7433958491, current phi: 0.013416078753414114, current nu: 0.41040565817927416
[2025-10-20 15:49:44.440] [multi_logger] [info] Iteration 68: Applied NNI move (1444, 1451), no. accepts: 33, new log likelihood: -2033225.9612303465, current phi: 0.01292365357372195, current nu: 0.4115525384000482
[2025-10-20 15:49:45.065] [multi_logger] [info] Iteration 69: Applied NNI move (1076, 1075), no. accepts: 34, new log likelihood: -2033225.8940091303, current phi: 0.01247410051485371, current nu: 0.4127092644007172
[2025-10-20 15:49:45.700] [multi_logger] [info] Iteration 70: Applied NNI move (376, 393), no. accepts: 35, new log likelihood: -2033225.2667855422, current phi: 0.012031035742772356, current nu: 0.4136147537504028
[2025-10-20 15:49:46.308] [multi_logger] [info] Iteration 71: Rejected NNI move (112, 111), proposed log likelihood: -2033225.2667855422
[2025-10-20 15:49:46.931] [multi_logger] [info] Iteration 72: Applied NNI move (1307, 1267), no. accepts: 36, new log likelihood: -2033217.795248285, current phi: 0.011611084290366032, current nu: 0.4144254663078809
[2025-10-20 15:49:47.571] [multi_logger] [info] Iteration 73: Rejected NNI move (246, 241), proposed log likelihood: -2033217.795248285
[2025-10-20 15:49:48.188] [multi_logger] [info] Iteration 74: Applied NNI move (969, 978), no. accepts: 37, new log likelihood: -2033215.919758427, current phi: 0.011214568208681433, current nu: 0.41529772248397934
[2025-10-20 15:49:48.830] [multi_logger] [info] Iteration 75: Rejected NNI move (1082, 1336), proposed log likelihood: -2033215.919758427
[2025-10-20 15:49:49.469] [multi_logger] [info] Iteration 76: Rejected NNI move (85, 738), proposed log likelihood: -2033215.919758427
[2025-10-20 15:49:50.100] [multi_logger] [info] Iteration 77: Applied NNI move (396, 375), no. accepts: 38, new log likelihood: -2033214.0335479435, current phi: 0.010837078976084496, current nu: 0.41608431121437484
[2025-10-20 15:49:50.737] [multi_logger] [info] Iteration 78: Applied NNI move (1523, 1521), no. accepts: 39, new log likelihood: -2033205.507582435, current phi: 0.01051453270246285, current nu: 0.4170702028606934
[2025-10-20 15:49:51.386] [multi_logger] [info] Iteration 79: Rejected NNI move (1056, 1062), proposed log likelihood: -2033205.507582435
[2025-10-20 15:49:52.018] [multi_logger] [info] Iteration 80: Applied NNI move (731, 710), no. accepts: 40, new log likelihood: -2033204.8145041056, current phi: 0.010192136829430017, current nu: 0.41774083402356804
[2025-10-20 15:49:52.637] [multi_logger] [info] Iteration 81: Applied NNI move (494, 509), no. accepts: 41, new log likelihood: -2033202.2883172333, current phi: 0.00988460065739667, current nu: 0.41840200529507643
[2025-10-20 15:49:53.242] [multi_logger] [info] Iteration 82: Rejected NNI move (473, 472), proposed log likelihood: -2033202.2883172333
[2025-10-20 15:49:53.880] [multi_logger] [info] Iteration 83: Applied NNI move (1230, 1215), no. accepts: 42, new log likelihood: -2033201.2975264532, current phi: 0.009590597235456197, current nu: 0.41900151770719146
[2025-10-20 15:49:54.494] [multi_logger] [info] Iteration 84: Applied NNI move (566, 571), no. accepts: 43, new log likelihood: -2033197.3263430547, current phi: 0.009309654524957247, current nu: 0.41959491376675007
[2025-10-20 15:49:55.107] [multi_logger] [info] Iteration 85: Applied NNI move (471, 527), no. accepts: 44, new log likelihood: -2033191.515241092, current phi: 0.009038680964527094, current nu: 0.4199856949158059
[2025-10-20 15:49:55.751] [multi_logger] [info] Iteration 86: Rejected NNI move (113, 101), proposed log likelihood: -2033191.515241092
[2025-10-20 15:49:56.429] [multi_logger] [info] Iteration 87: Applied NNI move (938, 937), no. accepts: 45, new log likelihood: -2033190.0470117438, current phi: 0.008808790445385708, current nu: 0.4207351359875746
[2025-10-20 15:49:57.076] [multi_logger] [info] Iteration 88: Applied NNI move (268, 264), no. accepts: 46, new log likelihood: -2033189.645240771, current phi: 0.008568888467028354, current nu: 0.4211933689381423
[2025-10-20 15:49:57.719] [multi_logger] [info] Iteration 89: Rejected NNI move (1199, 1189), proposed log likelihood: -2033189.645240771
[2025-10-20 15:49:58.366] [multi_logger] [info] Iteration 90: Rejected NNI move (1311, 1330), proposed log likelihood: -2033189.645240771
[2025-10-20 15:49:59.029] [multi_logger] [info] Iteration 91: Rejected NNI move (381, 395), proposed log likelihood: -2033189.645240771
[2025-10-20 15:49:59.678] [multi_logger] [info] Iteration 92: Rejected NNI move (842, 863), proposed log likelihood: -2033189.645240771
[2025-10-20 15:50:00.322] [multi_logger] [info] Iteration 93: Rejected NNI move (602, 617), proposed log likelihood: -2033189.645240771
[2025-10-20 15:50:00.966] [multi_logger] [info] Iteration 94: Applied NNI move (194, 198), no. accepts: 47, new log likelihood: -2033189.5127009838, current phi: 0.008338445913072017, current nu: 0.42165399763151573
[2025-10-20 15:50:01.623] [multi_logger] [info] Iteration 95: Rejected NNI move (1026, 1049), proposed log likelihood: -2033189.5127009838
[2025-10-20 15:50:02.268] [multi_logger] [info] Iteration 96: Applied NNI move (788, 787), no. accepts: 48, new log likelihood: -2033189.2917631979, current phi: 0.008117542010001326, current nu: 0.4220967359810826
[2025-10-20 15:50:02.926] [multi_logger] [info] Iteration 97: Rejected NNI move (644, 643), proposed log likelihood: -2033189.2917631979
[2025-10-20 15:50:03.548] [multi_logger] [info] Iteration 98: Applied NNI move (510, 512), no. accepts: 49, new log likelihood: -2033187.670652783, current phi: 0.007905549187622188, current nu: 0.42253386630245315
[2025-10-20 15:50:04.197] [multi_logger] [info] Iteration 99: Rejected NNI move (1199, 1189), proposed log likelihood: -2033187.670652783
[2025-10-20 15:50:04.883] [multi_logger] [info] Iteration 100: Applied NNI move (1264, 1250), no. accepts: 50, new log likelihood: -2033174.1629197171, current phi: 0.007700335865665199, current nu: 0.4230579473265504
[2025-10-20 15:50:05.568] [multi_logger] [info] Iteration 101: Applied NNI move (1345, 1344), no. accepts: 51, new log likelihood: -2033169.3405297725, current phi: 0.007520444483803466, current nu: 0.42345738886939505
[2025-10-20 15:50:06.201] [multi_logger] [info] Iteration 102: Applied NNI move (958, 957), no. accepts: 52, new log likelihood: -2033165.1098901029, current phi: 0.007345551261548429, current nu: 0.4237406557709014
[2025-10-20 15:50:06.865] [multi_logger] [info] Iteration 103: Rejected NNI move (1615, 1618), proposed log likelihood: -2033165.1098901029
[2025-10-20 15:50:07.530] [multi_logger] [info] Iteration 104: Applied NNI move (221, 217), no. accepts: 53, new log likelihood: -2033164.8529161199, current phi: 0.007179807820422908, current nu: 0.42405158492884476
[2025-10-20 15:50:08.191] [multi_logger] [info] Iteration 105: Applied NNI move (1627, 1630), no. accepts: 54, new log likelihood: -2033164.7610398778, current phi: 0.007020507293628088, current nu: 0.42437148045985384
[2025-10-20 15:50:08.845] [multi_logger] [info] Iteration 106: Rejected NNI move (33, 31), proposed log likelihood: -2033164.7610398778
[2025-10-20 15:50:09.528] [multi_logger] [info] Iteration 107: Rejected NNI move (1275, 1279), proposed log likelihood: -2033164.7610398778
[2025-10-20 15:50:10.228] [multi_logger] [info] Iteration 108: Applied NNI move (959, 946), no. accepts: 55, new log likelihood: -2033164.2840361875, current phi: 0.006866573172164442, current nu: 0.424683048543888
[2025-10-20 15:50:10.856] [multi_logger] [info] Iteration 109: Rejected NNI move (779, 792), proposed log likelihood: -2033164.2840361875
[2025-10-20 15:50:11.520] [multi_logger] [info] Iteration 110: Rejected NNI move (20, 18), proposed log likelihood: -2033164.2840361875
[2025-10-20 15:50:12.150] [multi_logger] [info] Iteration 111: Applied NNI move (1115, 1118), no. accepts: 56, new log likelihood: -2033157.0541835886, current phi: 0.006717687342008299, current nu: 0.4250736886150874
[2025-10-20 15:50:12.803] [multi_logger] [info] Iteration 112: Applied NNI move (991, 990), no. accepts: 57, new log likelihood: -2033155.9507527296, current phi: 0.00657344291194388, current nu: 0.42539867934484504
[2025-10-20 15:50:13.453] [multi_logger] [info] Iteration 113: Rejected NNI move (95, 641), proposed log likelihood: -2033155.9507527296
[2025-10-20 15:50:14.122] [multi_logger] [info] Iteration 114: Rejected NNI move (1069, 5), proposed log likelihood: -2033155.9507527296
[2025-10-20 15:50:14.796] [multi_logger] [info] Iteration 115: Rejected NNI move (720, 716), proposed log likelihood: -2033155.9507527296
[2025-10-20 15:50:15.446] [multi_logger] [info] Iteration 116: Rejected NNI move (118, 116), proposed log likelihood: -2033155.9507527296
[2025-10-20 15:50:16.105] [multi_logger] [info] Iteration 117: Rejected NNI move (165, 172), proposed log likelihood: -2033155.9507527296
[2025-10-20 15:50:16.747] [multi_logger] [info] Iteration 118: Applied NNI move (943, 899), no. accepts: 58, new log likelihood: -2033154.9773343808, current phi: 0.006432174147086617, current nu: 0.42565721581685323
[2025-10-20 15:50:17.380] [multi_logger] [info] Iteration 119: Rejected NNI move (1518, 1512), proposed log likelihood: -2033154.9773343808
[2025-10-20 15:50:18.042] [multi_logger] [info] Iteration 120: Rejected NNI move (181, 186), proposed log likelihood: -2033154.9773343808
[2025-10-20 15:50:18.695] [multi_logger] [info] Iteration 121: Applied NNI move (826, 10), no. accepts: 59, new log likelihood: -2033152.6379961595, current phi: 0.0062904703153357075, current nu: 0.42584193042685886
[2025-10-20 15:50:19.342] [multi_logger] [info] Iteration 122: Rejected NNI move (946, 959), proposed log likelihood: -2033152.6379961595
[2025-10-20 15:50:19.975] [multi_logger] [info] Iteration 123: Rejected NNI move (236, 243), proposed log likelihood: -2033152.6379961595
[2025-10-20 15:50:20.617] [multi_logger] [info] Iteration 124: Applied NNI move (1018, 1005), no. accepts: 60, new log likelihood: -2033148.6477917822, current phi: 0.006147280544160429, current nu: 0.42592537699392885
[2025-10-20 15:50:21.271] [multi_logger] [info] Iteration 125: Applied NNI move (460, 592), no. accepts: 61, new log likelihood: -2033137.968316316, current phi: 0.0060055552812481585, current nu: 0.4260884569938975
[2025-10-20 15:50:21.891] [multi_logger] [info] Iteration 126: Applied NNI move (452, 437), no. accepts: 62, new log likelihood: -2033136.1399368392, current phi: 0.005868045022439262, current nu: 0.4263854571800836
[2025-10-20 15:50:22.564] [multi_logger] [info] Iteration 127: Applied NNI move (4, 1421), no. accepts: 63, new log likelihood: -2033135.7292871673, current phi: 0.005735212639609579, current nu: 0.4266516046274609
[2025-10-20 15:50:23.189] [multi_logger] [info] Iteration 128: Applied NNI move (9, 11), no. accepts: 64, new log likelihood: -2033129.3302571867, current phi: 0.005606244041687924, current nu: 0.4269280478530732
[2025-10-20 15:50:24.348] [multi_logger] [info] Iteration 129: Applied NNI move (585, 565), no. accepts: 65, new log likelihood: -2033052.1845438248, current phi: 0.0053508120082541005, current nu: 0.42775911606939143
[2025-10-20 15:50:24.994] [multi_logger] [info] Iteration 130: Rejected NNI move (396, 366), proposed log likelihood: -2033052.1845438248
[2025-10-20 15:50:25.625] [multi_logger] [info] Iteration 131: Applied NNI move (502, 504), no. accepts: 66, new log likelihood: -2033051.7945817376, current phi: 0.0052271283923342035, current nu: 0.42801432918462073
[2025-10-20 15:50:26.283] [multi_logger] [info] Iteration 132: Applied NNI move (792, 791), no. accepts: 67, new log likelihood: -2033051.7349703691, current phi: 0.005107031539543455, current nu: 0.42825329405470763
[2025-10-20 15:50:26.928] [multi_logger] [info] Iteration 133: Rejected NNI move (1100, 1113), proposed log likelihood: -2033051.7349703691
[2025-10-20 15:50:27.577] [multi_logger] [info] Iteration 134: Rejected NNI move (398, 406), proposed log likelihood: -2033051.7349703691
[2025-10-20 15:50:28.215] [multi_logger] [info] Iteration 135: Rejected NNI move (1304, 1309), proposed log likelihood: -2033051.7349703691
[2025-10-20 15:50:28.858] [multi_logger] [info] Iteration 136: Applied NNI move (1392, 1362), no. accepts: 68, new log likelihood: -2033051.6771017388, current phi: 0.004990718421202114, current nu: 0.42848643810635917
[2025-10-20 15:50:29.503] [multi_logger] [info] Iteration 137: Rejected NNI move (602, 617), proposed log likelihood: -2033051.6771017388
[2025-10-20 15:50:30.171] [multi_logger] [info] Iteration 138: Applied NNI move (1368, 1364), no. accepts: 69, new log likelihood: -2033050.5947119952, current phi: 0.004882199954685746, current nu: 0.4291332202774349
[2025-10-20 15:50:30.966] [multi_logger] [info] Iteration 139: Applied NNI move (1351, 1081), no. accepts: 70, new log likelihood: -2033046.416815211, current phi: 0.004771319733102878, current nu: 0.4292602049992667
[2025-10-20 15:50:31.680] [multi_logger] [info] Iteration 140: Rejected NNI move (817, 821), proposed log likelihood: -2033046.416815211
[2025-10-20 15:50:32.352] [multi_logger] [info] Iteration 141: Rejected NNI move (1453, 1552), proposed log likelihood: -2033046.416815211
[2025-10-20 15:50:33.039] [multi_logger] [info] Iteration 142: Rejected NNI move (87, 732), proposed log likelihood: -2033046.416815211
[2025-10-20 15:50:33.693] [multi_logger] [info] Iteration 143: Rejected NNI move (15, 80), proposed log likelihood: -2033046.416815211
[2025-10-20 15:50:34.353] [multi_logger] [info] Iteration 144: Rejected NNI move (304, 629), proposed log likelihood: -2033046.416815211
[2025-10-20 15:50:35.025] [multi_logger] [info] Iteration 145: Rejected NNI move (566, 569), proposed log likelihood: -2033046.416815211
[2025-10-20 15:50:35.634] [multi_logger] [info] Iteration 146: Rejected NNI move (323, 326), proposed log likelihood: -2033046.416815211
[2025-10-20 15:50:36.289] [multi_logger] [info] Iteration 147: Applied NNI move (1107, 1103), no. accepts: 71, new log likelihood: -2033045.7363788348, current phi: 0.004657433097855576, current nu: 0.42887482315680114
[2025-10-20 15:50:36.917] [multi_logger] [info] Iteration 148: Rejected NNI move (1001, 1000), proposed log likelihood: -2033045.7363788348
[2025-10-20 15:50:37.557] [multi_logger] [info] Iteration 149: Rejected NNI move (432, 431), proposed log likelihood: -2033045.7363788348
[2025-10-20 15:50:38.205] [multi_logger] [info] Iteration 150: Applied NNI move (1260, 1252), no. accepts: 72, new log likelihood: -2033041.1884284215, current phi: 0.004553448828849392, current nu: 0.4293743208802022
[2025-10-20 15:50:38.880] [multi_logger] [info] Iteration 151: Applied NNI move (898, 900), no. accepts: 73, new log likelihood: -2033038.8751974308, current phi: 0.004449466994095534, current nu: 0.42934030010781626
[2025-10-20 15:50:39.518] [multi_logger] [info] Iteration 152: Applied NNI move (98, 130), no. accepts: 74, new log likelihood: -2033030.1896965792, current phi: 0.004348513284254093, current nu: 0.42918055556951357
[2025-10-20 15:50:40.149] [multi_logger] [info] Iteration 153: Applied NNI move (118, 117), no. accepts: 75, new log likelihood: -2033028.478006774, current phi: 0.0042629214904186, current nu: 0.42943782913771944
[2025-10-20 15:50:40.782] [multi_logger] [info] Iteration 154: Applied NNI move (573, 578), no. accepts: 76, new log likelihood: -2033027.7629271136, current phi: 0.0041768993982146336, current nu: 0.42959487367519095
[2025-10-20 15:50:41.422] [multi_logger] [info] Iteration 155: Applied NNI move (1462, 1479), no. accepts: 77, new log likelihood: -2033025.4555698063, current phi: 0.004092652845203162, current nu: 0.4297637415337874
[2025-10-20 15:50:42.081] [multi_logger] [info] Iteration 156: Rejected NNI move (100, 119), proposed log likelihood: -2033025.4555698063
[2025-10-20 15:50:42.731] [multi_logger] [info] Iteration 157: Applied NNI move (739, 735), no. accepts: 78, new log likelihood: -2033019.4953145175, current phi: 0.004010221211951169, current nu: 0.43004084060297676
[2025-10-20 15:50:43.382] [multi_logger] [info] Iteration 158: Applied NNI move (1110, 1103), no. accepts: 79, new log likelihood: -2033013.6376456935, current phi: 0.0039269578759032414, current nu: 0.42990777510436595
[2025-10-20 15:50:44.002] [multi_logger] [info] Iteration 159: Applied NNI move (1080, 1082), no. accepts: 80, new log likelihood: -2033013.1108246353, current phi: 0.003848981982102389, current nu: 0.43002460355079336
[2025-10-20 15:50:44.681] [multi_logger] [info] Iteration 160: Applied NNI move (1055, 1068), no. accepts: 81, new log likelihood: -2033005.8344964453, current phi: 0.0037783935016499925, current nu: 0.43039031582350623
[2025-10-20 15:50:45.352] [multi_logger] [info] Iteration 161: Rejected NNI move (1111, 1103), proposed log likelihood: -2033005.8344964453
[2025-10-20 15:50:46.024] [multi_logger] [info] Iteration 162: Applied NNI move (997, 998), no. accepts: 82, new log likelihood: -2033004.6616650615, current phi: 0.0036999923252642496, current nu: 0.43054961375815387
[2025-10-20 15:50:46.904] [multi_logger] [info] Iteration 163: Rejected NNI move (6, 963), proposed log likelihood: -2033004.6616650615
[2025-10-20 15:50:47.541] [multi_logger] [info] Iteration 164: Rejected NNI move (319, 313), proposed log likelihood: -2033004.6616650615
[2025-10-20 15:50:48.198] [multi_logger] [info] Iteration 165: Applied NNI move (233, 235), no. accepts: 83, new log likelihood: -2033004.5375712835, current phi: 0.003623851281039828, current nu: 0.4307235287129349
[2025-10-20 15:50:48.834] [multi_logger] [info] Iteration 166: Applied NNI move (247, 250), no. accepts: 84, new log likelihood: -2032983.1012365203, current phi: 0.003547613816522259, current nu: 0.43106864574176407
[2025-10-20 15:50:49.480] [multi_logger] [info] Iteration 167: Applied NNI move (1458, 1489), no. accepts: 85, new log likelihood: -2032980.6246123184, current phi: 0.003472444312259925, current nu: 0.43119627426268803
[2025-10-20 15:50:50.151] [multi_logger] [info] Iteration 168: Rejected NNI move (81, 58), proposed log likelihood: -2032980.6246123184
[2025-10-20 15:50:50.820] [multi_logger] [info] Iteration 169: Applied NNI move (1162, 1165), no. accepts: 86, new log likelihood: -2032980.4947402477, current phi: 0.003401147860410998, current nu: 0.4313556176719648
[2025-10-20 15:50:51.452] [multi_logger] [info] Iteration 170: Rejected NNI move (146, 142), proposed log likelihood: -2032980.4947402477
[2025-10-20 15:50:52.116] [multi_logger] [info] Iteration 171: Applied NNI move (54, 56), no. accepts: 87, new log likelihood: -2032978.4470122848, current phi: 0.0033319177389430545, current nu: 0.4315461102295263
[2025-10-20 15:50:52.798] [multi_logger] [info] Iteration 172: Rejected NNI move (468, 462), proposed log likelihood: -2032978.4470122848
[2025-10-20 15:50:53.443] [multi_logger] [info] Iteration 173: Applied NNI move (82, 766), no. accepts: 88, new log likelihood: -2032975.6539292561, current phi: 0.0032645961432302534, current nu: 0.4317216763386332
[2025-10-20 15:50:54.097] [multi_logger] [info] Iteration 174: Applied NNI move (730, 724), no. accepts: 89, new log likelihood: -2032968.331032197, current phi: 0.003199524002965015, current nu: 0.43196151037376573
[2025-10-20 15:50:54.719] [multi_logger] [info] Iteration 175: Applied NNI move (1452, 1445), no. accepts: 90, new log likelihood: -2032966.8445583694, current phi: 0.0031363207358025462, current nu: 0.43214411114617346
[2025-10-20 15:50:55.333] [multi_logger] [info] Iteration 176: Rejected NNI move (1609, 1606), proposed log likelihood: -2032966.8445583694
[2025-10-20 15:50:55.962] [multi_logger] [info] Iteration 177: Applied NNI move (1519, 1509), no. accepts: 91, new log likelihood: -2032965.9913458377, current phi: 0.0030746442988651922, current nu: 0.4322595075880448
[2025-10-20 15:50:56.623] [multi_logger] [info] Iteration 178: Rejected NNI move (306, 591), proposed log likelihood: -2032965.9913458377
[2025-10-20 15:50:57.252] [multi_logger] [info] Iteration 179: Applied NNI move (1551, 1455), no. accepts: 92, new log likelihood: -2032959.5105215504, current phi: 0.003013249805491782, current nu: 0.43224197551205834
[2025-10-20 15:50:57.907] [multi_logger] [info] Iteration 180: Applied NNI move (1387, 1398), no. accepts: 93, new log likelihood: -2032938.2717063134, current phi: 0.002951897687955739, current nu: 0.43252290775950414
[2025-10-20 15:50:58.568] [multi_logger] [info] Iteration 181: Rejected NNI move (1647, 1644), proposed log likelihood: -2032938.2717063134
[2025-10-20 15:50:59.219] [multi_logger] [info] Iteration 182: Rejected NNI move (305, 597), proposed log likelihood: -2032938.2717063134
[2025-10-20 15:50:59.890] [multi_logger] [info] Iteration 183: Rejected NNI move (1186, 1211), proposed log likelihood: -2032938.2717063134
[2025-10-20 15:51:00.517] [multi_logger] [info] Iteration 184: Applied NNI move (716, 719), no. accepts: 94, new log likelihood: -2032937.115659567, current phi: 0.002893499406106047, current nu: 0.4327878650877719
[2025-10-20 15:51:01.171] [multi_logger] [info] Iteration 185: Rejected NNI move (509, 496), proposed log likelihood: -2032937.115659567
[2025-10-20 15:51:01.838] [multi_logger] [info] Iteration 186: Rejected NNI move (991, 988), proposed log likelihood: -2032937.115659567
[2025-10-20 15:51:02.462] [multi_logger] [info] Iteration 187: Rejected NNI move (922, 944), proposed log likelihood: -2032937.115659567
[2025-10-20 15:51:03.112] [multi_logger] [info] Iteration 188: Rejected NNI move (1413, 1411), proposed log likelihood: -2032937.115659567
[2025-10-20 15:51:03.811] [multi_logger] [info] Iteration 189: Rejected NNI move (1580, 1579), proposed log likelihood: -2032937.115659567
[2025-10-20 15:51:04.458] [multi_logger] [info] Iteration 190: Rejected NNI move (1450, 1448), proposed log likelihood: -2032937.115659567
[2025-10-20 15:51:05.129] [multi_logger] [info] Iteration 191: Applied NNI move (459, 307), no. accepts: 95, new log likelihood: -2032936.3691279506, current phi: 0.002834000640108812, current nu: 0.43288821225380236
[2025-10-20 15:51:05.789] [multi_logger] [info] Iteration 192: Rejected NNI move (467, 466), proposed log likelihood: -2032936.3691279506
[2025-10-20 15:51:06.427] [multi_logger] [info] Iteration 193: Applied NNI move (713, 723), no. accepts: 96, new log likelihood: -2032932.8585698516, current phi: 0.002775838210022315, current nu: 0.43295618540019426
[2025-10-20 15:51:07.137] [multi_logger] [info] Iteration 194: Rejected NNI move (1190, 1192), proposed log likelihood: -2032932.8585698516
[2025-10-20 15:51:07.775] [multi_logger] [info] Iteration 195: Applied NNI move (9, 816), no. accepts: 97, new log likelihood: -2032932.0442444487, current phi: 0.0027182580471185446, current nu: 0.43304685838588686
[2025-10-20 15:51:08.438] [multi_logger] [info] Iteration 196: Rejected NNI move (1007, 1009), proposed log likelihood: -2032932.0442444487
[2025-10-20 15:51:09.090] [multi_logger] [info] Iteration 197: Applied NNI move (800, 768), no. accepts: 98, new log likelihood: -2032931.7199075734, current phi: 0.002661566504349983, current nu: 0.43312944142268256
[2025-10-20 15:51:09.750] [multi_logger] [info] Iteration 198: Rejected NNI move (1642, 1607), proposed log likelihood: -2032931.7199075734
[2025-10-20 15:51:10.393] [multi_logger] [info] Iteration 199: Applied NNI move (942, 926), no. accepts: 99, new log likelihood: -2032930.9625106517, current phi: 0.0026055031440003727, current nu: 0.4331441635041665
[2025-10-20 15:51:11.050] [multi_logger] [info] Iteration 200: Applied NNI move (1285, 1287), no. accepts: 100, new log likelihood: -2032930.6403676448, current phi: 0.002549903775193937, current nu: 0.4331205654342232
[2025-10-20 15:51:11.711] [multi_logger] [info] Iteration 201: Applied NNI move (744, 742), no. accepts: 101, new log likelihood: -2032918.900840818, current phi: 0.002494093516592672, current nu: 0.4332195015756816
[2025-10-20 15:51:12.365] [multi_logger] [info] Iteration 202: Applied NNI move (1101, 1105), no. accepts: 102, new log likelihood: -2032909.341947216, current phi: 0.0024350521671019855, current nu: 0.433023613963538
[2025-10-20 15:51:13.065] [multi_logger] [info] Iteration 203: Rejected NNI move (1044, 1040), proposed log likelihood: -2032909.341947216
[2025-10-20 15:51:13.720] [multi_logger] [info] Iteration 204: Applied NNI move (1018, 1008), no. accepts: 103, new log likelihood: -2032907.6661035542, current phi: 0.0023787429055083208, current nu: 0.43313399328644225
[2025-10-20 15:51:14.349] [multi_logger] [info] Iteration 205: Rejected NNI move (336, 335), proposed log likelihood: -2032907.6661035542
[2025-10-20 15:51:14.984] [multi_logger] [info] Iteration 206: Rejected NNI move (1488, 1484), proposed log likelihood: -2032907.6661035542
[2025-10-20 15:51:15.640] [multi_logger] [info] Iteration 207: Applied NNI move (947, 951), no. accepts: 104, new log likelihood: -2032907.5690816175, current phi: 0.0023242310512274025, current nu: 0.43320998776294517
[2025-10-20 15:51:16.280] [multi_logger] [info] Iteration 208: Applied NNI move (1304, 1308), no. accepts: 105, new log likelihood: -2032907.0125778113, current phi: 0.002275339164551775, current nu: 0.43363909183079896
[2025-10-20 15:51:16.925] [multi_logger] [info] Iteration 209: Rejected NNI move (1030, 1032), proposed log likelihood: -2032907.0125778113
[2025-10-20 15:51:17.558] [multi_logger] [info] Iteration 210: Rejected NNI move (926, 941), proposed log likelihood: -2032907.0125778113
[2025-10-20 15:51:18.210] [multi_logger] [info] Iteration 211: Rejected NNI move (28, 52), proposed log likelihood: -2032907.0125778113
[2025-10-20 15:51:18.969] [multi_logger] [info] Iteration 212: Rejected NNI move (713, 726), proposed log likelihood: -2032907.0125778113
[2025-10-20 15:51:19.626] [multi_logger] [info] Iteration 213: Rejected NNI move (808, 806), proposed log likelihood: -2032907.0125778113
[2025-10-20 15:51:20.294] [multi_logger] [info] Iteration 214: Rejected NNI move (713, 726), proposed log likelihood: -2032907.0125778113
[2025-10-20 15:51:21.007] [multi_logger] [info] Iteration 215: Rejected NNI move (965, 968), proposed log likelihood: -2032907.0125778113
[2025-10-20 15:51:21.677] [multi_logger] [info] Iteration 216: Applied NNI move (504, 507), no. accepts: 106, new log likelihood: -2032906.7668896532, current phi: 0.0022302979265073886, current nu: 0.4340585004234527
[2025-10-20 15:51:22.298] [multi_logger] [info] Iteration 217: Rejected NNI move (131, 137), proposed log likelihood: -2032906.7668896532
[2025-10-20 15:51:22.975] [multi_logger] [info] Iteration 218: Rejected NNI move (1246, 1244), proposed log likelihood: -2032906.7668896532
[2025-10-20 15:51:23.638] [multi_logger] [info] Iteration 219: Applied NNI move (801, 83), no. accepts: 107, new log likelihood: -2032906.7135560513, current phi: 0.002182878481381467, current nu: 0.43415204966188586
[2025-10-20 15:51:24.280] [multi_logger] [info] Iteration 220: Applied NNI move (1005, 1008), no. accepts: 108, new log likelihood: -2032905.0441821935, current phi: 0.002136526199597119, current nu: 0.4342499542315708
[2025-10-20 15:51:24.922] [multi_logger] [info] Iteration 221: Applied NNI move (666, 662), no. accepts: 109, new log likelihood: -2032887.484092508, current phi: 0.002095099777908605, current nu: 0.43500697249324644
[2025-10-20 15:51:25.592] [multi_logger] [info] Iteration 222: Applied NNI move (1055, 1067), no. accepts: 110, new log likelihood: -2032883.9928581952, current phi: 0.002059086985789542, current nu: 0.43545320763832573
[2025-10-20 15:51:26.230] [multi_logger] [info] Iteration 223: Rejected NNI move (1186, 1211), proposed log likelihood: -2032883.9928581952
[2025-10-20 15:51:26.888] [multi_logger] [info] Iteration 224: Rejected NNI move (679, 674), proposed log likelihood: -2032883.9928581952
[2025-10-20 15:51:27.546] [multi_logger] [info] Iteration 225: Rejected NNI move (1309, 1306), proposed log likelihood: -2032883.9928581952
[2025-10-20 15:51:28.190] [multi_logger] [info] Iteration 226: Rejected NNI move (1105, 1104), proposed log likelihood: -2032883.9928581952
[2025-10-20 15:51:28.841] [multi_logger] [info] Iteration 227: Applied NNI move (1148, 1151), no. accepts: 111, new log likelihood: -2032879.5010667033, current phi: 0.0020145432388236234, current nu: 0.43525013942141916
[2025-10-20 15:51:29.482] [multi_logger] [info] Iteration 228: Applied NNI move (1175, 1216), no. accepts: 112, new log likelihood: -2032879.444489989, current phi: 0.0019752855100844584, current nu: 0.43530180752062525
[2025-10-20 15:51:30.148] [multi_logger] [info] Iteration 229: Rejected NNI move (1279, 1282), proposed log likelihood: -2032879.444489989
[2025-10-20 15:51:30.824] [multi_logger] [info] Iteration 230: Rejected NNI move (1087, 1156), proposed log likelihood: -2032879.444489989
[2025-10-20 15:51:31.486] [multi_logger] [info] Iteration 231: Applied NNI move (1460, 1471), no. accepts: 113, new log likelihood: -2032877.2927837055, current phi: 0.0019386063507955717, current nu: 0.4356895444801383
[2025-10-20 15:51:32.129] [multi_logger] [info] Iteration 232: Rejected NNI move (408, 398), proposed log likelihood: -2032877.2927837055
[2025-10-20 15:51:32.789] [multi_logger] [info] Iteration 233: Rejected NNI move (1476, 1474), proposed log likelihood: -2032877.2927837055
[2025-10-20 15:51:33.457] [multi_logger] [info] Iteration 234: Rejected NNI move (1037, 1035), proposed log likelihood: -2032877.2927837055
[2025-10-20 15:51:34.116] [multi_logger] [info] Iteration 235: Rejected NNI move (320, 328), proposed log likelihood: -2032877.2927837055
[2025-10-20 15:51:34.772] [multi_logger] [info] Iteration 236: Applied NNI move (448, 451), no. accepts: 114, new log likelihood: -2032876.2280797998, current phi: 0.001901738087447838, current nu: 0.43571474976069907
[2025-10-20 15:51:35.434] [multi_logger] [info] Iteration 237: Applied NNI move (778, 775), no. accepts: 115, new log likelihood: -2032873.9424611127, current phi: 0.001865567214338872, current nu: 0.4357851247029214
[2025-10-20 15:51:36.102] [multi_logger] [info] Iteration 238: Rejected NNI move (757, 756), proposed log likelihood: -2032873.9424611127
[2025-10-20 15:51:36.750] [multi_logger] [info] Iteration 239: Rejected NNI move (1545, 1538), proposed log likelihood: -2032873.9424611127
[2025-10-20 15:51:37.395] [multi_logger] [info] Iteration 240: Applied NNI move (598, 602), no. accepts: 116, new log likelihood: -2032873.4129231994, current phi: 0.0018299453365838636, current nu: 0.43581409016478706
[2025-10-20 15:51:38.051] [multi_logger] [info] Iteration 241: Rejected NNI move (856, 855), proposed log likelihood: -2032873.4129231994
[2025-10-20 15:51:38.671] [multi_logger] [info] Iteration 242: Rejected NNI move (218, 195), proposed log likelihood: -2032873.4129231994
[2025-10-20 15:51:39.285] [multi_logger] [info] Iteration 243: Rejected NNI move (319, 313), proposed log likelihood: -2032873.4129231994
[2025-10-20 15:51:39.937] [multi_logger] [info] Iteration 244: Rejected NNI move (667, 670), proposed log likelihood: -2032873.4129231994
[2025-10-20 15:51:40.578] [multi_logger] [info] Iteration 245: Rejected NNI move (1186, 1214), proposed log likelihood: -2032873.4129231994
[2025-10-20 15:51:41.251] [multi_logger] [info] Iteration 246: Rejected NNI move (1476, 1474), proposed log likelihood: -2032873.4129231994
[2025-10-20 15:51:41.911] [multi_logger] [info] Iteration 247: Rejected NNI move (1313, 1319), proposed log likelihood: -2032873.4129231994
[2025-10-20 15:51:42.614] [multi_logger] [info] Iteration 248: Rejected NNI move (1479, 1459), proposed log likelihood: -2032873.4129231994
[2025-10-20 15:51:43.263] [multi_logger] [info] Iteration 249: Rejected NNI move (1503, 1457), proposed log likelihood: -2032873.4129231994
[2025-10-20 15:51:43.949] [multi_logger] [info] Iteration 250: Rejected NNI move (1472, 1463), proposed log likelihood: -2032873.4129231994
[2025-10-20 15:51:44.586] [multi_logger] [info] Iteration 251: Rejected NNI move (305, 618), proposed log likelihood: -2032873.4129231994
[2025-10-20 15:51:45.291] [multi_logger] [info] Iteration 252: Rejected NNI move (1450, 1449), proposed log likelihood: -2032873.4129231994
[2025-10-20 15:51:46.053] [multi_logger] [info] Iteration 253: Rejected NNI move (894, 877), proposed log likelihood: -2032873.4129231994
[2025-10-20 15:51:46.730] [multi_logger] [info] Iteration 254: Rejected NNI move (983, 981), proposed log likelihood: -2032873.4129231994
[2025-10-20 15:51:47.372] [multi_logger] [info] Iteration 255: Applied NNI move (602, 615), no. accepts: 117, new log likelihood: -2032873.2427167585, current phi: 0.0017953110658096615, current nu: 0.43586278171456616
[2025-10-20 15:51:47.991] [multi_logger] [info] Iteration 256: Rejected NNI move (579, 584), proposed log likelihood: -2032873.2427167585
[2025-10-20 15:51:48.642] [multi_logger] [info] Iteration 257: Rejected NNI move (1111, 1105), proposed log likelihood: -2032873.2427167585
[2025-10-20 15:51:49.313] [multi_logger] [info] Iteration 258: Rejected NNI move (1096, 1120), proposed log likelihood: -2032873.2427167585
[2025-10-20 15:51:49.956] [multi_logger] [info] Iteration 259: Rejected NNI move (139, 99), proposed log likelihood: -2032873.2427167585
[2025-10-20 15:51:50.598] [multi_logger] [info] Iteration 260: Applied NNI move (1233, 1173), no. accepts: 118, new log likelihood: -2032871.3945910227, current phi: 0.0017615281863631142, current nu: 0.43593518087432176
[2025-10-20 15:51:51.228] [multi_logger] [info] Iteration 261: Rejected NNI move (766, 83), proposed log likelihood: -2032871.3945910227
[2025-10-20 15:51:51.878] [multi_logger] [info] Iteration 262: Rejected NNI move (1007, 1020), proposed log likelihood: -2032871.3945910227
[2025-10-20 15:51:52.532] [multi_logger] [info] Iteration 263: Rejected NNI move (767, 798), proposed log likelihood: -2032871.3945910227
[2025-10-20 15:51:53.191] [multi_logger] [info] Iteration 264: Rejected NNI move (1311, 1329), proposed log likelihood: -2032871.3945910227
[2025-10-20 15:51:53.847] [multi_logger] [info] Iteration 265: Rejected NNI move (543, 473), proposed log likelihood: -2032871.3945910227
[2025-10-20 15:51:54.510] [multi_logger] [info] Iteration 266: Rejected NNI move (1414, 1410), proposed log likelihood: -2032871.3945910227
[2025-10-20 15:51:55.134] [multi_logger] [info] Iteration 267: Rejected NNI move (861, 843), proposed log likelihood: -2032871.3945910227
[2025-10-20 15:51:55.748] [multi_logger] [info] Iteration 268: Rejected NNI move (1267, 1308), proposed log likelihood: -2032871.3945910227
[2025-10-20 15:51:56.391] [multi_logger] [info] Iteration 269: Applied NNI move (1393, 1388), no. accepts: 119, new log likelihood: -2032871.0827277268, current phi: 0.0017288366680188396, current nu: 0.4361517856428701
[2025-10-20 15:51:57.035] [multi_logger] [info] Iteration 270: Rejected NNI move (96, 302), proposed log likelihood: -2032871.0827277268
[2025-10-20 15:51:57.691] [multi_logger] [info] Iteration 271: Applied NNI move (524, 523), no. accepts: 120, new log likelihood: -2032871.0403931066, current phi: 0.0016961887608003738, current nu: 0.43621066284751236
[2025-10-20 15:51:58.332] [multi_logger] [info] Iteration 272: Rejected NNI move (964, 994), proposed log likelihood: -2032871.0403931066
[2025-10-20 15:51:58.981] [multi_logger] [info] Iteration 273: Applied NNI move (1149, 1153), no. accepts: 121, new log likelihood: -2032871.019987274, current phi: 0.0016642999923633733, current nu: 0.4362723333263199
[2025-10-20 15:51:59.657] [multi_logger] [info] Iteration 274: Applied NNI move (1351, 1350), no. accepts: 122, new log likelihood: -2032870.9955862006, current phi: 0.0016331207350567692, current nu: 0.4363342183382531
[2025-10-20 15:52:00.321] [multi_logger] [info] Iteration 275: Rejected NNI move (1246, 1245), proposed log likelihood: -2032870.9955862006
[2025-10-20 15:52:00.959] [multi_logger] [info] Iteration 276: Rejected NNI move (1479, 1459), proposed log likelihood: -2032870.9955862006
[2025-10-20 15:52:01.641] [multi_logger] [info] Iteration 277: Rejected NNI move (170, 169), proposed log likelihood: -2032870.9955862006
[2025-10-20 15:52:02.316] [multi_logger] [info] Iteration 278: Rejected NNI move (1479, 1459), proposed log likelihood: -2032870.9955862006
[2025-10-20 15:52:02.997] [multi_logger] [info] Iteration 279: Applied NNI move (656, 671), no. accepts: 123, new log likelihood: -2032870.8873259812, current phi: 0.001602605931289187, current nu: 0.4363926342434664
[2025-10-20 15:52:03.658] [multi_logger] [info] Iteration 280: Rejected NNI move (192, 251), proposed log likelihood: -2032870.8873259812
[2025-10-20 15:52:04.427] [multi_logger] [info] Iteration 281: Applied NNI move (1359, 1362), no. accepts: 124, new log likelihood: -2032870.148692417, current phi: 0.0015726309510664528, current nu: 0.4364277396218419
[2025-10-20 15:52:05.095] [multi_logger] [info] Iteration 282: Applied NNI move (128, 100), no. accepts: 125, new log likelihood: -2032865.9371186956, current phi: 0.0015429385811149207, current nu: 0.4363652156139246
[2025-10-20 15:52:05.750] [multi_logger] [info] Iteration 283: Applied NNI move (779, 781), no. accepts: 126, new log likelihood: -2032853.2745539602, current phi: 0.001515540415317554, current nu: 0.43689222023193175
[2025-10-20 15:52:06.423] [multi_logger] [info] Iteration 284: Rejected NNI move (1096, 1120), proposed log likelihood: -2032853.2745539602
[2025-10-20 15:52:07.109] [multi_logger] [info] Iteration 285: Rejected NNI move (1641, 1640), proposed log likelihood: -2032853.2745539602
[2025-10-20 15:52:07.818] [multi_logger] [info] Iteration 286: Applied NNI move (961, 960), no. accepts: 127, new log likelihood: -2032851.7741966138, current phi: 0.0014882474799563206, current nu: 0.436998620282333
[2025-10-20 15:52:08.468] [multi_logger] [info] Iteration 287: Applied NNI move (1392, 1402), no. accepts: 128, new log likelihood: -2032849.8131887973, current phi: 0.0014624086059363997, current nu: 0.43735441496575256
[2025-10-20 15:52:09.040] [multi_logger] [info] Iteration 288: Rejected NNI move (182, 190), proposed log likelihood: -2032849.8131887973
[2025-10-20 15:52:09.675] [multi_logger] [info] Iteration 289: Applied NNI move (256, 259), no. accepts: 129, new log likelihood: -2032847.8413704257, current phi: 0.0014357804732241103, current nu: 0.43731729633919286
[2025-10-20 15:52:10.330] [multi_logger] [info] Iteration 290: Applied NNI move (1145, 1147), no. accepts: 130, new log likelihood: -2032835.3681877512, current phi: 0.001408952595134611, current nu: 0.43727716077315415
[2025-10-20 15:52:10.972] [multi_logger] [info] Iteration 291: Applied NNI move (78, 73), no. accepts: 131, new log likelihood: -2032808.3353353795, current phi: 0.0013832627570849552, current nu: 0.4377420834873536
[2025-10-20 15:52:11.615] [multi_logger] [info] Iteration 292: Applied NNI move (410, 423), no. accepts: 132, new log likelihood: -2032798.3224444473, current phi: 0.001360029262842292, current nu: 0.43783755023574783
[2025-10-20 15:52:12.229] [multi_logger] [info] Iteration 293: Rejected NNI move (348, 408), proposed log likelihood: -2032798.3224444473
[2025-10-20 15:52:12.895] [multi_logger] [info] Iteration 294: Rejected NNI move (60, 73), proposed log likelihood: -2032798.3224444473
[2025-10-20 15:52:13.550] [multi_logger] [info] Iteration 295: Rejected NNI move (1252, 1260), proposed log likelihood: -2032798.3224444473
[2025-10-20 15:52:14.222] [multi_logger] [info] Iteration 296: Applied NNI move (640, 96), no. accepts: 133, new log likelihood: -2032797.200929129, current phi: 0.0013382939614083862, current nu: 0.43781007243279557
[2025-10-20 15:52:14.879] [multi_logger] [info] Iteration 297: Applied NNI move (888, 890), no. accepts: 134, new log likelihood: -2032786.3600202724, current phi: 0.0013227574292416634, current nu: 0.4382328359836928
[2025-10-20 15:52:15.538] [multi_logger] [info] Iteration 298: Applied NNI move (1216, 1175), no. accepts: 135, new log likelihood: -2032785.4271364352, current phi: 0.0013003899373011092, current nu: 0.4383233576353772
[2025-10-20 15:52:16.199] [multi_logger] [info] Iteration 299: Applied NNI move (703, 91), no. accepts: 136, new log likelihood: -2032785.4105825378, current phi: 0.0012783867783756236, current nu: 0.4383693016585984
[2025-10-20 15:52:16.850] [multi_logger] [info] Iteration 300: Rejected NNI move (1173, 1232), proposed log likelihood: -2032785.4105825378
[2025-10-20 15:52:17.520] [multi_logger] [info] Iteration 301: Rejected NNI move (622, 625), proposed log likelihood: -2032785.4105825378
[2025-10-20 15:52:18.204] [multi_logger] [info] Iteration 302: Applied NNI move (1458, 1483), no. accepts: 137, new log likelihood: -2032781.2473655555, current phi: 0.0012571317966196735, current nu: 0.4385893130887955
[2025-10-20 15:52:18.875] [multi_logger] [info] Iteration 303: Applied NNI move (892, 887), no. accepts: 138, new log likelihood: -2032779.1214343377, current phi: 0.001236062923555792, current nu: 0.43864818660577837
[2025-10-20 15:52:19.547] [multi_logger] [info] Iteration 304: Applied NNI move (856, 844), no. accepts: 139, new log likelihood: -2032768.9509984793, current phi: 0.0012162579324780565, current nu: 0.43892680810397733
[2025-10-20 15:52:20.224] [multi_logger] [info] Iteration 305: Applied NNI move (1399, 1387), no. accepts: 140, new log likelihood: -2032766.03766375, current phi: 0.0011962894131463196, current nu: 0.4390135798768271
[2025-10-20 15:52:20.921] [multi_logger] [info] Iteration 306: Rejected NNI move (1007, 1019), proposed log likelihood: -2032766.03766375
[2025-10-20 15:52:21.640] [multi_logger] [info] Iteration 307: Rejected NNI move (843, 845), proposed log likelihood: -2032766.03766375
[2025-10-20 15:52:22.297] [multi_logger] [info] Iteration 308: Rejected NNI move (83, 758), proposed log likelihood: -2032766.03766375
[2025-10-20 15:52:22.949] [multi_logger] [info] Iteration 309: Applied NNI move (641, 645), no. accepts: 141, new log likelihood: -2032765.61360505, current phi: 0.0011772495120169065, current nu: 0.43903038455430005
[2025-10-20 15:52:23.611] [multi_logger] [info] Iteration 310: Applied NNI move (960, 961), no. accepts: 142, new log likelihood: -2032764.9314632183, current phi: 0.0011584483370816448, current nu: 0.43904602099388146
[2025-10-20 15:52:24.259] [multi_logger] [info] Iteration 311: Applied NNI move (1080, 1336), no. accepts: 143, new log likelihood: -2032763.9175170185, current phi: 0.0011395546538424924, current nu: 0.4390744421001587
[2025-10-20 15:52:24.964] [multi_logger] [info] Iteration 312: Rejected NNI move (590, 588), proposed log likelihood: -2032763.9175170185
[2025-10-20 15:52:25.614] [multi_logger] [info] Iteration 313: Applied NNI move (1098, 1111), no. accepts: 144, new log likelihood: -2032761.4569414756, current phi: 0.001120760214151615, current nu: 0.4391064721058983
[2025-10-20 15:52:26.270] [multi_logger] [info] Iteration 314: Rejected NNI move (91, 703), proposed log likelihood: -2032761.4569414756
[2025-10-20 15:52:26.920] [multi_logger] [info] Iteration 315: Rejected NNI move (1060, 1059), proposed log likelihood: -2032761.4569414756
[2025-10-20 15:52:27.570] [multi_logger] [info] Iteration 316: Rejected NNI move (1339, 1350), proposed log likelihood: -2032761.4569414756
[2025-10-20 15:52:28.215] [multi_logger] [info] Iteration 317: Applied NNI move (963, 964), no. accepts: 145, new log likelihood: -2032760.5036889897, current phi: 0.0011023853907437186, current nu: 0.4391968343985803
[2025-10-20 15:52:28.871] [multi_logger] [info] Iteration 318: Rejected NNI move (351, 361), proposed log likelihood: -2032760.5036889897
[2025-10-20 15:52:29.524] [multi_logger] [info] Iteration 319: Rejected NNI move (205, 208), proposed log likelihood: -2032760.5036889897
[2025-10-20 15:52:30.216] [multi_logger] [info] Iteration 320: Rejected NNI move (566, 569), proposed log likelihood: -2032760.5036889897
[2025-10-20 15:52:30.876] [multi_logger] [info] Iteration 321: Applied NNI move (1023, 1003), no. accepts: 146, new log likelihood: -2032760.425755865, current phi: 0.0010843778179357854, current nu: 0.439248319174042
[2025-10-20 15:52:31.582] [multi_logger] [info] Iteration 322: Applied NNI move (1534, 1533), no. accepts: 147, new log likelihood: -2032759.0004048827, current phi: 0.0010668112868412113, current nu: 0.4393431456922986
[2025-10-20 15:52:32.244] [multi_logger] [info] Iteration 323: Applied NNI move (269, 264), no. accepts: 148, new log likelihood: -2032758.0566928373, current phi: 0.0010500833557094888, current nu: 0.43935300419039564
[2025-10-20 15:52:32.920] [multi_logger] [info] Iteration 324: Rejected NNI move (820, 818), proposed log likelihood: -2032758.0566928373
[2025-10-20 15:52:33.579] [multi_logger] [info] Iteration 325: Applied NNI move (721, 715), no. accepts: 149, new log likelihood: -2032756.3572426972, current phi: 0.0010333459028911422, current nu: 0.4395753609478188
[2025-10-20 15:52:34.205] [multi_logger] [info] Iteration 326: Rejected NNI move (121, 125), proposed log likelihood: -2032756.3572426972
[2025-10-20 15:52:34.849] [multi_logger] [info] Iteration 327: Applied NNI move (593, 461), no. accepts: 150, new log likelihood: -2032756.2414295902, current phi: 0.0010166429008994847, current nu: 0.43959405764070025
[2025-10-20 15:52:35.488] [multi_logger] [info] Iteration 328: Applied NNI move (1075, 1076), no. accepts: 151, new log likelihood: -2032756.2224139108, current phi: 0.0010003271914330375, current nu: 0.43962539403746326
[2025-10-20 15:52:36.140] [multi_logger] [info] Iteration 329: Rejected NNI move (1620, 1619), proposed log likelihood: -2032756.2224139108
[2025-10-20 15:52:36.788] [multi_logger] [info] Iteration 330: Rejected NNI move (100, 113), proposed log likelihood: -2032756.2224139108
[2025-10-20 15:52:37.429] [multi_logger] [info] Iteration 331: Rejected NNI move (603, 614), proposed log likelihood: -2032756.2224139108
[2025-10-20 15:52:38.094] [multi_logger] [info] Iteration 332: Applied NNI move (890, 891), no. accepts: 152, new log likelihood: -2032756.214838873, current phi: 0.000984324110263677, current nu: 0.4396582024101037
[2025-10-20 15:52:38.760] [multi_logger] [info] Iteration 333: Rejected NNI move (169, 168), proposed log likelihood: -2032756.214838873
[2025-10-20 15:52:39.479] [multi_logger] [info] Iteration 334: Applied NNI move (516, 493), no. accepts: 153, new log likelihood: -2032754.8570145427, current phi: 0.0009684729511890537, current nu: 0.43958545343518535
[2025-10-20 15:52:40.131] [multi_logger] [info] Iteration 335: Applied NNI move (1445, 1451), no. accepts: 154, new log likelihood: -2032748.9465776582, current phi: 0.0009543753991357369, current nu: 0.4398257260338621
[2025-10-20 15:52:40.708] [multi_logger] [info] Iteration 336: Applied NNI move (30, 34), no. accepts: 155, new log likelihood: -2032748.2180399774, current phi: 0.0009399628060235343, current nu: 0.43986864001543285
[2025-10-20 15:52:41.367] [multi_logger] [info] Iteration 337: Applied NNI move (1423, 3), no. accepts: 156, new log likelihood: -2032746.1686150483, current phi: 0.0009257381143464047, current nu: 0.43996779667026875
[2025-10-20 15:52:42.039] [multi_logger] [info] Iteration 338: Rejected NNI move (1517, 1513), proposed log likelihood: -2032746.1686150483
[2025-10-20 15:52:42.697] [multi_logger] [info] Iteration 339: Rejected NNI move (331, 330), proposed log likelihood: -2032746.1686150483
[2025-10-20 15:52:43.347] [multi_logger] [info] Iteration 340: Applied NNI move (710, 87), no. accepts: 157, new log likelihood: -2032742.170446266, current phi: 0.0009116676552123422, current nu: 0.44011552206040694
[2025-10-20 15:52:44.001] [multi_logger] [info] Iteration 341: Applied NNI move (119, 115), no. accepts: 158, new log likelihood: -2032741.6656575021, current phi: 0.0008976184528310252, current nu: 0.44017754954429744
[2025-10-20 15:52:44.667] [multi_logger] [info] Iteration 342: Applied NNI move (2, 1421), no. accepts: 159, new log likelihood: -2032737.6688109352, current phi: 0.0008837208713759896, current nu: 0.44023657928236687
[2025-10-20 15:52:45.314] [multi_logger] [info] Iteration 343: Rejected NNI move (700, 684), proposed log likelihood: -2032737.6688109352
[2025-10-20 15:52:45.951] [multi_logger] [info] Iteration 344: Rejected NNI move (1292, 1297), proposed log likelihood: -2032737.6688109352
[2025-10-20 15:52:46.628] [multi_logger] [info] Iteration 345: Applied NNI move (704, 91), no. accepts: 160, new log likelihood: -2032726.400055247, current phi: 0.0008696699063452259, current nu: 0.440300911756803
[2025-10-20 15:52:47.247] [multi_logger] [info] Iteration 346: Applied NNI move (128, 115), no. accepts: 161, new log likelihood: -2032719.4048377862, current phi: 0.00085521399381392, current nu: 0.44016932286692084
[2025-10-20 15:52:47.933] [multi_logger] [info] Iteration 347: Rejected NNI move (876, 873), proposed log likelihood: -2032719.4048377862
[2025-10-20 15:52:48.608] [multi_logger] [info] Iteration 348: Applied NNI move (545, 586), no. accepts: 162, new log likelihood: -2032716.94701586, current phi: 0.0008410914353479504, current nu: 0.44013811829467797
[2025-10-20 15:52:49.262] [multi_logger] [info] Iteration 349: Rejected NNI move (250, 247), proposed log likelihood: -2032716.94701586
[2025-10-20 15:52:49.938] [multi_logger] [info] Iteration 350: Applied NNI move (853, 852), no. accepts: 163, new log likelihood: -2032716.8119500962, current phi: 0.000829098773628035, current nu: 0.4402955203222219
[2025-10-20 15:52:50.589] [multi_logger] [info] Iteration 351: Rejected NNI move (780, 792), proposed log likelihood: -2032716.8119500962
[2025-10-20 15:52:51.241] [multi_logger] [info] Iteration 352: Rejected NNI move (1096, 1120), proposed log likelihood: -2032716.8119500962
[2025-10-20 15:52:51.896] [multi_logger] [info] Iteration 353: Applied NNI move (223, 193), no. accepts: 164, new log likelihood: -2032713.6133443946, current phi: 0.0008160427693780887, current nu: 0.44034094725503176
[2025-10-20 15:52:52.539] [multi_logger] [info] Iteration 354: Rejected NNI move (81, 15), proposed log likelihood: -2032713.6133443946
[2025-10-20 15:52:53.195] [multi_logger] [info] Iteration 355: Applied NNI move (585, 574), no. accepts: 165, new log likelihood: -2032708.038298762, current phi: 0.0008031640329757933, current nu: 0.44047579531049
[2025-10-20 15:52:53.845] [multi_logger] [info] Iteration 356: Applied NNI move (508, 503), no. accepts: 166, new log likelihood: -2032707.9473333126, current phi: 0.0007906033915367722, current nu: 0.44061446190972386
[2025-10-20 15:52:54.511] [multi_logger] [info] Iteration 357: Rejected NNI move (1273, 1286), proposed log likelihood: -2032707.9473333126
[2025-10-20 15:52:55.193] [multi_logger] [info] Iteration 358: Rejected NNI move (700, 687), proposed log likelihood: -2032707.9473333126
[2025-10-20 15:52:55.835] [multi_logger] [info] Iteration 359: Applied NNI move (618, 615), no. accepts: 167, new log likelihood: -2032706.9644930572, current phi: 0.0007781594997422823, current nu: 0.4406300139030311
[2025-10-20 15:52:56.523] [multi_logger] [info] Iteration 360: Rejected NNI move (1146, 1151), proposed log likelihood: -2032706.9644930572
[2025-10-20 15:52:57.153] [multi_logger] [info] Iteration 361: Applied NNI move (864, 861), no. accepts: 168, new log likelihood: -2032700.9241664782, current phi: 0.0007660659402713758, current nu: 0.440756920092263
[2025-10-20 15:52:57.847] [multi_logger] [info] Iteration 362: Rejected NNI move (84, 748), proposed log likelihood: -2032700.9241664782
[2025-10-20 15:52:58.627] [multi_logger] [info] Iteration 363: Applied NNI move (1351, 1349), no. accepts: 169, new log likelihood: -2032699.664036491, current phi: 0.0007556578421372669, current nu: 0.441085786548809
[2025-10-20 15:52:59.261] [multi_logger] [info] Iteration 364: Rejected NNI move (780, 792), proposed log likelihood: -2032699.664036491
[2025-10-20 15:52:59.883] [multi_logger] [info] Iteration 365: Rejected NNI move (929, 937), proposed log likelihood: -2032699.664036491
[2025-10-20 15:53:00.574] [multi_logger] [info] Iteration 366: Rejected NNI move (1566, 1570), proposed log likelihood: -2032699.664036491
[2025-10-20 15:53:01.196] [multi_logger] [info] Iteration 367: Rejected NNI move (1178, 1183), proposed log likelihood: -2032699.664036491
[2025-10-20 15:53:01.857] [multi_logger] [info] Iteration 368: Rejected NNI move (1350, 1347), proposed log likelihood: -2032699.664036491
[2025-10-20 15:53:02.500] [multi_logger] [info] Iteration 369: Rejected NNI move (724, 714), proposed log likelihood: -2032699.664036491
[2025-10-20 15:53:03.139] [multi_logger] [info] Iteration 370: Rejected NNI move (724, 715), proposed log likelihood: -2032699.664036491
[2025-10-20 15:53:03.786] [multi_logger] [info] Iteration 371: Rejected NNI move (1152, 1148), proposed log likelihood: -2032699.664036491
[2025-10-20 15:53:04.449] [multi_logger] [info] Iteration 372: Applied NNI move (998, 997), no. accepts: 170, new log likelihood: -2032699.414498696, current phi: 0.0007458748094223608, current nu: 0.44130955182032133
[2025-10-20 15:53:05.081] [multi_logger] [info] Iteration 373: Rejected NNI move (722, 730), proposed log likelihood: -2032699.414498696
[2025-10-20 15:53:05.753] [multi_logger] [info] Iteration 374: Applied NNI move (1408, 1358), no. accepts: 171, new log likelihood: -2032699.3264306986, current phi: 0.0007356761356613477, current nu: 0.441351297291761
[2025-10-20 15:53:06.400] [multi_logger] [info] Iteration 375: Applied NNI move (95, 252), no. accepts: 172, new log likelihood: -2032696.3191988952, current phi: 0.0007255889038182197, current nu: 0.44139936856953915
[2025-10-20 15:53:07.092] [multi_logger] [info] Iteration 376: Applied NNI move (2, 4), no. accepts: 173, new log likelihood: -2032693.989998167, current phi: 0.0007155990962983657, current nu: 0.44149658010438486
[2025-10-20 15:53:07.764] [multi_logger] [info] Iteration 377: Rejected NNI move (20, 19), proposed log likelihood: -2032693.989998167
[2025-10-20 15:53:08.403] [multi_logger] [info] Iteration 378: Rejected NNI move (1223, 1222), proposed log likelihood: -2032693.989998167
[2025-10-20 15:53:09.035] [multi_logger] [info] Iteration 379: Rejected NNI move (52, 55), proposed log likelihood: -2032693.989998167
[2025-10-20 15:53:09.684] [multi_logger] [info] Iteration 380: Rejected NNI move (1231, 1215), proposed log likelihood: -2032693.989998167
[2025-10-20 15:53:10.323] [multi_logger] [info] Iteration 381: Rejected NNI move (87, 731), proposed log likelihood: -2032693.989998167
[2025-10-20 15:53:11.001] [multi_logger] [info] Iteration 382: Rejected NNI move (309, 337), proposed log likelihood: -2032693.989998167
[2025-10-20 15:53:11.646] [multi_logger] [info] Iteration 383: Rejected NNI move (405, 399), proposed log likelihood: -2032693.989998167
[2025-10-20 15:53:12.304] [multi_logger] [info] Iteration 384: Applied NNI move (171, 173), no. accepts: 174, new log likelihood: -2032693.8338263684, current phi: 0.0007056823356392753, current nu: 0.4415400505384903
[2025-10-20 15:53:12.928] [multi_logger] [info] Iteration 385: Applied NNI move (1217, 1227), no. accepts: 175, new log likelihood: -2032693.8233650753, current phi: 0.0006958872224308334, current nu: 0.4415659219839419
[2025-10-20 15:53:13.597] [multi_logger] [info] Iteration 386: Applied NNI move (1332, 1242), no. accepts: 176, new log likelihood: -2032693.8145609193, current phi: 0.0006862344430854045, current nu: 0.44158951290867726
[2025-10-20 15:53:14.237] [multi_logger] [info] Iteration 387: Applied NNI move (927, 929), no. accepts: 177, new log likelihood: -2032693.77179959, current phi: 0.0006767244322961619, current nu: 0.4416122013634791
[2025-10-20 15:53:14.908] [multi_logger] [info] Iteration 388: Rejected NNI move (1026, 1049), proposed log likelihood: -2032693.77179959
[2025-10-20 15:53:15.570] [multi_logger] [info] Iteration 389: Applied NNI move (269, 265), no. accepts: 178, new log likelihood: -2032692.9841397088, current phi: 0.0006676825586327842, current nu: 0.44171940021502915
[2025-10-20 15:53:16.224] [multi_logger] [info] Iteration 390: Rejected NNI move (346, 427), proposed log likelihood: -2032692.9841397088
[2025-10-20 15:53:16.897] [multi_logger] [info] Iteration 391: Rejected NNI move (1120, 1122), proposed log likelihood: -2032692.9841397088
[2025-10-20 15:53:17.564] [multi_logger] [info] Iteration 392: Rejected NNI move (564, 567), proposed log likelihood: -2032692.9841397088
[2025-10-20 15:53:18.220] [multi_logger] [info] Iteration 393: Applied NNI move (1310, 1265), no. accepts: 179, new log likelihood: -2032686.980236277, current phi: 0.0006585200693868183, current nu: 0.441756005292757
[2025-10-20 15:53:18.887] [multi_logger] [info] Iteration 394: Applied NNI move (900, 919), no. accepts: 180, new log likelihood: -2032673.3060277938, current phi: 0.0006491143566179902, current nu: 0.4417836791647888
[2025-10-20 15:53:19.537] [multi_logger] [info] Iteration 395: Applied NNI move (1077, 1076), no. accepts: 181, new log likelihood: -2032668.7973650838, current phi: 0.000639291413585072, current nu: 0.441362437926883
[2025-10-20 15:53:20.186] [multi_logger] [info] Iteration 396: Applied NNI move (261, 273), no. accepts: 182, new log likelihood: -2032668.3018773969, current phi: 0.0006302866776656773, current nu: 0.44134029664704966
[2025-10-20 15:53:20.869] [multi_logger] [info] Iteration 397: Applied NNI move (1527, 1526), no. accepts: 183, new log likelihood: -2032668.2105195215, current phi: 0.0006214724066258208, current nu: 0.4413642662607473
[2025-10-20 15:53:21.528] [multi_logger] [info] Iteration 398: Rejected NNI move (259, 256), proposed log likelihood: -2032668.2105195215
[2025-10-20 15:53:22.227] [multi_logger] [info] Iteration 399: Applied NNI move (399, 401), no. accepts: 184, new log likelihood: -2032668.1045772005, current phi: 0.0006127556267493656, current nu: 0.4413802435058408
[2025-10-20 15:53:22.865] [multi_logger] [info] Iteration 400: Applied NNI move (1158, 1160), no. accepts: 185, new log likelihood: -2032667.9650812452, current phi: 0.0006041146178454684, current nu: 0.4413883062917913
[2025-10-20 15:53:23.509] [multi_logger] [info] Iteration 401: Applied NNI move (202, 214), no. accepts: 186, new log likelihood: -2032663.2054813227, current phi: 0.0005962426767232943, current nu: 0.44210580137017996
[2025-10-20 15:53:24.147] [multi_logger] [info] Iteration 402: Rejected NNI move (474, 472), proposed log likelihood: -2032663.2054813227
[2025-10-20 15:53:24.814] [multi_logger] [info] Iteration 403: Rejected NNI move (346, 427), proposed log likelihood: -2032663.2054813227
[2025-10-20 15:53:25.447] [multi_logger] [info] Iteration 404: Applied NNI move (593, 544), no. accepts: 187, new log likelihood: -2032662.008323821, current phi: 0.000587501460475365, current nu: 0.44207880180354686
[2025-10-20 15:53:26.157] [multi_logger] [info] Iteration 405: Applied NNI move (1519, 1518), no. accepts: 188, new log likelihood: -2032658.7448094254, current phi: 0.0005788831343549819, current nu: 0.44214813540319914
[2025-10-20 15:53:26.833] [multi_logger] [info] Iteration 406: Rejected NNI move (1026, 1048), proposed log likelihood: -2032658.7448094254
[2025-10-20 15:53:27.481] [multi_logger] [info] Iteration 407: Rejected NNI move (331, 329), proposed log likelihood: -2032658.7448094254
[2025-10-20 15:53:28.207] [multi_logger] [info] Iteration 408: Rejected NNI move (185, 188), proposed log likelihood: -2032658.7448094254
[2025-10-20 15:53:28.890] [multi_logger] [info] Iteration 409: Rejected NNI move (973, 971), proposed log likelihood: -2032658.7448094254
[2025-10-20 15:53:29.543] [multi_logger] [info] Iteration 410: Rejected NNI move (692, 690), proposed log likelihood: -2032658.7448094254
[2025-10-20 15:53:30.201] [multi_logger] [info] Iteration 411: Applied NNI move (654, 94), no. accepts: 189, new log likelihood: -2032658.3723201542, current phi: 0.000570370260797548, current nu: 0.4421896040422016
[2025-10-20 15:53:30.843] [multi_logger] [info] Iteration 412: Applied NNI move (1535, 1531), no. accepts: 190, new log likelihood: -2032654.6698703656, current phi: 0.0005626454358785491, current nu: 0.4424446268059852
[2025-10-20 15:53:31.499] [multi_logger] [info] Iteration 413: Applied NNI move (156, 180), no. accepts: 191, new log likelihood: -2032644.2574334298, current phi: 0.0005547529707886985, current nu: 0.44263755371529995
[2025-10-20 15:53:32.144] [multi_logger] [info] Iteration 414: Applied NNI move (1291, 1284), no. accepts: 192, new log likelihood: -2032643.1121652364, current phi: 0.0005469547079795819, current nu: 0.44272139617634093
[2025-10-20 15:53:32.811] [multi_logger] [info] Iteration 415: Applied NNI move (479, 481), no. accepts: 193, new log likelihood: -2032641.8102532197, current phi: 0.0005389950692181477, current nu: 0.44272991561342884
[2025-10-20 15:53:33.648] [multi_logger] [info] Iteration 416: Rejected NNI move (879, 891), proposed log likelihood: -2032641.8102532197
[2025-10-20 15:53:34.298] [multi_logger] [info] Iteration 417: Applied NNI move (1631, 1634), no. accepts: 194, new log likelihood: -2032641.2765058798, current phi: 0.0005311063206319874, current nu: 0.4427391246729621
[2025-10-20 15:53:34.945] [multi_logger] [info] Iteration 418: Rejected NNI move (91, 704), proposed log likelihood: -2032641.2765058798
[2025-10-20 15:53:34.945] [multi_logger] [info] Terminating: no acceptable move or improvement <  at iteration 419
[2025-10-20 15:53:34.945] [multi_logger] [info] Simulated annealing completed after 419 iterations. Final log likelihood: -2032641.2765058798
[2025-10-20 15:53:34.949] [multi_logger] [info] Num missing entries: 9846 Num not missing entries: 30090
[2025-10-20 15:53:35.021] [multi_logger] [info] EM iteration: 0 Log likelihood: -2074523.3005279186
[2025-10-20 15:53:35.021] [multi_logger] [info] Nu: 0.693670392036438 Phi: 0.8098391890525818
[2025-10-20 15:53:35.203] [multi_logger] [info] EM iteration: 1 Log likelihood: -2033702.8258147147
[2025-10-20 15:53:35.203] [multi_logger] [info] Nu: 0.16043135285727583 Phi: 0.17332640638449107
[2025-10-20 15:53:35.361] [multi_logger] [info] EM iteration: 2 Log likelihood: -2033220.4924963466
[2025-10-20 15:53:35.361] [multi_logger] [info] Nu: 0.17230191799557062 Phi: 0.13637127516984981
[2025-10-20 15:53:35.529] [multi_logger] [info] EM iteration: 3 Log likelihood: -2033047.3647061074
[2025-10-20 15:53:35.529] [multi_logger] [info] Nu: 0.1983763373908267 Phi: 0.11929769726567457
[2025-10-20 15:53:35.694] [multi_logger] [info] EM iteration: 4 Log likelihood: -2032948.372314583
[2025-10-20 15:53:35.694] [multi_logger] [info] Nu: 0.22161481220850635 Phi: 0.10672076032374882
[2025-10-20 15:53:35.851] [multi_logger] [info] EM iteration: 5 Log likelihood: -2032883.7975468445
[2025-10-20 15:53:35.851] [multi_logger] [info] Nu: 0.2411241418260668 Phi: 0.09674760237732777
[2025-10-20 15:53:36.045] [multi_logger] [info] EM iteration: 6 Log likelihood: -2032839.0768429732
[2025-10-20 15:53:36.045] [multi_logger] [info] Nu: 0.2574767695606886 Phi: 0.08863312246357619
[2025-10-20 15:53:36.224] [multi_logger] [info] EM iteration: 7 Log likelihood: -2032806.7341557068
[2025-10-20 15:53:36.224] [multi_logger] [info] Nu: 0.27129637708378784 Phi: 0.08191272043919921
[2025-10-20 15:53:36.390] [multi_logger] [info] EM iteration: 8 Log likelihood: -2032782.3639293183
[2025-10-20 15:53:36.390] [multi_logger] [info] Nu: 0.2831074998083658 Phi: 0.07624951379684315
[2025-10-20 15:53:36.761] [multi_logger] [info] Best log likelihood: -2032763.3357298158
[2025-10-20 15:53:36.761] [multi_logger] [info] Total runtime: 279057 ms
[2025-10-20 15:53:36.761] [multi_logger] [info] Writing best tree to file...
[2025-10-20 15:53:36.762] [multi_logger] [info] Optimized tree written to fastlaml_colonies_clone3.stepwise_addition_08_tree.newick
[2025-10-20 15:53:36.762] [multi_logger] [info] data_type: observation-matrix, writing posterior probs and argmax probs.
[2025-10-20 15:53:37.092] [multi_logger] [info] Posterior matrix written to fastlaml_colonies_clone3.stepwise_addition_08_posterior_probs.csv
[2025-10-20 15:53:37.103] [multi_logger] [info] Argmax matrix written to fastlaml_colonies_clone3.stepwise_addition_08_posterior_argmax.csv
[2025-10-20 15:53:37.104] [multi_logger] [info] JSON summary written to fastlaml_colonies_clone3.stepwise_addition_08_results.json
[2025-10-20 15:53:37.104] [multi_logger] [info] Tree search and optimization completed. Log likelihood: -2032763.3357298158
