[2025-10-28 21:09:20.503] [multi_logger] [info] Logger initialized
[2025-10-28 21:09:20.504] [multi_logger] [info] Command: /Users/gc3045/git/fast-laml/build/src/fastlaml --matrix /Users/gc3045/git/laml2-experiments/real_data/PEtracer/inputs/colonies_clone3_kde_scores.csv --tree clone3.stepwise_addition_09.nwk --output fastlaml_colonies_clone3.stepwise_addition_09 --mode search --seed 0 --max-iterations 5000 --ultrametric -d observation-matrix -v
[2025-10-28 21:09:20.504] [multi_logger] [info] Loading tree from Newick file...
[2025-10-28 21:09:20.505] [multi_logger] [info] Processing matrix and mutation priors...
[2025-10-28 21:09:20.586] [multi_logger] [info] Found 832 taxa and 48 characters
[2025-10-28 21:09:20.586] [multi_logger] [info] No mutation priors provided. Assuming uniform priors.
[2025-10-28 21:09:20.586] [multi_logger] [info] Generating uniform priors for observation matrix w 8 states...
[2025-10-28 21:09:20.595] [multi_logger] [info] === END OF IO SUMMARY ===
[2025-10-28 21:09:20.595] [multi_logger] [info] Number of characters: 48
[2025-10-28 21:09:20.595] [multi_logger] [info] Max alphabet size: 8
[2025-10-28 21:09:20.595] [multi_logger] [info] Data type: observation-matrix

[2025-10-28 21:09:20.601] [multi_logger] [info] Searching for optimal tree...
[2025-10-28 21:09:20.604] [multi_logger] [info] Num missing entries: 9846 Num not missing entries: 30090
[2025-10-28 21:09:20.672] [multi_logger] [info] EM iteration: 0 Log likelihood: -2065353.45805391
[2025-10-28 21:09:20.672] [multi_logger] [info] Nu: 0.5439321398735046 Phi: 0.5835601091384888
[2025-10-28 21:09:20.966] [multi_logger] [info] EM iteration: 1 Log likelihood: -2036262.3070776323
[2025-10-28 21:09:20.966] [multi_logger] [info] Nu: 0.010913991423945233 Phi: 0.23778625003954668
[2025-10-28 21:09:21.172] [multi_logger] [info] EM iteration: 2 Log likelihood: -2035334.6766422226
[2025-10-28 21:09:21.172] [multi_logger] [info] Nu: 0.02279343476242539 Phi: 0.21780895948916087
[2025-10-28 21:09:21.375] [multi_logger] [info] EM iteration: 3 Log likelihood: -2034937.2296738958
[2025-10-28 21:09:21.375] [multi_logger] [info] Nu: 0.04254921318258657 Phi: 0.2019902577813559
[2025-10-28 21:09:21.543] [multi_logger] [info] EM iteration: 4 Log likelihood: -2034627.736379424
[2025-10-28 21:09:21.543] [multi_logger] [info] Nu: 0.06774741305685957 Phi: 0.18581495824672994
[2025-10-28 21:09:21.783] [multi_logger] [info] EM iteration: 5 Log likelihood: -2034370.0927835568
[2025-10-28 21:09:21.783] [multi_logger] [info] Nu: 0.0959194815816452 Phi: 0.16942830128467945
[2025-10-28 21:09:22.026] [multi_logger] [info] EM iteration: 6 Log likelihood: -2034164.8954374206
[2025-10-28 21:09:22.026] [multi_logger] [info] Nu: 0.12465282873907613 Phi: 0.15368479152858117
[2025-10-28 21:09:22.234] [multi_logger] [info] EM iteration: 7 Log likelihood: -2034007.167990008
[2025-10-28 21:09:22.234] [multi_logger] [info] Nu: 0.1520606285445258 Phi: 0.13932062295655334
[2025-10-28 21:09:22.425] [multi_logger] [info] EM iteration: 8 Log likelihood: -2033889.5414775796
[2025-10-28 21:09:22.425] [multi_logger] [info] Nu: 0.17696938323751765 Phi: 0.126609207793903
[2025-10-28 21:09:22.638] [multi_logger] [info] EM iteration: 9 Log likelihood: -2033803.0621513815
[2025-10-28 21:09:22.638] [multi_logger] [info] Nu: 0.19889506253923864 Phi: 0.11562265346058921
[2025-10-28 21:09:22.866] [multi_logger] [info] EM iteration: 10 Log likelihood: -2033738.5850951648
[2025-10-28 21:09:22.866] [multi_logger] [info] Nu: 0.21785462213408008 Phi: 0.1062215140203398
[2025-10-28 21:09:23.076] [multi_logger] [info] EM iteration: 11 Log likelihood: -2033689.1086026425
[2025-10-28 21:09:23.076] [multi_logger] [info] Nu: 0.23414997503935614 Phi: 0.09816063393100208
[2025-10-28 21:09:23.298] [multi_logger] [info] EM iteration: 12 Log likelihood: -2033650.4312103605
[2025-10-28 21:09:23.298] [multi_logger] [info] Nu: 0.24817837743836305 Phi: 0.09119669338014592
[2025-10-28 21:09:23.517] [multi_logger] [info] EM iteration: 13 Log likelihood: -2033620.2786094472
[2025-10-28 21:09:23.517] [multi_logger] [info] Nu: 0.260313450151187 Phi: 0.08514715058489043
[2025-10-28 21:09:23.723] [multi_logger] [info] EM iteration: 14 Log likelihood: -2033597.0083287735
[2025-10-28 21:09:23.723] [multi_logger] [info] Nu: 0.27085747626797435 Phi: 0.07988482474809498
[2025-10-28 21:09:24.097] [multi_logger] [info] Starting simulated annealing with initial log likelihood: -2033579.0614315465
[2025-10-28 21:09:24.822] [multi_logger] [info] Iteration 0: Applied NNI move (374, 415), no. accepts: 0, new log likelihood: -2033563.2638017356, current phi: 0.06779686624028265, current nu: 0.2950753642672352
[2025-10-28 21:09:25.515] [multi_logger] [info] Iteration 1: Applied NNI move (200, 167), no. accepts: 1, new log likelihood: -2033544.7758514318, current phi: 0.06189891936395927, current nu: 0.30698495242679347
[2025-10-28 21:09:26.155] [multi_logger] [info] Iteration 2: Applied NNI move (311, 310), no. accepts: 2, new log likelihood: -2033532.1130295084, current phi: 0.05707483981426632, current nu: 0.31679580500585147
[2025-10-28 21:09:26.833] [multi_logger] [info] Iteration 3: Applied NNI move (211, 163), no. accepts: 3, new log likelihood: -2033510.297076724, current phi: 0.052973888316182986, current nu: 0.3250245068171921
[2025-10-28 21:09:27.525] [multi_logger] [info] Iteration 4: Rejected NNI move (575, 615), proposed log likelihood: -2033510.297076724
[2025-10-28 21:09:28.234] [multi_logger] [info] Iteration 5: Rejected NNI move (969, 1124), proposed log likelihood: -2033510.297076724
[2025-10-28 21:09:28.894] [multi_logger] [info] Iteration 6: Applied NNI move (1032, 1078), no. accepts: 4, new log likelihood: -2033497.3575662812, current phi: 0.04945599504369295, current nu: 0.3321239095732655
[2025-10-28 21:09:29.582] [multi_logger] [info] Iteration 7: Rejected NNI move (395, 407), proposed log likelihood: -2033497.3575662812
[2025-10-28 21:09:30.232] [multi_logger] [info] Iteration 8: Applied NNI move (1037, 1046), no. accepts: 5, new log likelihood: -2033477.484112069, current phi: 0.04641602192674763, current nu: 0.33852525317855786
[2025-10-28 21:09:30.920] [multi_logger] [info] Iteration 9: Applied NNI move (856, 880), no. accepts: 6, new log likelihood: -2033474.0268912339, current phi: 0.043808791003071314, current nu: 0.34399153699181456
[2025-10-28 21:09:31.580] [multi_logger] [info] Iteration 10: Applied NNI move (1249, 1243), no. accepts: 7, new log likelihood: -2033468.466564959, current phi: 0.04152819773358313, current nu: 0.34850349690313837
[2025-10-28 21:09:32.264] [multi_logger] [info] Iteration 11: Rejected NNI move (1456, 1449), proposed log likelihood: -2033468.466564959
[2025-10-28 21:09:32.944] [multi_logger] [info] Iteration 12: Applied NNI move (1423, 1376), no. accepts: 8, new log likelihood: -2033434.8175103124, current phi: 0.0395370064739916, current nu: 0.35271977530496385
[2025-10-28 21:09:33.647] [multi_logger] [info] Iteration 13: Applied NNI move (1441, 1440), no. accepts: 9, new log likelihood: -2033433.3954611595, current phi: 0.0379850692335726, current nu: 0.3560758374370765
[2025-10-28 21:09:34.326] [multi_logger] [info] Iteration 14: Applied NNI move (1202, 1205), no. accepts: 10, new log likelihood: -2033430.9681273866, current phi: 0.036572328308264, current nu: 0.358966640847213
[2025-10-28 21:09:35.011] [multi_logger] [info] Iteration 15: Applied NNI move (119, 105), no. accepts: 11, new log likelihood: -2033428.3651488516, current phi: 0.0353063947500743, current nu: 0.361495217265988
[2025-10-28 21:09:35.703] [multi_logger] [info] Iteration 16: Applied NNI move (69, 66), no. accepts: 12, new log likelihood: -2033426.6976139597, current phi: 0.034163011053515345, current nu: 0.36376304363706563
[2025-10-28 21:09:36.390] [multi_logger] [info] Iteration 17: Applied NNI move (6, 144), no. accepts: 13, new log likelihood: -2033408.832591332, current phi: 0.0331214729154569, current nu: 0.36616350389072416
[2025-10-28 21:09:37.102] [multi_logger] [info] Iteration 18: Rejected NNI move (975, 974), proposed log likelihood: -2033408.832591332
[2025-10-28 21:09:37.784] [multi_logger] [info] Iteration 19: Rejected NNI move (1116, 1119), proposed log likelihood: -2033408.832591332
[2025-10-28 21:09:38.508] [multi_logger] [info] Iteration 20: Rejected NNI move (549, 642), proposed log likelihood: -2033408.832591332
[2025-10-28 21:09:39.175] [multi_logger] [info] Iteration 21: Rejected NNI move (1018, 1078), proposed log likelihood: -2033408.832591332
[2025-10-28 21:09:39.899] [multi_logger] [info] Iteration 22: Rejected NNI move (1454, 1453), proposed log likelihood: -2033408.832591332
[2025-10-28 21:09:40.616] [multi_logger] [info] Iteration 23: Rejected NNI move (1359, 1369), proposed log likelihood: -2033408.832591332
[2025-10-28 21:09:41.310] [multi_logger] [info] Iteration 24: Applied NNI move (332, 245), no. accepts: 14, new log likelihood: -2033395.920751833, current phi: 0.032159216173186, current nu: 0.3680734268178206
[2025-10-28 21:09:41.998] [multi_logger] [info] Iteration 25: Applied NNI move (1584, 1586), no. accepts: 15, new log likelihood: -2033392.440822844, current phi: 0.031336990616337705, current nu: 0.3697723300110622
[2025-10-28 21:09:42.683] [multi_logger] [info] Iteration 26: Rejected NNI move (983, 982), proposed log likelihood: -2033392.440822844
[2025-10-28 21:09:43.352] [multi_logger] [info] Iteration 27: Applied NNI move (71, 138), no. accepts: 16, new log likelihood: -2033391.888521317, current phi: 0.03057730386127273, current nu: 0.37130174797617616
[2025-10-28 21:09:44.055] [multi_logger] [info] Iteration 28: Applied NNI move (1586, 1584), no. accepts: 17, new log likelihood: -2033390.3724255222, current phi: 0.029848774739332146, current nu: 0.37258131878458073
[2025-10-28 21:09:44.746] [multi_logger] [info] Iteration 29: Rejected NNI move (773, 787), proposed log likelihood: -2033390.3724255222
[2025-10-28 21:09:45.425] [multi_logger] [info] Iteration 30: Applied NNI move (152, 162), no. accepts: 18, new log likelihood: -2033389.8009493416, current phi: 0.029188708877355005, current nu: 0.37391516476221687
[2025-10-28 21:09:46.132] [multi_logger] [info] Iteration 31: Rejected NNI move (647, 697), proposed log likelihood: -2033389.8009493416
[2025-10-28 21:09:46.819] [multi_logger] [info] Iteration 32: Rejected NNI move (103, 98), proposed log likelihood: -2033389.8009493416
[2025-10-28 21:09:47.526] [multi_logger] [info] Iteration 33: Applied NNI move (1495, 1489), no. accepts: 19, new log likelihood: -2033384.5704123203, current phi: 0.028564357717588973, current nu: 0.37502224997105943
[2025-10-28 21:09:48.231] [multi_logger] [info] Iteration 34: Applied NNI move (1662, 1616), no. accepts: 20, new log likelihood: -2033367.6069465405, current phi: 0.027988793052964086, current nu: 0.3763854040036079
[2025-10-28 21:09:48.972] [multi_logger] [info] Iteration 35: Applied NNI move (339, 336), no. accepts: 21, new log likelihood: -2033363.721730344, current phi: 0.027462472426627582, current nu: 0.37759038973074716
[2025-10-28 21:09:49.652] [multi_logger] [info] Iteration 36: Rejected NNI move (1239, 1258), proposed log likelihood: -2033363.721730344
[2025-10-28 21:09:50.338] [multi_logger] [info] Iteration 37: Applied NNI move (1480, 1468), no. accepts: 22, new log likelihood: -2033363.2381800828, current phi: 0.026985955619759295, current nu: 0.3785685007011583
[2025-10-28 21:09:51.011] [multi_logger] [info] Iteration 38: Applied NNI move (699, 647), no. accepts: 23, new log likelihood: -2033345.7879711066, current phi: 0.02653765716936958, current nu: 0.3795055433245897
[2025-10-28 21:09:51.696] [multi_logger] [info] Iteration 39: Applied NNI move (1177, 1141), no. accepts: 24, new log likelihood: -2033344.517562721, current phi: 0.02611999747548359, current nu: 0.38027471796575446
[2025-10-28 21:09:52.385] [multi_logger] [info] Iteration 40: Applied NNI move (376, 386), no. accepts: 25, new log likelihood: -2033343.933911696, current phi: 0.025733158681396556, current nu: 0.38107200376766154
[2025-10-28 21:09:53.089] [multi_logger] [info] Iteration 41: Rejected NNI move (1354, 1611), proposed log likelihood: -2033343.933911696
[2025-10-28 21:09:53.763] [multi_logger] [info] Iteration 42: Applied NNI move (130, 132), no. accepts: 26, new log likelihood: -2033342.3935621933, current phi: 0.025369624771947784, current nu: 0.38182928275345057
[2025-10-28 21:09:54.466] [multi_logger] [info] Iteration 43: Applied NNI move (786, 774), no. accepts: 27, new log likelihood: -2033342.265745847, current phi: 0.025028632119526526, current nu: 0.3825204953667725
[2025-10-28 21:09:55.148] [multi_logger] [info] Iteration 44: Applied NNI move (505, 487), no. accepts: 28, new log likelihood: -2033335.954569912, current phi: 0.02470917614914178, current nu: 0.38326899070097703
[2025-10-28 21:09:55.827] [multi_logger] [info] Iteration 45: Rejected NNI move (571, 570), proposed log likelihood: -2033335.954569912
[2025-10-28 21:09:56.564] [multi_logger] [info] Iteration 46: Rejected NNI move (577, 609), proposed log likelihood: -2033335.954569912
[2025-10-28 21:09:57.253] [multi_logger] [info] Iteration 47: Rejected NNI move (572, 619), proposed log likelihood: -2033335.954569912
[2025-10-28 21:09:57.935] [multi_logger] [info] Iteration 48: Applied NNI move (700, 144), no. accepts: 29, new log likelihood: -2033318.8398940638, current phi: 0.02440341416100412, current nu: 0.38422697291773217
[2025-10-28 21:09:58.641] [multi_logger] [info] Iteration 49: Rejected NNI move (1641, 1640), proposed log likelihood: -2033318.8398940638
[2025-10-28 21:09:59.313] [multi_logger] [info] Iteration 50: Applied NNI move (471, 451), no. accepts: 30, new log likelihood: -2033307.2330572112, current phi: 0.02409668003256424, current nu: 0.38521318472146904
[2025-10-28 21:09:59.984] [multi_logger] [info] Iteration 51: Rejected NNI move (1628, 1631), proposed log likelihood: -2033307.2330572112
[2025-10-28 21:10:00.686] [multi_logger] [info] Iteration 52: Rejected NNI move (365, 359), proposed log likelihood: -2033307.2330572112
[2025-10-28 21:10:01.458] [multi_logger] [info] Iteration 53: Rejected NNI move (1468, 1480), proposed log likelihood: -2033307.2330572112
[2025-10-28 21:10:02.207] [multi_logger] [info] Iteration 54: Rejected NNI move (1254, 1253), proposed log likelihood: -2033307.2330572112
[2025-10-28 21:10:02.968] [multi_logger] [info] Iteration 55: Rejected NNI move (650, 662), proposed log likelihood: -2033307.2330572112
[2025-10-28 21:10:03.756] [multi_logger] [info] Iteration 56: Applied NNI move (237, 246), no. accepts: 31, new log likelihood: -2033293.9829955548, current phi: 0.023788698982228493, current nu: 0.38584286101114673
[2025-10-28 21:10:04.485] [multi_logger] [info] Iteration 57: Applied NNI move (1606, 1514), no. accepts: 32, new log likelihood: -2033291.7838701662, current phi: 0.023501049112382103, current nu: 0.3863318434911126
[2025-10-28 21:10:05.208] [multi_logger] [info] Iteration 58: Rejected NNI move (228, 223), proposed log likelihood: -2033291.7838701662
[2025-10-28 21:10:05.965] [multi_logger] [info] Iteration 59: Applied NNI move (494, 496), no. accepts: 33, new log likelihood: -2033287.8810221765, current phi: 0.023217740265121984, current nu: 0.38688145004749774
[2025-10-28 21:10:06.694] [multi_logger] [info] Iteration 60: Rejected NNI move (728, 1319), proposed log likelihood: -2033287.8810221765
[2025-10-28 21:10:07.438] [multi_logger] [info] Iteration 61: Applied NNI move (731, 757), no. accepts: 34, new log likelihood: -2033269.4721674817, current phi: 0.02294365591382928, current nu: 0.3878777017162659
[2025-10-28 21:10:08.212] [multi_logger] [info] Iteration 62: Rejected NNI move (1212, 1211), proposed log likelihood: -2033269.4721674817
[2025-10-28 21:10:08.992] [multi_logger] [info] Iteration 63: Applied NNI move (312, 318), no. accepts: 35, new log likelihood: -2033266.1036715705, current phi: 0.022677844140535496, current nu: 0.3884125197924127
[2025-10-28 21:10:09.693] [multi_logger] [info] Iteration 64: Rejected NNI move (929, 924), proposed log likelihood: -2033266.1036715705
[2025-10-28 21:10:10.413] [multi_logger] [info] Iteration 65: Applied NNI move (1615, 1617), no. accepts: 36, new log likelihood: -2033234.8555862433, current phi: 0.022428091594565776, current nu: 0.3892491599523036
[2025-10-28 21:10:11.111] [multi_logger] [info] Iteration 66: Applied NNI move (934, 933), no. accepts: 37, new log likelihood: -2033223.5932822342, current phi: 0.022248312253898284, current nu: 0.3900341518872377
[2025-10-28 21:10:11.900] [multi_logger] [info] Iteration 67: Applied NNI move (1378, 1384), no. accepts: 38, new log likelihood: -2033218.7772219498, current phi: 0.022061194703344104, current nu: 0.3904785384876334
[2025-10-28 21:10:12.615] [multi_logger] [info] Iteration 68: Applied NNI move (638, 637), no. accepts: 39, new log likelihood: -2033218.2847038808, current phi: 0.02188125918892119, current nu: 0.3908697291815461
[2025-10-28 21:10:13.312] [multi_logger] [info] Iteration 69: Rejected NNI move (1515, 1537), proposed log likelihood: -2033218.2847038808
[2025-10-28 21:10:14.021] [multi_logger] [info] Iteration 70: Rejected NNI move (623, 629), proposed log likelihood: -2033218.2847038808
[2025-10-28 21:10:14.735] [multi_logger] [info] Iteration 71: Applied NNI move (901, 894), no. accepts: 40, new log likelihood: -2033218.2681878298, current phi: 0.02171041262584011, current nu: 0.3912246724220352
[2025-10-28 21:10:15.419] [multi_logger] [info] Iteration 72: Rejected NNI move (17, 15), proposed log likelihood: -2033218.2681878298
[2025-10-28 21:10:16.101] [multi_logger] [info] Iteration 73: Rejected NNI move (1559, 1556), proposed log likelihood: -2033218.2681878298
[2025-10-28 21:10:16.813] [multi_logger] [info] Iteration 74: Rejected NNI move (1641, 1640), proposed log likelihood: -2033218.2681878298
[2025-10-28 21:10:17.526] [multi_logger] [info] Iteration 75: Rejected NNI move (1182, 1141), proposed log likelihood: -2033218.2681878298
[2025-10-28 21:10:18.248] [multi_logger] [info] Iteration 76: Applied NNI move (674, 650), no. accepts: 41, new log likelihood: -2033211.7030832348, current phi: 0.021551137328424022, current nu: 0.39122787162583983
[2025-10-28 21:10:18.992] [multi_logger] [info] Iteration 77: Applied NNI move (1027, 1025), no. accepts: 42, new log likelihood: -2033205.3753282581, current phi: 0.02140139186682574, current nu: 0.3916670756189074
[2025-10-28 21:10:19.713] [multi_logger] [info] Iteration 78: Rejected NNI move (351, 370), proposed log likelihood: -2033205.3753282581
[2025-10-28 21:10:20.425] [multi_logger] [info] Iteration 79: Rejected NNI move (614, 613), proposed log likelihood: -2033205.3753282581
[2025-10-28 21:10:21.193] [multi_logger] [info] Iteration 80: Rejected NNI move (758, 910), proposed log likelihood: -2033205.3753282581
[2025-10-28 21:10:21.922] [multi_logger] [info] Iteration 81: Applied NNI move (1130, 1127), no. accepts: 43, new log likelihood: -2033205.0811108032, current phi: 0.02125844289691353, current nu: 0.3919742492372579
[2025-10-28 21:10:22.621] [multi_logger] [info] Iteration 82: Applied NNI move (310, 238), no. accepts: 44, new log likelihood: -2033204.755403597, current phi: 0.021124981107819515, current nu: 0.39250502744275245
[2025-10-28 21:10:23.303] [multi_logger] [info] Iteration 83: Applied NNI move (252, 261), no. accepts: 45, new log likelihood: -2033204.6722664214, current phi: 0.020996386595232952, current nu: 0.3927721643776085
[2025-10-28 21:10:23.990] [multi_logger] [info] Iteration 84: Applied NNI move (285, 287), no. accepts: 46, new log likelihood: -2033196.024276983, current phi: 0.020875856307174392, current nu: 0.3932961441988806
[2025-10-28 21:10:24.689] [multi_logger] [info] Iteration 85: Rejected NNI move (1407, 1406), proposed log likelihood: -2033196.024276983
[2025-10-28 21:10:25.424] [multi_logger] [info] Iteration 86: Rejected NNI move (465, 457), proposed log likelihood: -2033196.024276983
[2025-10-28 21:10:26.161] [multi_logger] [info] Iteration 87: Applied NNI move (972, 979), no. accepts: 47, new log likelihood: -2033194.9569341072, current phi: 0.020761746088691333, current nu: 0.39373849370360664
[2025-10-28 21:10:26.887] [multi_logger] [info] Iteration 88: Rejected NNI move (1135, 1318), proposed log likelihood: -2033194.9569341072
[2025-10-28 21:10:27.581] [multi_logger] [info] Iteration 89: Rejected NNI move (1442, 1438), proposed log likelihood: -2033194.9569341072
[2025-10-28 21:10:28.314] [multi_logger] [info] Iteration 90: Applied NNI move (279, 281), no. accepts: 48, new log likelihood: -2033193.3625081938, current phi: 0.020659428277923844, current nu: 0.3939236973817062
[2025-10-28 21:10:29.026] [multi_logger] [info] Iteration 91: Applied NNI move (1009, 1008), no. accepts: 49, new log likelihood: -2033192.6215656004, current phi: 0.02056605103369872, current nu: 0.39395249797647536
[2025-10-28 21:10:29.720] [multi_logger] [info] Iteration 92: Rejected NNI move (448, 447), proposed log likelihood: -2033192.6215656004
[2025-10-28 21:10:30.434] [multi_logger] [info] Iteration 93: Rejected NNI move (1134, 1320), proposed log likelihood: -2033192.6215656004
[2025-10-28 21:10:31.138] [multi_logger] [info] Iteration 94: Rejected NNI move (130, 135), proposed log likelihood: -2033192.6215656004
[2025-10-28 21:10:31.875] [multi_logger] [info] Iteration 95: Rejected NNI move (447, 445), proposed log likelihood: -2033192.6215656004
[2025-10-28 21:10:32.583] [multi_logger] [info] Iteration 96: Rejected NNI move (533, 527), proposed log likelihood: -2033192.6215656004
[2025-10-28 21:10:33.314] [multi_logger] [info] Iteration 97: Rejected NNI move (1206, 1203), proposed log likelihood: -2033192.6215656004
[2025-10-28 21:10:34.028] [multi_logger] [info] Iteration 98: Rejected NNI move (1253, 1250), proposed log likelihood: -2033192.6215656004
[2025-10-28 21:10:34.725] [multi_logger] [info] Iteration 99: Applied NNI move (222, 148), no. accepts: 50, new log likelihood: -2033171.8595192644, current phi: 0.020478967416808404, current nu: 0.394293636157224
[2025-10-28 21:10:35.436] [multi_logger] [info] Iteration 100: Rejected NNI move (851, 902), proposed log likelihood: -2033171.8595192644
[2025-10-28 21:10:36.146] [multi_logger] [info] Iteration 101: Applied NNI move (59, 64), no. accepts: 51, new log likelihood: -2033167.9098288326, current phi: 0.02043547274565726, current nu: 0.3944868877427182
[2025-10-28 21:10:36.832] [multi_logger] [info] Iteration 102: Rejected NNI move (74, 128), proposed log likelihood: -2033167.9098288326
[2025-10-28 21:10:37.566] [multi_logger] [info] Iteration 103: Rejected NNI move (1, 1614), proposed log likelihood: -2033167.9098288326
[2025-10-28 21:10:38.247] [multi_logger] [info] Iteration 104: Applied NNI move (1199, 1198), no. accepts: 52, new log likelihood: -2033167.5999986434, current phi: 0.02040094482384878, current nu: 0.3945338249937677
[2025-10-28 21:10:38.961] [multi_logger] [info] Iteration 105: Rejected NNI move (1225, 1223), proposed log likelihood: -2033167.5999986434
[2025-10-28 21:10:39.664] [multi_logger] [info] Iteration 106: Rejected NNI move (1019, 1029), proposed log likelihood: -2033167.5999986434
[2025-10-28 21:10:40.354] [multi_logger] [info] Iteration 107: Rejected NNI move (1464, 1511), proposed log likelihood: -2033167.5999986434
[2025-10-28 21:10:41.123] [multi_logger] [info] Iteration 108: Rejected NNI move (725, 3), proposed log likelihood: -2033167.5999986434
[2025-10-28 21:10:41.865] [multi_logger] [info] Iteration 109: Rejected NNI move (262, 261), proposed log likelihood: -2033167.5999986434
[2025-10-28 21:10:42.624] [multi_logger] [info] Iteration 110: Rejected NNI move (1375, 1425), proposed log likelihood: -2033167.5999986434
[2025-10-28 21:10:43.349] [multi_logger] [info] Iteration 111: Rejected NNI move (701, 704), proposed log likelihood: -2033167.5999986434
[2025-10-28 21:10:44.055] [multi_logger] [info] Iteration 112: Rejected NNI move (496, 494), proposed log likelihood: -2033167.5999986434
[2025-10-28 21:10:44.757] [multi_logger] [info] Iteration 113: Rejected NNI move (646, 693), proposed log likelihood: -2033167.5999986434
[2025-10-28 21:10:45.477] [multi_logger] [info] Iteration 114: Rejected NNI move (247, 317), proposed log likelihood: -2033167.5999986434
[2025-10-28 21:10:46.159] [multi_logger] [info] Iteration 115: Applied NNI move (1400, 1399), no. accepts: 53, new log likelihood: -2033166.9254503287, current phi: 0.02037219480187119, current nu: 0.39458029139170736
[2025-10-28 21:10:46.897] [multi_logger] [info] Iteration 116: Rejected NNI move (1259, 1254), proposed log likelihood: -2033166.9254503287
[2025-10-28 21:10:47.640] [multi_logger] [info] Iteration 117: Rejected NNI move (1464, 1506), proposed log likelihood: -2033166.9254503287
[2025-10-28 21:10:48.350] [multi_logger] [info] Iteration 118: Applied NNI move (1389, 1398), no. accepts: 54, new log likelihood: -2033166.4239862608, current phi: 0.020348448114571538, current nu: 0.394786247341993
[2025-10-28 21:10:49.063] [multi_logger] [info] Iteration 119: Applied NNI move (705, 144), no. accepts: 55, new log likelihood: -2033150.6707626844, current phi: 0.020317702244186327, current nu: 0.39500410928300506
[2025-10-28 21:10:49.815] [multi_logger] [info] Iteration 120: Applied NNI move (1593, 1576), no. accepts: 56, new log likelihood: -2033146.845250932, current phi: 0.02027144593818221, current nu: 0.39506714102937873
[2025-10-28 21:10:50.551] [multi_logger] [info] Iteration 121: Rejected NNI move (1529, 1528), proposed log likelihood: -2033146.845250932
[2025-10-28 21:10:51.317] [multi_logger] [info] Iteration 122: Rejected NNI move (656, 654), proposed log likelihood: -2033146.845250932
[2025-10-28 21:10:52.046] [multi_logger] [info] Iteration 123: Rejected NNI move (648, 694), proposed log likelihood: -2033146.845250932
[2025-10-28 21:10:52.782] [multi_logger] [info] Iteration 124: Rejected NNI move (1249, 1247), proposed log likelihood: -2033146.845250932
[2025-10-28 21:10:53.484] [multi_logger] [info] Iteration 125: Applied NNI move (1310, 1309), no. accepts: 57, new log likelihood: -2033146.3733446654, current phi: 0.020217208958035696, current nu: 0.39512375253793397
[2025-10-28 21:10:54.216] [multi_logger] [info] Iteration 126: Applied NNI move (1079, 1033), no. accepts: 58, new log likelihood: -2033146.1882831831, current phi: 0.020166106608785674, current nu: 0.3952352029502436
[2025-10-28 21:10:54.972] [multi_logger] [info] Iteration 127: Applied NNI move (943, 945), no. accepts: 59, new log likelihood: -2033138.7387418877, current phi: 0.020102655091066367, current nu: 0.3951396147286034
[2025-10-28 21:10:55.679] [multi_logger] [info] Iteration 128: Applied NNI move (613, 577), no. accepts: 60, new log likelihood: -2033134.3381003926, current phi: 0.020042261447862187, current nu: 0.3950750938679876
[2025-10-28 21:10:56.362] [multi_logger] [info] Iteration 129: Applied NNI move (286, 289), no. accepts: 61, new log likelihood: -2033131.4899011918, current phi: 0.020005201497639666, current nu: 0.39544804184952453
[2025-10-28 21:10:57.036] [multi_logger] [info] Iteration 130: Applied NNI move (349, 373), no. accepts: 62, new log likelihood: -2033118.0462959972, current phi: 0.019960728688564817, current nu: 0.39575956168571236
[2025-10-28 21:10:57.721] [multi_logger] [info] Iteration 131: Applied NNI move (311, 248), no. accepts: 63, new log likelihood: -2033103.754690006, current phi: 0.019911151207000793, current nu: 0.3960858279115966
[2025-10-28 21:10:58.422] [multi_logger] [info] Iteration 132: Applied NNI move (921, 925), no. accepts: 64, new log likelihood: -2033101.7756383808, current phi: 0.019853010992131374, current nu: 0.3961769007149977
[2025-10-28 21:10:59.129] [multi_logger] [info] Iteration 133: Applied NNI move (336, 339), no. accepts: 65, new log likelihood: -2033101.5762885807, current phi: 0.01979881510632387, current nu: 0.39626663120699657
[2025-10-28 21:10:59.817] [multi_logger] [info] Iteration 134: Applied NNI move (193, 182), no. accepts: 66, new log likelihood: -2033098.7604748975, current phi: 0.019744255756846046, current nu: 0.39637013789912956
[2025-10-28 21:11:00.514] [multi_logger] [info] Iteration 135: Applied NNI move (152, 201), no. accepts: 67, new log likelihood: -2033076.8115369375, current phi: 0.019683747989018088, current nu: 0.3966796007715246
[2025-10-28 21:11:01.221] [multi_logger] [info] Iteration 136: Applied NNI move (91, 93), no. accepts: 68, new log likelihood: -2033072.9468522188, current phi: 0.019621935684121516, current nu: 0.39683593733514705
[2025-10-28 21:11:01.916] [multi_logger] [info] Iteration 137: Applied NNI move (461, 463), no. accepts: 69, new log likelihood: -2033071.6585952477, current phi: 0.019559644298544437, current nu: 0.39692280037765193
[2025-10-28 21:11:02.625] [multi_logger] [info] Iteration 138: Rejected NNI move (1262, 1273), proposed log likelihood: -2033071.6585952477
[2025-10-28 21:11:03.303] [multi_logger] [info] Iteration 139: Rejected NNI move (83, 82), proposed log likelihood: -2033071.6585952477
[2025-10-28 21:11:04.019] [multi_logger] [info] Iteration 140: Rejected NNI move (54, 52), proposed log likelihood: -2033071.6585952477
[2025-10-28 21:11:04.716] [multi_logger] [info] Iteration 141: Rejected NNI move (290, 293), proposed log likelihood: -2033071.6585952477
[2025-10-28 21:11:05.446] [multi_logger] [info] Iteration 142: Rejected NNI move (1376, 1423), proposed log likelihood: -2033071.6585952477
[2025-10-28 21:11:06.143] [multi_logger] [info] Iteration 143: Applied NNI move (589, 582), no. accepts: 70, new log likelihood: -2033071.1947785553, current phi: 0.019513143547935072, current nu: 0.397215850456315
[2025-10-28 21:11:06.846] [multi_logger] [info] Iteration 144: Rejected NNI move (1066, 1080), proposed log likelihood: -2033071.1947785553
[2025-10-28 21:11:07.561] [multi_logger] [info] Iteration 145: Rejected NNI move (576, 578), proposed log likelihood: -2033071.1947785553
[2025-10-28 21:11:08.247] [multi_logger] [info] Iteration 146: Rejected NNI move (164, 160), proposed log likelihood: -2033071.1947785553
[2025-10-28 21:11:08.960] [multi_logger] [info] Iteration 147: Rejected NNI move (165, 168), proposed log likelihood: -2033071.1947785553
[2025-10-28 21:11:09.655] [multi_logger] [info] Iteration 148: Rejected NNI move (405, 401), proposed log likelihood: -2033071.1947785553
[2025-10-28 21:11:10.346] [multi_logger] [info] Iteration 149: Rejected NNI move (797, 796), proposed log likelihood: -2033071.1947785553
[2025-10-28 21:11:11.039] [multi_logger] [info] Iteration 150: Rejected NNI move (1518, 1520), proposed log likelihood: -2033071.1947785553
[2025-10-28 21:11:11.744] [multi_logger] [info] Iteration 151: Rejected NNI move (1001, 998), proposed log likelihood: -2033071.1947785553
[2025-10-28 21:11:12.428] [multi_logger] [info] Iteration 152: Rejected NNI move (130, 134), proposed log likelihood: -2033071.1947785553
[2025-10-28 21:11:13.142] [multi_logger] [info] Iteration 153: Rejected NNI move (30, 37), proposed log likelihood: -2033071.1947785553
[2025-10-28 21:11:13.837] [multi_logger] [info] Iteration 154: Applied NNI move (788, 798), no. accepts: 71, new log likelihood: -2033062.6412113635, current phi: 0.019461683446748767, current nu: 0.39741904817872864
[2025-10-28 21:11:14.542] [multi_logger] [info] Iteration 155: Rejected NNI move (565, 564), proposed log likelihood: -2033062.6412113635
[2025-10-28 21:11:15.249] [multi_logger] [info] Iteration 156: Applied NNI move (127, 126), no. accepts: 72, new log likelihood: -2033062.2934839851, current phi: 0.019411789005122103, current nu: 0.39751537642625334
[2025-10-28 21:11:15.942] [multi_logger] [info] Iteration 157: Rejected NNI move (1336, 1338), proposed log likelihood: -2033062.2934839851
[2025-10-28 21:11:16.623] [multi_logger] [info] Iteration 158: Rejected NNI move (683, 681), proposed log likelihood: -2033062.2934839851
[2025-10-28 21:11:17.305] [multi_logger] [info] Iteration 159: Rejected NNI move (925, 928), proposed log likelihood: -2033062.2934839851
[2025-10-28 21:11:18.056] [multi_logger] [info] Iteration 160: Rejected NNI move (1300, 1299), proposed log likelihood: -2033062.2934839851
[2025-10-28 21:11:18.771] [multi_logger] [info] Iteration 161: Rejected NNI move (69, 65), proposed log likelihood: -2033062.2934839851
[2025-10-28 21:11:19.459] [multi_logger] [info] Iteration 162: Rejected NNI move (514, 517), proposed log likelihood: -2033062.2934839851
[2025-10-28 21:11:20.131] [multi_logger] [info] Iteration 163: Applied NNI move (1382, 1380), no. accepts: 73, new log likelihood: -2033061.8755956758, current phi: 0.019365830388962113, current nu: 0.39763723898302245
[2025-10-28 21:11:20.828] [multi_logger] [info] Iteration 164: Rejected NNI move (1375, 1425), proposed log likelihood: -2033061.8755956758
[2025-10-28 21:11:21.500] [multi_logger] [info] Iteration 165: Applied NNI move (674, 662), no. accepts: 74, new log likelihood: -2033061.4687580834, current phi: 0.01931946764301475, current nu: 0.3977191231976445
[2025-10-28 21:11:22.186] [multi_logger] [info] Iteration 166: Rejected NNI move (160, 155), proposed log likelihood: -2033061.4687580834
[2025-10-28 21:11:22.861] [multi_logger] [info] Iteration 167: Applied NNI move (496, 497), no. accepts: 75, new log likelihood: -2033059.5897705224, current phi: 0.019324942022683228, current nu: 0.39793689073852145
[2025-10-28 21:11:23.520] [multi_logger] [info] Iteration 168: Rejected NNI move (1336, 1338), proposed log likelihood: -2033059.5897705224
[2025-10-28 21:11:24.202] [multi_logger] [info] Iteration 169: Rejected NNI move (63, 61), proposed log likelihood: -2033059.5897705224
[2025-10-28 21:11:24.920] [multi_logger] [info] Iteration 170: Rejected NNI move (1645, 1649), proposed log likelihood: -2033059.5897705224
[2025-10-28 21:11:25.607] [multi_logger] [info] Iteration 171: Applied NNI move (466, 465), no. accepts: 76, new log likelihood: -2033051.8845463535, current phi: 0.019312361495653282, current nu: 0.3981515792127463
[2025-10-28 21:11:26.291] [multi_logger] [info] Iteration 172: Rejected NNI move (1336, 1338), proposed log likelihood: -2033051.8845463535
[2025-10-28 21:11:26.977] [multi_logger] [info] Iteration 173: Rejected NNI move (497, 496), proposed log likelihood: -2033051.8845463535
[2025-10-28 21:11:27.669] [multi_logger] [info] Iteration 174: Rejected NNI move (277, 281), proposed log likelihood: -2033051.8845463535
[2025-10-28 21:11:28.346] [multi_logger] [info] Iteration 175: Rejected NNI move (570, 557), proposed log likelihood: -2033051.8845463535
[2025-10-28 21:11:29.029] [multi_logger] [info] Iteration 176: Rejected NNI move (1235, 1231), proposed log likelihood: -2033051.8845463535
[2025-10-28 21:11:29.731] [multi_logger] [info] Iteration 177: Applied NNI move (961, 945), no. accepts: 77, new log likelihood: -2033046.0924415868, current phi: 0.019292115994519642, current nu: 0.39806966013775374
[2025-10-28 21:11:30.431] [multi_logger] [info] Iteration 178: Rejected NNI move (1139, 1200), proposed log likelihood: -2033046.0924415868
[2025-10-28 21:11:31.116] [multi_logger] [info] Iteration 179: Applied NNI move (1399, 1388), no. accepts: 78, new log likelihood: -2033044.1400836357, current phi: 0.019270286816670697, current nu: 0.39801517517880897
[2025-10-28 21:11:31.836] [multi_logger] [info] Iteration 180: Rejected NNI move (1242, 1244), proposed log likelihood: -2033044.1400836357
[2025-10-28 21:11:32.527] [multi_logger] [info] Iteration 181: Rejected NNI move (1088, 1117), proposed log likelihood: -2033044.1400836357
[2025-10-28 21:11:33.242] [multi_logger] [info] Iteration 182: Rejected NNI move (708, 713), proposed log likelihood: -2033044.1400836357
[2025-10-28 21:11:33.916] [multi_logger] [info] Iteration 183: Applied NNI move (1418, 1412), no. accepts: 79, new log likelihood: -2033044.1745997889, current phi: 0.019253456838349635, current nu: 0.39822898435626525
[2025-10-28 21:11:34.599] [multi_logger] [info] Iteration 184: Applied NNI move (1186, 1195), no. accepts: 80, new log likelihood: -2033028.4873885002, current phi: 0.019226268333686097, current nu: 0.3984237128300819
[2025-10-28 21:11:35.292] [multi_logger] [info] Iteration 185: Applied NNI move (1426, 1376), no. accepts: 81, new log likelihood: -2033019.3425906254, current phi: 0.01919751277632254, current nu: 0.39846265069904935
[2025-10-28 21:11:36.009] [multi_logger] [info] Iteration 186: Rejected NNI move (490, 507), proposed log likelihood: -2033019.3425906254
[2025-10-28 21:11:36.717] [multi_logger] [info] Iteration 187: Rejected NNI move (627, 625), proposed log likelihood: -2033019.3425906254
[2025-10-28 21:11:37.429] [multi_logger] [info] Iteration 188: Applied NNI move (1022, 1024), no. accepts: 82, new log likelihood: -2033016.9898932998, current phi: 0.019158051167221357, current nu: 0.3984641756782612
[2025-10-28 21:11:38.111] [multi_logger] [info] Iteration 189: Applied NNI move (1311, 1221), no. accepts: 83, new log likelihood: -2033016.4733388429, current phi: 0.01912153196017113, current nu: 0.39846655616000065
[2025-10-28 21:11:38.817] [multi_logger] [info] Iteration 190: Applied NNI move (1037, 1043), no. accepts: 84, new log likelihood: -2033012.6302374196, current phi: 0.019083597870989105, current nu: 0.3985588555152662
[2025-10-28 21:11:39.501] [multi_logger] [info] Iteration 191: Rejected NNI move (574, 620), proposed log likelihood: -2033012.6302374196
[2025-10-28 21:11:40.172] [multi_logger] [info] Iteration 192: Applied NNI move (646, 648), no. accepts: 85, new log likelihood: -2032990.8851498037, current phi: 0.019044176359758, current nu: 0.3989842477416856
[2025-10-28 21:11:40.869] [multi_logger] [info] Iteration 193: Applied NNI move (1020, 1023), no. accepts: 86, new log likelihood: -2032990.6921521216, current phi: 0.019011048837216948, current nu: 0.3994010550556882
[2025-10-28 21:11:41.568] [multi_logger] [info] Iteration 194: Rejected NNI move (192, 190), proposed log likelihood: -2032990.6921521216
[2025-10-28 21:11:42.266] [multi_logger] [info] Iteration 195: Applied NNI move (1446, 1455), no. accepts: 87, new log likelihood: -2032990.639948329, current phi: 0.01896644895648529, current nu: 0.3994771922801815
[2025-10-28 21:11:42.957] [multi_logger] [info] Iteration 196: Rejected NNI move (728, 1134), proposed log likelihood: -2032990.639948329
[2025-10-28 21:11:43.660] [multi_logger] [info] Iteration 197: Rejected NNI move (967, 1120), proposed log likelihood: -2032990.639948329
[2025-10-28 21:11:44.368] [multi_logger] [info] Iteration 198: Applied NNI move (1568, 1576), no. accepts: 88, new log likelihood: -2032988.2656075112, current phi: 0.018919884437420847, current nu: 0.399213098492745
[2025-10-28 21:11:45.034] [multi_logger] [info] Iteration 199: Rejected NNI move (1307, 1279), proposed log likelihood: -2032988.2656075112
[2025-10-28 21:11:45.750] [multi_logger] [info] Iteration 200: Rejected NNI move (861, 874), proposed log likelihood: -2032988.2656075112
[2025-10-28 21:11:46.430] [multi_logger] [info] Iteration 201: Rejected NNI move (1267, 1265), proposed log likelihood: -2032988.2656075112
[2025-10-28 21:11:47.120] [multi_logger] [info] Iteration 202: Applied NNI move (1131, 1127), no. accepts: 89, new log likelihood: -2032988.0295116995, current phi: 0.018886856444752954, current nu: 0.39926740469704614
[2025-10-28 21:11:47.869] [multi_logger] [info] Iteration 203: Rejected NNI move (1476, 1478), proposed log likelihood: -2032988.0295116995
[2025-10-28 21:11:48.554] [multi_logger] [info] Iteration 204: Rejected NNI move (544, 526), proposed log likelihood: -2032988.0295116995
[2025-10-28 21:11:49.260] [multi_logger] [info] Iteration 205: Rejected NNI move (813, 828), proposed log likelihood: -2032988.0295116995
[2025-10-28 21:11:49.970] [multi_logger] [info] Iteration 206: Rejected NNI move (399, 398), proposed log likelihood: -2032988.0295116995
[2025-10-28 21:11:50.679] [multi_logger] [info] Iteration 207: Rejected NNI move (770, 833), proposed log likelihood: -2032988.0295116995
[2025-10-28 21:11:51.348] [multi_logger] [info] Iteration 208: Applied NNI move (732, 742), no. accepts: 90, new log likelihood: -2032985.8217325462, current phi: 0.018854662194693436, current nu: 0.3990192496962254
[2025-10-28 21:11:52.077] [multi_logger] [info] Iteration 209: Rejected NNI move (365, 359), proposed log likelihood: -2032985.8217325462
[2025-10-28 21:11:52.780] [multi_logger] [info] Iteration 210: Rejected NNI move (143, 701), proposed log likelihood: -2032985.8217325462
[2025-10-28 21:11:53.537] [multi_logger] [info] Iteration 211: Rejected NNI move (1008, 1005), proposed log likelihood: -2032985.8217325462
[2025-10-28 21:11:54.309] [multi_logger] [info] Iteration 212: Applied NNI move (357, 356), no. accepts: 91, new log likelihood: -2032983.2368009354, current phi: 0.018849832219786776, current nu: 0.3989670531777055
[2025-10-28 21:11:55.090] [multi_logger] [info] Iteration 213: Rejected NNI move (1388, 1399), proposed log likelihood: -2032983.2368009354
[2025-10-28 21:11:55.826] [multi_logger] [info] Iteration 214: Rejected NNI move (377, 382), proposed log likelihood: -2032983.2368009354
[2025-10-28 21:11:56.604] [multi_logger] [info] Iteration 215: Applied NNI move (1632, 1629), no. accepts: 92, new log likelihood: -2032977.7786385184, current phi: 0.018849539204329146, current nu: 0.39914221931568467
[2025-10-28 21:11:57.310] [multi_logger] [info] Iteration 216: Rejected NNI move (149, 220), proposed log likelihood: -2032977.7786385184
[2025-10-28 21:11:58.013] [multi_logger] [info] Iteration 217: Rejected NNI move (1101, 1099), proposed log likelihood: -2032977.7786385184
[2025-10-28 21:11:58.728] [multi_logger] [info] Iteration 218: Rejected NNI move (1486, 1466), proposed log likelihood: -2032977.7786385184
[2025-10-28 21:11:59.445] [multi_logger] [info] Iteration 219: Applied NNI move (89, 93), no. accepts: 93, new log likelihood: -2032974.2794100766, current phi: 0.018864543687083037, current nu: 0.399422995928947
[2025-10-28 21:12:00.135] [multi_logger] [info] Iteration 220: Rejected NNI move (182, 181), proposed log likelihood: -2032974.2794100766
[2025-10-28 21:12:00.829] [multi_logger] [info] Iteration 221: Rejected NNI move (1258, 1256), proposed log likelihood: -2032974.2794100766
[2025-10-28 21:12:01.545] [multi_logger] [info] Iteration 222: Rejected NNI move (69, 65), proposed log likelihood: -2032974.2794100766
[2025-10-28 21:12:02.265] [multi_logger] [info] Iteration 223: Rejected NNI move (1219, 1218), proposed log likelihood: -2032974.2794100766
[2025-10-28 21:12:02.947] [multi_logger] [info] Iteration 224: Applied NNI move (1566, 1546), no. accepts: 94, new log likelihood: -2032963.5164968988, current phi: 0.018877908836911633, current nu: 0.39954776156636795
[2025-10-28 21:12:03.669] [multi_logger] [info] Iteration 225: Rejected NNI move (90, 95), proposed log likelihood: -2032963.5164968988
[2025-10-28 21:12:04.381] [multi_logger] [info] Iteration 226: Rejected NNI move (7, 138), proposed log likelihood: -2032963.5164968988
[2025-10-28 21:12:05.103] [multi_logger] [info] Iteration 227: Applied NNI move (895, 900), no. accepts: 95, new log likelihood: -2032963.474546629, current phi: 0.01897546925293173, current nu: 0.3999815064955245
[2025-10-28 21:12:05.778] [multi_logger] [info] Iteration 228: Applied NNI move (1307, 1284), no. accepts: 96, new log likelihood: -2032948.8422432095, current phi: 0.019007283986064803, current nu: 0.3999429344453757
[2025-10-28 21:12:06.479] [multi_logger] [info] Iteration 229: Applied NNI move (1310, 1277), no. accepts: 97, new log likelihood: -2032933.6791569884, current phi: 0.019033848737025294, current nu: 0.4000080146889933
[2025-10-28 21:12:07.210] [multi_logger] [info] Iteration 230: Rejected NNI move (1385, 1403), proposed log likelihood: -2032933.6791569884
[2025-10-28 21:12:07.945] [multi_logger] [info] Iteration 231: Applied NNI move (1215, 1139), no. accepts: 98, new log likelihood: -2032926.5199661711, current phi: 0.019057194484181833, current nu: 0.40006576252212533
[2025-10-28 21:12:08.644] [multi_logger] [info] Iteration 232: Applied NNI move (177, 179), no. accepts: 99, new log likelihood: -2032920.0215818626, current phi: 0.019082106269606974, current nu: 0.4000001467465914
[2025-10-28 21:12:09.344] [multi_logger] [info] Iteration 233: Rejected NNI move (321, 326), proposed log likelihood: -2032920.0215818626
[2025-10-28 21:12:10.071] [multi_logger] [info] Iteration 234: Applied NNI move (872, 862), no. accepts: 100, new log likelihood: -2032905.9038301562, current phi: 0.019099434201369947, current nu: 0.39981461963911286
[2025-10-28 21:12:10.832] [multi_logger] [info] Iteration 235: Rejected NNI move (1626, 1625), proposed log likelihood: -2032905.9038301562
[2025-10-28 21:12:11.527] [multi_logger] [info] Iteration 236: Applied NNI move (1198, 1199), no. accepts: 101, new log likelihood: -2032903.5763725457, current phi: 0.01912439449522352, current nu: 0.3995956096558305
[2025-10-28 21:12:12.191] [multi_logger] [info] Iteration 237: Rejected NNI move (1020, 1026), proposed log likelihood: -2032903.5763725457
[2025-10-28 21:12:12.944] [multi_logger] [info] Iteration 238: Applied NNI move (542, 537), no. accepts: 102, new log likelihood: -2032901.1505498453, current phi: 0.01915668185256934, current nu: 0.3995103303144876
[2025-10-28 21:12:13.660] [multi_logger] [info] Iteration 239: Rejected NNI move (719, 718), proposed log likelihood: -2032901.1505498453
[2025-10-28 21:12:14.394] [multi_logger] [info] Iteration 240: Rejected NNI move (1641, 1640), proposed log likelihood: -2032901.1505498453
[2025-10-28 21:12:15.121] [multi_logger] [info] Iteration 241: Applied NNI move (861, 870), no. accepts: 103, new log likelihood: -2032897.278869389, current phi: 0.019188005884467816, current nu: 0.3992724344455294
[2025-10-28 21:12:15.824] [multi_logger] [info] Iteration 242: Applied NNI move (552, 572), no. accepts: 104, new log likelihood: -2032892.664321296, current phi: 0.01922229779453931, current nu: 0.39922725687206384
[2025-10-28 21:12:16.518] [multi_logger] [info] Iteration 243: Rejected NNI move (930, 920), proposed log likelihood: -2032892.664321296
[2025-10-28 21:12:17.432] [multi_logger] [info] Iteration 244: Rejected NNI move (899, 897), proposed log likelihood: -2032892.664321296
[2025-10-28 21:12:18.148] [multi_logger] [info] Iteration 245: Rejected NNI move (126, 127), proposed log likelihood: -2032892.664321296
[2025-10-28 21:12:18.849] [multi_logger] [info] Iteration 246: Applied NNI move (705, 143), no. accepts: 105, new log likelihood: -2032882.1310694278, current phi: 0.019252388910636138, current nu: 0.39926661612792885
[2025-10-28 21:12:19.625] [multi_logger] [info] Iteration 247: Rejected NNI move (262, 261), proposed log likelihood: -2032882.1310694278
[2025-10-28 21:12:20.379] [multi_logger] [info] Iteration 248: Rejected NNI move (321, 326), proposed log likelihood: -2032882.1310694278
[2025-10-28 21:12:21.128] [multi_logger] [info] Iteration 249: Applied NNI move (1311, 1227), no. accepts: 106, new log likelihood: -2032879.8325996995, current phi: 0.0192762904151107, current nu: 0.3992284191514113
[2025-10-28 21:12:21.890] [multi_logger] [info] Iteration 250: Rejected NNI move (783, 782), proposed log likelihood: -2032879.8325996995
[2025-10-28 21:12:22.614] [multi_logger] [info] Iteration 251: Rejected NNI move (690, 689), proposed log likelihood: -2032879.8325996995
[2025-10-28 21:12:23.352] [multi_logger] [info] Iteration 252: Rejected NNI move (1009, 1006), proposed log likelihood: -2032879.8325996995
[2025-10-28 21:12:24.049] [multi_logger] [info] Iteration 253: Rejected NNI move (1200, 1184), proposed log likelihood: -2032879.8325996995
[2025-10-28 21:12:24.802] [multi_logger] [info] Iteration 254: Rejected NNI move (1393, 1396), proposed log likelihood: -2032879.8325996995
[2025-10-28 21:12:25.515] [multi_logger] [info] Iteration 255: Rejected NNI move (1121, 1125), proposed log likelihood: -2032879.8325996995
[2025-10-28 21:12:26.266] [multi_logger] [info] Iteration 256: Applied NNI move (1276, 1284), no. accepts: 107, new log likelihood: -2032857.2028254676, current phi: 0.019294319473481134, current nu: 0.39928299483744895
[2025-10-28 21:12:27.035] [multi_logger] [info] Iteration 257: Rejected NNI move (246, 237), proposed log likelihood: -2032857.2028254676
[2025-10-28 21:12:27.787] [multi_logger] [info] Iteration 258: Rejected NNI move (216, 219), proposed log likelihood: -2032857.2028254676
[2025-10-28 21:12:28.502] [multi_logger] [info] Iteration 259: Applied NNI move (1534, 1524), no. accepts: 108, new log likelihood: -2032846.244583641, current phi: 0.01930058464700579, current nu: 0.39929928156760447
[2025-10-28 21:12:29.163] [multi_logger] [info] Iteration 260: Applied NNI move (160, 155), no. accepts: 109, new log likelihood: -2032845.6886817338, current phi: 0.019283171937342716, current nu: 0.3990892172265086
[2025-10-28 21:12:29.800] [multi_logger] [info] Iteration 261: Applied NNI move (619, 614), no. accepts: 110, new log likelihood: -2032839.3260998675, current phi: 0.01927481088172885, current nu: 0.39920504853306854
[2025-10-28 21:12:30.478] [multi_logger] [info] Iteration 262: Rejected NNI move (487, 505), proposed log likelihood: -2032839.3260998675
[2025-10-28 21:12:31.144] [multi_logger] [info] Iteration 263: Rejected NNI move (1375, 1425), proposed log likelihood: -2032839.3260998675
[2025-10-28 21:12:31.890] [multi_logger] [info] Iteration 264: Rejected NNI move (732, 755), proposed log likelihood: -2032839.3260998675
[2025-10-28 21:12:32.549] [multi_logger] [info] Iteration 265: Rejected NNI move (316, 314), proposed log likelihood: -2032839.3260998675
[2025-10-28 21:12:33.242] [multi_logger] [info] Iteration 266: Rejected NNI move (1385, 1408), proposed log likelihood: -2032839.3260998675
[2025-10-28 21:12:33.875] [multi_logger] [info] Iteration 267: Applied NNI move (1383, 1385), no. accepts: 111, new log likelihood: -2032838.565411659, current phi: 0.019269353860716123, current nu: 0.3992018097420762
[2025-10-28 21:12:34.548] [multi_logger] [info] Iteration 268: Rejected NNI move (1573, 1582), proposed log likelihood: -2032838.565411659
[2025-10-28 21:12:35.216] [multi_logger] [info] Iteration 269: Rejected NNI move (1328, 1330), proposed log likelihood: -2032838.565411659
[2025-10-28 21:12:35.877] [multi_logger] [info] Iteration 270: Applied NNI move (162, 201), no. accepts: 112, new log likelihood: -2032825.6242830292, current phi: 0.019260896476436237, current nu: 0.39925591485255757
[2025-10-28 21:12:36.628] [multi_logger] [info] Iteration 271: Applied NNI move (992, 1003), no. accepts: 113, new log likelihood: -2032825.4345888644, current phi: 0.019252419096667563, current nu: 0.3993817625059547
[2025-10-28 21:12:37.453] [multi_logger] [info] Iteration 272: Applied NNI move (503, 498), no. accepts: 114, new log likelihood: -2032817.59335944, current phi: 0.01923919830736685, current nu: 0.39952590217137574
[2025-10-28 21:12:38.098] [multi_logger] [info] Iteration 273: Rejected NNI move (1276, 1307), proposed log likelihood: -2032817.59335944
[2025-10-28 21:12:38.768] [multi_logger] [info] Iteration 274: Applied NNI move (924, 926), no. accepts: 115, new log likelihood: -2032816.52763777, current phi: 0.01923386813189091, current nu: 0.39936615941828774
[2025-10-28 21:12:39.415] [multi_logger] [info] Iteration 275: Rejected NNI move (20, 25), proposed log likelihood: -2032816.52763777
[2025-10-28 21:12:40.089] [multi_logger] [info] Iteration 276: Applied NNI move (824, 816), no. accepts: 116, new log likelihood: -2032815.229188459, current phi: 0.01922007447931259, current nu: 0.399373578428319
[2025-10-28 21:12:40.760] [multi_logger] [info] Iteration 277: Rejected NNI move (179, 177), proposed log likelihood: -2032815.229188459
[2025-10-28 21:12:41.453] [multi_logger] [info] Iteration 278: Rejected NNI move (132, 130), proposed log likelihood: -2032815.229188459
[2025-10-28 21:12:42.124] [multi_logger] [info] Iteration 279: Applied NNI move (64, 59), no. accepts: 117, new log likelihood: -2032813.3217091416, current phi: 0.019186462344837087, current nu: 0.39934483105298196
[2025-10-28 21:12:42.783] [multi_logger] [info] Iteration 280: Applied NNI move (665, 667), no. accepts: 118, new log likelihood: -2032813.206270381, current phi: 0.019194348211439522, current nu: 0.39951775057623623
[2025-10-28 21:12:43.506] [multi_logger] [info] Iteration 281: Applied NNI move (132, 133), no. accepts: 119, new log likelihood: -2032810.65778417, current phi: 0.0191534529850117, current nu: 0.3994307114203337
[2025-10-28 21:12:44.163] [multi_logger] [info] Iteration 282: Applied NNI move (335, 245), no. accepts: 120, new log likelihood: -2032807.7197171245, current phi: 0.019127062272354094, current nu: 0.3995143156085095
[2025-10-28 21:12:44.878] [multi_logger] [info] Iteration 283: Rejected NNI move (926, 927), proposed log likelihood: -2032807.7197171245
[2025-10-28 21:12:45.527] [multi_logger] [info] Iteration 284: Rejected NNI move (1599, 1603), proposed log likelihood: -2032807.7197171245
[2025-10-28 21:12:46.235] [multi_logger] [info] Iteration 285: Applied NNI move (7, 72), no. accepts: 121, new log likelihood: -2032807.659752251, current phi: 0.019101833029496976, current nu: 0.39955344479472127
[2025-10-28 21:12:46.884] [multi_logger] [info] Iteration 286: Rejected NNI move (871, 874), proposed log likelihood: -2032807.659752251
[2025-10-28 21:12:47.572] [multi_logger] [info] Iteration 287: Rejected NNI move (1183, 1206), proposed log likelihood: -2032807.659752251
[2025-10-28 21:12:48.245] [multi_logger] [info] Iteration 288: Rejected NNI move (1219, 1218), proposed log likelihood: -2032807.659752251
[2025-10-28 21:12:48.897] [multi_logger] [info] Iteration 289: Applied NNI move (947, 949), no. accepts: 122, new log likelihood: -2032806.771164441, current phi: 0.019076760161015182, current nu: 0.3996381865308951
[2025-10-28 21:12:49.563] [multi_logger] [info] Iteration 290: Rejected NNI move (351, 369), proposed log likelihood: -2032806.771164441
[2025-10-28 21:12:50.231] [multi_logger] [info] Iteration 291: Rejected NNI move (23, 22), proposed log likelihood: -2032806.771164441
[2025-10-28 21:12:50.918] [multi_logger] [info] Iteration 292: Rejected NNI move (523, 485), proposed log likelihood: -2032806.771164441
[2025-10-28 21:12:51.629] [multi_logger] [info] Iteration 293: Rejected NNI move (1486, 1483), proposed log likelihood: -2032806.771164441
[2025-10-28 21:12:52.301] [multi_logger] [info] Iteration 294: Rejected NNI move (987, 986), proposed log likelihood: -2032806.771164441
[2025-10-28 21:12:52.958] [multi_logger] [info] Iteration 295: Applied NNI move (859, 862), no. accepts: 123, new log likelihood: -2032795.684032532, current phi: 0.01905364558059778, current nu: 0.3998935546190475
[2025-10-28 21:12:53.710] [multi_logger] [info] Iteration 296: Applied NNI move (1471, 1474), no. accepts: 124, new log likelihood: -2032794.7388492287, current phi: 0.019037100502658364, current nu: 0.3999567727708317
[2025-10-28 21:12:54.366] [multi_logger] [info] Iteration 297: Applied NNI move (1059, 1040), no. accepts: 125, new log likelihood: -2032794.5968795107, current phi: 0.019024566572134097, current nu: 0.3999607712561978
[2025-10-28 21:12:55.023] [multi_logger] [info] Iteration 298: Rejected NNI move (497, 496), proposed log likelihood: -2032794.5968795107
[2025-10-28 21:12:55.683] [multi_logger] [info] Iteration 299: Applied NNI move (299, 305), no. accepts: 126, new log likelihood: -2032790.6600705222, current phi: 0.01900792694204453, current nu: 0.3999760199888701
[2025-10-28 21:12:56.343] [multi_logger] [info] Iteration 300: Applied NNI move (976, 973), no. accepts: 127, new log likelihood: -2032789.1964898773, current phi: 0.018995634044278863, current nu: 0.39993505897262793
[2025-10-28 21:12:56.995] [multi_logger] [info] Iteration 301: Rejected NNI move (287, 291), proposed log likelihood: -2032789.1964898773
[2025-10-28 21:12:57.634] [multi_logger] [info] Iteration 302: Rejected NNI move (577, 613), proposed log likelihood: -2032789.1964898773
[2025-10-28 21:12:58.320] [multi_logger] [info] Iteration 303: Rejected NNI move (1134, 1323), proposed log likelihood: -2032789.1964898773
[2025-10-28 21:12:58.956] [multi_logger] [info] Iteration 304: Applied NNI move (386, 389), no. accepts: 128, new log likelihood: -2032785.833395678, current phi: 0.018984642555917076, current nu: 0.39999434467247585
[2025-10-28 21:12:59.625] [multi_logger] [info] Iteration 305: Applied NNI move (1002, 998), no. accepts: 129, new log likelihood: -2032785.648606512, current phi: 0.01897288387529498, current nu: 0.3999726284145307
[2025-10-28 21:13:00.459] [multi_logger] [info] Iteration 306: Applied NNI move (356, 353), no. accepts: 130, new log likelihood: -2032784.5189445945, current phi: 0.018970319506296716, current nu: 0.4004002096736595
[2025-10-28 21:13:01.242] [multi_logger] [info] Iteration 307: Rejected NNI move (1376, 1374), proposed log likelihood: -2032784.5189445945
[2025-10-28 21:13:01.936] [multi_logger] [info] Iteration 308: Rejected NNI move (192, 191), proposed log likelihood: -2032784.5189445945
[2025-10-28 21:13:02.646] [multi_logger] [info] Iteration 309: Rejected NNI move (570, 557), proposed log likelihood: -2032784.5189445945
[2025-10-28 21:13:03.331] [multi_logger] [info] Iteration 310: Rejected NNI move (853, 890), proposed log likelihood: -2032784.5189445945
[2025-10-28 21:13:03.982] [multi_logger] [info] Iteration 311: Rejected NNI move (719, 718), proposed log likelihood: -2032784.5189445945
[2025-10-28 21:13:04.658] [multi_logger] [info] Iteration 312: Rejected NNI move (1054, 1053), proposed log likelihood: -2032784.5189445945
[2025-10-28 21:13:05.326] [multi_logger] [info] Iteration 313: Rejected NNI move (547, 544), proposed log likelihood: -2032784.5189445945
[2025-10-28 21:13:06.019] [multi_logger] [info] Iteration 314: Rejected NNI move (1156, 1152), proposed log likelihood: -2032784.5189445945
[2025-10-28 21:13:06.758] [multi_logger] [info] Iteration 315: Applied NNI move (281, 282), no. accepts: 131, new log likelihood: -2032782.0326658585, current phi: 0.018955483605043157, current nu: 0.4004294260585791
[2025-10-28 21:13:07.510] [multi_logger] [info] Iteration 316: Rejected NNI move (757, 731), proposed log likelihood: -2032782.0326658585
[2025-10-28 21:13:08.226] [multi_logger] [info] Iteration 317: Rejected NNI move (1407, 1405), proposed log likelihood: -2032782.0326658585
[2025-10-28 21:13:08.968] [multi_logger] [info] Iteration 318: Rejected NNI move (498, 503), proposed log likelihood: -2032782.0326658585
[2025-10-28 21:13:09.623] [multi_logger] [info] Iteration 319: Applied NNI move (1102, 1101), no. accepts: 132, new log likelihood: -2032780.6313730688, current phi: 0.01893977265692399, current nu: 0.4003892401104333
[2025-10-28 21:13:10.399] [multi_logger] [info] Iteration 320: Applied NNI move (1168, 1170), no. accepts: 133, new log likelihood: -2032777.874135966, current phi: 0.01892695220525331, current nu: 0.4003552190811242
[2025-10-28 21:13:11.107] [multi_logger] [info] Iteration 321: Applied NNI move (1526, 1531), no. accepts: 134, new log likelihood: -2032775.0866989389, current phi: 0.018922507372297434, current nu: 0.4003679848813438
[2025-10-28 21:13:11.763] [multi_logger] [info] Iteration 322: Rejected NNI move (645, 637), proposed log likelihood: -2032775.0866989389
[2025-10-28 21:13:12.413] [multi_logger] [info] Iteration 323: Rejected NNI move (650, 662), proposed log likelihood: -2032775.0866989389
[2025-10-28 21:13:13.074] [multi_logger] [info] Iteration 324: Applied NNI move (1261, 1309), no. accepts: 135, new log likelihood: -2032775.008295553, current phi: 0.018923883111674367, current nu: 0.40035572551717424
[2025-10-28 21:13:13.719] [multi_logger] [info] Iteration 325: Applied NNI move (1021, 1025), no. accepts: 136, new log likelihood: -2032773.6027190734, current phi: 0.01898885177454235, current nu: 0.40063067603845115
[2025-10-28 21:13:14.404] [multi_logger] [info] Iteration 326: Rejected NNI move (992, 1000), proposed log likelihood: -2032773.6027190734
[2025-10-28 21:13:15.060] [multi_logger] [info] Iteration 327: Rejected NNI move (845, 844), proposed log likelihood: -2032773.6027190734
[2025-10-28 21:13:15.805] [multi_logger] [info] Iteration 328: Rejected NNI move (374, 411), proposed log likelihood: -2032773.6027190734
[2025-10-28 21:13:16.488] [multi_logger] [info] Iteration 329: Applied NNI move (1013, 989), no. accepts: 137, new log likelihood: -2032773.3973985272, current phi: 0.01900987233356255, current nu: 0.40057132954842123
[2025-10-28 21:13:17.256] [multi_logger] [info] Iteration 330: Rejected NNI move (324, 322), proposed log likelihood: -2032773.3973985272
[2025-10-28 21:13:18.004] [multi_logger] [info] Iteration 331: Rejected NNI move (1577, 1590), proposed log likelihood: -2032773.3973985272
[2025-10-28 21:13:18.661] [multi_logger] [info] Iteration 332: Applied NNI move (1560, 1553), no. accepts: 138, new log likelihood: -2032755.7732969783, current phi: 0.0190300468106917, current nu: 0.4008225835848727
[2025-10-28 21:13:19.373] [multi_logger] [info] Iteration 333: Rejected NNI move (788, 801), proposed log likelihood: -2032755.7732969783
[2025-10-28 21:13:20.026] [multi_logger] [info] Iteration 334: Applied NNI move (1435, 1442), no. accepts: 139, new log likelihood: -2032748.6491762022, current phi: 0.019040620150968933, current nu: 0.4007955746887154
[2025-10-28 21:13:20.674] [multi_logger] [info] Iteration 335: Applied NNI move (826, 825), no. accepts: 140, new log likelihood: -2032748.3814921617, current phi: 0.01905639053884202, current nu: 0.4007277810316082
[2025-10-28 21:13:21.319] [multi_logger] [info] Iteration 336: Applied NNI move (1012, 1014), no. accepts: 141, new log likelihood: -2032748.141879972, current phi: 0.019074414488301095, current nu: 0.40068817678477386
[2025-10-28 21:13:21.944] [multi_logger] [info] Iteration 337: Applied NNI move (609, 612), no. accepts: 142, new log likelihood: -2032747.2295474042, current phi: 0.019087047165483872, current nu: 0.40065729436883846
[2025-10-28 21:13:22.572] [multi_logger] [info] Iteration 338: Rejected NNI move (1323, 1322), proposed log likelihood: -2032747.2295474042
[2025-10-28 21:13:23.243] [multi_logger] [info] Iteration 339: Rejected NNI move (78, 86), proposed log likelihood: -2032747.2295474042
[2025-10-28 21:13:23.896] [multi_logger] [info] Iteration 340: Rejected NNI move (772, 810), proposed log likelihood: -2032747.2295474042
[2025-10-28 21:13:24.574] [multi_logger] [info] Iteration 341: Applied NNI move (940, 741), no. accepts: 143, new log likelihood: -2032746.4723492987, current phi: 0.019095822441214858, current nu: 0.40029532910481247
[2025-10-28 21:13:25.209] [multi_logger] [info] Iteration 342: Rejected NNI move (1211, 1209), proposed log likelihood: -2032746.4723492987
[2025-10-28 21:13:25.814] [multi_logger] [info] Iteration 343: Rejected NNI move (740, 737), proposed log likelihood: -2032746.4723492987
[2025-10-28 21:13:26.436] [multi_logger] [info] Iteration 344: Rejected NNI move (1426, 1375), proposed log likelihood: -2032746.4723492987
[2025-10-28 21:13:27.039] [multi_logger] [info] Iteration 345: Rejected NNI move (229, 479), proposed log likelihood: -2032746.4723492987
[2025-10-28 21:13:27.657] [multi_logger] [info] Iteration 346: Rejected NNI move (37, 35), proposed log likelihood: -2032746.4723492987
[2025-10-28 21:13:28.273] [multi_logger] [info] Iteration 347: Rejected NNI move (586, 584), proposed log likelihood: -2032746.4723492987
[2025-10-28 21:13:28.903] [multi_logger] [info] Iteration 348: Rejected NNI move (1293, 1301), proposed log likelihood: -2032746.4723492987
[2025-10-28 21:13:29.539] [multi_logger] [info] Iteration 349: Rejected NNI move (1542, 1541), proposed log likelihood: -2032746.4723492987
[2025-10-28 21:13:30.205] [multi_logger] [info] Iteration 350: Rejected NNI move (1507, 1509), proposed log likelihood: -2032746.4723492987
[2025-10-28 21:13:30.828] [multi_logger] [info] Iteration 351: Applied NNI move (1353, 727), no. accepts: 144, new log likelihood: -2032744.97374913, current phi: 0.01910980280951108, current nu: 0.4002156739411756
[2025-10-28 21:13:31.510] [multi_logger] [info] Iteration 352: Applied NNI move (259, 257), no. accepts: 145, new log likelihood: -2032744.9713695636, current phi: 0.019124064362065086, current nu: 0.4001853361820596
[2025-10-28 21:13:32.178] [multi_logger] [info] Iteration 353: Rejected NNI move (4, 228), proposed log likelihood: -2032744.9713695636
[2025-10-28 21:13:32.900] [multi_logger] [info] Iteration 354: Rejected NNI move (796, 790), proposed log likelihood: -2032744.9713695636
[2025-10-28 21:13:33.502] [multi_logger] [info] Iteration 355: Rejected NNI move (899, 897), proposed log likelihood: -2032744.9713695636
[2025-10-28 21:13:34.151] [multi_logger] [info] Iteration 356: Rejected NNI move (1259, 1254), proposed log likelihood: -2032744.9713695636
[2025-10-28 21:13:34.788] [multi_logger] [info] Iteration 357: Rejected NNI move (66, 69), proposed log likelihood: -2032744.9713695636
[2025-10-28 21:13:35.410] [multi_logger] [info] Iteration 358: Rejected NNI move (1464, 1511), proposed log likelihood: -2032744.9713695636
[2025-10-28 21:13:36.082] [multi_logger] [info] Iteration 359: Rejected NNI move (861, 869), proposed log likelihood: -2032744.9713695636
[2025-10-28 21:13:36.766] [multi_logger] [info] Iteration 360: Rejected NNI move (4, 145), proposed log likelihood: -2032744.9713695636
[2025-10-28 21:13:37.437] [multi_logger] [info] Iteration 361: Applied NNI move (1160, 1148), no. accepts: 146, new log likelihood: -2032744.0483785695, current phi: 0.019137441679284765, current nu: 0.400202369029038
[2025-10-28 21:13:38.121] [multi_logger] [info] Iteration 362: Rejected NNI move (37, 35), proposed log likelihood: -2032744.0483785695
[2025-10-28 21:13:38.751] [multi_logger] [info] Iteration 363: Rejected NNI move (1483, 1468), proposed log likelihood: -2032744.0483785695
[2025-10-28 21:13:39.377] [multi_logger] [info] Iteration 364: Rejected NNI move (736, 738), proposed log likelihood: -2032744.0483785695
[2025-10-28 21:13:40.104] [multi_logger] [info] Iteration 365: Applied NNI move (1428, 1371), no. accepts: 147, new log likelihood: -2032706.736265177, current phi: 0.019146087454701435, current nu: 0.40065397979775524
[2025-10-28 21:13:40.786] [multi_logger] [info] Iteration 366: Applied NNI move (265, 267), no. accepts: 148, new log likelihood: -2032703.9409714197, current phi: 0.01915173112066102, current nu: 0.40078287888579356
[2025-10-28 21:13:41.427] [multi_logger] [info] Iteration 367: Rejected NNI move (1552, 1561), proposed log likelihood: -2032703.9409714197
[2025-10-28 21:13:42.055] [multi_logger] [info] Iteration 368: Applied NNI move (296, 283), no. accepts: 149, new log likelihood: -2032700.7537139375, current phi: 0.01915876342819761, current nu: 0.4008404314051549
[2025-10-28 21:13:42.752] [multi_logger] [info] Iteration 369: Rejected NNI move (1219, 1218), proposed log likelihood: -2032700.7537139375
[2025-10-28 21:13:43.380] [multi_logger] [info] Iteration 370: Applied NNI move (1547, 1550), no. accepts: 150, new log likelihood: -2032672.1817470286, current phi: 0.01915295025188294, current nu: 0.4011022920522868
[2025-10-28 21:13:44.011] [multi_logger] [info] Iteration 371: Rejected NNI move (1254, 1253), proposed log likelihood: -2032672.1817470286
[2025-10-28 21:13:44.667] [multi_logger] [info] Iteration 372: Rejected NNI move (1605, 1599), proposed log likelihood: -2032672.1817470286
[2025-10-28 21:13:45.318] [multi_logger] [info] Iteration 373: Rejected NNI move (1236, 1315), proposed log likelihood: -2032672.1817470286
[2025-10-28 21:13:45.944] [multi_logger] [info] Iteration 374: Rejected NNI move (1606, 1544), proposed log likelihood: -2032672.1817470286
[2025-10-28 21:13:46.591] [multi_logger] [info] Iteration 375: Rejected NNI move (20, 25), proposed log likelihood: -2032672.1817470286
[2025-10-28 21:13:47.209] [multi_logger] [info] Iteration 376: Rejected NNI move (297, 317), proposed log likelihood: -2032672.1817470286
[2025-10-28 21:13:47.918] [multi_logger] [info] Iteration 377: Applied NNI move (530, 528), no. accepts: 151, new log likelihood: -2032670.3949829575, current phi: 0.019142608155039268, current nu: 0.40116381526931255
[2025-10-28 21:13:48.600] [multi_logger] [info] Iteration 378: Rejected NNI move (1567, 1596), proposed log likelihood: -2032670.3949829575
[2025-10-28 21:13:49.446] [multi_logger] [info] Iteration 379: Rejected NNI move (1577, 1583), proposed log likelihood: -2032670.3949829575
[2025-10-28 21:13:50.127] [multi_logger] [info] Iteration 380: Rejected NNI move (214, 213), proposed log likelihood: -2032670.3949829575
[2025-10-28 21:13:50.759] [multi_logger] [info] Iteration 381: Applied NNI move (583, 587), no. accepts: 152, new log likelihood: -2032668.8229822207, current phi: 0.019139737670450994, current nu: 0.40122269353988643
[2025-10-28 21:13:51.412] [multi_logger] [info] Iteration 382: Applied NNI move (1643, 1645), no. accepts: 153, new log likelihood: -2032668.2712131995, current phi: 0.019135582795539816, current nu: 0.4012134023590121
[2025-10-28 21:13:52.034] [multi_logger] [info] Iteration 383: Rejected NNI move (290, 292), proposed log likelihood: -2032668.2712131995
[2025-10-28 21:13:52.662] [multi_logger] [info] Iteration 384: Rejected NNI move (1468, 1480), proposed log likelihood: -2032668.2712131995
[2025-10-28 21:13:53.291] [multi_logger] [info] Iteration 385: Applied NNI move (1427, 1376), no. accepts: 154, new log likelihood: -2032658.6020601862, current phi: 0.019130894949413398, current nu: 0.4013152800795001
[2025-10-28 21:13:53.885] [multi_logger] [info] Iteration 386: Applied NNI move (1316, 1219), no. accepts: 155, new log likelihood: -2032630.559206627, current phi: 0.019122278372002692, current nu: 0.4018804871251053
[2025-10-28 21:13:54.535] [multi_logger] [info] Iteration 387: Rejected NNI move (1569, 1572), proposed log likelihood: -2032630.559206627
[2025-10-28 21:13:55.159] [multi_logger] [info] Iteration 388: Rejected NNI move (1236, 1312), proposed log likelihood: -2032630.559206627
[2025-10-28 21:13:55.766] [multi_logger] [info] Iteration 389: Rejected NNI move (645, 637), proposed log likelihood: -2032630.559206627
[2025-10-28 21:13:56.389] [multi_logger] [info] Iteration 390: Rejected NNI move (687, 691), proposed log likelihood: -2032630.559206627
[2025-10-28 21:13:57.003] [multi_logger] [info] Iteration 391: Applied NNI move (1086, 1085), no. accepts: 156, new log likelihood: -2032627.099505105, current phi: 0.019099498309089278, current nu: 0.4020310373469484
[2025-10-28 21:13:57.661] [multi_logger] [info] Iteration 392: Rejected NNI move (178, 180), proposed log likelihood: -2032627.099505105
[2025-10-28 21:13:58.295] [multi_logger] [info] Iteration 393: Rejected NNI move (767, 761), proposed log likelihood: -2032627.099505105
[2025-10-28 21:13:58.930] [multi_logger] [info] Iteration 394: Rejected NNI move (848, 845), proposed log likelihood: -2032627.099505105
[2025-10-28 21:13:59.637] [multi_logger] [info] Iteration 395: Rejected NNI move (1499, 1504), proposed log likelihood: -2032627.099505105
[2025-10-28 21:14:00.255] [multi_logger] [info] Iteration 396: Applied NNI move (1133, 1132), no. accepts: 157, new log likelihood: -2032626.9404378396, current phi: 0.019075852904404667, current nu: 0.4020753059856496
[2025-10-28 21:14:00.835] [multi_logger] [info] Iteration 397: Rejected NNI move (674, 670), proposed log likelihood: -2032626.9404378396
[2025-10-28 21:14:01.398] [multi_logger] [info] Iteration 398: Rejected NNI move (1577, 1590), proposed log likelihood: -2032626.9404378396
[2025-10-28 21:14:02.022] [multi_logger] [info] Iteration 399: Applied NNI move (518, 515), no. accepts: 158, new log likelihood: -2032621.9217058672, current phi: 0.019076814992593828, current nu: 0.40241460881917
[2025-10-28 21:14:02.671] [multi_logger] [info] Iteration 400: Rejected NNI move (457, 463), proposed log likelihood: -2032621.9217058672
[2025-10-28 21:14:03.272] [multi_logger] [info] Iteration 401: Applied NNI move (605, 602), no. accepts: 159, new log likelihood: -2032619.7797685638, current phi: 0.019068487651038447, current nu: 0.4024684234459198
[2025-10-28 21:14:03.925] [multi_logger] [info] Iteration 402: Rejected NNI move (1315, 1314), proposed log likelihood: -2032619.7797685638
[2025-10-28 21:14:04.515] [multi_logger] [info] Iteration 403: Rejected NNI move (373, 420), proposed log likelihood: -2032619.7797685638
[2025-10-28 21:14:05.157] [multi_logger] [info] Iteration 404: Applied NNI move (657, 656), no. accepts: 160, new log likelihood: -2032619.4685914384, current phi: 0.019059199575358402, current nu: 0.4024871727451606
[2025-10-28 21:14:05.825] [multi_logger] [info] Iteration 405: Rejected NNI move (490, 507), proposed log likelihood: -2032619.4685914384
[2025-10-28 21:14:06.446] [multi_logger] [info] Iteration 406: Rejected NNI move (1359, 1370), proposed log likelihood: -2032619.4685914384
[2025-10-28 21:14:07.037] [multi_logger] [info] Iteration 407: Rejected NNI move (125, 122), proposed log likelihood: -2032619.4685914384
[2025-10-28 21:14:07.659] [multi_logger] [info] Iteration 408: Rejected NNI move (645, 637), proposed log likelihood: -2032619.4685914384
[2025-10-28 21:14:08.245] [multi_logger] [info] Iteration 409: Applied NNI move (127, 125), no. accepts: 161, new log likelihood: -2032619.312461479, current phi: 0.0190501818139266, current nu: 0.40250371262938933
[2025-10-28 21:14:08.818] [multi_logger] [info] Iteration 410: Applied NNI move (1285, 1300), no. accepts: 162, new log likelihood: -2032600.698772299, current phi: 0.019037680403272656, current nu: 0.40291071470075773
[2025-10-28 21:14:09.431] [multi_logger] [info] Iteration 411: Rejected NNI move (179, 177), proposed log likelihood: -2032600.698772299
[2025-10-28 21:14:10.097] [multi_logger] [info] Iteration 412: Rejected NNI move (1267, 1266), proposed log likelihood: -2032600.698772299
[2025-10-28 21:14:10.805] [multi_logger] [info] Iteration 413: Rejected NNI move (1009, 1006), proposed log likelihood: -2032600.698772299
[2025-10-28 21:14:11.427] [multi_logger] [info] Iteration 414: Rejected NNI move (1161, 1145), proposed log likelihood: -2032600.698772299
[2025-10-28 21:14:12.100] [multi_logger] [info] Iteration 415: Rejected NNI move (1163, 1166), proposed log likelihood: -2032600.698772299
[2025-10-28 21:14:12.721] [multi_logger] [info] Iteration 416: Rejected NNI move (1220, 1225), proposed log likelihood: -2032600.698772299
[2025-10-28 21:14:13.283] [multi_logger] [info] Iteration 417: Rejected NNI move (76, 137), proposed log likelihood: -2032600.698772299
[2025-10-28 21:14:13.847] [multi_logger] [info] Iteration 418: Rejected NNI move (1436, 1443), proposed log likelihood: -2032600.698772299
[2025-10-28 21:14:14.436] [multi_logger] [info] Iteration 419: Applied NNI move (1342, 1349), no. accepts: 163, new log likelihood: -2032596.4927655766, current phi: 0.019005052867673115, current nu: 0.40271555782920193
[2025-10-28 21:14:14.990] [multi_logger] [info] Iteration 420: Applied NNI move (622, 572), no. accepts: 164, new log likelihood: -2032596.4949810721, current phi: 0.018986332599455154, current nu: 0.4027506220274227
[2025-10-28 21:14:15.651] [multi_logger] [info] Iteration 421: Rejected NNI move (1576, 1574), proposed log likelihood: -2032596.4949810721
[2025-10-28 21:14:16.255] [multi_logger] [info] Iteration 422: Rejected NNI move (245, 335), proposed log likelihood: -2032596.4949810721
[2025-10-28 21:14:16.923] [multi_logger] [info] Iteration 423: Rejected NNI move (231, 440), proposed log likelihood: -2032596.4949810721
[2025-10-28 21:14:17.592] [multi_logger] [info] Iteration 424: Rejected NNI move (1436, 1443), proposed log likelihood: -2032596.4949810721
[2025-10-28 21:14:18.164] [multi_logger] [info] Iteration 425: Rejected NNI move (1428, 1368), proposed log likelihood: -2032596.4949810721
[2025-10-28 21:14:18.732] [multi_logger] [info] Iteration 426: Applied NNI move (261, 252), no. accepts: 165, new log likelihood: -2032596.5492474223, current phi: 0.01896813396776927, current nu: 0.40278550228626925
[2025-10-28 21:14:19.372] [multi_logger] [info] Iteration 427: Rejected NNI move (1323, 1321), proposed log likelihood: -2032596.5492474223
[2025-10-28 21:14:20.010] [multi_logger] [info] Iteration 428: Rejected NNI move (442, 477), proposed log likelihood: -2032596.5492474223
[2025-10-28 21:14:20.669] [multi_logger] [info] Iteration 429: Rejected NNI move (988, 991), proposed log likelihood: -2032596.5492474223
[2025-10-28 21:14:21.309] [multi_logger] [info] Iteration 430: Applied NNI move (1640, 1639), no. accepts: 166, new log likelihood: -2032580.811420515, current phi: 0.018950317901647258, current nu: 0.40310386820553057
[2025-10-28 21:14:21.882] [multi_logger] [info] Iteration 431: Rejected NNI move (1651, 1645), proposed log likelihood: -2032580.811420515
[2025-10-28 21:14:22.477] [multi_logger] [info] Iteration 432: Rejected NNI move (1072, 1070), proposed log likelihood: -2032580.811420515
[2025-10-28 21:14:23.034] [multi_logger] [info] Iteration 433: Applied NNI move (825, 814), no. accepts: 167, new log likelihood: -2032578.4132216633, current phi: 0.01892941418120655, current nu: 0.40325890273525955
[2025-10-28 21:14:23.617] [multi_logger] [info] Iteration 434: Rejected NNI move (39, 18), proposed log likelihood: -2032578.4132216633
[2025-10-28 21:14:24.312] [multi_logger] [info] Iteration 435: Applied NNI move (1461, 1456), no. accepts: 168, new log likelihood: -2032570.8409138098, current phi: 0.018906029973219256, current nu: 0.4034207895293983
[2025-10-28 21:14:24.942] [multi_logger] [info] Iteration 436: Rejected NNI move (1285, 1299), proposed log likelihood: -2032570.8409138098
[2025-10-28 21:14:25.507] [multi_logger] [info] Iteration 437: Rejected NNI move (1622, 1634), proposed log likelihood: -2032570.8409138098
[2025-10-28 21:14:26.127] [multi_logger] [info] Iteration 438: Rejected NNI move (274, 264), proposed log likelihood: -2032570.8409138098
[2025-10-28 21:14:26.705] [multi_logger] [info] Iteration 439: Rejected NNI move (790, 793), proposed log likelihood: -2032570.8409138098
[2025-10-28 21:14:27.283] [multi_logger] [info] Iteration 440: Rejected NNI move (1157, 1151), proposed log likelihood: -2032570.8409138098
[2025-10-28 21:14:27.875] [multi_logger] [info] Iteration 441: Rejected NNI move (711, 709), proposed log likelihood: -2032570.8409138098
[2025-10-28 21:14:28.463] [multi_logger] [info] Iteration 442: Applied NNI move (949, 950), no. accepts: 169, new log likelihood: -2032560.8058009257, current phi: 0.018823048825634545, current nu: 0.4031968486568293
[2025-10-28 21:14:29.062] [multi_logger] [info] Iteration 443: Applied NNI move (283, 250), no. accepts: 170, new log likelihood: -2032554.6130585114, current phi: 0.01873799820133171, current nu: 0.4033633491248014
[2025-10-28 21:14:29.663] [multi_logger] [info] Iteration 444: Applied NNI move (667, 668), no. accepts: 171, new log likelihood: -2032552.1447098968, current phi: 0.01862294443324292, current nu: 0.4033954154690028
[2025-10-28 21:14:30.355] [multi_logger] [info] Iteration 445: Rejected NNI move (248, 311), proposed log likelihood: -2032552.1447098968
[2025-10-28 21:14:31.009] [multi_logger] [info] Iteration 446: Applied NNI move (1135, 1220), no. accepts: 172, new log likelihood: -2032524.3523658293, current phi: 0.018519848067474025, current nu: 0.40396426857490525
[2025-10-28 21:14:31.615] [multi_logger] [info] Iteration 447: Rejected NNI move (1012, 1115), proposed log likelihood: -2032524.3523658293
[2025-10-28 21:14:32.188] [multi_logger] [info] Iteration 448: Applied NNI move (1638, 1622), no. accepts: 173, new log likelihood: -2032522.821868647, current phi: 0.01841256825946449, current nu: 0.4040764067128711
[2025-10-28 21:14:32.757] [multi_logger] [info] Iteration 449: Rejected NNI move (557, 556), proposed log likelihood: -2032522.821868647
[2025-10-28 21:14:33.367] [multi_logger] [info] Iteration 450: Applied NNI move (466, 460), no. accepts: 174, new log likelihood: -2032521.38000122, current phi: 0.018310049311468485, current nu: 0.40418834227504885
[2025-10-28 21:14:33.933] [multi_logger] [info] Iteration 451: Applied NNI move (1497, 1499), no. accepts: 175, new log likelihood: -2032519.062210096, current phi: 0.018213309582877767, current nu: 0.4043821423154512
[2025-10-28 21:14:34.499] [multi_logger] [info] Iteration 452: Rejected NNI move (901, 891), proposed log likelihood: -2032519.062210096
[2025-10-28 21:14:34.499] [multi_logger] [info] Terminating: no acceptable move or improvement <  at iteration 453
[2025-10-28 21:14:34.499] [multi_logger] [info] Simulated annealing completed after 453 iterations. Final log likelihood: -2032519.062210096
[2025-10-28 21:14:34.507] [multi_logger] [info] Num missing entries: 9846 Num not missing entries: 30090
[2025-10-28 21:14:34.569] [multi_logger] [info] EM iteration: 0 Log likelihood: -2074284.4205256212
[2025-10-28 21:14:34.569] [multi_logger] [info] Nu: 0.693670392036438 Phi: 0.8098391890525818
[2025-10-28 21:14:34.761] [multi_logger] [info] EM iteration: 1 Log likelihood: -2033503.0026981765
[2025-10-28 21:14:34.761] [multi_logger] [info] Nu: 0.15819820239710983 Phi: 0.17411328159797854
[2025-10-28 21:14:34.946] [multi_logger] [info] EM iteration: 2 Log likelihood: -2033032.263295175
[2025-10-28 21:14:34.946] [multi_logger] [info] Nu: 0.16980760936051395 Phi: 0.13650061959752094
[2025-10-28 21:14:35.139] [multi_logger] [info] EM iteration: 3 Log likelihood: -2032872.8374309996
[2025-10-28 21:14:35.139] [multi_logger] [info] Nu: 0.19528685057713982 Phi: 0.11969328465395453
[2025-10-28 21:14:35.319] [multi_logger] [info] EM iteration: 4 Log likelihood: -2032784.394917015
[2025-10-28 21:14:35.319] [multi_logger] [info] Nu: 0.21781917071114865 Phi: 0.10771369555779209
[2025-10-28 21:14:35.507] [multi_logger] [info] EM iteration: 5 Log likelihood: -2032725.7622698108
[2025-10-28 21:14:35.507] [multi_logger] [info] Nu: 0.23664576046729421 Phi: 0.09828607018832149
[2025-10-28 21:14:35.691] [multi_logger] [info] EM iteration: 6 Log likelihood: -2032684.0895672697
[2025-10-28 21:14:35.691] [multi_logger] [info] Nu: 0.25241531374015813 Phi: 0.0905657865489073
[2025-10-28 21:14:35.871] [multi_logger] [info] EM iteration: 7 Log likelihood: -2032653.441108026
[2025-10-28 21:14:35.871] [multi_logger] [info] Nu: 0.265759802478765 Phi: 0.08410209821720482
[2025-10-28 21:14:36.071] [multi_logger] [info] EM iteration: 8 Log likelihood: -2032630.3595863897
[2025-10-28 21:14:36.071] [multi_logger] [info] Nu: 0.2771694771392911 Phi: 0.07861160998605833
[2025-10-28 21:14:36.385] [multi_logger] [info] Best log likelihood: -2032612.5955656262
[2025-10-28 21:14:36.385] [multi_logger] [info] Total runtime: 315782 ms
[2025-10-28 21:14:36.385] [multi_logger] [info] Writing best tree to file...
[2025-10-28 21:14:36.386] [multi_logger] [info] Optimized tree written to fastlaml_colonies_clone3.stepwise_addition_09_tree.newick
[2025-10-28 21:14:36.386] [multi_logger] [info] data_type: observation-matrix, writing posterior probs and argmax probs.
[2025-10-28 21:14:36.647] [multi_logger] [info] Posterior matrix written to fastlaml_colonies_clone3.stepwise_addition_09_posterior_probs.csv
[2025-10-28 21:14:36.654] [multi_logger] [info] Argmax matrix written to fastlaml_colonies_clone3.stepwise_addition_09_posterior_argmax.csv
[2025-10-28 21:14:36.655] [multi_logger] [info] JSON summary written to fastlaml_colonies_clone3.stepwise_addition_09_results.json
[2025-10-28 21:14:36.655] [multi_logger] [info] Tree search and optimization completed. Log likelihood: -2032612.5955656262
