[2025-10-28 21:09:20.501] [multi_logger] [info] Logger initialized
[2025-10-28 21:09:20.503] [multi_logger] [info] Command: /Users/gc3045/git/fast-laml/build/src/fastlaml --matrix /Users/gc3045/git/laml2-experiments/real_data/PEtracer/inputs/colonies_clone3_kde_scores.csv --tree clone3.stepwise_addition_03.nwk --output fastlaml_colonies_clone3.stepwise_addition_03 --mode search --seed 0 --max-iterations 5000 --ultrametric -d observation-matrix -v
[2025-10-28 21:09:20.503] [multi_logger] [info] Loading tree from Newick file...
[2025-10-28 21:09:20.504] [multi_logger] [info] Processing matrix and mutation priors...
[2025-10-28 21:09:20.579] [multi_logger] [info] Found 832 taxa and 48 characters
[2025-10-28 21:09:20.579] [multi_logger] [info] No mutation priors provided. Assuming uniform priors.
[2025-10-28 21:09:20.579] [multi_logger] [info] Generating uniform priors for observation matrix w 8 states...
[2025-10-28 21:09:20.587] [multi_logger] [info] === END OF IO SUMMARY ===
[2025-10-28 21:09:20.587] [multi_logger] [info] Number of characters: 48
[2025-10-28 21:09:20.587] [multi_logger] [info] Max alphabet size: 8
[2025-10-28 21:09:20.587] [multi_logger] [info] Data type: observation-matrix

[2025-10-28 21:09:20.591] [multi_logger] [info] Searching for optimal tree...
[2025-10-28 21:09:20.596] [multi_logger] [info] Num missing entries: 9846 Num not missing entries: 30090
[2025-10-28 21:09:20.675] [multi_logger] [info] EM iteration: 0 Log likelihood: -2064385.2614818625
[2025-10-28 21:09:20.675] [multi_logger] [info] Nu: 0.5439321398735046 Phi: 0.5835601091384888
[2025-10-28 21:09:20.972] [multi_logger] [info] EM iteration: 1 Log likelihood: -2035787.207700645
[2025-10-28 21:09:20.972] [multi_logger] [info] Nu: 0.010713147737824938 Phi: 0.23861790381665707
[2025-10-28 21:09:21.182] [multi_logger] [info] EM iteration: 2 Log likelihood: -2034974.365883571
[2025-10-28 21:09:21.182] [multi_logger] [info] Nu: 0.020724155256434933 Phi: 0.22238460970242496
[2025-10-28 21:09:21.371] [multi_logger] [info] EM iteration: 3 Log likelihood: -2034645.4395232354
[2025-10-28 21:09:21.371] [multi_logger] [info] Nu: 0.03758196794509076 Phi: 0.20979499458514655
[2025-10-28 21:09:21.553] [multi_logger] [info] EM iteration: 4 Log likelihood: -2034371.007357804
[2025-10-28 21:09:21.553] [multi_logger] [info] Nu: 0.05990248153040596 Phi: 0.19567922251884615
[2025-10-28 21:09:21.793] [multi_logger] [info] EM iteration: 5 Log likelihood: -2034130.4386896356
[2025-10-28 21:09:21.793] [multi_logger] [info] Nu: 0.08600300749055712 Phi: 0.18066084206514538
[2025-10-28 21:09:21.984] [multi_logger] [info] EM iteration: 6 Log likelihood: -2033925.9224559846
[2025-10-28 21:09:21.984] [multi_logger] [info] Nu: 0.11391196342033291 Phi: 0.16570623333469833
[2025-10-28 21:09:22.192] [multi_logger] [info] EM iteration: 7 Log likelihood: -2033755.0612846026
[2025-10-28 21:09:22.192] [multi_logger] [info] Nu: 0.14192291576145297 Phi: 0.151354957423853
[2025-10-28 21:09:22.404] [multi_logger] [info] EM iteration: 8 Log likelihood: -2033616.6875078715
[2025-10-28 21:09:22.404] [multi_logger] [info] Nu: 0.1687527431048482 Phi: 0.13794836836195304
[2025-10-28 21:09:22.619] [multi_logger] [info] EM iteration: 9 Log likelihood: -2033508.2598833996
[2025-10-28 21:09:22.619] [multi_logger] [info] Nu: 0.1935188346410188 Phi: 0.12580782563822207
[2025-10-28 21:09:22.842] [multi_logger] [info] EM iteration: 10 Log likelihood: -2033424.552384656
[2025-10-28 21:09:22.842] [multi_logger] [info] Nu: 0.2157497508468124 Phi: 0.1150750231317343
[2025-10-28 21:09:23.030] [multi_logger] [info] EM iteration: 11 Log likelihood: -2033359.8652525907
[2025-10-28 21:09:23.030] [multi_logger] [info] Nu: 0.2353470767066639 Phi: 0.10570018533011737
[2025-10-28 21:09:23.239] [multi_logger] [info] EM iteration: 12 Log likelihood: -2033309.877952537
[2025-10-28 21:09:23.239] [multi_logger] [info] Nu: 0.2524518965434855 Phi: 0.09754932515791977
[2025-10-28 21:09:23.475] [multi_logger] [info] EM iteration: 13 Log likelihood: -2033271.3815732289
[2025-10-28 21:09:23.475] [multi_logger] [info] Nu: 0.26730702065652523 Phi: 0.09048162656684701
[2025-10-28 21:09:23.720] [multi_logger] [info] EM iteration: 14 Log likelihood: -2033241.8280980936
[2025-10-28 21:09:23.720] [multi_logger] [info] Nu: 0.2801828439467547 Phi: 0.08436163995003773
[2025-10-28 21:09:23.960] [multi_logger] [info] EM iteration: 15 Log likelihood: -2033219.0889949817
[2025-10-28 21:09:23.960] [multi_logger] [info] Nu: 0.2913472500170866 Phi: 0.07906124698649557
[2025-10-28 21:09:24.320] [multi_logger] [info] Starting simulated annealing with initial log likelihood: -2033201.3889151383
[2025-10-28 21:09:25.051] [multi_logger] [info] Iteration 0: Applied NNI move (1303, 1338), no. accepts: 0, new log likelihood: -2033191.1191723084, current phi: 0.06734461559015632, current nu: 0.3169085105832095
[2025-10-28 21:09:25.772] [multi_logger] [info] Iteration 1: Applied NNI move (602, 606), no. accepts: 1, new log likelihood: -2033171.3815425532, current phi: 0.06129643174245578, current nu: 0.32961046415090556
[2025-10-28 21:09:26.456] [multi_logger] [info] Iteration 2: Applied NNI move (745, 744), no. accepts: 2, new log likelihood: -2033152.8598182192, current phi: 0.0562140972017359, current nu: 0.34057267959842097
[2025-10-28 21:09:27.202] [multi_logger] [info] Iteration 3: Applied NNI move (361, 372), no. accepts: 3, new log likelihood: -2033148.2597050995, current phi: 0.051765551564533226, current nu: 0.3503342477110956
[2025-10-28 21:09:27.952] [multi_logger] [info] Iteration 4: Rejected NNI move (1129, 1127), proposed log likelihood: -2033148.2597050995
[2025-10-28 21:09:28.699] [multi_logger] [info] Iteration 5: Applied NNI move (522, 521), no. accepts: 4, new log likelihood: -2033139.052659213, current phi: 0.04780236563276941, current nu: 0.35871007604689414
[2025-10-28 21:09:29.435] [multi_logger] [info] Iteration 6: Applied NNI move (1482, 1489), no. accepts: 5, new log likelihood: -2033132.4693194483, current phi: 0.04440981414932981, current nu: 0.36592690415597207
[2025-10-28 21:09:30.170] [multi_logger] [info] Iteration 7: Rejected NNI move (847, 846), proposed log likelihood: -2033132.4693194483
[2025-10-28 21:09:30.977] [multi_logger] [info] Iteration 8: Applied NNI move (827, 838), no. accepts: 6, new log likelihood: -2033129.296549568, current phi: 0.041431100186806076, current nu: 0.3723958458279255
[2025-10-28 21:09:31.710] [multi_logger] [info] Iteration 9: Applied NNI move (1661, 1634), no. accepts: 7, new log likelihood: -2033124.7147581158, current phi: 0.03871828376624359, current nu: 0.3781623252963206
[2025-10-28 21:09:32.443] [multi_logger] [info] Iteration 10: Applied NNI move (308, 396), no. accepts: 8, new log likelihood: -2033123.3958523192, current phi: 0.036276728120182886, current nu: 0.3832724774841732
[2025-10-28 21:09:33.161] [multi_logger] [info] Iteration 11: Applied NNI move (1085, 1067), no. accepts: 9, new log likelihood: -2033116.9354911319, current phi: 0.03406662975562369, current nu: 0.3878539273758754
[2025-10-28 21:09:33.962] [multi_logger] [info] Iteration 12: Rejected NNI move (585, 825), proposed log likelihood: -2033116.9354911319
[2025-10-28 21:09:34.739] [multi_logger] [info] Iteration 13: Applied NNI move (180, 178), no. accepts: 10, new log likelihood: -2033115.8379409038, current phi: 0.03207037911265766, current nu: 0.3920272590914087
[2025-10-28 21:09:35.523] [multi_logger] [info] Iteration 14: Applied NNI move (722, 721), no. accepts: 11, new log likelihood: -2033097.8057468366, current phi: 0.030288502877693, current nu: 0.39615904577391775
[2025-10-28 21:09:36.274] [multi_logger] [info] Iteration 15: Rejected NNI move (79, 137), proposed log likelihood: -2033097.8057468366
[2025-10-28 21:09:37.048] [multi_logger] [info] Iteration 16: Applied NNI move (573, 511), no. accepts: 12, new log likelihood: -2033077.1449834781, current phi: 0.028678044975318347, current nu: 0.3999017600680979
[2025-10-28 21:09:37.828] [multi_logger] [info] Iteration 17: Rejected NNI move (228, 226), proposed log likelihood: -2033077.1449834781
[2025-10-28 21:09:38.620] [multi_logger] [info] Iteration 18: Applied NNI move (1378, 1373), no. accepts: 13, new log likelihood: -2033072.49690384, current phi: 0.02721338802827803, current nu: 0.40306021507593226
[2025-10-28 21:09:39.380] [multi_logger] [info] Iteration 19: Rejected NNI move (1443, 1416), proposed log likelihood: -2033072.49690384
[2025-10-28 21:09:40.147] [multi_logger] [info] Iteration 20: Applied NNI move (372, 361), no. accepts: 14, new log likelihood: -2033066.5357330258, current phi: 0.025872750321300042, current nu: 0.4057667740081538
[2025-10-28 21:09:40.931] [multi_logger] [info] Iteration 21: Rejected NNI move (89, 87), proposed log likelihood: -2033066.5357330258
[2025-10-28 21:09:41.686] [multi_logger] [info] Iteration 22: Rejected NNI move (977, 983), proposed log likelihood: -2033066.5357330258
[2025-10-28 21:09:42.406] [multi_logger] [info] Iteration 23: Applied NNI move (599, 601), no. accepts: 15, new log likelihood: -2033063.7539420417, current phi: 0.024655016514851233, current nu: 0.40815469976618496
[2025-10-28 21:09:43.153] [multi_logger] [info] Iteration 24: Applied NNI move (343, 345), no. accepts: 16, new log likelihood: -2033056.899648351, current phi: 0.023543909441314705, current nu: 0.4104734491957674
[2025-10-28 21:09:43.895] [multi_logger] [info] Iteration 25: Applied NNI move (1380, 1362), no. accepts: 17, new log likelihood: -2033054.7831620618, current phi: 0.022522688323691527, current nu: 0.4125864279415254
[2025-10-28 21:09:44.640] [multi_logger] [info] Iteration 26: Applied NNI move (155, 157), no. accepts: 18, new log likelihood: -2033049.6099305796, current phi: 0.021572991035091416, current nu: 0.4146086694513239
[2025-10-28 21:09:45.393] [multi_logger] [info] Iteration 27: Applied NNI move (1081, 1069), no. accepts: 19, new log likelihood: -2033048.0307258267, current phi: 0.02069176413837539, current nu: 0.4164210401749879
[2025-10-28 21:09:46.140] [multi_logger] [info] Iteration 28: Rejected NNI move (943, 954), proposed log likelihood: -2033048.0307258267
[2025-10-28 21:09:46.869] [multi_logger] [info] Iteration 29: Rejected NNI move (645, 680), proposed log likelihood: -2033048.0307258267
[2025-10-28 21:09:47.615] [multi_logger] [info] Iteration 30: Rejected NNI move (1635, 1641), proposed log likelihood: -2033048.0307258267
[2025-10-28 21:09:48.363] [multi_logger] [info] Iteration 31: Rejected NNI move (687, 682), proposed log likelihood: -2033048.0307258267
[2025-10-28 21:09:49.106] [multi_logger] [info] Iteration 32: Rejected NNI move (997, 1008), proposed log likelihood: -2033048.0307258267
[2025-10-28 21:09:49.854] [multi_logger] [info] Iteration 33: Applied NNI move (996, 989), no. accepts: 20, new log likelihood: -2033047.3601356968, current phi: 0.019876474943139797, current nu: 0.41811021156134554
[2025-10-28 21:09:50.590] [multi_logger] [info] Iteration 34: Rejected NNI move (1184, 1186), proposed log likelihood: -2033047.3601356968
[2025-10-28 21:09:51.346] [multi_logger] [info] Iteration 35: Applied NNI move (755, 757), no. accepts: 21, new log likelihood: -2033043.3139680196, current phi: 0.01910914714802681, current nu: 0.4196563420065372
[2025-10-28 21:09:52.106] [multi_logger] [info] Iteration 36: Applied NNI move (1276, 1279), no. accepts: 22, new log likelihood: -2033034.5332279345, current phi: 0.018344734107419058, current nu: 0.4206812204204897
[2025-10-28 21:09:52.877] [multi_logger] [info] Iteration 37: Rejected NNI move (476, 472), proposed log likelihood: -2033034.5332279345
[2025-10-28 21:09:53.612] [multi_logger] [info] Iteration 38: Applied NNI move (1337, 1335), no. accepts: 23, new log likelihood: -2033033.668526935, current phi: 0.01763913983774645, current nu: 0.42204154533799176
[2025-10-28 21:09:54.365] [multi_logger] [info] Iteration 39: Rejected NNI move (541, 513), proposed log likelihood: -2033033.668526935
[2025-10-28 21:09:55.127] [multi_logger] [info] Iteration 40: Applied NNI move (889, 865), no. accepts: 24, new log likelihood: -2033023.5366859448, current phi: 0.016977741473339695, current nu: 0.42328320443246426
[2025-10-28 21:09:55.885] [multi_logger] [info] Iteration 41: Rejected NNI move (15, 14), proposed log likelihood: -2033023.5366859448
[2025-10-28 21:09:56.711] [multi_logger] [info] Iteration 42: Applied NNI move (1346, 1265), no. accepts: 25, new log likelihood: -2033022.5093077775, current phi: 0.016361501726850736, current nu: 0.42452916603182356
[2025-10-28 21:09:57.472] [multi_logger] [info] Iteration 43: Applied NNI move (1265, 304), no. accepts: 26, new log likelihood: -2032993.890917872, current phi: 0.015781523240677865, current nu: 0.42592892908721913
[2025-10-28 21:09:58.235] [multi_logger] [info] Iteration 44: Applied NNI move (989, 996), no. accepts: 27, new log likelihood: -2032991.516185378, current phi: 0.015230649528325008, current nu: 0.42709771714073996
[2025-10-28 21:09:58.993] [multi_logger] [info] Iteration 45: Rejected NNI move (967, 974), proposed log likelihood: -2032991.516185378
[2025-10-28 21:09:59.787] [multi_logger] [info] Iteration 46: Rejected NNI move (1174, 1178), proposed log likelihood: -2032991.516185378
[2025-10-28 21:10:00.574] [multi_logger] [info] Iteration 47: Rejected NNI move (191, 185), proposed log likelihood: -2032991.516185378
[2025-10-28 21:10:01.368] [multi_logger] [info] Iteration 48: Applied NNI move (378, 357), no. accepts: 28, new log likelihood: -2032987.9431437324, current phi: 0.014711839300923452, current nu: 0.4282358692912313
[2025-10-28 21:10:02.194] [multi_logger] [info] Iteration 49: Rejected NNI move (667, 671), proposed log likelihood: -2032987.9431437324
[2025-10-28 21:10:03.021] [multi_logger] [info] Iteration 50: Rejected NNI move (199, 198), proposed log likelihood: -2032987.9431437324
[2025-10-28 21:10:03.827] [multi_logger] [info] Iteration 51: Applied NNI move (858, 860), no. accepts: 29, new log likelihood: -2032984.0368021, current phi: 0.014210677392992192, current nu: 0.42927344778003296
[2025-10-28 21:10:04.656] [multi_logger] [info] Iteration 52: Applied NNI move (725, 784), no. accepts: 30, new log likelihood: -2032965.38201899, current phi: 0.013732821893939227, current nu: 0.4305028598088792
[2025-10-28 21:10:05.408] [multi_logger] [info] Iteration 53: Applied NNI move (81, 83), no. accepts: 31, new log likelihood: -2032964.5509159497, current phi: 0.013279053070057998, current nu: 0.43145576353572235
[2025-10-28 21:10:06.260] [multi_logger] [info] Iteration 54: Rejected NNI move (1234, 1228), proposed log likelihood: -2032964.5509159497
[2025-10-28 21:10:07.057] [multi_logger] [info] Iteration 55: Rejected NNI move (480, 479), proposed log likelihood: -2032964.5509159497
[2025-10-28 21:10:07.998] [multi_logger] [info] Iteration 56: Rejected NNI move (1388, 1464), proposed log likelihood: -2032964.5509159497
[2025-10-28 21:10:08.853] [multi_logger] [info] Iteration 57: Rejected NNI move (966, 985), proposed log likelihood: -2032964.5509159497
[2025-10-28 21:10:09.637] [multi_logger] [info] Iteration 58: Rejected NNI move (939, 929), proposed log likelihood: -2032964.5509159497
[2025-10-28 21:10:10.421] [multi_logger] [info] Iteration 59: Rejected NNI move (1382, 1381), proposed log likelihood: -2032964.5509159497
[2025-10-28 21:10:11.278] [multi_logger] [info] Iteration 60: Applied NNI move (1579, 1572), no. accepts: 32, new log likelihood: -2032961.514247805, current phi: 0.012845871673031391, current nu: 0.432118382806766
[2025-10-28 21:10:12.123] [multi_logger] [info] Iteration 61: Rejected NNI move (451, 459), proposed log likelihood: -2032961.514247805
[2025-10-28 21:10:12.915] [multi_logger] [info] Iteration 62: Rejected NNI move (1086, 1067), proposed log likelihood: -2032961.514247805
[2025-10-28 21:10:13.727] [multi_logger] [info] Iteration 63: Applied NNI move (161, 77), no. accepts: 33, new log likelihood: -2032953.7435791707, current phi: 0.012437998107452483, current nu: 0.4329712249968466
[2025-10-28 21:10:14.495] [multi_logger] [info] Iteration 64: Rejected NNI move (1533, 1387), proposed log likelihood: -2032953.7435791707
[2025-10-28 21:10:15.274] [multi_logger] [info] Iteration 65: Rejected NNI move (866, 886), proposed log likelihood: -2032953.7435791707
[2025-10-28 21:10:16.044] [multi_logger] [info] Iteration 66: Applied NNI move (150, 149), no. accepts: 34, new log likelihood: -2032948.518061715, current phi: 0.012053400214048294, current nu: 0.4337859255770854
[2025-10-28 21:10:16.811] [multi_logger] [info] Iteration 67: Applied NNI move (768, 767), no. accepts: 35, new log likelihood: -2032945.7422145035, current phi: 0.011693621316725371, current nu: 0.4345223824725526
[2025-10-28 21:10:17.610] [multi_logger] [info] Iteration 68: Rejected NNI move (523, 521), proposed log likelihood: -2032945.7422145035
[2025-10-28 21:10:18.376] [multi_logger] [info] Iteration 69: Rejected NNI move (511, 573), proposed log likelihood: -2032945.7422145035
[2025-10-28 21:10:19.140] [multi_logger] [info] Iteration 70: Applied NNI move (552, 547), no. accepts: 36, new log likelihood: -2032937.2399426037, current phi: 0.01136444289104607, current nu: 0.4353512304117534
[2025-10-28 21:10:19.941] [multi_logger] [info] Iteration 71: Rejected NNI move (1512, 1510), proposed log likelihood: -2032937.2399426037
[2025-10-28 21:10:20.735] [multi_logger] [info] Iteration 72: Rejected NNI move (565, 561), proposed log likelihood: -2032937.2399426037
[2025-10-28 21:10:21.586] [multi_logger] [info] Iteration 73: Rejected NNI move (417, 416), proposed log likelihood: -2032937.2399426037
[2025-10-28 21:10:22.365] [multi_logger] [info] Iteration 74: Rejected NNI move (1279, 1276), proposed log likelihood: -2032937.2399426037
[2025-10-28 21:10:23.175] [multi_logger] [info] Iteration 75: Applied NNI move (1529, 1527), no. accepts: 37, new log likelihood: -2032933.7779450282, current phi: 0.011061779456808692, current nu: 0.436146774743959
[2025-10-28 21:10:23.962] [multi_logger] [info] Iteration 76: Rejected NNI move (1021, 1018), proposed log likelihood: -2032933.7779450282
[2025-10-28 21:10:24.754] [multi_logger] [info] Iteration 77: Rejected NNI move (1541, 1543), proposed log likelihood: -2032933.7779450282
[2025-10-28 21:10:25.566] [multi_logger] [info] Iteration 78: Applied NNI move (1263, 1259), no. accepts: 38, new log likelihood: -2032934.0438549998, current phi: 0.010767658477500332, current nu: 0.43668808420330196
[2025-10-28 21:10:26.404] [multi_logger] [info] Iteration 79: Applied NNI move (178, 179), no. accepts: 39, new log likelihood: -2032929.2094714108, current phi: 0.010448555516049495, current nu: 0.4372042128855566
[2025-10-28 21:10:27.175] [multi_logger] [info] Iteration 80: Applied NNI move (1297, 1296), no. accepts: 40, new log likelihood: -2032926.6498082895, current phi: 0.010153070077443548, current nu: 0.43787134974068
[2025-10-28 21:10:27.967] [multi_logger] [info] Iteration 81: Rejected NNI move (279, 285), proposed log likelihood: -2032926.6498082895
[2025-10-28 21:10:28.732] [multi_logger] [info] Iteration 82: Rejected NNI move (1104, 1235), proposed log likelihood: -2032926.6498082895
[2025-10-28 21:10:29.514] [multi_logger] [info] Iteration 83: Rejected NNI move (101, 100), proposed log likelihood: -2032926.6498082895
[2025-10-28 21:10:30.315] [multi_logger] [info] Iteration 84: Rejected NNI move (1331, 1323), proposed log likelihood: -2032926.6498082895
[2025-10-28 21:10:31.125] [multi_logger] [info] Iteration 85: Rejected NNI move (1064, 1027), proposed log likelihood: -2032926.6498082895
[2025-10-28 21:10:31.977] [multi_logger] [info] Iteration 86: Applied NNI move (379, 381), no. accepts: 41, new log likelihood: -2032924.1159930632, current phi: 0.009877505576556766, current nu: 0.43832997662096274
[2025-10-28 21:10:32.771] [multi_logger] [info] Iteration 87: Rejected NNI move (1640, 1637), proposed log likelihood: -2032924.1159930632
[2025-10-28 21:10:33.534] [multi_logger] [info] Iteration 88: Applied NNI move (885, 867), no. accepts: 42, new log likelihood: -2032915.9819365912, current phi: 0.009606918625939775, current nu: 0.43855652595323563
[2025-10-28 21:10:34.342] [multi_logger] [info] Iteration 89: Rejected NNI move (936, 934), proposed log likelihood: -2032915.9819365912
[2025-10-28 21:10:35.117] [multi_logger] [info] Iteration 90: Applied NNI move (595, 589), no. accepts: 43, new log likelihood: -2032900.4995271978, current phi: 0.009352038859317027, current nu: 0.4392171433918822
[2025-10-28 21:10:35.895] [multi_logger] [info] Iteration 91: Rejected NNI move (95, 82), proposed log likelihood: -2032900.4995271978
[2025-10-28 21:10:36.657] [multi_logger] [info] Iteration 92: Rejected NNI move (449, 438), proposed log likelihood: -2032900.4995271978
[2025-10-28 21:10:37.442] [multi_logger] [info] Iteration 93: Rejected NNI move (691, 690), proposed log likelihood: -2032900.4995271978
[2025-10-28 21:10:38.206] [multi_logger] [info] Iteration 94: Rejected NNI move (1137, 1136), proposed log likelihood: -2032900.4995271978
[2025-10-28 21:10:38.997] [multi_logger] [info] Iteration 95: Applied NNI move (377, 376), no. accepts: 44, new log likelihood: -2032899.3177515818, current phi: 0.009108883688814802, current nu: 0.43971658597191815
[2025-10-28 21:10:39.788] [multi_logger] [info] Iteration 96: Rejected NNI move (616, 610), proposed log likelihood: -2032899.3177515818
[2025-10-28 21:10:40.579] [multi_logger] [info] Iteration 97: Rejected NNI move (919, 915), proposed log likelihood: -2032899.3177515818
[2025-10-28 21:10:41.397] [multi_logger] [info] Iteration 98: Applied NNI move (1548, 1551), no. accepts: 45, new log likelihood: -2032898.922186134, current phi: 0.008876927416198103, current nu: 0.4401834526806337
[2025-10-28 21:10:42.202] [multi_logger] [info] Iteration 99: Applied NNI move (481, 470), no. accepts: 46, new log likelihood: -2032896.3993904353, current phi: 0.008654484558747606, current nu: 0.44068890278638345
[2025-10-28 21:10:42.991] [multi_logger] [info] Iteration 100: Rejected NNI move (406, 404), proposed log likelihood: -2032896.3993904353
[2025-10-28 21:10:43.790] [multi_logger] [info] Iteration 101: Applied NNI move (1465, 1467), no. accepts: 47, new log likelihood: -2032894.030010813, current phi: 0.008441064280765541, current nu: 0.4411509789124958
[2025-10-28 21:10:44.612] [multi_logger] [info] Iteration 102: Rejected NNI move (1387, 1495), proposed log likelihood: -2032894.030010813
[2025-10-28 21:10:45.412] [multi_logger] [info] Iteration 103: Rejected NNI move (1177, 1175), proposed log likelihood: -2032894.030010813
[2025-10-28 21:10:46.181] [multi_logger] [info] Iteration 104: Rejected NNI move (202, 176), proposed log likelihood: -2032894.030010813
[2025-10-28 21:10:46.996] [multi_logger] [info] Iteration 105: Rejected NNI move (344, 347), proposed log likelihood: -2032894.030010813
[2025-10-28 21:10:47.836] [multi_logger] [info] Iteration 106: Applied NNI move (712, 704), no. accepts: 48, new log likelihood: -2032885.21314516, current phi: 0.008237066523203941, current nu: 0.4418158777987243
[2025-10-28 21:10:48.644] [multi_logger] [info] Iteration 107: Applied NNI move (165, 164), no. accepts: 49, new log likelihood: -2032878.7813952458, current phi: 0.008044994683765893, current nu: 0.4423877097823928
[2025-10-28 21:10:49.450] [multi_logger] [info] Iteration 108: Applied NNI move (485, 484), no. accepts: 50, new log likelihood: -2032878.5769925367, current phi: 0.007860812909493526, current nu: 0.4427705940121579
[2025-10-28 21:10:50.204] [multi_logger] [info] Iteration 109: Rejected NNI move (521, 522), proposed log likelihood: -2032878.5769925367
[2025-10-28 21:10:51.077] [multi_logger] [info] Iteration 110: Applied NNI move (1389, 1397), no. accepts: 51, new log likelihood: -2032866.7328398386, current phi: 0.007681969062075842, current nu: 0.44336347484942695
[2025-10-28 21:10:51.835] [multi_logger] [info] Iteration 111: Applied NNI move (1092, 1091), no. accepts: 52, new log likelihood: -2032865.1269734704, current phi: 0.007509230273314956, current nu: 0.44383883994924306
[2025-10-28 21:10:52.613] [multi_logger] [info] Iteration 112: Applied NNI move (1358, 300), no. accepts: 53, new log likelihood: -2032855.859205007, current phi: 0.007336155397925834, current nu: 0.4441932010386124
[2025-10-28 21:10:53.389] [multi_logger] [info] Iteration 113: Rejected NNI move (49, 42), proposed log likelihood: -2032855.859205007
[2025-10-28 21:10:54.215] [multi_logger] [info] Iteration 114: Rejected NNI move (381, 379), proposed log likelihood: -2032855.859205007
[2025-10-28 21:10:55.034] [multi_logger] [info] Iteration 115: Rejected NNI move (939, 930), proposed log likelihood: -2032855.859205007
[2025-10-28 21:10:55.832] [multi_logger] [info] Iteration 116: Rejected NNI move (658, 650), proposed log likelihood: -2032855.859205007
[2025-10-28 21:10:56.606] [multi_logger] [info] Iteration 117: Rejected NNI move (1104, 1235), proposed log likelihood: -2032855.859205007
[2025-10-28 21:10:57.399] [multi_logger] [info] Iteration 118: Applied NNI move (343, 353), no. accepts: 54, new log likelihood: -2032855.5098270446, current phi: 0.007167223940234965, current nu: 0.4445570831338236
[2025-10-28 21:10:58.165] [multi_logger] [info] Iteration 119: Rejected NNI move (52, 163), proposed log likelihood: -2032855.5098270446
[2025-10-28 21:10:58.930] [multi_logger] [info] Iteration 120: Rejected NNI move (1620, 1610), proposed log likelihood: -2032855.5098270446
[2025-10-28 21:10:59.726] [multi_logger] [info] Iteration 121: Applied NNI move (911, 913), no. accepts: 55, new log likelihood: -2032843.1281476868, current phi: 0.0070014911842992775, current nu: 0.4450027750326018
[2025-10-28 21:11:00.532] [multi_logger] [info] Iteration 122: Rejected NNI move (658, 650), proposed log likelihood: -2032843.1281476868
[2025-10-28 21:11:01.288] [multi_logger] [info] Iteration 123: Rejected NNI move (848, 852), proposed log likelihood: -2032843.1281476868
[2025-10-28 21:11:02.089] [multi_logger] [info] Iteration 124: Rejected NNI move (466, 468), proposed log likelihood: -2032843.1281476868
[2025-10-28 21:11:02.850] [multi_logger] [info] Iteration 125: Rejected NNI move (451, 460), proposed log likelihood: -2032843.1281476868
[2025-10-28 21:11:03.634] [multi_logger] [info] Iteration 126: Rejected NNI move (1388, 1491), proposed log likelihood: -2032843.1281476868
[2025-10-28 21:11:04.408] [multi_logger] [info] Iteration 127: Applied NNI move (397, 310), no. accepts: 56, new log likelihood: -2032834.8834069455, current phi: 0.0068426667119762695, current nu: 0.44530657254563416
[2025-10-28 21:11:05.172] [multi_logger] [info] Iteration 128: Applied NNI move (1479, 1469), no. accepts: 57, new log likelihood: -2032834.9097570614, current phi: 0.0066925100335742385, current nu: 0.44557929391829715
[2025-10-28 21:11:05.936] [multi_logger] [info] Iteration 129: Rejected NNI move (1068, 1071), proposed log likelihood: -2032834.9097570614
[2025-10-28 21:11:06.725] [multi_logger] [info] Iteration 130: Applied NNI move (444, 447), no. accepts: 58, new log likelihood: -2032834.6893067285, current phi: 0.0065602932041412204, current nu: 0.44600770446643384
[2025-10-28 21:11:07.490] [multi_logger] [info] Iteration 131: Rejected NNI move (939, 930), proposed log likelihood: -2032834.6893067285
[2025-10-28 21:11:08.267] [multi_logger] [info] Iteration 132: Applied NNI move (516, 529), no. accepts: 59, new log likelihood: -2032833.3646590188, current phi: 0.006427047797953923, current nu: 0.44633182553012724
[2025-10-28 21:11:09.073] [multi_logger] [info] Iteration 133: Rejected NNI move (433, 482), proposed log likelihood: -2032833.3646590188
[2025-10-28 21:11:09.870] [multi_logger] [info] Iteration 134: Rejected NNI move (1113, 1219), proposed log likelihood: -2032833.3646590188
[2025-10-28 21:11:10.648] [multi_logger] [info] Iteration 135: Applied NNI move (464, 436), no. accepts: 60, new log likelihood: -2032832.1860160925, current phi: 0.0062977832665207295, current nu: 0.4466184268806952
[2025-10-28 21:11:11.419] [multi_logger] [info] Iteration 136: Rejected NNI move (1649, 1656), proposed log likelihood: -2032832.1860160925
[2025-10-28 21:11:12.203] [multi_logger] [info] Iteration 137: Rejected NNI move (378, 356), proposed log likelihood: -2032832.1860160925
[2025-10-28 21:11:12.963] [multi_logger] [info] Iteration 138: Applied NNI move (1408, 1407), no. accepts: 61, new log likelihood: -2032820.253557984, current phi: 0.006174348756907747, current nu: 0.4470788970953671
[2025-10-28 21:11:13.733] [multi_logger] [info] Iteration 139: Applied NNI move (151, 136), no. accepts: 62, new log likelihood: -2032817.217719948, current phi: 0.006060273864397425, current nu: 0.4473821410511435
[2025-10-28 21:11:14.478] [multi_logger] [info] Iteration 140: Rejected NNI move (496, 488), proposed log likelihood: -2032817.217719948
[2025-10-28 21:11:15.287] [multi_logger] [info] Iteration 141: Rejected NNI move (1382, 1360), proposed log likelihood: -2032817.217719948
[2025-10-28 21:11:16.051] [multi_logger] [info] Iteration 142: Rejected NNI move (900, 928), proposed log likelihood: -2032817.217719948
[2025-10-28 21:11:16.813] [multi_logger] [info] Iteration 143: Applied NNI move (76, 78), no. accepts: 63, new log likelihood: -2032816.4942856194, current phi: 0.005949512806999003, current nu: 0.44760204547777377
[2025-10-28 21:11:17.620] [multi_logger] [info] Iteration 144: Applied NNI move (510, 541), no. accepts: 64, new log likelihood: -2032816.240004639, current phi: 0.005841455889722389, current nu: 0.4478182383952721
[2025-10-28 21:11:18.424] [multi_logger] [info] Iteration 145: Rejected NNI move (543, 566), proposed log likelihood: -2032816.240004639
[2025-10-28 21:11:19.205] [multi_logger] [info] Iteration 146: Rejected NNI move (1411, 1413), proposed log likelihood: -2032816.240004639
[2025-10-28 21:11:20.010] [multi_logger] [info] Iteration 147: Rejected NNI move (802, 788), proposed log likelihood: -2032816.240004639
[2025-10-28 21:11:20.790] [multi_logger] [info] Iteration 148: Applied NNI move (408, 412), no. accepts: 65, new log likelihood: -2032815.3446754217, current phi: 0.005735957397062651, current nu: 0.44797508494420835
[2025-10-28 21:11:21.584] [multi_logger] [info] Iteration 149: Rejected NNI move (423, 1015), proposed log likelihood: -2032815.3446754217
[2025-10-28 21:11:22.355] [multi_logger] [info] Iteration 150: Rejected NNI move (701, 703), proposed log likelihood: -2032815.3446754217
[2025-10-28 21:11:23.167] [multi_logger] [info] Iteration 151: Rejected NNI move (1519, 1515), proposed log likelihood: -2032815.3446754217
[2025-10-28 21:11:23.965] [multi_logger] [info] Iteration 152: Rejected NNI move (667, 671), proposed log likelihood: -2032815.3446754217
[2025-10-28 21:11:24.733] [multi_logger] [info] Iteration 153: Rejected NNI move (1279, 1278), proposed log likelihood: -2032815.3446754217
[2025-10-28 21:11:25.491] [multi_logger] [info] Iteration 154: Rejected NNI move (981, 979), proposed log likelihood: -2032815.3446754217
[2025-10-28 21:11:26.281] [multi_logger] [info] Iteration 155: Rejected NNI move (237, 230), proposed log likelihood: -2032815.3446754217
[2025-10-28 21:11:27.063] [multi_logger] [info] Iteration 156: Applied NNI move (1585, 1559), no. accepts: 66, new log likelihood: -2032812.3666842105, current phi: 0.005633465473380692, current nu: 0.4482344304669455
[2025-10-28 21:11:27.834] [multi_logger] [info] Iteration 157: Applied NNI move (796, 801), no. accepts: 67, new log likelihood: -2032812.3878156026, current phi: 0.005533523084267976, current nu: 0.44842041276179984
[2025-10-28 21:11:28.601] [multi_logger] [info] Iteration 158: Applied NNI move (161, 157), no. accepts: 68, new log likelihood: -2032810.3132576146, current phi: 0.005432341217179496, current nu: 0.44840655276480446
[2025-10-28 21:11:29.403] [multi_logger] [info] Iteration 159: Applied NNI move (427, 583), no. accepts: 69, new log likelihood: -2032799.7882270252, current phi: 0.005336947853474932, current nu: 0.4487877967149743
[2025-10-28 21:11:30.170] [multi_logger] [info] Iteration 160: Rejected NNI move (278, 276), proposed log likelihood: -2032799.7882270252
[2025-10-28 21:11:30.942] [multi_logger] [info] Iteration 161: Rejected NNI move (1488, 1483), proposed log likelihood: -2032799.7882270252
[2025-10-28 21:11:31.728] [multi_logger] [info] Iteration 162: Applied NNI move (1404, 1410), no. accepts: 70, new log likelihood: -2032794.3939594086, current phi: 0.005243726542407468, current nu: 0.4491527783951786
[2025-10-28 21:11:32.521] [multi_logger] [info] Iteration 163: Applied NNI move (108, 113), no. accepts: 71, new log likelihood: -2032779.4304668673, current phi: 0.005153027409656868, current nu: 0.44962605893168905
[2025-10-28 21:11:33.315] [multi_logger] [info] Iteration 164: Rejected NNI move (1422, 1420), proposed log likelihood: -2032779.4304668673
[2025-10-28 21:11:34.087] [multi_logger] [info] Iteration 165: Rejected NNI move (1514, 1520), proposed log likelihood: -2032779.4304668673
[2025-10-28 21:11:34.852] [multi_logger] [info] Iteration 166: Rejected NNI move (583, 898), proposed log likelihood: -2032779.4304668673
[2025-10-28 21:11:35.605] [multi_logger] [info] Iteration 167: Rejected NNI move (191, 190), proposed log likelihood: -2032779.4304668673
[2025-10-28 21:11:36.362] [multi_logger] [info] Iteration 168: Applied NNI move (369, 373), no. accepts: 72, new log likelihood: -2032779.5562627465, current phi: 0.005075252265231266, current nu: 0.44981631782574594
[2025-10-28 21:11:37.127] [multi_logger] [info] Iteration 169: Rejected NNI move (1365, 1374), proposed log likelihood: -2032779.5562627465
[2025-10-28 21:11:37.919] [multi_logger] [info] Iteration 170: Applied NNI move (1280, 1275), no. accepts: 73, new log likelihood: -2032771.078572812, current phi: 0.004994838731771687, current nu: 0.4501971243968758
[2025-10-28 21:11:38.686] [multi_logger] [info] Iteration 171: Rejected NNI move (1091, 1088), proposed log likelihood: -2032771.078572812
[2025-10-28 21:11:39.440] [multi_logger] [info] Iteration 172: Applied NNI move (307, 423), no. accepts: 74, new log likelihood: -2032736.9827828354, current phi: 0.004918726673205857, current nu: 0.45115747732051026
[2025-10-28 21:11:40.218] [multi_logger] [info] Iteration 173: Rejected NNI move (1024, 1016), proposed log likelihood: -2032736.9827828354
[2025-10-28 21:11:40.999] [multi_logger] [info] Iteration 174: Applied NNI move (1359, 1662), no. accepts: 75, new log likelihood: -2032737.0546215763, current phi: 0.004844344654165119, current nu: 0.4513391970205436
[2025-10-28 21:11:41.781] [multi_logger] [info] Iteration 175: Applied NNI move (1180, 1201), no. accepts: 76, new log likelihood: -2032736.1169865867, current phi: 0.004771227116168701, current nu: 0.4515071519433321
[2025-10-28 21:11:42.553] [multi_logger] [info] Iteration 176: Rejected NNI move (1116, 1138), proposed log likelihood: -2032736.1169865867
[2025-10-28 21:11:43.326] [multi_logger] [info] Iteration 177: Rejected NNI move (106, 111), proposed log likelihood: -2032736.1169865867
[2025-10-28 21:11:44.096] [multi_logger] [info] Iteration 178: Applied NNI move (375, 361), no. accepts: 77, new log likelihood: -2032735.3886597902, current phi: 0.00469918789545315, current nu: 0.4516192043848465
[2025-10-28 21:11:44.891] [multi_logger] [info] Iteration 179: Rejected NNI move (229, 228), proposed log likelihood: -2032735.3886597902
[2025-10-28 21:11:45.667] [multi_logger] [info] Iteration 180: Rejected NNI move (667, 671), proposed log likelihood: -2032735.3886597902
[2025-10-28 21:11:46.457] [multi_logger] [info] Iteration 181: Applied NNI move (1589, 1586), no. accepts: 78, new log likelihood: -2032735.113639531, current phi: 0.004628931110876254, current nu: 0.45175948967172486
[2025-10-28 21:11:47.228] [multi_logger] [info] Iteration 182: Applied NNI move (1662, 1383), no. accepts: 79, new log likelihood: -2032729.6576154726, current phi: 0.004559504111318226, current nu: 0.45204550844938246
[2025-10-28 21:11:48.054] [multi_logger] [info] Iteration 183: Applied NNI move (1373, 1366), no. accepts: 80, new log likelihood: -2032715.1029110746, current phi: 0.004489075259726867, current nu: 0.45238594103573976
[2025-10-28 21:11:48.807] [multi_logger] [info] Iteration 184: Applied NNI move (839, 836), no. accepts: 81, new log likelihood: -2032713.9903451013, current phi: 0.004419642589399605, current nu: 0.45257846929224926
[2025-10-28 21:11:49.549] [multi_logger] [info] Iteration 185: Applied NNI move (705, 707), no. accepts: 82, new log likelihood: -2032712.8251458323, current phi: 0.004352151887139539, current nu: 0.45277240673484187
[2025-10-28 21:11:50.276] [multi_logger] [info] Iteration 186: Rejected NNI move (285, 292), proposed log likelihood: -2032712.8251458323
[2025-10-28 21:11:51.053] [multi_logger] [info] Iteration 187: Rejected NNI move (471, 477), proposed log likelihood: -2032712.8251458323
[2025-10-28 21:11:51.828] [multi_logger] [info] Iteration 188: Applied NNI move (725, 763), no. accepts: 83, new log likelihood: -2032712.6300555444, current phi: 0.004286977416614094, current nu: 0.4529395509678834
[2025-10-28 21:11:52.632] [multi_logger] [info] Iteration 189: Applied NNI move (106, 113), no. accepts: 84, new log likelihood: -2032699.179453021, current phi: 0.004221818803346774, current nu: 0.45304434253948545
[2025-10-28 21:11:53.407] [multi_logger] [info] Iteration 190: Applied NNI move (923, 903), no. accepts: 85, new log likelihood: -2032698.9479586114, current phi: 0.004159326676236156, current nu: 0.4531573276113767
[2025-10-28 21:11:54.230] [multi_logger] [info] Iteration 191: Rejected NNI move (43, 47), proposed log likelihood: -2032698.9479586114
[2025-10-28 21:11:55.096] [multi_logger] [info] Iteration 192: Rejected NNI move (1500, 1498), proposed log likelihood: -2032698.9479586114
[2025-10-28 21:11:55.905] [multi_logger] [info] Iteration 193: Rejected NNI move (113, 106), proposed log likelihood: -2032698.9479586114
[2025-10-28 21:11:56.773] [multi_logger] [info] Iteration 194: Applied NNI move (751, 732), no. accepts: 86, new log likelihood: -2032697.3497888176, current phi: 0.0040977065359697916, current nu: 0.4531891721774582
[2025-10-28 21:11:57.570] [multi_logger] [info] Iteration 195: Applied NNI move (1334, 1306), no. accepts: 87, new log likelihood: -2032672.8784582764, current phi: 0.004036435364380262, current nu: 0.4536706860591173
[2025-10-28 21:11:58.355] [multi_logger] [info] Iteration 196: Applied NNI move (676, 678), no. accepts: 88, new log likelihood: -2032667.7164465822, current phi: 0.003971747447477761, current nu: 0.45359903769546156
[2025-10-28 21:11:59.162] [multi_logger] [info] Iteration 197: Applied NNI move (1115, 1145), no. accepts: 89, new log likelihood: -2032667.7446287763, current phi: 0.0039138163556368295, current nu: 0.45367287216733343
[2025-10-28 21:11:59.946] [multi_logger] [info] Iteration 198: Rejected NNI move (922, 921), proposed log likelihood: -2032667.7446287763
[2025-10-28 21:12:00.737] [multi_logger] [info] Iteration 199: Rejected NNI move (1540, 1551), proposed log likelihood: -2032667.7446287763
[2025-10-28 21:12:01.512] [multi_logger] [info] Iteration 200: Rejected NNI move (269, 275), proposed log likelihood: -2032667.7446287763
[2025-10-28 21:12:02.308] [multi_logger] [info] Iteration 201: Rejected NNI move (851, 849), proposed log likelihood: -2032667.7446287763
[2025-10-28 21:12:03.089] [multi_logger] [info] Iteration 202: Rejected NNI move (1174, 1178), proposed log likelihood: -2032667.7446287763
[2025-10-28 21:12:03.841] [multi_logger] [info] Iteration 203: Applied NNI move (1596, 1555), no. accepts: 90, new log likelihood: -2032660.6784540233, current phi: 0.0038576943202732064, current nu: 0.45387652781873783
[2025-10-28 21:12:04.650] [multi_logger] [info] Iteration 204: Applied NNI move (688, 693), no. accepts: 91, new log likelihood: -2032659.6294153521, current phi: 0.003801841489689624, current nu: 0.4539717223481407
[2025-10-28 21:12:05.449] [multi_logger] [info] Iteration 205: Rejected NNI move (592, 596), proposed log likelihood: -2032659.6294153521
[2025-10-28 21:12:06.218] [multi_logger] [info] Iteration 206: Rejected NNI move (1447, 1446), proposed log likelihood: -2032659.6294153521
[2025-10-28 21:12:06.988] [multi_logger] [info] Iteration 207: Rejected NNI move (284, 283), proposed log likelihood: -2032659.6294153521
[2025-10-28 21:12:07.734] [multi_logger] [info] Iteration 208: Rejected NNI move (285, 292), proposed log likelihood: -2032659.6294153521
[2025-10-28 21:12:08.549] [multi_logger] [info] Iteration 209: Applied NNI move (1399, 1417), no. accepts: 92, new log likelihood: -2032656.4997878207, current phi: 0.003746789834721932, current nu: 0.45402368908238455
[2025-10-28 21:12:09.315] [multi_logger] [info] Iteration 210: Rejected NNI move (1527, 1528), proposed log likelihood: -2032656.4997878207
[2025-10-28 21:12:10.087] [multi_logger] [info] Iteration 211: Rejected NNI move (79, 152), proposed log likelihood: -2032656.4997878207
[2025-10-28 21:12:10.928] [multi_logger] [info] Iteration 212: Applied NNI move (1599, 1537), no. accepts: 93, new log likelihood: -2032656.4963136348, current phi: 0.0036934215251795016, current nu: 0.4541338868816131
[2025-10-28 21:12:11.738] [multi_logger] [info] Iteration 213: Applied NNI move (210, 204), no. accepts: 94, new log likelihood: -2032655.4789201058, current phi: 0.0036404405786930496, current nu: 0.4540440875593688
[2025-10-28 21:12:12.554] [multi_logger] [info] Iteration 214: Applied NNI move (470, 433), no. accepts: 95, new log likelihood: -2032645.3289515842, current phi: 0.00358950530337243, current nu: 0.45418470358615426
[2025-10-28 21:12:13.395] [multi_logger] [info] Iteration 215: Rejected NNI move (361, 375), proposed log likelihood: -2032645.3289515842
[2025-10-28 21:12:14.229] [multi_logger] [info] Iteration 216: Applied NNI move (1634, 1385), no. accepts: 96, new log likelihood: -2032635.845859736, current phi: 0.0035385817390885476, current nu: 0.4544132598167276
[2025-10-28 21:12:15.001] [multi_logger] [info] Iteration 217: Rejected NNI move (843, 857), proposed log likelihood: -2032635.845859736
[2025-10-28 21:12:15.828] [multi_logger] [info] Iteration 218: Applied NNI move (197, 195), no. accepts: 97, new log likelihood: -2032635.8590584067, current phi: 0.0034881297590072585, current nu: 0.454527450532023
[2025-10-28 21:12:16.619] [multi_logger] [info] Iteration 219: Applied NNI move (1599, 1556), no. accepts: 98, new log likelihood: -2032626.0340453256, current phi: 0.003437604678193396, current nu: 0.45455576295792793
[2025-10-28 21:12:17.625] [multi_logger] [info] Iteration 220: Applied NNI move (1338, 1303), no. accepts: 99, new log likelihood: -2032619.2287510168, current phi: 0.003386144553334251, current nu: 0.45430270246781296
[2025-10-28 21:12:18.494] [multi_logger] [info] Iteration 221: Rejected NNI move (1035, 1037), proposed log likelihood: -2032619.2287510168
[2025-10-28 21:12:19.346] [multi_logger] [info] Iteration 222: Applied NNI move (172, 49), no. accepts: 100, new log likelihood: -2032591.9740160378, current phi: 0.0033361237505906373, current nu: 0.4544913928976241
[2025-10-28 21:12:20.167] [multi_logger] [info] Iteration 223: Rejected NNI move (1081, 1074), proposed log likelihood: -2032591.9740160378
[2025-10-28 21:12:21.029] [multi_logger] [info] Iteration 224: Rejected NNI move (328, 326), proposed log likelihood: -2032591.9740160378
[2025-10-28 21:12:21.862] [multi_logger] [info] Iteration 225: Applied NNI move (464, 450), no. accepts: 101, new log likelihood: -2032582.1494684187, current phi: 0.0032856869743749816, current nu: 0.45456949696330623
[2025-10-28 21:12:22.679] [multi_logger] [info] Iteration 226: Rejected NNI move (1109, 1108), proposed log likelihood: -2032582.1494684187
[2025-10-28 21:12:23.514] [multi_logger] [info] Iteration 227: Rejected NNI move (639, 598), proposed log likelihood: -2032582.1494684187
[2025-10-28 21:12:24.321] [multi_logger] [info] Iteration 228: Applied NNI move (1622, 1621), no. accepts: 102, new log likelihood: -2032578.503546826, current phi: 0.0032352753290692568, current nu: 0.45460379087690284
[2025-10-28 21:12:25.114] [multi_logger] [info] Iteration 229: Rejected NNI move (1347, 303), proposed log likelihood: -2032578.503546826
[2025-10-28 21:12:25.965] [multi_logger] [info] Iteration 230: Applied NNI move (125, 105), no. accepts: 103, new log likelihood: -2032576.4020522223, current phi: 0.003188054989552093, current nu: 0.4547215893699768
[2025-10-28 21:12:26.774] [multi_logger] [info] Iteration 231: Rejected NNI move (692, 690), proposed log likelihood: -2032576.4020522223
[2025-10-28 21:12:27.676] [multi_logger] [info] Iteration 232: Rejected NNI move (1388, 1491), proposed log likelihood: -2032576.4020522223
[2025-10-28 21:12:28.550] [multi_logger] [info] Iteration 233: Applied NNI move (1013, 996), no. accepts: 104, new log likelihood: -2032576.4354286562, current phi: 0.003142319416101685, current nu: 0.45481504749643853
[2025-10-28 21:12:29.310] [multi_logger] [info] Iteration 234: Rejected NNI move (803, 802), proposed log likelihood: -2032576.4354286562
[2025-10-28 21:12:30.077] [multi_logger] [info] Iteration 235: Rejected NNI move (1519, 1516), proposed log likelihood: -2032576.4354286562
[2025-10-28 21:12:30.833] [multi_logger] [info] Iteration 236: Rejected NNI move (693, 692), proposed log likelihood: -2032576.4354286562
[2025-10-28 21:12:31.600] [multi_logger] [info] Iteration 237: Rejected NNI move (102, 130), proposed log likelihood: -2032576.4354286562
[2025-10-28 21:12:32.413] [multi_logger] [info] Iteration 238: Rejected NNI move (642, 693), proposed log likelihood: -2032576.4354286562
[2025-10-28 21:12:33.163] [multi_logger] [info] Iteration 239: Applied NNI move (1400, 1410), no. accepts: 105, new log likelihood: -2032564.4860515671, current phi: 0.003096628980490788, current nu: 0.4550798516158024
[2025-10-28 21:12:33.954] [multi_logger] [info] Iteration 240: Rejected NNI move (459, 461), proposed log likelihood: -2032564.4860515671
[2025-10-28 21:12:34.700] [multi_logger] [info] Iteration 241: Applied NNI move (1193, 1200), no. accepts: 106, new log likelihood: -2032560.3559460472, current phi: 0.0030488288175085244, current nu: 0.4550615145639094
[2025-10-28 21:12:35.480] [multi_logger] [info] Iteration 242: Rejected NNI move (1538, 1597), proposed log likelihood: -2032560.3559460472
[2025-10-28 21:12:36.212] [multi_logger] [info] Iteration 243: Rejected NNI move (4, 243), proposed log likelihood: -2032560.3559460472
[2025-10-28 21:12:37.168] [multi_logger] [info] Iteration 244: Applied NNI move (422, 424), no. accepts: 107, new log likelihood: -2032539.7813116242, current phi: 0.003002377927776858, current nu: 0.45556589485205295
[2025-10-28 21:12:37.918] [multi_logger] [info] Iteration 245: Rejected NNI move (1506, 1504), proposed log likelihood: -2032539.7813116242
[2025-10-28 21:12:38.648] [multi_logger] [info] Iteration 246: Rejected NNI move (1635, 1641), proposed log likelihood: -2032539.7813116242
[2025-10-28 21:12:39.399] [multi_logger] [info] Iteration 247: Rejected NNI move (1208, 1207), proposed log likelihood: -2032539.7813116242
[2025-10-28 21:12:40.140] [multi_logger] [info] Iteration 248: Rejected NNI move (15, 13), proposed log likelihood: -2032539.7813116242
[2025-10-28 21:12:40.861] [multi_logger] [info] Iteration 249: Rejected NNI move (378, 356), proposed log likelihood: -2032539.7813116242
[2025-10-28 21:12:41.588] [multi_logger] [info] Iteration 250: Rejected NNI move (1244, 1099), proposed log likelihood: -2032539.7813116242
[2025-10-28 21:12:42.336] [multi_logger] [info] Iteration 251: Rejected NNI move (228, 227), proposed log likelihood: -2032539.7813116242
[2025-10-28 21:12:43.079] [multi_logger] [info] Iteration 252: Applied NNI move (1524, 1501), no. accepts: 108, new log likelihood: -2032534.1134070298, current phi: 0.002956852426019713, current nu: 0.4561218186900948
[2025-10-28 21:12:43.880] [multi_logger] [info] Iteration 253: Rejected NNI move (1307, 1317), proposed log likelihood: -2032534.1134070298
[2025-10-28 21:12:44.651] [multi_logger] [info] Iteration 254: Rejected NNI move (1125, 1132), proposed log likelihood: -2032534.1134070298
[2025-10-28 21:12:45.367] [multi_logger] [info] Iteration 255: Applied NNI move (1585, 1568), no. accepts: 109, new log likelihood: -2032522.7493719095, current phi: 0.0029124606444546662, current nu: 0.45610887501291547
[2025-10-28 21:12:46.121] [multi_logger] [info] Iteration 256: Applied NNI move (1403, 1411), no. accepts: 110, new log likelihood: -2032513.2523493203, current phi: 0.002868537240880748, current nu: 0.4559121019114208
[2025-10-28 21:12:46.873] [multi_logger] [info] Iteration 257: Applied NNI move (142, 139), no. accepts: 111, new log likelihood: -2032510.8758522873, current phi: 0.0028283012719496382, current nu: 0.4561255649246789
[2025-10-28 21:12:47.606] [multi_logger] [info] Iteration 258: Rejected NNI move (1381, 1361), proposed log likelihood: -2032510.8758522873
[2025-10-28 21:12:48.320] [multi_logger] [info] Iteration 259: Rejected NNI move (310, 309), proposed log likelihood: -2032510.8758522873
[2025-10-28 21:12:49.050] [multi_logger] [info] Iteration 260: Rejected NNI move (943, 954), proposed log likelihood: -2032510.8758522873
[2025-10-28 21:12:49.794] [multi_logger] [info] Iteration 261: Applied NNI move (72, 54), no. accepts: 112, new log likelihood: -2032473.441373682, current phi: 0.0027873075893221624, current nu: 0.45699141018779416
[2025-10-28 21:12:50.519] [multi_logger] [info] Iteration 262: Rejected NNI move (1315, 1312), proposed log likelihood: -2032473.441373682
[2025-10-28 21:12:51.274] [multi_logger] [info] Iteration 263: Rejected NNI move (1536, 1538), proposed log likelihood: -2032473.441373682
[2025-10-28 21:12:52.002] [multi_logger] [info] Iteration 264: Rejected NNI move (745, 742), proposed log likelihood: -2032473.441373682
[2025-10-28 21:12:52.745] [multi_logger] [info] Iteration 265: Rejected NNI move (1199, 1194), proposed log likelihood: -2032473.441373682
[2025-10-28 21:12:53.592] [multi_logger] [info] Iteration 266: Rejected NNI move (842, 836), proposed log likelihood: -2032473.441373682
[2025-10-28 21:12:54.325] [multi_logger] [info] Iteration 267: Rejected NNI move (1204, 1210), proposed log likelihood: -2032473.441373682
[2025-10-28 21:12:55.049] [multi_logger] [info] Iteration 268: Applied NNI move (754, 732), no. accepts: 113, new log likelihood: -2032465.8878573137, current phi: 0.0027475148294148414, current nu: 0.4569088770042987
[2025-10-28 21:12:55.824] [multi_logger] [info] Iteration 269: Rejected NNI move (1067, 1082), proposed log likelihood: -2032465.8878573137
[2025-10-28 21:12:56.541] [multi_logger] [info] Iteration 270: Applied NNI move (522, 520), no. accepts: 114, new log likelihood: -2032465.0787932267, current phi: 0.0027105186396161997, current nu: 0.4569936848507622
[2025-10-28 21:12:57.267] [multi_logger] [info] Iteration 271: Rejected NNI move (324, 323), proposed log likelihood: -2032465.0787932267
[2025-10-28 21:12:58.024] [multi_logger] [info] Iteration 272: Rejected NNI move (1654, 1651), proposed log likelihood: -2032465.0787932267
[2025-10-28 21:12:58.829] [multi_logger] [info] Iteration 273: Applied NNI move (863, 585), no. accepts: 115, new log likelihood: -2032464.1466850133, current phi: 0.002674378751333356, current nu: 0.4571052299576475
[2025-10-28 21:12:59.595] [multi_logger] [info] Iteration 274: Rejected NNI move (1228, 1232), proposed log likelihood: -2032464.1466850133
[2025-10-28 21:13:00.552] [multi_logger] [info] Iteration 275: Rejected NNI move (237, 230), proposed log likelihood: -2032464.1466850133
[2025-10-28 21:13:01.376] [multi_logger] [info] Iteration 276: Rejected NNI move (12, 17), proposed log likelihood: -2032464.1466850133
[2025-10-28 21:13:02.177] [multi_logger] [info] Iteration 277: Applied NNI move (70, 69), no. accepts: 116, new log likelihood: -2032463.7404981058, current phi: 0.0026385164783122826, current nu: 0.45720217912486116
[2025-10-28 21:13:02.930] [multi_logger] [info] Iteration 278: Rejected NNI move (1416, 1441), proposed log likelihood: -2032463.7404981058
[2025-10-28 21:13:03.650] [multi_logger] [info] Iteration 279: Rejected NNI move (238, 244), proposed log likelihood: -2032463.7404981058
[2025-10-28 21:13:04.380] [multi_logger] [info] Iteration 280: Applied NNI move (1419, 1423), no. accepts: 117, new log likelihood: -2032455.6902600513, current phi: 0.002603134027657789, current nu: 0.4574306305559897
[2025-10-28 21:13:05.140] [multi_logger] [info] Iteration 281: Applied NNI move (754, 727), no. accepts: 118, new log likelihood: -2032454.6414766377, current phi: 0.0025696425416321124, current nu: 0.4576305503832043
[2025-10-28 21:13:05.903] [multi_logger] [info] Iteration 282: Applied NNI move (957, 956), no. accepts: 119, new log likelihood: -2032454.1196588038, current phi: 0.002536553249027674, current nu: 0.4577025662238659
[2025-10-28 21:13:06.730] [multi_logger] [info] Iteration 283: Rejected NNI move (1097, 1096), proposed log likelihood: -2032454.1196588038
[2025-10-28 21:13:07.560] [multi_logger] [info] Iteration 284: Rejected NNI move (1138, 1141), proposed log likelihood: -2032454.1196588038
[2025-10-28 21:13:08.360] [multi_logger] [info] Iteration 285: Applied NNI move (707, 710), no. accepts: 120, new log likelihood: -2032453.1329305163, current phi: 0.0025021102313050715, current nu: 0.4576188924672723
[2025-10-28 21:13:09.143] [multi_logger] [info] Iteration 286: Applied NNI move (165, 73), no. accepts: 121, new log likelihood: -2032445.085670859, current phi: 0.0024685214046887504, current nu: 0.4577745447999347
[2025-10-28 21:13:09.936] [multi_logger] [info] Iteration 287: Rejected NNI move (1443, 1417), proposed log likelihood: -2032445.085670859
[2025-10-28 21:13:10.754] [multi_logger] [info] Iteration 288: Rejected NNI move (499, 502), proposed log likelihood: -2032445.085670859
[2025-10-28 21:13:11.468] [multi_logger] [info] Iteration 289: Rejected NNI move (265, 263), proposed log likelihood: -2032445.085670859
[2025-10-28 21:13:12.193] [multi_logger] [info] Iteration 290: Rejected NNI move (198, 191), proposed log likelihood: -2032445.085670859
[2025-10-28 21:13:12.925] [multi_logger] [info] Iteration 291: Rejected NNI move (1140, 1142), proposed log likelihood: -2032445.085670859
[2025-10-28 21:13:13.643] [multi_logger] [info] Iteration 292: Applied NNI move (1217, 1179), no. accepts: 122, new log likelihood: -2032437.8612872118, current phi: 0.002434536006812411, current nu: 0.4579988290610076
[2025-10-28 21:13:14.386] [multi_logger] [info] Iteration 293: Applied NNI move (1660, 1642), no. accepts: 123, new log likelihood: -2032437.000191605, current phi: 0.002399653532725227, current nu: 0.4579758467975029
[2025-10-28 21:13:15.104] [multi_logger] [info] Iteration 294: Rejected NNI move (599, 627), proposed log likelihood: -2032437.000191605
[2025-10-28 21:13:15.921] [multi_logger] [info] Iteration 295: Applied NNI move (195, 197), no. accepts: 124, new log likelihood: -2032434.9418224692, current phi: 0.002364711752959627, current nu: 0.4579389384813305
[2025-10-28 21:13:16.734] [multi_logger] [info] Iteration 296: Applied NNI move (151, 95), no. accepts: 125, new log likelihood: -2032434.1516803612, current phi: 0.002330514015416693, current nu: 0.4579390613566014
[2025-10-28 21:13:17.598] [multi_logger] [info] Iteration 297: Applied NNI move (903, 904), no. accepts: 126, new log likelihood: -2032401.2486018655, current phi: 0.002295799238568043, current nu: 0.45836522322472906
[2025-10-28 21:13:18.376] [multi_logger] [info] Iteration 298: Applied NNI move (1235, 1111), no. accepts: 127, new log likelihood: -2032394.4994195353, current phi: 0.0022613783292719405, current nu: 0.45838058502287743
[2025-10-28 21:13:19.103] [multi_logger] [info] Iteration 299: Rejected NNI move (198, 184), proposed log likelihood: -2032394.4994195353
[2025-10-28 21:13:19.891] [multi_logger] [info] Iteration 300: Rejected NNI move (794, 793), proposed log likelihood: -2032394.4994195353
[2025-10-28 21:13:20.624] [multi_logger] [info] Iteration 301: Rejected NNI move (1144, 1146), proposed log likelihood: -2032394.4994195353
[2025-10-28 21:13:21.326] [multi_logger] [info] Iteration 302: Rejected NNI move (764, 770), proposed log likelihood: -2032394.4994195353
[2025-10-28 21:13:22.017] [multi_logger] [info] Iteration 303: Applied NNI move (386, 390), no. accepts: 128, new log likelihood: -2032394.0468440359, current phi: 0.0022289906004922316, current nu: 0.45844687640765286
[2025-10-28 21:13:22.702] [multi_logger] [info] Iteration 304: Rejected NNI move (361, 375), proposed log likelihood: -2032394.0468440359
[2025-10-28 21:13:23.491] [multi_logger] [info] Iteration 305: Rejected NNI move (426, 995), proposed log likelihood: -2032394.0468440359
[2025-10-28 21:13:24.176] [multi_logger] [info] Iteration 306: Rejected NNI move (547, 552), proposed log likelihood: -2032394.0468440359
[2025-10-28 21:13:24.925] [multi_logger] [info] Iteration 307: Applied NNI move (1179, 1202), no. accepts: 129, new log likelihood: -2032391.3979250113, current phi: 0.002197652261597793, current nu: 0.45858738894738743
[2025-10-28 21:13:25.617] [multi_logger] [info] Iteration 308: Rejected NNI move (520, 519), proposed log likelihood: -2032391.3979250113
[2025-10-28 21:13:26.310] [multi_logger] [info] Iteration 309: Rejected NNI move (167, 169), proposed log likelihood: -2032391.3979250113
[2025-10-28 21:13:26.994] [multi_logger] [info] Iteration 310: Applied NNI move (1400, 1415), no. accepts: 130, new log likelihood: -2032391.0062835552, current phi: 0.002167047289621569, current nu: 0.45865513742665576
[2025-10-28 21:13:27.681] [multi_logger] [info] Iteration 311: Rejected NNI move (1140, 1143), proposed log likelihood: -2032391.0062835552
[2025-10-28 21:13:28.361] [multi_logger] [info] Iteration 312: Rejected NNI move (484, 485), proposed log likelihood: -2032391.0062835552
[2025-10-28 21:13:29.051] [multi_logger] [info] Iteration 313: Applied NNI move (1559, 1568), no. accepts: 131, new log likelihood: -2032381.6289630418, current phi: 0.00213631217375128, current nu: 0.4584294363722549
[2025-10-28 21:13:29.809] [multi_logger] [info] Iteration 314: Rejected NNI move (305, 1245), proposed log likelihood: -2032381.6289630418
[2025-10-28 21:13:30.514] [multi_logger] [info] Iteration 315: Rejected NNI move (307, 1024), proposed log likelihood: -2032381.6289630418
[2025-10-28 21:13:31.251] [multi_logger] [info] Iteration 316: Applied NNI move (1346, 1299), no. accepts: 132, new log likelihood: -2032375.2481710427, current phi: 0.0021067549389048998, current nu: 0.4583625638383371
[2025-10-28 21:13:31.952] [multi_logger] [info] Iteration 317: Rejected NNI move (1086, 1067), proposed log likelihood: -2032375.2481710427
[2025-10-28 21:13:32.705] [multi_logger] [info] Iteration 318: Applied NNI move (1243, 1101), no. accepts: 133, new log likelihood: -2032368.5766332338, current phi: 0.0020783773612169155, current nu: 0.4584017037358467
[2025-10-28 21:13:33.422] [multi_logger] [info] Iteration 319: Rejected NNI move (203, 205), proposed log likelihood: -2032368.5766332338
[2025-10-28 21:13:34.115] [multi_logger] [info] Iteration 320: Rejected NNI move (480, 478), proposed log likelihood: -2032368.5766332338
[2025-10-28 21:13:34.807] [multi_logger] [info] Iteration 321: Rejected NNI move (417, 416), proposed log likelihood: -2032368.5766332338
[2025-10-28 21:13:35.505] [multi_logger] [info] Iteration 322: Rejected NNI move (1035, 1037), proposed log likelihood: -2032368.5766332338
[2025-10-28 21:13:36.333] [multi_logger] [info] Iteration 323: Rejected NNI move (466, 468), proposed log likelihood: -2032368.5766332338
[2025-10-28 21:13:37.063] [multi_logger] [info] Iteration 324: Applied NNI move (1203, 1216), no. accepts: 134, new log likelihood: -2032364.036452085, current phi: 0.0020519502057303467, current nu: 0.45869105689228834
[2025-10-28 21:13:37.838] [multi_logger] [info] Iteration 325: Applied NNI move (338, 331), no. accepts: 135, new log likelihood: -2032362.6560525685, current phi: 0.0020243783311171323, current nu: 0.4586960002872362
[2025-10-28 21:13:38.528] [multi_logger] [info] Iteration 326: Rejected NNI move (451, 459), proposed log likelihood: -2032362.6560525685
[2025-10-28 21:13:39.238] [multi_logger] [info] Iteration 327: Rejected NNI move (391, 387), proposed log likelihood: -2032362.6560525685
[2025-10-28 21:13:40.045] [multi_logger] [info] Iteration 328: Rejected NNI move (439, 443), proposed log likelihood: -2032362.6560525685
[2025-10-28 21:13:40.763] [multi_logger] [info] Iteration 329: Rejected NNI move (1140, 1142), proposed log likelihood: -2032362.6560525685
[2025-10-28 21:13:41.461] [multi_logger] [info] Iteration 330: Applied NNI move (172, 42), no. accepts: 136, new log likelihood: -2032362.4820731329, current phi: 0.0019978753638705297, current nu: 0.45871681099783124
[2025-10-28 21:13:42.111] [multi_logger] [info] Iteration 331: Rejected NNI move (741, 747), proposed log likelihood: -2032362.4820731329
[2025-10-28 21:13:42.836] [multi_logger] [info] Iteration 332: Rejected NNI move (773, 778), proposed log likelihood: -2032362.4820731329
[2025-10-28 21:13:43.511] [multi_logger] [info] Iteration 333: Rejected NNI move (192, 197), proposed log likelihood: -2032362.4820731329
[2025-10-28 21:13:44.211] [multi_logger] [info] Iteration 334: Applied NNI move (353, 357), no. accepts: 137, new log likelihood: -2032360.241468893, current phi: 0.0019719719313897387, current nu: 0.4587924810229162
[2025-10-28 21:13:44.935] [multi_logger] [info] Iteration 335: Rejected NNI move (633, 638), proposed log likelihood: -2032360.241468893
[2025-10-28 21:13:45.626] [multi_logger] [info] Iteration 336: Rejected NNI move (1315, 1311), proposed log likelihood: -2032360.241468893
[2025-10-28 21:13:46.368] [multi_logger] [info] Iteration 337: Rejected NNI move (435, 438), proposed log likelihood: -2032360.241468893
[2025-10-28 21:13:47.071] [multi_logger] [info] Iteration 338: Rejected NNI move (802, 788), proposed log likelihood: -2032360.241468893
[2025-10-28 21:13:47.810] [multi_logger] [info] Iteration 339: Applied NNI move (1435, 1425), no. accepts: 138, new log likelihood: -2032357.3852392854, current phi: 0.001946548054229665, current nu: 0.4586892095217425
[2025-10-28 21:13:48.562] [multi_logger] [info] Iteration 340: Applied NNI move (1381, 1362), no. accepts: 139, new log likelihood: -2032347.7993920941, current phi: 0.0019212724466007504, current nu: 0.458755160997808
[2025-10-28 21:13:49.439] [multi_logger] [info] Iteration 341: Applied NNI move (198, 191), no. accepts: 140, new log likelihood: -2032347.280554587, current phi: 0.0018952052579843406, current nu: 0.4587010973951378
[2025-10-28 21:13:50.161] [multi_logger] [info] Iteration 342: Rejected NNI move (1192, 1181), proposed log likelihood: -2032347.280554587
[2025-10-28 21:13:50.850] [multi_logger] [info] Iteration 343: Rejected NNI move (1098, 1094), proposed log likelihood: -2032347.280554587
[2025-10-28 21:13:51.572] [multi_logger] [info] Iteration 344: Rejected NNI move (301, 1350), proposed log likelihood: -2032347.280554587
[2025-10-28 21:13:52.268] [multi_logger] [info] Iteration 345: Rejected NNI move (1423, 1419), proposed log likelihood: -2032347.280554587
[2025-10-28 21:13:52.964] [multi_logger] [info] Iteration 346: Applied NNI move (856, 847), no. accepts: 141, new log likelihood: -2032343.6093055487, current phi: 0.0018693409826695641, current nu: 0.45887449436358435
[2025-10-28 21:13:53.651] [multi_logger] [info] Iteration 347: Rejected NNI move (65, 64), proposed log likelihood: -2032343.6093055487
[2025-10-28 21:13:54.333] [multi_logger] [info] Iteration 348: Rejected NNI move (459, 461), proposed log likelihood: -2032343.6093055487
[2025-10-28 21:13:55.042] [multi_logger] [info] Iteration 349: Rejected NNI move (636, 634), proposed log likelihood: -2032343.6093055487
[2025-10-28 21:13:55.742] [multi_logger] [info] Iteration 350: Applied NNI move (1621, 1622), no. accepts: 142, new log likelihood: -2032343.5270704974, current phi: 0.001843794421701463, current nu: 0.458953233843
[2025-10-28 21:13:56.424] [multi_logger] [info] Iteration 351: Applied NNI move (807, 752), no. accepts: 143, new log likelihood: -2032341.1211718342, current phi: 0.001818663267597941, current nu: 0.45902633703322043
[2025-10-28 21:13:57.108] [multi_logger] [info] Iteration 352: Rejected NNI move (533, 535), proposed log likelihood: -2032341.1211718342
[2025-10-28 21:13:57.802] [multi_logger] [info] Iteration 353: Rejected NNI move (172, 10), proposed log likelihood: -2032341.1211718342
[2025-10-28 21:13:57.802] [multi_logger] [info] Terminating: no acceptable move or improvement <  at iteration 354
[2025-10-28 21:13:57.802] [multi_logger] [info] Simulated annealing completed after 354 iterations. Final log likelihood: -2032341.1211718342
[2025-10-28 21:13:57.809] [multi_logger] [info] Num missing entries: 9846 Num not missing entries: 30090
[2025-10-28 21:13:57.886] [multi_logger] [info] EM iteration: 0 Log likelihood: -2073866.1850159066
[2025-10-28 21:13:57.886] [multi_logger] [info] Nu: 0.693670392036438 Phi: 0.8098391890525818
[2025-10-28 21:13:58.073] [multi_logger] [info] EM iteration: 1 Log likelihood: -2033384.2698764412
[2025-10-28 21:13:58.073] [multi_logger] [info] Nu: 0.1639301202978965 Phi: 0.17441885968131082
[2025-10-28 21:13:58.249] [multi_logger] [info] EM iteration: 2 Log likelihood: -2032924.6451267349
[2025-10-28 21:13:58.249] [multi_logger] [info] Nu: 0.17790058575367165 Phi: 0.13899119848002525
[2025-10-28 21:13:58.434] [multi_logger] [info] EM iteration: 3 Log likelihood: -2032754.7412573239
[2025-10-28 21:13:58.434] [multi_logger] [info] Nu: 0.20472957027617195 Phi: 0.12193554411454308
[2025-10-28 21:13:58.641] [multi_logger] [info] EM iteration: 4 Log likelihood: -2032656.58742692
[2025-10-28 21:13:58.641] [multi_logger] [info] Nu: 0.22898061803502567 Phi: 0.10933857192366624
[2025-10-28 21:13:58.831] [multi_logger] [info] EM iteration: 5 Log likelihood: -2032591.6310659922
[2025-10-28 21:13:58.831] [multi_logger] [info] Nu: 0.24960377060287187 Phi: 0.09928889091464033
[2025-10-28 21:13:59.031] [multi_logger] [info] EM iteration: 6 Log likelihood: -2032545.9639318502
[2025-10-28 21:13:59.031] [multi_logger] [info] Nu: 0.2670139281614884 Phi: 0.0910534999895247
[2025-10-28 21:13:59.242] [multi_logger] [info] EM iteration: 7 Log likelihood: -2032512.6478262679
[2025-10-28 21:13:59.242] [multi_logger] [info] Nu: 0.2817558726136367 Phi: 0.0841848049054666
[2025-10-28 21:13:59.472] [multi_logger] [info] EM iteration: 8 Log likelihood: -2032487.5847956375
[2025-10-28 21:13:59.472] [multi_logger] [info] Nu: 0.2943343553139861 Phi: 0.07837124980080763
[2025-10-28 21:13:59.852] [multi_logger] [info] Best log likelihood: -2032468.1798197418
[2025-10-28 21:13:59.853] [multi_logger] [info] Total runtime: 279260 ms
[2025-10-28 21:13:59.853] [multi_logger] [info] Writing best tree to file...
[2025-10-28 21:13:59.854] [multi_logger] [info] Optimized tree written to fastlaml_colonies_clone3.stepwise_addition_03_tree.newick
[2025-10-28 21:13:59.854] [multi_logger] [info] data_type: observation-matrix, writing posterior probs and argmax probs.
[2025-10-28 21:14:00.150] [multi_logger] [info] Posterior matrix written to fastlaml_colonies_clone3.stepwise_addition_03_posterior_probs.csv
[2025-10-28 21:14:00.157] [multi_logger] [info] Argmax matrix written to fastlaml_colonies_clone3.stepwise_addition_03_posterior_argmax.csv
[2025-10-28 21:14:00.157] [multi_logger] [info] JSON summary written to fastlaml_colonies_clone3.stepwise_addition_03_results.json
[2025-10-28 21:14:00.157] [multi_logger] [info] Tree search and optimization completed. Log likelihood: -2032468.1798197418
