[2025-10-28 21:09:20.504] [multi_logger] [info] Logger initialized
[2025-10-28 21:09:20.504] [multi_logger] [info] Command: /Users/gc3045/git/fast-laml/build/src/fastlaml --matrix /Users/gc3045/git/laml2-experiments/real_data/PEtracer/inputs/colonies_clone3_kde_scores.csv --tree clone3.stepwise_addition_05.nwk --output fastlaml_colonies_clone3.stepwise_addition_05 --mode search --seed 0 --max-iterations 5000 --ultrametric -d observation-matrix -v
[2025-10-28 21:09:20.504] [multi_logger] [info] Loading tree from Newick file...
[2025-10-28 21:09:20.505] [multi_logger] [info] Processing matrix and mutation priors...
[2025-10-28 21:09:20.574] [multi_logger] [info] Found 832 taxa and 48 characters
[2025-10-28 21:09:20.574] [multi_logger] [info] No mutation priors provided. Assuming uniform priors.
[2025-10-28 21:09:20.574] [multi_logger] [info] Generating uniform priors for observation matrix w 8 states...
[2025-10-28 21:09:20.579] [multi_logger] [info] === END OF IO SUMMARY ===
[2025-10-28 21:09:20.579] [multi_logger] [info] Number of characters: 48
[2025-10-28 21:09:20.579] [multi_logger] [info] Max alphabet size: 8
[2025-10-28 21:09:20.579] [multi_logger] [info] Data type: observation-matrix

[2025-10-28 21:09:20.584] [multi_logger] [info] Searching for optimal tree...
[2025-10-28 21:09:20.590] [multi_logger] [info] Num missing entries: 9846 Num not missing entries: 30090
[2025-10-28 21:09:20.656] [multi_logger] [info] EM iteration: 0 Log likelihood: -2064444.9893238412
[2025-10-28 21:09:20.656] [multi_logger] [info] Nu: 0.5439321398735046 Phi: 0.5835601091384888
[2025-10-28 21:09:20.905] [multi_logger] [info] EM iteration: 1 Log likelihood: -2035824.3902896014
[2025-10-28 21:09:20.905] [multi_logger] [info] Nu: 0.010697024175459856 Phi: 0.23811457438240702
[2025-10-28 21:09:21.079] [multi_logger] [info] EM iteration: 2 Log likelihood: -2034941.8358606459
[2025-10-28 21:09:21.079] [multi_logger] [info] Nu: 0.02217445592764051 Phi: 0.2192972372023308
[2025-10-28 21:09:21.259] [multi_logger] [info] EM iteration: 3 Log likelihood: -2034562.463256774
[2025-10-28 21:09:21.259] [multi_logger] [info] Nu: 0.04140305881577306 Phi: 0.20410037969903755
[2025-10-28 21:09:21.428] [multi_logger] [info] EM iteration: 4 Log likelihood: -2034267.8186356814
[2025-10-28 21:09:21.428] [multi_logger] [info] Nu: 0.06622672119329982 Phi: 0.18853438841319228
[2025-10-28 21:09:21.607] [multi_logger] [info] EM iteration: 5 Log likelihood: -2034024.0006024009
[2025-10-28 21:09:21.607] [multi_logger] [info] Nu: 0.09425211974846055 Phi: 0.17299243792346122
[2025-10-28 21:09:21.789] [multi_logger] [info] EM iteration: 6 Log likelihood: -2033823.4084991026
[2025-10-28 21:09:21.789] [multi_logger] [info] Nu: 0.12320879383302294 Phi: 0.15783057238327491
[2025-10-28 21:09:21.970] [multi_logger] [info] EM iteration: 7 Log likelihood: -2033661.7220757157
[2025-10-28 21:09:21.970] [multi_logger] [info] Nu: 0.15133600025051766 Phi: 0.14351718654204865
[2025-10-28 21:09:22.142] [multi_logger] [info] EM iteration: 8 Log likelihood: -2033535.0706529785
[2025-10-28 21:09:22.142] [multi_logger] [info] Nu: 0.17744110964062093 Phi: 0.13042160315571624
[2025-10-28 21:09:22.320] [multi_logger] [info] EM iteration: 9 Log likelihood: -2033437.8441977976
[2025-10-28 21:09:22.320] [multi_logger] [info] Nu: 0.20087875762429938 Phi: 0.11879255242915131
[2025-10-28 21:09:22.507] [multi_logger] [info] EM iteration: 10 Log likelihood: -2033363.283900268
[2025-10-28 21:09:22.507] [multi_logger] [info] Nu: 0.22149251416819937 Phi: 0.1086525065216914
[2025-10-28 21:09:22.691] [multi_logger] [info] EM iteration: 11 Log likelihood: -2033305.9036386951
[2025-10-28 21:09:22.691] [multi_logger] [info] Nu: 0.23945108418012684 Phi: 0.09987097201566503
[2025-10-28 21:09:22.887] [multi_logger] [info] EM iteration: 12 Log likelihood: -2033261.750165074
[2025-10-28 21:09:22.887] [multi_logger] [info] Nu: 0.2550635006117905 Phi: 0.09227529505542843
[2025-10-28 21:09:23.091] [multi_logger] [info] EM iteration: 13 Log likelihood: -2033227.818387743
[2025-10-28 21:09:23.091] [multi_logger] [info] Nu: 0.2686578888105862 Phi: 0.08569787401006686
[2025-10-28 21:09:23.287] [multi_logger] [info] EM iteration: 14 Log likelihood: -2033201.6260712552
[2025-10-28 21:09:23.287] [multi_logger] [info] Nu: 0.2805368461151978 Phi: 0.07998582327861548
[2025-10-28 21:09:23.483] [multi_logger] [info] EM iteration: 15 Log likelihood: -2033181.1321733096
[2025-10-28 21:09:23.483] [multi_logger] [info] Nu: 0.29096247096694683 Phi: 0.07500138165504204
[2025-10-28 21:09:23.819] [multi_logger] [info] Starting simulated annealing with initial log likelihood: -2033164.7426808816
[2025-10-28 21:09:24.524] [multi_logger] [info] Iteration 0: Applied NNI move (326, 309), no. accepts: 0, new log likelihood: -2033152.7672112375, current phi: 0.0632811184548792, current nu: 0.3155144069356778
[2025-10-28 21:09:25.250] [multi_logger] [info] Iteration 1: Applied NNI move (1152, 1158), no. accepts: 1, new log likelihood: -2033138.017272197, current phi: 0.057384187099951224, current nu: 0.3280132167360989
[2025-10-28 21:09:25.926] [multi_logger] [info] Iteration 2: Applied NNI move (697, 696), no. accepts: 2, new log likelihood: -2033127.3498072033, current phi: 0.05245841328051483, current nu: 0.3383722483311709
[2025-10-28 21:09:26.645] [multi_logger] [info] Iteration 3: Applied NNI move (23, 25), no. accepts: 3, new log likelihood: -2033126.0016704712, current phi: 0.048387758471490946, current nu: 0.3469593182092503
[2025-10-28 21:09:27.401] [multi_logger] [info] Iteration 4: Applied NNI move (1413, 1394), no. accepts: 4, new log likelihood: -2033117.2009883397, current phi: 0.04482568437955824, current nu: 0.3543675301460653
[2025-10-28 21:09:28.126] [multi_logger] [info] Iteration 5: Applied NNI move (420, 419), no. accepts: 5, new log likelihood: -2033109.816014845, current phi: 0.041770267072302344, current nu: 0.3606676313003079
[2025-10-28 21:09:28.837] [multi_logger] [info] Iteration 6: Applied NNI move (431, 423), no. accepts: 6, new log likelihood: -2033103.2234801762, current phi: 0.039116577561589864, current nu: 0.3660774140665036
[2025-10-28 21:09:29.600] [multi_logger] [info] Iteration 7: Applied NNI move (594, 596), no. accepts: 7, new log likelihood: -2033097.8434013533, current phi: 0.03679885015333134, current nu: 0.37087980153495526
[2025-10-28 21:09:30.388] [multi_logger] [info] Iteration 8: Rejected NNI move (471, 446), proposed log likelihood: -2033097.8434013533
[2025-10-28 21:09:31.172] [multi_logger] [info] Iteration 9: Rejected NNI move (840, 1017), proposed log likelihood: -2033097.8434013533
[2025-10-28 21:09:31.945] [multi_logger] [info] Iteration 10: Applied NNI move (446, 445), no. accepts: 8, new log likelihood: -2033097.029029366, current phi: 0.03475730863058278, current nu: 0.3751250066564596
[2025-10-28 21:09:32.730] [multi_logger] [info] Iteration 11: Applied NNI move (992, 983), no. accepts: 9, new log likelihood: -2033082.1967905592, current phi: 0.032939635253146075, current nu: 0.3791331024033177
[2025-10-28 21:09:33.525] [multi_logger] [info] Iteration 12: Rejected NNI move (1407, 1402), proposed log likelihood: -2033082.1967905592
[2025-10-28 21:09:34.289] [multi_logger] [info] Iteration 13: Applied NNI move (235, 238), no. accepts: 10, new log likelihood: -2033074.4345442916, current phi: 0.03130103635503383, current nu: 0.3826192458697587
[2025-10-28 21:09:35.085] [multi_logger] [info] Iteration 14: Rejected NNI move (572, 571), proposed log likelihood: -2033074.4345442916
[2025-10-28 21:09:35.827] [multi_logger] [info] Iteration 15: Applied NNI move (802, 835), no. accepts: 11, new log likelihood: -2033074.4938375838, current phi: 0.029829572867781956, current nu: 0.385884755102552
[2025-10-28 21:09:36.571] [multi_logger] [info] Iteration 16: Rejected NNI move (200, 199), proposed log likelihood: -2033074.4938375838
[2025-10-28 21:09:37.357] [multi_logger] [info] Iteration 17: Rejected NNI move (668, 667), proposed log likelihood: -2033074.4938375838
[2025-10-28 21:09:38.185] [multi_logger] [info] Iteration 18: Applied NNI move (522, 520), no. accepts: 12, new log likelihood: -2033070.9710968789, current phi: 0.02851365692083436, current nu: 0.3886948600077547
[2025-10-28 21:09:38.965] [multi_logger] [info] Iteration 19: Applied NNI move (1130, 1133), no. accepts: 13, new log likelihood: -2033068.266008414, current phi: 0.027322373347583303, current nu: 0.39123649008805383
[2025-10-28 21:09:39.718] [multi_logger] [info] Iteration 20: Rejected NNI move (1517, 1516), proposed log likelihood: -2033068.266008414
[2025-10-28 21:09:40.511] [multi_logger] [info] Iteration 21: Rejected NNI move (799, 1047), proposed log likelihood: -2033068.266008414
[2025-10-28 21:09:41.285] [multi_logger] [info] Iteration 22: Rejected NNI move (1063, 1180), proposed log likelihood: -2033068.266008414
[2025-10-28 21:09:42.012] [multi_logger] [info] Iteration 23: Rejected NNI move (721, 720), proposed log likelihood: -2033068.266008414
[2025-10-28 21:09:42.749] [multi_logger] [info] Iteration 24: Rejected NNI move (855, 854), proposed log likelihood: -2033068.266008414
[2025-10-28 21:09:43.470] [multi_logger] [info] Iteration 25: Applied NNI move (1262, 1253), no. accepts: 14, new log likelihood: -2033066.4371849918, current phi: 0.026230035503144608, current nu: 0.3935453551994051
[2025-10-28 21:09:44.191] [multi_logger] [info] Iteration 26: Applied NNI move (621, 618), no. accepts: 15, new log likelihood: -2033065.3518360904, current phi: 0.02522657962893871, current nu: 0.39563524193297367
[2025-10-28 21:09:44.936] [multi_logger] [info] Iteration 27: Applied NNI move (513, 516), no. accepts: 16, new log likelihood: -2033051.6588445688, current phi: 0.0243254485669889, current nu: 0.39764531598488817
[2025-10-28 21:09:45.687] [multi_logger] [info] Iteration 28: Applied NNI move (630, 576), no. accepts: 17, new log likelihood: -2033039.4952275716, current phi: 0.023540782491770378, current nu: 0.39976780543430745
[2025-10-28 21:09:46.421] [multi_logger] [info] Iteration 29: Applied NNI move (218, 220), no. accepts: 18, new log likelihood: -2033036.158755932, current phi: 0.02281202133393867, current nu: 0.4012270037299627
[2025-10-28 21:09:47.147] [multi_logger] [info] Iteration 30: Rejected NNI move (746, 745), proposed log likelihood: -2033036.158755932
[2025-10-28 21:09:47.934] [multi_logger] [info] Iteration 31: Applied NNI move (1506, 1494), no. accepts: 19, new log likelihood: -2033032.7363560528, current phi: 0.022121232044484473, current nu: 0.40268679652551553
[2025-10-28 21:09:48.670] [multi_logger] [info] Iteration 32: Applied NNI move (931, 939), no. accepts: 20, new log likelihood: -2033030.1212587173, current phi: 0.021480050051643322, current nu: 0.4039543925763361
[2025-10-28 21:09:49.392] [multi_logger] [info] Iteration 33: Rejected NNI move (411, 408), proposed log likelihood: -2033030.1212587173
[2025-10-28 21:09:50.136] [multi_logger] [info] Iteration 34: Applied NNI move (726, 714), no. accepts: 21, new log likelihood: -2033029.1566586534, current phi: 0.020889416930026907, current nu: 0.4051672831311122
[2025-10-28 21:09:50.863] [multi_logger] [info] Iteration 35: Applied NNI move (835, 802), no. accepts: 22, new log likelihood: -2033026.258106133, current phi: 0.020344195657073894, current nu: 0.40607498028643363
[2025-10-28 21:09:51.632] [multi_logger] [info] Iteration 36: Applied NNI move (621, 590), no. accepts: 23, new log likelihood: -2033025.9243102039, current phi: 0.019842421901764225, current nu: 0.4071124237572789
[2025-10-28 21:09:52.395] [multi_logger] [info] Iteration 37: Rejected NNI move (1055, 1059), proposed log likelihood: -2033025.9243102039
[2025-10-28 21:09:53.126] [multi_logger] [info] Iteration 38: Rejected NNI move (225, 228), proposed log likelihood: -2033025.9243102039
[2025-10-28 21:09:53.867] [multi_logger] [info] Iteration 39: Rejected NNI move (148, 140), proposed log likelihood: -2033025.9243102039
[2025-10-28 21:09:54.631] [multi_logger] [info] Iteration 40: Rejected NNI move (1382, 1379), proposed log likelihood: -2033025.9243102039
[2025-10-28 21:09:55.381] [multi_logger] [info] Iteration 41: Rejected NNI move (1342, 1341), proposed log likelihood: -2033025.9243102039
[2025-10-28 21:09:56.136] [multi_logger] [info] Iteration 42: Rejected NNI move (1336, 1338), proposed log likelihood: -2033025.9243102039
[2025-10-28 21:09:56.925] [multi_logger] [info] Iteration 43: Rejected NNI move (481, 488), proposed log likelihood: -2033025.9243102039
[2025-10-28 21:09:57.692] [multi_logger] [info] Iteration 44: Rejected NNI move (1101, 1103), proposed log likelihood: -2033025.9243102039
[2025-10-28 21:09:58.432] [multi_logger] [info] Iteration 45: Applied NNI move (54, 52), no. accepts: 24, new log likelihood: -2033025.7090538822, current phi: 0.019371075325299334, current nu: 0.40809187862971225
[2025-10-28 21:09:59.191] [multi_logger] [info] Iteration 46: Rejected NNI move (802, 824), proposed log likelihood: -2033025.7090538822
[2025-10-28 21:09:59.921] [multi_logger] [info] Iteration 47: Applied NNI move (1417, 793), no. accepts: 25, new log likelihood: -2033012.6338434117, current phi: 0.01892243700636713, current nu: 0.40912670365666676
[2025-10-28 21:10:00.710] [multi_logger] [info] Iteration 48: Applied NNI move (753, 741), no. accepts: 26, new log likelihood: -2033002.8109048505, current phi: 0.018486511180076538, current nu: 0.4102274293376318
[2025-10-28 21:10:01.452] [multi_logger] [info] Iteration 49: Applied NNI move (446, 432), no. accepts: 27, new log likelihood: -2033000.501103805, current phi: 0.018070418332418, current nu: 0.411271098607557
[2025-10-28 21:10:02.284] [multi_logger] [info] Iteration 50: Applied NNI move (834, 832), no. accepts: 28, new log likelihood: -2033000.4707088745, current phi: 0.01767483024574008, current nu: 0.412099553740687
[2025-10-28 21:10:03.103] [multi_logger] [info] Iteration 51: Rejected NNI move (789, 1421), proposed log likelihood: -2033000.4707088745
[2025-10-28 21:10:03.887] [multi_logger] [info] Iteration 52: Rejected NNI move (1394, 1413), proposed log likelihood: -2033000.4707088745
[2025-10-28 21:10:04.688] [multi_logger] [info] Iteration 53: Rejected NNI move (1214, 1211), proposed log likelihood: -2033000.4707088745
[2025-10-28 21:10:05.466] [multi_logger] [info] Iteration 54: Rejected NNI move (725, 724), proposed log likelihood: -2033000.4707088745
[2025-10-28 21:10:06.293] [multi_logger] [info] Iteration 55: Applied NNI move (623, 631), no. accepts: 29, new log likelihood: -2032995.4223859282, current phi: 0.01730349374482285, current nu: 0.41313774104769935
[2025-10-28 21:10:07.072] [multi_logger] [info] Iteration 56: Rejected NNI move (980, 842), proposed log likelihood: -2032995.4223859282
[2025-10-28 21:10:08.036] [multi_logger] [info] Iteration 57: Applied NNI move (371, 205), no. accepts: 30, new log likelihood: -2032974.0619205628, current phi: 0.016940040263307615, current nu: 0.41428493100746333
[2025-10-28 21:10:08.878] [multi_logger] [info] Iteration 58: Applied NNI move (247, 209), no. accepts: 31, new log likelihood: -2032969.635115582, current phi: 0.016587571158644447, current nu: 0.41506838122754763
[2025-10-28 21:10:09.642] [multi_logger] [info] Iteration 59: Rejected NNI move (304, 328), proposed log likelihood: -2032969.635115582
[2025-10-28 21:10:10.403] [multi_logger] [info] Iteration 60: Rejected NNI move (789, 1421), proposed log likelihood: -2032969.635115582
[2025-10-28 21:10:11.246] [multi_logger] [info] Iteration 61: Applied NNI move (945, 930), no. accepts: 32, new log likelihood: -2032966.4399511088, current phi: 0.016252628050671347, current nu: 0.41587167023816063
[2025-10-28 21:10:12.076] [multi_logger] [info] Iteration 62: Rejected NNI move (1486, 1535), proposed log likelihood: -2032966.4399511088
[2025-10-28 21:10:12.809] [multi_logger] [info] Iteration 63: Rejected NNI move (1224, 1223), proposed log likelihood: -2032966.4399511088
[2025-10-28 21:10:13.599] [multi_logger] [info] Iteration 64: Rejected NNI move (1571, 1607), proposed log likelihood: -2032966.4399511088
[2025-10-28 21:10:14.334] [multi_logger] [info] Iteration 65: Rejected NNI move (43, 41), proposed log likelihood: -2032966.4399511088
[2025-10-28 21:10:15.085] [multi_logger] [info] Iteration 66: Rejected NNI move (562, 727), proposed log likelihood: -2032966.4399511088
[2025-10-28 21:10:15.834] [multi_logger] [info] Iteration 67: Applied NNI move (419, 420), no. accepts: 33, new log likelihood: -2032966.407032713, current phi: 0.015932679513000446, current nu: 0.4165622498730968
[2025-10-28 21:10:16.600] [multi_logger] [info] Iteration 68: Rejected NNI move (1494, 1506), proposed log likelihood: -2032966.407032713
[2025-10-28 21:10:17.379] [multi_logger] [info] Iteration 69: Rejected NNI move (532, 546), proposed log likelihood: -2032966.407032713
[2025-10-28 21:10:18.133] [multi_logger] [info] Iteration 70: Rejected NNI move (657, 654), proposed log likelihood: -2032966.407032713
[2025-10-28 21:10:18.910] [multi_logger] [info] Iteration 71: Applied NNI move (1348, 1335), no. accepts: 34, new log likelihood: -2032966.2746370425, current phi: 0.015626337659377546, current nu: 0.41719877876594547
[2025-10-28 21:10:19.657] [multi_logger] [info] Iteration 72: Rejected NNI move (1480, 1554), proposed log likelihood: -2032966.2746370425
[2025-10-28 21:10:20.443] [multi_logger] [info] Iteration 73: Rejected NNI move (556, 530), proposed log likelihood: -2032966.2746370425
[2025-10-28 21:10:21.236] [multi_logger] [info] Iteration 74: Rejected NNI move (315, 314), proposed log likelihood: -2032966.2746370425
[2025-10-28 21:10:21.997] [multi_logger] [info] Iteration 75: Rejected NNI move (1528, 1527), proposed log likelihood: -2032966.2746370425
[2025-10-28 21:10:22.738] [multi_logger] [info] Iteration 76: Applied NNI move (792, 794), no. accepts: 35, new log likelihood: -2032930.90151396, current phi: 0.015329252316924807, current nu: 0.41827877886511067
[2025-10-28 21:10:23.481] [multi_logger] [info] Iteration 77: Applied NNI move (309, 326), no. accepts: 36, new log likelihood: -2032917.659579013, current phi: 0.01503818978721109, current nu: 0.4191097674677541
[2025-10-28 21:10:24.226] [multi_logger] [info] Iteration 78: Rejected NNI move (1427, 1426), proposed log likelihood: -2032917.659579013
[2025-10-28 21:10:24.971] [multi_logger] [info] Iteration 79: Applied NNI move (533, 538), no. accepts: 37, new log likelihood: -2032914.0953563093, current phi: 0.01475321719234267, current nu: 0.41971337684458304
[2025-10-28 21:10:25.801] [multi_logger] [info] Iteration 80: Rejected NNI move (999, 995), proposed log likelihood: -2032914.0953563093
[2025-10-28 21:10:26.544] [multi_logger] [info] Iteration 81: Rejected NNI move (62, 94), proposed log likelihood: -2032914.0953563093
[2025-10-28 21:10:27.282] [multi_logger] [info] Iteration 82: Rejected NNI move (1427, 1425), proposed log likelihood: -2032914.0953563093
[2025-10-28 21:10:28.022] [multi_logger] [info] Iteration 83: Applied NNI move (821, 816), no. accepts: 38, new log likelihood: -2032909.1745002475, current phi: 0.01449743698930184, current nu: 0.4205078232101119
[2025-10-28 21:10:28.768] [multi_logger] [info] Iteration 84: Applied NNI move (832, 834), no. accepts: 39, new log likelihood: -2032908.4580321014, current phi: 0.014252797812843528, current nu: 0.4209657499321984
[2025-10-28 21:10:29.534] [multi_logger] [info] Iteration 85: Rejected NNI move (1186, 1184), proposed log likelihood: -2032908.4580321014
[2025-10-28 21:10:30.292] [multi_logger] [info] Iteration 86: Rejected NNI move (1286, 1302), proposed log likelihood: -2032908.4580321014
[2025-10-28 21:10:31.057] [multi_logger] [info] Iteration 87: Applied NNI move (343, 257), no. accepts: 40, new log likelihood: -2032902.3625516926, current phi: 0.014018839335461742, current nu: 0.4215238214660411
[2025-10-28 21:10:31.869] [multi_logger] [info] Iteration 88: Rejected NNI move (1451, 1449), proposed log likelihood: -2032902.3625516926
[2025-10-28 21:10:32.643] [multi_logger] [info] Iteration 89: Rejected NNI move (993, 1012), proposed log likelihood: -2032902.3625516926
[2025-10-28 21:10:33.450] [multi_logger] [info] Iteration 90: Rejected NNI move (1286, 1302), proposed log likelihood: -2032902.3625516926
[2025-10-28 21:10:34.201] [multi_logger] [info] Iteration 91: Applied NNI move (12, 56), no. accepts: 41, new log likelihood: -2032902.1439611472, current phi: 0.013791421575017148, current nu: 0.422041857911453
[2025-10-28 21:10:34.946] [multi_logger] [info] Iteration 92: Rejected NNI move (5, 447), proposed log likelihood: -2032902.1439611472
[2025-10-28 21:10:35.691] [multi_logger] [info] Iteration 93: Applied NNI move (424, 426), no. accepts: 42, new log likelihood: -2032895.1369666634, current phi: 0.01357455567531972, current nu: 0.4227098893668725
[2025-10-28 21:10:36.460] [multi_logger] [info] Iteration 94: Rejected NNI move (841, 983), proposed log likelihood: -2032895.1369666634
[2025-10-28 21:10:37.207] [multi_logger] [info] Iteration 95: Applied NNI move (347, 344), no. accepts: 43, new log likelihood: -2032895.1090855643, current phi: 0.013373353401979085, current nu: 0.42318124528449685
[2025-10-28 21:10:37.956] [multi_logger] [info] Iteration 96: Applied NNI move (76, 75), no. accepts: 44, new log likelihood: -2032894.9260609478, current phi: 0.013179836032407232, current nu: 0.42358837893668827
[2025-10-28 21:10:38.724] [multi_logger] [info] Iteration 97: Applied NNI move (1351, 1353), no. accepts: 45, new log likelihood: -2032893.1693057157, current phi: 0.012989045956168906, current nu: 0.423874056944106
[2025-10-28 21:10:39.457] [multi_logger] [info] Iteration 98: Applied NNI move (1177, 1206), no. accepts: 46, new log likelihood: -2032886.5191674642, current phi: 0.012804045648754188, current nu: 0.42425402856701605
[2025-10-28 21:10:40.213] [multi_logger] [info] Iteration 99: Applied NNI move (1015, 841), no. accepts: 47, new log likelihood: -2032875.318079338, current phi: 0.012621413209011719, current nu: 0.4246809253624541
[2025-10-28 21:10:41.025] [multi_logger] [info] Iteration 100: Rejected NNI move (993, 1012), proposed log likelihood: -2032875.318079338
[2025-10-28 21:10:41.842] [multi_logger] [info] Iteration 101: Applied NNI move (1363, 1353), no. accepts: 48, new log likelihood: -2032868.101268186, current phi: 0.01243253594071891, current nu: 0.4246714026683521
[2025-10-28 21:10:42.612] [multi_logger] [info] Iteration 102: Applied NNI move (1161, 1065), no. accepts: 49, new log likelihood: -2032856.9770063702, current phi: 0.012248803976903068, current nu: 0.42472199479001344
[2025-10-28 21:10:43.421] [multi_logger] [info] Iteration 103: Rejected NNI move (1188, 1201), proposed log likelihood: -2032856.9770063702
[2025-10-28 21:10:44.200] [multi_logger] [info] Iteration 104: Applied NNI move (1655, 1658), no. accepts: 50, new log likelihood: -2032853.5877824705, current phi: 0.01206759783165802, current nu: 0.4250195099899535
[2025-10-28 21:10:44.951] [multi_logger] [info] Iteration 105: Rejected NNI move (290, 296), proposed log likelihood: -2032853.5877824705
[2025-10-28 21:10:45.701] [multi_logger] [info] Iteration 106: Rejected NNI move (1646, 1638), proposed log likelihood: -2032853.5877824705
[2025-10-28 21:10:46.483] [multi_logger] [info] Iteration 107: Rejected NNI move (40, 45), proposed log likelihood: -2032853.5877824705
[2025-10-28 21:10:47.268] [multi_logger] [info] Iteration 108: Applied NNI move (370, 368), no. accepts: 51, new log likelihood: -2032853.3922954085, current phi: 0.011890478386644884, current nu: 0.42535331399946824
[2025-10-28 21:10:48.021] [multi_logger] [info] Iteration 109: Rejected NNI move (1614, 1613), proposed log likelihood: -2032853.3922954085
[2025-10-28 21:10:48.764] [multi_logger] [info] Iteration 110: Applied NNI move (778, 783), no. accepts: 52, new log likelihood: -2032851.4755397397, current phi: 0.011730062858460026, current nu: 0.42592695165067074
[2025-10-28 21:10:49.495] [multi_logger] [info] Iteration 111: Applied NNI move (1510, 1507), no. accepts: 53, new log likelihood: -2032848.0571637359, current phi: 0.011568408040442008, current nu: 0.42612769372871057
[2025-10-28 21:10:50.253] [multi_logger] [info] Iteration 112: Rejected NNI move (131, 157), proposed log likelihood: -2032848.0571637359
[2025-10-28 21:10:51.041] [multi_logger] [info] Iteration 113: Rejected NNI move (816, 821), proposed log likelihood: -2032848.0571637359
[2025-10-28 21:10:51.800] [multi_logger] [info] Iteration 114: Rejected NNI move (1309, 1285), proposed log likelihood: -2032848.0571637359
[2025-10-28 21:10:52.573] [multi_logger] [info] Iteration 115: Rejected NNI move (631, 638), proposed log likelihood: -2032848.0571637359
[2025-10-28 21:10:53.372] [multi_logger] [info] Iteration 116: Applied NNI move (1278, 1247), no. accepts: 54, new log likelihood: -2032839.6329522992, current phi: 0.011412707668458677, current nu: 0.42646742241781205
[2025-10-28 21:10:54.198] [multi_logger] [info] Iteration 117: Rejected NNI move (938, 940), proposed log likelihood: -2032839.6329522992
[2025-10-28 21:10:54.961] [multi_logger] [info] Iteration 118: Applied NNI move (1586, 1583), no. accepts: 55, new log likelihood: -2032838.1977565435, current phi: 0.011288871287858639, current nu: 0.42702601135117346
[2025-10-28 21:10:55.730] [multi_logger] [info] Iteration 119: Applied NNI move (1320, 1309), no. accepts: 56, new log likelihood: -2032834.7778467308, current phi: 0.011161770163485307, current nu: 0.42733253160726886
[2025-10-28 21:10:56.488] [multi_logger] [info] Iteration 120: Applied NNI move (497, 506), no. accepts: 57, new log likelihood: -2032833.9302789553, current phi: 0.011040622017394008, current nu: 0.4273997194642175
[2025-10-28 21:10:57.233] [multi_logger] [info] Iteration 121: Rejected NNI move (1504, 1503), proposed log likelihood: -2032833.9302789553
[2025-10-28 21:10:57.987] [multi_logger] [info] Iteration 122: Rejected NNI move (1235, 1233), proposed log likelihood: -2032833.9302789553
[2025-10-28 21:10:58.721] [multi_logger] [info] Iteration 123: Applied NNI move (671, 673), no. accepts: 58, new log likelihood: -2032831.8021531894, current phi: 0.010921399787560522, current nu: 0.42758212796205497
[2025-10-28 21:10:59.468] [multi_logger] [info] Iteration 124: Applied NNI move (740, 751), no. accepts: 59, new log likelihood: -2032831.462176976, current phi: 0.010805834279800917, current nu: 0.4277924112856942
[2025-10-28 21:11:00.215] [multi_logger] [info] Iteration 125: Rejected NNI move (798, 1052), proposed log likelihood: -2032831.462176976
[2025-10-28 21:11:00.977] [multi_logger] [info] Iteration 126: Rejected NNI move (1561, 1555), proposed log likelihood: -2032831.462176976
[2025-10-28 21:11:01.735] [multi_logger] [info] Iteration 127: Rejected NNI move (689, 698), proposed log likelihood: -2032831.462176976
[2025-10-28 21:11:02.502] [multi_logger] [info] Iteration 128: Applied NNI move (1615, 1617), no. accepts: 60, new log likelihood: -2032831.3718392504, current phi: 0.010694930287182353, current nu: 0.42802378854383205
[2025-10-28 21:11:03.241] [multi_logger] [info] Iteration 129: Rejected NNI move (798, 1052), proposed log likelihood: -2032831.3718392504
[2025-10-28 21:11:04.008] [multi_logger] [info] Iteration 130: Rejected NNI move (132, 150), proposed log likelihood: -2032831.3718392504
[2025-10-28 21:11:04.747] [multi_logger] [info] Iteration 131: Applied NNI move (1472, 1475), no. accepts: 61, new log likelihood: -2032830.437135699, current phi: 0.010582891086904425, current nu: 0.42822464258999987
[2025-10-28 21:11:05.517] [multi_logger] [info] Iteration 132: Rejected NNI move (560, 559), proposed log likelihood: -2032830.437135699
[2025-10-28 21:11:06.272] [multi_logger] [info] Iteration 133: Applied NNI move (822, 814), no. accepts: 62, new log likelihood: -2032826.9699260604, current phi: 0.010470542329564552, current nu: 0.42829882127206204
[2025-10-28 21:11:07.009] [multi_logger] [info] Iteration 134: Applied NNI move (1511, 1487), no. accepts: 63, new log likelihood: -2032819.1153455074, current phi: 0.01036355657516326, current nu: 0.42844810153717783
[2025-10-28 21:11:07.757] [multi_logger] [info] Iteration 135: Applied NNI move (1037, 801), no. accepts: 64, new log likelihood: -2032819.0875184294, current phi: 0.010261703232506825, current nu: 0.4286452453145661
[2025-10-28 21:11:08.502] [multi_logger] [info] Iteration 136: Rejected NNI move (1561, 1555), proposed log likelihood: -2032819.0875184294
[2025-10-28 21:11:09.213] [multi_logger] [info] Iteration 137: Applied NNI move (835, 830), no. accepts: 65, new log likelihood: -2032814.9173474815, current phi: 0.010161348141548418, current nu: 0.42860498448523926
[2025-10-28 21:11:09.957] [multi_logger] [info] Iteration 138: Applied NNI move (1471, 1453), no. accepts: 66, new log likelihood: -2032809.9021823313, current phi: 0.010067728110024297, current nu: 0.42884251678437574
[2025-10-28 21:11:10.718] [multi_logger] [info] Iteration 139: Applied NNI move (665, 664), no. accepts: 67, new log likelihood: -2032808.347880308, current phi: 0.009961708692118812, current nu: 0.42892927465161595
[2025-10-28 21:11:11.451] [multi_logger] [info] Iteration 140: Rejected NNI move (787, 1478), proposed log likelihood: -2032808.347880308
[2025-10-28 21:11:12.257] [multi_logger] [info] Iteration 141: Rejected NNI move (800, 802), proposed log likelihood: -2032808.347880308
[2025-10-28 21:11:12.983] [multi_logger] [info] Iteration 142: Rejected NNI move (1159, 1153), proposed log likelihood: -2032808.347880308
[2025-10-28 21:11:13.726] [multi_logger] [info] Iteration 143: Rejected NNI move (31, 37), proposed log likelihood: -2032808.347880308
[2025-10-28 21:11:14.479] [multi_logger] [info] Iteration 144: Rejected NNI move (813, 821), proposed log likelihood: -2032808.347880308
[2025-10-28 21:11:15.239] [multi_logger] [info] Iteration 145: Applied NNI move (1572, 1574), no. accepts: 68, new log likelihood: -2032791.253538773, current phi: 0.009859524632274966, current nu: 0.4292939736061576
[2025-10-28 21:11:15.990] [multi_logger] [info] Iteration 146: Applied NNI move (1147, 1134), no. accepts: 69, new log likelihood: -2032790.6445780604, current phi: 0.009755498079250538, current nu: 0.4294991883349519
[2025-10-28 21:11:16.756] [multi_logger] [info] Iteration 147: Rejected NNI move (588, 619), proposed log likelihood: -2032790.6445780604
[2025-10-28 21:11:17.535] [multi_logger] [info] Iteration 148: Applied NNI move (387, 379), no. accepts: 70, new log likelihood: -2032787.7526746104, current phi: 0.009648646542681218, current nu: 0.42970488197249956
[2025-10-28 21:11:18.342] [multi_logger] [info] Iteration 149: Rejected NNI move (512, 525), proposed log likelihood: -2032787.7526746104
[2025-10-28 21:11:19.105] [multi_logger] [info] Iteration 150: Applied NNI move (172, 175), no. accepts: 71, new log likelihood: -2032785.4929814793, current phi: 0.009545326295350853, current nu: 0.4300428816303877
[2025-10-28 21:11:19.829] [multi_logger] [info] Iteration 151: Rejected NNI move (1122, 1114), proposed log likelihood: -2032785.4929814793
[2025-10-28 21:11:20.556] [multi_logger] [info] Iteration 152: Rejected NNI move (240, 220), proposed log likelihood: -2032785.4929814793
[2025-10-28 21:11:21.283] [multi_logger] [info] Iteration 153: Rejected NNI move (148, 141), proposed log likelihood: -2032785.4929814793
[2025-10-28 21:11:22.056] [multi_logger] [info] Iteration 154: Rejected NNI move (563, 706), proposed log likelihood: -2032785.4929814793
[2025-10-28 21:11:22.817] [multi_logger] [info] Iteration 155: Rejected NNI move (1194, 1190), proposed log likelihood: -2032785.4929814793
[2025-10-28 21:11:23.594] [multi_logger] [info] Iteration 156: Applied NNI move (1077, 1069), no. accepts: 72, new log likelihood: -2032784.6351272129, current phi: 0.009450465148290363, current nu: 0.4305240799971398
[2025-10-28 21:11:24.330] [multi_logger] [info] Iteration 157: Rejected NNI move (1101, 1103), proposed log likelihood: -2032784.6351272129
[2025-10-28 21:11:25.121] [multi_logger] [info] Iteration 158: Rejected NNI move (224, 223), proposed log likelihood: -2032784.6351272129
[2025-10-28 21:11:25.869] [multi_logger] [info] Iteration 159: Applied NNI move (1619, 1567), no. accepts: 73, new log likelihood: -2032769.8451444884, current phi: 0.00935361051564565, current nu: 0.4308289008433632
[2025-10-28 21:11:26.606] [multi_logger] [info] Iteration 160: Applied NNI move (1530, 1517), no. accepts: 74, new log likelihood: -2032767.3793554334, current phi: 0.009258044657791818, current nu: 0.4313639528868218
[2025-10-28 21:11:27.362] [multi_logger] [info] Iteration 161: Applied NNI move (344, 347), no. accepts: 75, new log likelihood: -2032767.2292446662, current phi: 0.00916270978637602, current nu: 0.43155827332246716
[2025-10-28 21:11:28.126] [multi_logger] [info] Iteration 162: Rejected NNI move (829, 827), proposed log likelihood: -2032767.2292446662
[2025-10-28 21:11:28.889] [multi_logger] [info] Iteration 163: Applied NNI move (1112, 1124), no. accepts: 76, new log likelihood: -2032752.9041357972, current phi: 0.009069807323275919, current nu: 0.43200094640871295
[2025-10-28 21:11:29.644] [multi_logger] [info] Iteration 164: Applied NNI move (1236, 1350), no. accepts: 77, new log likelihood: -2032750.061644236, current phi: 0.008978469687100199, current nu: 0.4324314589604667
[2025-10-28 21:11:30.407] [multi_logger] [info] Iteration 165: Rejected NNI move (627, 625), proposed log likelihood: -2032750.061644236
[2025-10-28 21:11:31.168] [multi_logger] [info] Iteration 166: Applied NNI move (1244, 1321), no. accepts: 78, new log likelihood: -2032749.6629157104, current phi: 0.008889288802192422, current nu: 0.4326095550491827
[2025-10-28 21:11:31.940] [multi_logger] [info] Iteration 167: Applied NNI move (982, 1000), no. accepts: 79, new log likelihood: -2032746.1716452125, current phi: 0.008802431131492197, current nu: 0.4329055395599879
[2025-10-28 21:11:32.672] [multi_logger] [info] Iteration 168: Rejected NNI move (187, 186), proposed log likelihood: -2032746.1716452125
[2025-10-28 21:11:33.416] [multi_logger] [info] Iteration 169: Rejected NNI move (939, 931), proposed log likelihood: -2032746.1716452125
[2025-10-28 21:11:34.161] [multi_logger] [info] Iteration 170: Applied NNI move (734, 738), no. accepts: 80, new log likelihood: -2032745.0771174352, current phi: 0.008712528624458347, current nu: 0.4329597909245074
[2025-10-28 21:11:34.912] [multi_logger] [info] Iteration 171: Applied NNI move (108, 62), no. accepts: 81, new log likelihood: -2032740.5206779637, current phi: 0.00862983887016346, current nu: 0.4331580860729765
[2025-10-28 21:11:35.649] [multi_logger] [info] Iteration 172: Rejected NNI move (359, 358), proposed log likelihood: -2032740.5206779637
[2025-10-28 21:11:36.410] [multi_logger] [info] Iteration 173: Rejected NNI move (492, 491), proposed log likelihood: -2032740.5206779637
[2025-10-28 21:11:37.154] [multi_logger] [info] Iteration 174: Applied NNI move (133, 148), no. accepts: 82, new log likelihood: -2032734.1204186722, current phi: 0.008545421724339416, current nu: 0.43347754132756744
[2025-10-28 21:11:37.885] [multi_logger] [info] Iteration 175: Rejected NNI move (1133, 1130), proposed log likelihood: -2032734.1204186722
[2025-10-28 21:11:38.616] [multi_logger] [info] Iteration 176: Rejected NNI move (258, 331), proposed log likelihood: -2032734.1204186722
[2025-10-28 21:11:39.358] [multi_logger] [info] Iteration 177: Rejected NNI move (1269, 1268), proposed log likelihood: -2032734.1204186722
[2025-10-28 21:11:40.115] [multi_logger] [info] Iteration 178: Rejected NNI move (1494, 1506), proposed log likelihood: -2032734.1204186722
[2025-10-28 21:11:40.865] [multi_logger] [info] Iteration 179: Rejected NNI move (740, 743), proposed log likelihood: -2032734.1204186722
[2025-10-28 21:11:41.637] [multi_logger] [info] Iteration 180: Rejected NNI move (350, 372), proposed log likelihood: -2032734.1204186722
[2025-10-28 21:11:42.389] [multi_logger] [info] Iteration 181: Rejected NNI move (219, 221), proposed log likelihood: -2032734.1204186722
[2025-10-28 21:11:43.151] [multi_logger] [info] Iteration 182: Rejected NNI move (1594, 1576), proposed log likelihood: -2032734.1204186722
[2025-10-28 21:11:43.917] [multi_logger] [info] Iteration 183: Applied NNI move (347, 344), no. accepts: 83, new log likelihood: -2032734.2257261365, current phi: 0.008459957055148999, current nu: 0.43366386257821066
[2025-10-28 21:11:44.656] [multi_logger] [info] Iteration 184: Applied NNI move (573, 576), no. accepts: 84, new log likelihood: -2032727.6794777294, current phi: 0.008376169103230085, current nu: 0.4339277657667806
[2025-10-28 21:11:45.397] [multi_logger] [info] Iteration 185: Rejected NNI move (1632, 1630), proposed log likelihood: -2032727.6794777294
[2025-10-28 21:11:46.145] [multi_logger] [info] Iteration 186: Applied NNI move (601, 599), no. accepts: 85, new log likelihood: -2032726.366219949, current phi: 0.008284872173414799, current nu: 0.4339823376770646
[2025-10-28 21:11:46.915] [multi_logger] [info] Iteration 187: Applied NNI move (300, 282), no. accepts: 86, new log likelihood: -2032721.9636562327, current phi: 0.008194809837894843, current nu: 0.4340876390362492
[2025-10-28 21:11:47.691] [multi_logger] [info] Iteration 188: Rejected NNI move (187, 186), proposed log likelihood: -2032721.9636562327
[2025-10-28 21:11:48.442] [multi_logger] [info] Iteration 189: Applied NNI move (1553, 1484), no. accepts: 87, new log likelihood: -2032708.1116289655, current phi: 0.00810504164581737, current nu: 0.4340019175778577
[2025-10-28 21:11:49.204] [multi_logger] [info] Iteration 190: Rejected NNI move (841, 980), proposed log likelihood: -2032708.1116289655
[2025-10-28 21:11:49.976] [multi_logger] [info] Iteration 191: Applied NNI move (477, 476), no. accepts: 88, new log likelihood: -2032707.2219438674, current phi: 0.008023603812323862, current nu: 0.434127253956292
[2025-10-28 21:11:50.747] [multi_logger] [info] Iteration 192: Rejected NNI move (983, 992), proposed log likelihood: -2032707.2219438674
[2025-10-28 21:11:51.487] [multi_logger] [info] Iteration 193: Rejected NNI move (539, 544), proposed log likelihood: -2032707.2219438674
[2025-10-28 21:11:52.229] [multi_logger] [info] Iteration 194: Rejected NNI move (181, 179), proposed log likelihood: -2032707.2219438674
[2025-10-28 21:11:53.004] [multi_logger] [info] Iteration 195: Applied NNI move (397, 126), no. accepts: 89, new log likelihood: -2032697.600358842, current phi: 0.007945384062655467, current nu: 0.4343688665138476
[2025-10-28 21:11:53.814] [multi_logger] [info] Iteration 196: Applied NNI move (1038, 1041), no. accepts: 90, new log likelihood: -2032694.3708411916, current phi: 0.007875780109806307, current nu: 0.43485565247665536
[2025-10-28 21:11:54.617] [multi_logger] [info] Iteration 197: Applied NNI move (210, 212), no. accepts: 91, new log likelihood: -2032690.2559575094, current phi: 0.007803272982730643, current nu: 0.4349563750197511
[2025-10-28 21:11:55.384] [multi_logger] [info] Iteration 198: Applied NNI move (1431, 1438), no. accepts: 92, new log likelihood: -2032686.6281782049, current phi: 0.0077368594789647745, current nu: 0.4351019143673164
[2025-10-28 21:11:56.152] [multi_logger] [info] Iteration 199: Rejected NNI move (115, 50), proposed log likelihood: -2032686.6281782049
[2025-10-28 21:11:56.932] [multi_logger] [info] Iteration 200: Applied NNI move (1653, 1628), no. accepts: 93, new log likelihood: -2032679.9619292866, current phi: 0.007673143400509831, current nu: 0.4353034549353065
[2025-10-28 21:11:57.687] [multi_logger] [info] Iteration 201: Rejected NNI move (775, 773), proposed log likelihood: -2032679.9619292866
[2025-10-28 21:11:58.462] [multi_logger] [info] Iteration 202: Applied NNI move (268, 270), no. accepts: 94, new log likelihood: -2032678.3884056804, current phi: 0.007611210782670111, current nu: 0.4354276013384319
[2025-10-28 21:11:59.231] [multi_logger] [info] Iteration 203: Applied NNI move (1654, 786), no. accepts: 95, new log likelihood: -2032671.9223692454, current phi: 0.007550283740475681, current nu: 0.4356917956913684
[2025-10-28 21:11:59.990] [multi_logger] [info] Iteration 204: Rejected NNI move (739, 756), proposed log likelihood: -2032671.9223692454
[2025-10-28 21:12:00.779] [multi_logger] [info] Iteration 205: Rejected NNI move (563, 706), proposed log likelihood: -2032671.9223692454
[2025-10-28 21:12:01.519] [multi_logger] [info] Iteration 206: Rejected NNI move (1151, 1084), proposed log likelihood: -2032671.9223692454
[2025-10-28 21:12:02.270] [multi_logger] [info] Iteration 207: Applied NNI move (937, 934), no. accepts: 96, new log likelihood: -2032662.5626018173, current phi: 0.007487033428368733, current nu: 0.43609895739823124
[2025-10-28 21:12:03.003] [multi_logger] [info] Iteration 208: Rejected NNI move (506, 497), proposed log likelihood: -2032662.5626018173
[2025-10-28 21:12:03.791] [multi_logger] [info] Iteration 209: Applied NNI move (1008, 1011), no. accepts: 97, new log likelihood: -2032661.3834659373, current phi: 0.007427932453851797, current nu: 0.43627478888493004
[2025-10-28 21:12:04.580] [multi_logger] [info] Iteration 210: Applied NNI move (61, 63), no. accepts: 98, new log likelihood: -2032649.3068882087, current phi: 0.007370999513669018, current nu: 0.43648408715327025
[2025-10-28 21:12:05.357] [multi_logger] [info] Iteration 211: Rejected NNI move (1011, 1008), proposed log likelihood: -2032649.3068882087
[2025-10-28 21:12:06.146] [multi_logger] [info] Iteration 212: Applied NNI move (270, 271), no. accepts: 99, new log likelihood: -2032646.9528643254, current phi: 0.007315183951648619, current nu: 0.4366519930185527
[2025-10-28 21:12:06.924] [multi_logger] [info] Iteration 213: Applied NNI move (1478, 1451), no. accepts: 100, new log likelihood: -2032646.1923964038, current phi: 0.0072604481090407175, current nu: 0.4367529469962842
[2025-10-28 21:12:07.694] [multi_logger] [info] Iteration 214: Rejected NNI move (1108, 1107), proposed log likelihood: -2032646.1923964038
[2025-10-28 21:12:08.460] [multi_logger] [info] Iteration 215: Applied NNI move (1267, 1253), no. accepts: 101, new log likelihood: -2032646.193010788, current phi: 0.0072074470608436145, current nu: 0.43686263829428623
[2025-10-28 21:12:09.209] [multi_logger] [info] Iteration 216: Applied NNI move (1418, 794), no. accepts: 102, new log likelihood: -2032618.416475507, current phi: 0.007154122368564831, current nu: 0.4373430910894343
[2025-10-28 21:12:09.992] [multi_logger] [info] Iteration 217: Rejected NNI move (1347, 1339), proposed log likelihood: -2032618.416475507
[2025-10-28 21:12:10.797] [multi_logger] [info] Iteration 218: Applied NNI move (970, 969), no. accepts: 103, new log likelihood: -2032618.0682883146, current phi: 0.007098820941184059, current nu: 0.43750371967388235
[2025-10-28 21:12:11.538] [multi_logger] [info] Iteration 219: Applied NNI move (1633, 1637), no. accepts: 104, new log likelihood: -2032617.9193527505, current phi: 0.007044521719263343, current nu: 0.437614601029228
[2025-10-28 21:12:12.308] [multi_logger] [info] Iteration 220: Rejected NNI move (1346, 1345), proposed log likelihood: -2032617.9193527505
[2025-10-28 21:12:13.098] [multi_logger] [info] Iteration 221: Rejected NNI move (1466, 1458), proposed log likelihood: -2032617.9193527505
[2025-10-28 21:12:13.878] [multi_logger] [info] Iteration 222: Rejected NNI move (411, 407), proposed log likelihood: -2032617.9193527505
[2025-10-28 21:12:14.703] [multi_logger] [info] Iteration 223: Applied NNI move (344, 347), no. accepts: 105, new log likelihood: -2032617.7826638974, current phi: 0.006991279366005039, current nu: 0.43772363088324207
[2025-10-28 21:12:15.556] [multi_logger] [info] Iteration 224: Rejected NNI move (1583, 1582), proposed log likelihood: -2032617.7826638974
[2025-10-28 21:12:16.366] [multi_logger] [info] Iteration 225: Rejected NNI move (1336, 1338), proposed log likelihood: -2032617.7826638974
[2025-10-28 21:12:17.251] [multi_logger] [info] Iteration 226: Applied NNI move (726, 716), no. accepts: 106, new log likelihood: -2032617.3981373222, current phi: 0.006938927690287208, current nu: 0.4378433662405441
[2025-10-28 21:12:18.128] [multi_logger] [info] Iteration 227: Rejected NNI move (1619, 1616), proposed log likelihood: -2032617.3981373222
[2025-10-28 21:12:18.937] [multi_logger] [info] Iteration 228: Rejected NNI move (798, 1215), proposed log likelihood: -2032617.3981373222
[2025-10-28 21:12:19.775] [multi_logger] [info] Iteration 229: Rejected NNI move (60, 58), proposed log likelihood: -2032617.3981373222
[2025-10-28 21:12:20.566] [multi_logger] [info] Iteration 230: Applied NNI move (1317, 1314), no. accepts: 107, new log likelihood: -2032616.3995361328, current phi: 0.006886596788729288, current nu: 0.4379881157260142
[2025-10-28 21:12:21.416] [multi_logger] [info] Iteration 231: Rejected NNI move (207, 348), proposed log likelihood: -2032616.3995361328
[2025-10-28 21:12:22.243] [multi_logger] [info] Iteration 232: Applied NNI move (1095, 1093), no. accepts: 108, new log likelihood: -2032615.945392948, current phi: 0.006831338333025264, current nu: 0.43800686310960896
[2025-10-28 21:12:23.064] [multi_logger] [info] Iteration 233: Rejected NNI move (645, 684), proposed log likelihood: -2032615.945392948
[2025-10-28 21:12:23.890] [multi_logger] [info] Iteration 234: Rejected NNI move (354, 353), proposed log likelihood: -2032615.945392948
[2025-10-28 21:12:24.696] [multi_logger] [info] Iteration 235: Rejected NNI move (648, 661), proposed log likelihood: -2032615.945392948
[2025-10-28 21:12:25.451] [multi_logger] [info] Iteration 236: Rejected NNI move (553, 547), proposed log likelihood: -2032615.945392948
[2025-10-28 21:12:25.451] [multi_logger] [info] Terminating: no acceptable move or improvement < η at iteration 237
[2025-10-28 21:12:25.451] [multi_logger] [info] Simulated annealing completed after 237 iterations. Final log likelihood: -2032615.945392948
[2025-10-28 21:12:25.456] [multi_logger] [info] Num missing entries: 9846 Num not missing entries: 30090
[2025-10-28 21:12:25.527] [multi_logger] [info] EM iteration: 0 Log likelihood: -2074233.7796531774
[2025-10-28 21:12:25.527] [multi_logger] [info] Nu: 0.693670392036438 Phi: 0.8098391890525818
[2025-10-28 21:12:25.721] [multi_logger] [info] EM iteration: 1 Log likelihood: -2033640.0548323314
[2025-10-28 21:12:25.721] [multi_logger] [info] Nu: 0.15930879219142902 Phi: 0.17527641304193783
[2025-10-28 21:12:25.893] [multi_logger] [info] EM iteration: 2 Log likelihood: -2033177.1596279182
[2025-10-28 21:12:25.893] [multi_logger] [info] Nu: 0.17176194704117106 Phi: 0.13894565296509306
[2025-10-28 21:12:26.121] [multi_logger] [info] EM iteration: 3 Log likelihood: -2033008.723346443
[2025-10-28 21:12:26.121] [multi_logger] [info] Nu: 0.1980277463517738 Phi: 0.12195992382421667
[2025-10-28 21:12:26.327] [multi_logger] [info] EM iteration: 4 Log likelihood: -2032911.2768001505
[2025-10-28 21:12:26.327] [multi_logger] [info] Nu: 0.2216830736613236 Phi: 0.10941011361068842
[2025-10-28 21:12:26.561] [multi_logger] [info] EM iteration: 5 Log likelihood: -2032847.0843905641
[2025-10-28 21:12:26.561] [multi_logger] [info] Nu: 0.2416698599975492 Phi: 0.0993911373299959
[2025-10-28 21:12:26.784] [multi_logger] [info] EM iteration: 6 Log likelihood: -2032802.0638803067
[2025-10-28 21:12:26.784] [multi_logger] [info] Nu: 0.2584896770389253 Phi: 0.09119266830647998
[2025-10-28 21:12:27.052] [multi_logger] [info] EM iteration: 7 Log likelihood: -2032769.1379513273
[2025-10-28 21:12:27.052] [multi_logger] [info] Nu: 0.2727378810416944 Phi: 0.08436165687085602
[2025-10-28 21:12:27.287] [multi_logger] [info] EM iteration: 8 Log likelihood: -2032744.3061568383
[2025-10-28 21:12:27.287] [multi_logger] [info] Nu: 0.2849209140071269 Phi: 0.07858054138967956
[2025-10-28 21:12:27.682] [multi_logger] [info] Best log likelihood: -2032725.143880603
[2025-10-28 21:12:27.682] [multi_logger] [info] Total runtime: 187097 ms
[2025-10-28 21:12:27.682] [multi_logger] [info] Writing best tree to file...
[2025-10-28 21:12:27.683] [multi_logger] [info] Optimized tree written to fastlaml_colonies_clone3.stepwise_addition_05_tree.newick
[2025-10-28 21:12:27.683] [multi_logger] [info] data_type: observation-matrix, writing posterior probs and argmax probs.
[2025-10-28 21:12:28.005] [multi_logger] [info] Posterior matrix written to fastlaml_colonies_clone3.stepwise_addition_05_posterior_probs.csv
[2025-10-28 21:12:28.012] [multi_logger] [info] Argmax matrix written to fastlaml_colonies_clone3.stepwise_addition_05_posterior_argmax.csv
[2025-10-28 21:12:28.012] [multi_logger] [info] JSON summary written to fastlaml_colonies_clone3.stepwise_addition_05_results.json
[2025-10-28 21:12:28.012] [multi_logger] [info] Tree search and optimization completed. Log likelihood: -2032725.143880603
