[2025-10-20 14:05:41.681] [multi_logger] [info] Logger initialized
[2025-10-20 14:05:41.685] [multi_logger] [info] Command: /Users/gc3045/git/fast-laml/build/src/fastlaml --matrix /Users/gc3045/git/laml2-experiments/real_data/PEtracer/inputs/colonies_clone3_kde_scores.csv --tree clone3.stepwise_addition_09.nwk --output fastlaml_colonies_clone3.stepwise_addition_09 --mode search --seed 0 --max-iterations 5000 --ultrametric -d observation-matrix -v
[2025-10-20 14:05:41.685] [multi_logger] [info] Loading tree from Newick file...
[2025-10-20 14:05:41.686] [multi_logger] [info] Processing matrix and mutation priors...
[2025-10-20 14:05:41.774] [multi_logger] [info] Found 832 taxa and 48 characters
[2025-10-20 14:05:41.774] [multi_logger] [info] No mutation priors provided. Assuming uniform priors.
[2025-10-20 14:05:41.774] [multi_logger] [info] Generating uniform priors for observation matrix w 8 states...
[2025-10-20 14:05:41.778] [multi_logger] [info] === END OF IO SUMMARY ===
[2025-10-20 14:05:41.778] [multi_logger] [info] Number of characters: 48
[2025-10-20 14:05:41.778] [multi_logger] [info] Max alphabet size: 8
[2025-10-20 14:05:41.778] [multi_logger] [info] Data type: observation-matrix

[2025-10-20 14:05:41.779] [multi_logger] [info] Searching for optimal tree...
[2025-10-20 14:05:41.782] [multi_logger] [info] Num missing entries: 9846 Num not missing entries: 30090
[2025-10-20 14:05:41.861] [multi_logger] [info] EM iteration: 0 Log likelihood: -2065353.45805391
[2025-10-20 14:05:41.861] [multi_logger] [info] Nu: 0.5439321398735046 Phi: 0.5835601091384888
[2025-10-20 14:05:42.064] [multi_logger] [info] EM iteration: 1 Log likelihood: -2036199.4861174882
[2025-10-20 14:05:42.064] [multi_logger] [info] Nu: 0.010899348863122969 Phi: 0.23778625003961915
[2025-10-20 14:05:42.235] [multi_logger] [info] EM iteration: 2 Log likelihood: -2035256.9689149412
[2025-10-20 14:05:42.235] [multi_logger] [info] Nu: 0.022676176519818528 Phi: 0.21796577181888063
[2025-10-20 14:05:42.411] [multi_logger] [info] EM iteration: 3 Log likelihood: -2034848.449308563
[2025-10-20 14:05:42.411] [multi_logger] [info] Nu: 0.04229519025221536 Phi: 0.20224680349798216
[2025-10-20 14:05:42.563] [multi_logger] [info] EM iteration: 4 Log likelihood: -2034534.19964028
[2025-10-20 14:05:42.564] [multi_logger] [info] Nu: 0.0673306805543054 Phi: 0.18616719053284259
[2025-10-20 14:05:42.718] [multi_logger] [info] EM iteration: 5 Log likelihood: -2034276.902316947
[2025-10-20 14:05:42.718] [multi_logger] [info] Nu: 0.09530199691414071 Phi: 0.17002219747750305
[2025-10-20 14:05:42.891] [multi_logger] [info] EM iteration: 6 Log likelihood: -2034069.0790585014
[2025-10-20 14:05:42.891] [multi_logger] [info] Nu: 0.12380434554022085 Phi: 0.1545507163242549
[2025-10-20 14:05:43.072] [multi_logger] [info] EM iteration: 7 Log likelihood: -2033907.1570898534
[2025-10-20 14:05:43.072] [multi_logger] [info] Nu: 0.15102753724874984 Phi: 0.1402667498171522
[2025-10-20 14:05:43.239] [multi_logger] [info] EM iteration: 8 Log likelihood: -2033786.1798818891
[2025-10-20 14:05:43.239] [multi_logger] [info] Nu: 0.1758384226985653 Phi: 0.127623730856078
[2025-10-20 14:05:43.413] [multi_logger] [info] EM iteration: 9 Log likelihood: -2033696.6896181442
[2025-10-20 14:05:43.413] [multi_logger] [info] Nu: 0.1977182667589943 Phi: 0.11668403780543675
[2025-10-20 14:05:43.635] [multi_logger] [info] EM iteration: 10 Log likelihood: -2033631.4602316562
[2025-10-20 14:05:43.635] [multi_logger] [info] Nu: 0.21661687142647099 Phi: 0.10735281204552334
[2025-10-20 14:05:43.810] [multi_logger] [info] EM iteration: 11 Log likelihood: -2033582.3558582114
[2025-10-20 14:05:43.810] [multi_logger] [info] Nu: 0.23277926022697648 Phi: 0.09942387548283906
[2025-10-20 14:05:43.981] [multi_logger] [info] EM iteration: 12 Log likelihood: -2033544.6842138648
[2025-10-20 14:05:43.981] [multi_logger] [info] Nu: 0.2465911480148117 Phi: 0.09263270880861868
[2025-10-20 14:05:44.162] [multi_logger] [info] EM iteration: 13 Log likelihood: -2033515.1675532477
[2025-10-20 14:05:44.162] [multi_logger] [info] Nu: 0.25846726226813926 Phi: 0.08678399214365458
[2025-10-20 14:05:44.361] [multi_logger] [info] EM iteration: 14 Log likelihood: -2033490.9270995925
[2025-10-20 14:05:44.361] [multi_logger] [info] Nu: 0.2687369762965204 Phi: 0.08169835562764129
[2025-10-20 14:05:44.540] [multi_logger] [info] EM iteration: 15 Log likelihood: -2033470.5306597166
[2025-10-20 14:05:44.540] [multi_logger] [info] Nu: 0.2776698729552263 Phi: 0.07722893807919584
[2025-10-20 14:05:44.871] [multi_logger] [info] Starting simulated annealing with initial log likelihood: -2033453.3683799326
[2025-10-20 14:05:45.462] [multi_logger] [info] Iteration 0: Applied NNI move (578, 589), no. accepts: 0, new log likelihood: -2033428.2795328195, current phi: 0.2985554171965506, current nu: 0.0666329704572423
[2025-10-20 14:05:46.030] [multi_logger] [info] Iteration 1: Applied NNI move (1012, 990), no. accepts: 1, new log likelihood: -2033409.7502657266, current phi: 0.30887333322436444, current nu: 0.06136737830923904
[2025-10-20 14:05:46.612] [multi_logger] [info] Iteration 2: Applied NNI move (619, 614), no. accepts: 2, new log likelihood: -2033391.2613394875, current phi: 0.31714560354464105, current nu: 0.057050227970644886
[2025-10-20 14:05:47.206] [multi_logger] [info] Iteration 3: Applied NNI move (1515, 1538), no. accepts: 3, new log likelihood: -2033389.2054217828, current phi: 0.32408168685904565, current nu: 0.05339945641093032
[2025-10-20 14:05:47.783] [multi_logger] [info] Iteration 4: Applied NNI move (1160, 1148), no. accepts: 4, new log likelihood: -2033378.1331324927, current phi: 0.3305683951581449, current nu: 0.050188454270974986
[2025-10-20 14:05:48.368] [multi_logger] [info] Iteration 5: Applied NNI move (721, 720), no. accepts: 5, new log likelihood: -2033376.9800717141, current phi: 0.33687755310175604, current nu: 0.04732769188423173
[2025-10-20 14:05:48.958] [multi_logger] [info] Iteration 6: Rejected NNI move (1483, 1480), proposed log likelihood: -2033376.9800717141
[2025-10-20 14:05:49.553] [multi_logger] [info] Iteration 7: Applied NNI move (1323, 1322), no. accepts: 6, new log likelihood: -2033368.7406130077, current phi: 0.3422437474712037, current nu: 0.044704300142803605
[2025-10-20 14:05:50.151] [multi_logger] [info] Iteration 8: Applied NNI move (127, 75), no. accepts: 7, new log likelihood: -2033362.6090976167, current phi: 0.3470676943165067, current nu: 0.0422728436928881
[2025-10-20 14:05:50.771] [multi_logger] [info] Iteration 9: Rejected NNI move (1639, 1638), proposed log likelihood: -2033362.6090976167
[2025-10-20 14:05:51.409] [multi_logger] [info] Iteration 10: Applied NNI move (244, 243), no. accepts: 8, new log likelihood: -2033355.4992748192, current phi: 0.35149798100426616, current nu: 0.04004019900645152
[2025-10-20 14:05:52.027] [multi_logger] [info] Iteration 11: Applied NNI move (1566, 1546), no. accepts: 9, new log likelihood: -2033333.433218354, current phi: 0.35578134443677445, current nu: 0.0380450983562886
[2025-10-20 14:05:52.623] [multi_logger] [info] Iteration 12: Applied NNI move (238, 246), no. accepts: 10, new log likelihood: -2033330.9509273565, current phi: 0.3593172788915187, current nu: 0.03629900309812103
[2025-10-20 14:05:53.216] [multi_logger] [info] Iteration 13: Rejected NNI move (156, 159), proposed log likelihood: -2033330.9509273565
[2025-10-20 14:05:53.861] [multi_logger] [info] Iteration 14: Rejected NNI move (1642, 1652), proposed log likelihood: -2033330.9509273565
[2025-10-20 14:05:54.468] [multi_logger] [info] Iteration 15: Applied NNI move (1113, 1112), no. accepts: 11, new log likelihood: -2033326.1577029307, current phi: 0.3624634928861973, current nu: 0.03478096516136075
[2025-10-20 14:05:55.138] [multi_logger] [info] Iteration 16: Applied NNI move (833, 831), no. accepts: 12, new log likelihood: -2033324.4795457795, current phi: 0.36515124938408283, current nu: 0.033450795113421174
[2025-10-20 14:05:55.760] [multi_logger] [info] Iteration 17: Rejected NNI move (763, 765), proposed log likelihood: -2033324.4795457795
[2025-10-20 14:05:56.373] [multi_logger] [info] Iteration 18: Rejected NNI move (1078, 1081), proposed log likelihood: -2033324.4795457795
[2025-10-20 14:05:56.995] [multi_logger] [info] Iteration 19: Rejected NNI move (55, 49), proposed log likelihood: -2033324.4795457795
[2025-10-20 14:05:57.590] [multi_logger] [info] Iteration 20: Rejected NNI move (514, 516), proposed log likelihood: -2033324.4795457795
[2025-10-20 14:05:58.190] [multi_logger] [info] Iteration 21: Applied NNI move (482, 480), no. accepts: 13, new log likelihood: -2033323.0783861224, current phi: 0.36756746444865923, current nu: 0.03226373480971399
[2025-10-20 14:05:58.820] [multi_logger] [info] Iteration 22: Applied NNI move (630, 633), no. accepts: 14, new log likelihood: -2033319.3088679982, current phi: 0.36978198254560607, current nu: 0.031182209318760052
[2025-10-20 14:05:59.434] [multi_logger] [info] Iteration 23: Rejected NNI move (480, 481), proposed log likelihood: -2033319.3088679982
[2025-10-20 14:06:00.076] [multi_logger] [info] Iteration 24: Applied NNI move (1018, 1077), no. accepts: 15, new log likelihood: -2033318.8702269793, current phi: 0.37183388934965145, current nu: 0.03019476783272302
[2025-10-20 14:06:00.716] [multi_logger] [info] Iteration 25: Rejected NNI move (485, 509), proposed log likelihood: -2033318.8702269793
[2025-10-20 14:06:01.325] [multi_logger] [info] Iteration 26: Applied NNI move (401, 404), no. accepts: 16, new log likelihood: -2033318.8680294037, current phi: 0.37355511372474065, current nu: 0.029337889720800998
[2025-10-20 14:06:01.963] [multi_logger] [info] Iteration 27: Rejected NNI move (416, 419), proposed log likelihood: -2033318.8680294037
[2025-10-20 14:06:02.549] [multi_logger] [info] Iteration 28: Applied NNI move (409, 394), no. accepts: 17, new log likelihood: -2033314.518188544, current phi: 0.37514877631439414, current nu: 0.02852967799022902
[2025-10-20 14:06:03.150] [multi_logger] [info] Iteration 29: Rejected NNI move (998, 995), proposed log likelihood: -2033314.518188544
[2025-10-20 14:06:03.787] [multi_logger] [info] Iteration 30: Rejected NNI move (1654, 1657), proposed log likelihood: -2033314.518188544
[2025-10-20 14:06:04.426] [multi_logger] [info] Iteration 31: Rejected NNI move (1004, 1011), proposed log likelihood: -2033314.518188544
[2025-10-20 14:06:05.042] [multi_logger] [info] Iteration 32: Rejected NNI move (711, 709), proposed log likelihood: -2033314.518188544
[2025-10-20 14:06:05.673] [multi_logger] [info] Iteration 33: Rejected NNI move (514, 516), proposed log likelihood: -2033314.518188544
[2025-10-20 14:06:06.301] [multi_logger] [info] Iteration 34: Applied NNI move (525, 546), no. accepts: 18, new log likelihood: -2033302.725602062, current phi: 0.3769331851652012, current nu: 0.027790554522579978
[2025-10-20 14:06:06.910] [multi_logger] [info] Iteration 35: Rejected NNI move (1262, 1273), proposed log likelihood: -2033302.725602062
[2025-10-20 14:06:07.526] [multi_logger] [info] Iteration 36: Applied NNI move (970, 988), no. accepts: 19, new log likelihood: -2033302.2260896023, current phi: 0.37835878033946435, current nu: 0.02708064851224385
[2025-10-20 14:06:08.131] [multi_logger] [info] Iteration 37: Applied NNI move (222, 148), no. accepts: 20, new log likelihood: -2033301.8493874567, current phi: 0.3797010918071168, current nu: 0.026415108999351393
[2025-10-20 14:06:08.743] [multi_logger] [info] Iteration 38: Applied NNI move (288, 291), no. accepts: 21, new log likelihood: -2033298.0899170747, current phi: 0.38102548673412073, current nu: 0.025777996774764368
[2025-10-20 14:06:09.368] [multi_logger] [info] Iteration 39: Applied NNI move (1066, 1034), no. accepts: 22, new log likelihood: -2033282.4462009429, current phi: 0.38231134957807344, current nu: 0.025193855986380374
[2025-10-20 14:06:09.973] [multi_logger] [info] Iteration 40: Applied NNI move (508, 486), no. accepts: 23, new log likelihood: -2033266.9498816528, current phi: 0.3834910540099186, current nu: 0.024659927610730485
[2025-10-20 14:06:10.658] [multi_logger] [info] Iteration 41: Rejected NNI move (1212, 1208), proposed log likelihood: -2033266.9498816528
[2025-10-20 14:06:11.287] [multi_logger] [info] Iteration 42: Applied NNI move (1483, 1467), no. accepts: 24, new log likelihood: -2033263.8300427962, current phi: 0.3849096243892849, current nu: 0.024190662180741163
[2025-10-20 14:06:11.890] [multi_logger] [info] Iteration 43: Applied NNI move (530, 529), no. accepts: 25, new log likelihood: -2033262.6141539046, current phi: 0.38578074894256975, current nu: 0.023750199659442816
[2025-10-20 14:06:12.520] [multi_logger] [info] Iteration 44: Applied NNI move (732, 742), no. accepts: 26, new log likelihood: -2033260.1345998882, current phi: 0.38629943009007306, current nu: 0.023341212467561875
[2025-10-20 14:06:13.146] [multi_logger] [info] Iteration 45: Applied NNI move (1612, 2), no. accepts: 27, new log likelihood: -2033250.8709700452, current phi: 0.38704227845054917, current nu: 0.022970652606809833
[2025-10-20 14:06:13.767] [multi_logger] [info] Iteration 46: Applied NNI move (368, 352), no. accepts: 28, new log likelihood: -2033246.0292430548, current phi: 0.3880801348680762, current nu: 0.022618884711379874
[2025-10-20 14:06:14.389] [multi_logger] [info] Iteration 47: Applied NNI move (8, 41), no. accepts: 29, new log likelihood: -2033244.6699469665, current phi: 0.3888371311499747, current nu: 0.022284173434247784
[2025-10-20 14:06:15.015] [multi_logger] [info] Iteration 48: Rejected NNI move (87, 99), proposed log likelihood: -2033244.6699469665
[2025-10-20 14:06:15.621] [multi_logger] [info] Iteration 49: Applied NNI move (1160, 1150), no. accepts: 30, new log likelihood: -2033244.440788865, current phi: 0.38945311709695035, current nu: 0.021972102747569184
[2025-10-20 14:06:16.241] [multi_logger] [info] Iteration 50: Rejected NNI move (581, 586), proposed log likelihood: -2033244.440788865
[2025-10-20 14:06:16.847] [multi_logger] [info] Iteration 51: Applied NNI move (265, 267), no. accepts: 31, new log likelihood: -2033244.1931987074, current phi: 0.3900453282438508, current nu: 0.02167537381199615
[2025-10-20 14:06:17.461] [multi_logger] [info] Iteration 52: Rejected NNI move (1088, 1116), proposed log likelihood: -2033244.1931987074
[2025-10-20 14:06:18.074] [multi_logger] [info] Iteration 53: Applied NNI move (1130, 966), no. accepts: 32, new log likelihood: -2033242.8544253944, current phi: 0.3906277246912116, current nu: 0.021390151955691113
[2025-10-20 14:06:18.692] [multi_logger] [info] Iteration 54: Rejected NNI move (1182, 1177), proposed log likelihood: -2033242.8544253944
[2025-10-20 14:06:19.299] [multi_logger] [info] Iteration 55: Applied NNI move (1037, 1046), no. accepts: 33, new log likelihood: -2033238.7349460206, current phi: 0.39120932385270046, current nu: 0.021112358037852073
[2025-10-20 14:06:19.933] [multi_logger] [info] Iteration 56: Applied NNI move (1228, 1235), no. accepts: 34, new log likelihood: -2033217.1572419093, current phi: 0.3920471051919547, current nu: 0.020845821594300536
[2025-10-20 14:06:20.553] [multi_logger] [info] Iteration 57: Applied NNI move (176, 198), no. accepts: 35, new log likelihood: -2033205.5817703977, current phi: 0.3929886452361864, current nu: 0.020641329940930788
[2025-10-20 14:06:21.166] [multi_logger] [info] Iteration 58: Applied NNI move (1102, 1098), no. accepts: 36, new log likelihood: -2033198.8512621, current phi: 0.393583979436001, current nu: 0.020407898949340236
[2025-10-20 14:06:21.805] [multi_logger] [info] Iteration 59: Applied NNI move (951, 953), no. accepts: 37, new log likelihood: -2033197.043087358, current phi: 0.3940321309506687, current nu: 0.020195168734089327
[2025-10-20 14:06:22.418] [multi_logger] [info] Iteration 60: Applied NNI move (796, 791), no. accepts: 38, new log likelihood: -2033194.0761026707, current phi: 0.3942415308231529, current nu: 0.019967765059412113
[2025-10-20 14:06:23.041] [multi_logger] [info] Iteration 61: Rejected NNI move (1145, 1147), proposed log likelihood: -2033194.0761026707
[2025-10-20 14:06:23.629] [multi_logger] [info] Iteration 62: Applied NNI move (1537, 1535), no. accepts: 39, new log likelihood: -2033193.7042185203, current phi: 0.3946149472700175, current nu: 0.01976356117799063
[2025-10-20 14:06:24.225] [multi_logger] [info] Iteration 63: Rejected NNI move (508, 507), proposed log likelihood: -2033193.7042185203
[2025-10-20 14:06:24.838] [multi_logger] [info] Iteration 64: Applied NNI move (1358, 1372), no. accepts: 40, new log likelihood: -2033193.5833892908, current phi: 0.3949931088700067, current nu: 0.019575838604141405
[2025-10-20 14:06:25.436] [multi_logger] [info] Iteration 65: Applied NNI move (441, 436), no. accepts: 41, new log likelihood: -2033188.438578346, current phi: 0.39537363104385165, current nu: 0.019399948206246072
[2025-10-20 14:06:26.045] [multi_logger] [info] Iteration 66: Applied NNI move (160, 155), no. accepts: 42, new log likelihood: -2033174.8917062583, current phi: 0.39579428418378226, current nu: 0.01922360148397853
[2025-10-20 14:06:26.679] [multi_logger] [info] Iteration 67: Rejected NNI move (741, 743), proposed log likelihood: -2033174.8917062583
[2025-10-20 14:06:27.299] [multi_logger] [info] Iteration 68: Rejected NNI move (20, 24), proposed log likelihood: -2033174.8917062583
[2025-10-20 14:06:27.894] [multi_logger] [info] Iteration 69: Rejected NNI move (183, 189), proposed log likelihood: -2033174.8917062583
[2025-10-20 14:06:28.529] [multi_logger] [info] Iteration 70: Rejected NNI move (357, 369), proposed log likelihood: -2033174.8917062583
[2025-10-20 14:06:29.171] [multi_logger] [info] Iteration 71: Applied NNI move (887, 881), no. accepts: 43, new log likelihood: -2033159.2553924557, current phi: 0.3961524492665226, current nu: 0.01903758996455407
[2025-10-20 14:06:29.774] [multi_logger] [info] Iteration 72: Rejected NNI move (1042, 1045), proposed log likelihood: -2033159.2553924557
[2025-10-20 14:06:30.399] [multi_logger] [info] Iteration 73: Rejected NNI move (1091, 1095), proposed log likelihood: -2033159.2553924557
[2025-10-20 14:06:31.062] [multi_logger] [info] Iteration 74: Rejected NNI move (1411, 1420), proposed log likelihood: -2033159.2553924557
[2025-10-20 14:06:31.675] [multi_logger] [info] Iteration 75: Applied NNI move (204, 201), no. accepts: 44, new log likelihood: -2033157.5371964043, current phi: 0.39645136049485125, current nu: 0.018873269925392365
[2025-10-20 14:06:32.288] [multi_logger] [info] Iteration 76: Applied NNI move (279, 282), no. accepts: 45, new log likelihood: -2033149.4297151663, current phi: 0.396860336028837, current nu: 0.018721990443058344
[2025-10-20 14:06:32.942] [multi_logger] [info] Iteration 77: Rejected NNI move (1239, 1258), proposed log likelihood: -2033149.4297151663
[2025-10-20 14:06:33.556] [multi_logger] [info] Iteration 78: Rejected NNI move (577, 609), proposed log likelihood: -2033149.4297151663
[2025-10-20 14:06:34.193] [multi_logger] [info] Iteration 79: Applied NNI move (1593, 1576), no. accepts: 46, new log likelihood: -2033147.745497169, current phi: 0.3972015412122617, current nu: 0.018575184003478466
[2025-10-20 14:06:34.810] [multi_logger] [info] Iteration 80: Rejected NNI move (569, 568), proposed log likelihood: -2033147.745497169
[2025-10-20 14:06:35.454] [multi_logger] [info] Iteration 81: Rejected NNI move (1442, 1441), proposed log likelihood: -2033147.745497169
[2025-10-20 14:06:36.104] [multi_logger] [info] Iteration 82: Applied NNI move (1427, 1368), no. accepts: 47, new log likelihood: -2033146.9022653932, current phi: 0.39751279026310504, current nu: 0.018432701435660646
[2025-10-20 14:06:36.759] [multi_logger] [info] Iteration 83: Applied NNI move (1476, 1479), no. accepts: 48, new log likelihood: -2033144.8613863692, current phi: 0.39786784137039793, current nu: 0.018306466178278944
[2025-10-20 14:06:37.379] [multi_logger] [info] Iteration 84: Rejected NNI move (548, 646), proposed log likelihood: -2033144.8613863692
[2025-10-20 14:06:37.997] [multi_logger] [info] Iteration 85: Rejected NNI move (805, 807), proposed log likelihood: -2033144.8613863692
[2025-10-20 14:06:38.630] [multi_logger] [info] Iteration 86: Applied NNI move (600, 599), no. accepts: 49, new log likelihood: -2033130.0173155824, current phi: 0.39831746928703066, current nu: 0.018190052627550978
[2025-10-20 14:06:39.269] [multi_logger] [info] Iteration 87: Rejected NNI move (1407, 1406), proposed log likelihood: -2033130.0173155824
[2025-10-20 14:06:39.901] [multi_logger] [info] Iteration 88: Applied NNI move (842, 846), no. accepts: 50, new log likelihood: -2033128.6595607349, current phi: 0.39851890657418776, current nu: 0.018069721061788478
[2025-10-20 14:06:40.525] [multi_logger] [info] Iteration 89: Applied NNI move (693, 649), no. accepts: 51, new log likelihood: -2033127.0682838077, current phi: 0.398737056774226, current nu: 0.01795905927333166
[2025-10-20 14:06:41.133] [multi_logger] [info] Iteration 90: Applied NNI move (1307, 1284), no. accepts: 52, new log likelihood: -2033102.386065367, current phi: 0.3991276175142727, current nu: 0.017844100288756593
[2025-10-20 14:06:41.766] [multi_logger] [info] Iteration 91: Rejected NNI move (1648, 1646), proposed log likelihood: -2033102.386065367
[2025-10-20 14:06:42.402] [multi_logger] [info] Iteration 92: Applied NNI move (1428, 1371), no. accepts: 53, new log likelihood: -2033100.630997496, current phi: 0.3992893988562407, current nu: 0.01772736937924171
[2025-10-20 14:06:43.011] [multi_logger] [info] Iteration 93: Rejected NNI move (1088, 1116), proposed log likelihood: -2033100.630997496
[2025-10-20 14:06:43.635] [multi_logger] [info] Iteration 94: Rejected NNI move (813, 828), proposed log likelihood: -2033100.630997496
[2025-10-20 14:06:44.293] [multi_logger] [info] Iteration 95: Rejected NNI move (54, 53), proposed log likelihood: -2033100.630997496
[2025-10-20 14:06:44.881] [multi_logger] [info] Iteration 96: Rejected NNI move (1098, 1102), proposed log likelihood: -2033100.630997496
[2025-10-20 14:06:45.498] [multi_logger] [info] Iteration 97: Applied NNI move (174, 170), no. accepts: 54, new log likelihood: -2033094.2447506203, current phi: 0.3999226991243419, current nu: 0.017635115525038228
[2025-10-20 14:06:46.121] [multi_logger] [info] Iteration 98: Applied NNI move (376, 386), no. accepts: 55, new log likelihood: -2033093.4814010335, current phi: 0.4001216161240171, current nu: 0.017538916756100652
[2025-10-20 14:06:46.813] [multi_logger] [info] Iteration 99: Rejected NNI move (1618, 1651), proposed log likelihood: -2033093.4814010335
[2025-10-20 14:06:47.454] [multi_logger] [info] Iteration 100: Applied NNI move (339, 336), no. accepts: 56, new log likelihood: -2033093.432602752, current phi: 0.4003083099834348, current nu: 0.017447283560391696
[2025-10-20 14:06:48.061] [multi_logger] [info] Iteration 101: Applied NNI move (1020, 1023), no. accepts: 57, new log likelihood: -2033091.0443288798, current phi: 0.4006759844689795, current nu: 0.017363244009430755
[2025-10-20 14:06:48.745] [multi_logger] [info] Iteration 102: Applied NNI move (443, 472), no. accepts: 58, new log likelihood: -2033086.4444060323, current phi: 0.40062769912249, current nu: 0.017263225692026696
[2025-10-20 14:06:49.341] [multi_logger] [info] Iteration 103: Rejected NNI move (40, 9), proposed log likelihood: -2033086.4444060323
[2025-10-20 14:06:49.951] [multi_logger] [info] Iteration 104: Applied NNI move (1, 3), no. accepts: 59, new log likelihood: -2033086.340140135, current phi: 0.4007855380082839, current nu: 0.01717873254838176
[2025-10-20 14:06:50.596] [multi_logger] [info] Iteration 105: Rejected NNI move (798, 801), proposed log likelihood: -2033086.340140135
[2025-10-20 14:06:51.194] [multi_logger] [info] Iteration 106: Rejected NNI move (563, 561), proposed log likelihood: -2033086.340140135
[2025-10-20 14:06:51.809] [multi_logger] [info] Iteration 107: Rejected NNI move (1645, 1650), proposed log likelihood: -2033086.340140135
[2025-10-20 14:06:52.429] [multi_logger] [info] Iteration 108: Applied NNI move (725, 1613), no. accepts: 60, new log likelihood: -2033086.3245253037, current phi: 0.4009482488291492, current nu: 0.017098514267211342
[2025-10-20 14:06:53.076] [multi_logger] [info] Iteration 109: Applied NNI move (122, 78), no. accepts: 61, new log likelihood: -2033086.3145831807, current phi: 0.40110409922190876, current nu: 0.01702138615452282
[2025-10-20 14:06:53.718] [multi_logger] [info] Iteration 110: Rejected NNI move (399, 397), proposed log likelihood: -2033086.3145831807
[2025-10-20 14:06:54.364] [multi_logger] [info] Iteration 111: Applied NNI move (914, 917), no. accepts: 62, new log likelihood: -2033079.8702418993, current phi: 0.40126169027034964, current nu: 0.01694784744620241
[2025-10-20 14:06:54.981] [multi_logger] [info] Iteration 112: Applied NNI move (66, 65), no. accepts: 63, new log likelihood: -2033079.3450441048, current phi: 0.40140462458228143, current nu: 0.016880210911139833
[2025-10-20 14:06:55.623] [multi_logger] [info] Iteration 113: Rejected NNI move (89, 91), proposed log likelihood: -2033079.3450441048
[2025-10-20 14:06:56.272] [multi_logger] [info] Iteration 114: Applied NNI move (341, 233), no. accepts: 64, new log likelihood: -2033078.530324599, current phi: 0.4020784214919139, current nu: 0.01681010797102816
[2025-10-20 14:06:56.895] [multi_logger] [info] Iteration 115: Applied NNI move (712, 720), no. accepts: 65, new log likelihood: -2033078.2312006352, current phi: 0.4020993007095571, current nu: 0.01673682051222167
[2025-10-20 14:06:57.521] [multi_logger] [info] Iteration 116: Rejected NNI move (1569, 1572), proposed log likelihood: -2033078.2312006352
[2025-10-20 14:06:58.137] [multi_logger] [info] Iteration 117: Applied NNI move (990, 991), no. accepts: 66, new log likelihood: -2033078.1690214875, current phi: 0.4022073163760843, current nu: 0.01666846014409417
[2025-10-20 14:06:58.754] [multi_logger] [info] Iteration 118: Rejected NNI move (1499, 1503), proposed log likelihood: -2033078.1690214875
[2025-10-20 14:06:59.367] [multi_logger] [info] Iteration 119: Rejected NNI move (164, 210), proposed log likelihood: -2033078.1690214875
[2025-10-20 14:07:00.038] [multi_logger] [info] Iteration 120: Applied NNI move (665, 667), no. accepts: 67, new log likelihood: -2033078.1686291855, current phi: 0.40244977648171615, current nu: 0.016639750815432713
[2025-10-20 14:07:00.672] [multi_logger] [info] Iteration 121: Rejected NNI move (1661, 1660), proposed log likelihood: -2033078.1686291855
[2025-10-20 14:07:01.317] [multi_logger] [info] Iteration 122: Rejected NNI move (992, 1002), proposed log likelihood: -2033078.1686291855
[2025-10-20 14:07:01.948] [multi_logger] [info] Iteration 123: Rejected NNI move (1475, 1472), proposed log likelihood: -2033078.1686291855
[2025-10-20 14:07:02.598] [multi_logger] [info] Iteration 124: Rejected NNI move (599, 598), proposed log likelihood: -2033078.1686291855
[2025-10-20 14:07:03.240] [multi_logger] [info] Iteration 125: Applied NNI move (1497, 1499), no. accepts: 68, new log likelihood: -2033075.9929554476, current phi: 0.4026200050225839, current nu: 0.016591118981117103
[2025-10-20 14:07:03.874] [multi_logger] [info] Iteration 126: Applied NNI move (45, 58), no. accepts: 69, new log likelihood: -2033073.5925930077, current phi: 0.4027748882207136, current nu: 0.01654430629544859
[2025-10-20 14:07:04.503] [multi_logger] [info] Iteration 127: Applied NNI move (224, 226), no. accepts: 70, new log likelihood: -2033060.167052415, current phi: 0.4028007631318168, current nu: 0.016482860129075003
[2025-10-20 14:07:05.219] [multi_logger] [info] Iteration 128: Applied NNI move (1271, 1270), no. accepts: 71, new log likelihood: -2033050.6649133558, current phi: 0.4027975210968678, current nu: 0.016421013763106302
[2025-10-20 14:07:05.903] [multi_logger] [info] Iteration 129: Applied NNI move (126, 137), no. accepts: 72, new log likelihood: -2033046.5320264562, current phi: 0.40278066609649127, current nu: 0.016362025969840245
[2025-10-20 14:07:06.595] [multi_logger] [info] Iteration 130: Applied NNI move (1408, 1407), no. accepts: 73, new log likelihood: -2033043.7880877124, current phi: 0.4029260855698568, current nu: 0.016312333279112568
[2025-10-20 14:07:07.332] [multi_logger] [info] Iteration 131: Rejected NNI move (1072, 1070), proposed log likelihood: -2033043.7880877124
[2025-10-20 14:07:08.002] [multi_logger] [info] Iteration 132: Rejected NNI move (577, 609), proposed log likelihood: -2033043.7880877124
[2025-10-20 14:07:08.675] [multi_logger] [info] Iteration 133: Applied NNI move (466, 465), no. accepts: 74, new log likelihood: -2033042.5224986412, current phi: 0.40300553801625294, current nu: 0.016267864837747285
[2025-10-20 14:07:09.361] [multi_logger] [info] Iteration 134: Rejected NNI move (1013, 971), proposed log likelihood: -2033042.5224986412
[2025-10-20 14:07:10.031] [multi_logger] [info] Iteration 135: Applied NNI move (786, 774), no. accepts: 75, new log likelihood: -2033038.7182492474, current phi: 0.4031102789152918, current nu: 0.016226949981037325
[2025-10-20 14:07:10.725] [multi_logger] [info] Iteration 136: Rejected NNI move (238, 312), proposed log likelihood: -2033038.7182492474
[2025-10-20 14:07:11.443] [multi_logger] [info] Iteration 137: Rejected NNI move (77, 79), proposed log likelihood: -2033038.7182492474
[2025-10-20 14:07:12.085] [multi_logger] [info] Iteration 138: Applied NNI move (622, 571), no. accepts: 76, new log likelihood: -2033033.5079528014, current phi: 0.403244947642502, current nu: 0.016191347420052595
[2025-10-20 14:07:12.727] [multi_logger] [info] Iteration 139: Applied NNI move (1221, 1236), no. accepts: 77, new log likelihood: -2033020.1121831778, current phi: 0.40362961369579836, current nu: 0.016155125796276218
[2025-10-20 14:07:13.379] [multi_logger] [info] Iteration 140: Applied NNI move (428, 431), no. accepts: 78, new log likelihood: -2033007.546632102, current phi: 0.40376003828413426, current nu: 0.01611236748110799
[2025-10-20 14:07:14.001] [multi_logger] [info] Iteration 141: Applied NNI move (802, 788), no. accepts: 79, new log likelihood: -2033004.5516746258, current phi: 0.40451434636644085, current nu: 0.016063765985677412
[2025-10-20 14:07:14.614] [multi_logger] [info] Iteration 142: Rejected NNI move (979, 977), proposed log likelihood: -2033004.5516746258
[2025-10-20 14:07:15.302] [multi_logger] [info] Iteration 143: Applied NNI move (86, 119), no. accepts: 80, new log likelihood: -2033004.4673179802, current phi: 0.4046603084020781, current nu: 0.016003828470879288
[2025-10-20 14:07:15.949] [multi_logger] [info] Iteration 144: Applied NNI move (91, 93), no. accepts: 81, new log likelihood: -2033001.056528719, current phi: 0.40483658643514725, current nu: 0.01594734301614927
[2025-10-20 14:07:16.567] [multi_logger] [info] Iteration 145: Rejected NNI move (949, 953), proposed log likelihood: -2033001.056528719
[2025-10-20 14:07:17.181] [multi_logger] [info] Iteration 146: Rejected NNI move (102, 100), proposed log likelihood: -2033001.056528719
[2025-10-20 14:07:17.860] [multi_logger] [info] Iteration 147: Rejected NNI move (548, 699), proposed log likelihood: -2033001.056528719
[2025-10-20 14:07:18.505] [multi_logger] [info] Iteration 148: Rejected NNI move (975, 974), proposed log likelihood: -2033001.056528719
[2025-10-20 14:07:19.154] [multi_logger] [info] Iteration 149: Rejected NNI move (1642, 1653), proposed log likelihood: -2033001.056528719
[2025-10-20 14:07:19.772] [multi_logger] [info] Iteration 150: Rejected NNI move (670, 673), proposed log likelihood: -2033001.056528719
[2025-10-20 14:07:20.410] [multi_logger] [info] Iteration 151: Rejected NNI move (1569, 1572), proposed log likelihood: -2033001.056528719
[2025-10-20 14:07:21.068] [multi_logger] [info] Iteration 152: Rejected NNI move (359, 361), proposed log likelihood: -2033001.056528719
[2025-10-20 14:07:21.708] [multi_logger] [info] Iteration 153: Applied NNI move (312, 327), no. accepts: 82, new log likelihood: -2033000.9954741416, current phi: 0.40494642040009365, current nu: 0.01589996344064795
[2025-10-20 14:07:22.330] [multi_logger] [info] Iteration 154: Rejected NNI move (332, 245), proposed log likelihood: -2033000.9954741416
[2025-10-20 14:07:22.972] [multi_logger] [info] Iteration 155: Rejected NNI move (536, 539), proposed log likelihood: -2033000.9954741416
[2025-10-20 14:07:23.601] [multi_logger] [info] Iteration 156: Applied NNI move (987, 989), no. accepts: 83, new log likelihood: -2032999.9807188034, current phi: 0.4050515062179282, current nu: 0.015854915755864583
[2025-10-20 14:07:24.239] [multi_logger] [info] Iteration 157: Applied NNI move (266, 269), no. accepts: 84, new log likelihood: -2032998.2673826849, current phi: 0.40534373423944886, current nu: 0.015826525190114606
[2025-10-20 14:07:24.859] [multi_logger] [info] Iteration 158: Rejected NNI move (1584, 1586), proposed log likelihood: -2032998.2673826849
[2025-10-20 14:07:25.486] [multi_logger] [info] Iteration 159: Rejected NNI move (756, 741), proposed log likelihood: -2032998.2673826849
[2025-10-20 14:07:26.134] [multi_logger] [info] Iteration 160: Rejected NNI move (1259, 1254), proposed log likelihood: -2032998.2673826849
[2025-10-20 14:07:26.773] [multi_logger] [info] Iteration 161: Rejected NNI move (1028, 1021), proposed log likelihood: -2032998.2673826849
[2025-10-20 14:07:27.385] [multi_logger] [info] Iteration 162: Rejected NNI move (1529, 1527), proposed log likelihood: -2032998.2673826849
[2025-10-20 14:07:27.999] [multi_logger] [info] Iteration 163: Rejected NNI move (536, 539), proposed log likelihood: -2032998.2673826849
[2025-10-20 14:07:28.616] [multi_logger] [info] Iteration 164: Rejected NNI move (442, 477), proposed log likelihood: -2032998.2673826849
[2025-10-20 14:07:29.278] [multi_logger] [info] Iteration 165: Applied NNI move (65, 44), no. accepts: 85, new log likelihood: -2032998.0686445204, current phi: 0.40543835691325675, current nu: 0.015783251597209915
[2025-10-20 14:07:29.933] [multi_logger] [info] Iteration 166: Applied NNI move (406, 396), no. accepts: 86, new log likelihood: -2032989.0910757724, current phi: 0.4056014694036059, current nu: 0.01574037728943191
[2025-10-20 14:07:30.541] [multi_logger] [info] Iteration 167: Rejected NNI move (20, 25), proposed log likelihood: -2032989.0910757724
[2025-10-20 14:07:31.416] [multi_logger] [info] Iteration 168: Rejected NNI move (262, 252), proposed log likelihood: -2032989.0910757724
[2025-10-20 14:07:32.111] [multi_logger] [info] Iteration 169: Rejected NNI move (230, 440), proposed log likelihood: -2032989.0910757724
[2025-10-20 14:07:32.731] [multi_logger] [info] Iteration 170: Applied NNI move (1464, 1506), no. accepts: 87, new log likelihood: -2032986.4666645173, current phi: 0.40585295506191305, current nu: 0.015703002140136094
[2025-10-20 14:07:33.366] [multi_logger] [info] Iteration 171: Applied NNI move (38, 33), no. accepts: 88, new log likelihood: -2032983.6192726435, current phi: 0.4058461289512848, current nu: 0.015667178259886585
[2025-10-20 14:07:34.005] [multi_logger] [info] Iteration 172: Applied NNI move (1634, 1637), no. accepts: 89, new log likelihood: -2032977.7478836975, current phi: 0.40605956066848214, current nu: 0.015717123079992602
[2025-10-20 14:07:34.693] [multi_logger] [info] Iteration 173: Rejected NNI move (143, 7), proposed log likelihood: -2032977.7478836975
[2025-10-20 14:07:35.289] [multi_logger] [info] Iteration 174: Applied NNI move (484, 547), no. accepts: 90, new log likelihood: -2032971.1060524646, current phi: 0.4061128312350806, current nu: 0.015741562501870546
[2025-10-20 14:07:35.959] [multi_logger] [info] Iteration 175: Applied NNI move (1362, 1366), no. accepts: 91, new log likelihood: -2032952.2838907964, current phi: 0.40650995689864494, current nu: 0.015790733012668694
[2025-10-20 14:07:36.583] [multi_logger] [info] Iteration 176: Rejected NNI move (40, 9), proposed log likelihood: -2032952.2838907964
[2025-10-20 14:07:37.233] [multi_logger] [info] Iteration 177: Rejected NNI move (924, 923), proposed log likelihood: -2032952.2838907964
[2025-10-20 14:07:37.850] [multi_logger] [info] Iteration 178: Rejected NNI move (1442, 1441), proposed log likelihood: -2032952.2838907964
[2025-10-20 14:07:38.555] [multi_logger] [info] Iteration 179: Rejected NNI move (919, 931), proposed log likelihood: -2032952.2838907964
[2025-10-20 14:07:39.208] [multi_logger] [info] Iteration 180: Applied NNI move (1067, 1069), no. accepts: 92, new log likelihood: -2032952.0612281384, current phi: 0.4063918614260088, current nu: 0.015807121689908107
[2025-10-20 14:07:39.883] [multi_logger] [info] Iteration 181: Applied NNI move (1162, 1161), no. accepts: 93, new log likelihood: -2032951.4759749002, current phi: 0.406339626177495, current nu: 0.015824385925045665
[2025-10-20 14:07:40.589] [multi_logger] [info] Iteration 182: Rejected NNI move (454, 469), proposed log likelihood: -2032951.4759749002
[2025-10-20 14:07:41.191] [multi_logger] [info] Iteration 183: Applied NNI move (89, 92), no. accepts: 94, new log likelihood: -2032950.8187150578, current phi: 0.406421930301451, current nu: 0.015834849553656785
[2025-10-20 14:07:41.826] [multi_logger] [info] Iteration 184: Rejected NNI move (1628, 1630), proposed log likelihood: -2032950.8187150578
[2025-10-20 14:07:42.449] [multi_logger] [info] Iteration 185: Applied NNI move (991, 1013), no. accepts: 95, new log likelihood: -2032950.7776592588, current phi: 0.40640680395806417, current nu: 0.0158436940535694
[2025-10-20 14:07:43.076] [multi_logger] [info] Iteration 186: Rejected NNI move (233, 341), proposed log likelihood: -2032950.7776592588
[2025-10-20 14:07:43.713] [multi_logger] [info] Iteration 187: Rejected NNI move (741, 750), proposed log likelihood: -2032950.7776592588
[2025-10-20 14:07:44.379] [multi_logger] [info] Iteration 188: Rejected NNI move (1150, 1160), proposed log likelihood: -2032950.7776592588
[2025-10-20 14:07:45.007] [multi_logger] [info] Iteration 189: Applied NNI move (1136, 1220), no. accepts: 96, new log likelihood: -2032927.264212046, current phi: 0.4068699956781602, current nu: 0.01584808822365736
[2025-10-20 14:07:45.650] [multi_logger] [info] Iteration 190: Applied NNI move (1148, 1150), no. accepts: 97, new log likelihood: -2032916.8785571908, current phi: 0.40682755645828683, current nu: 0.015834221994788605
[2025-10-20 14:07:46.332] [multi_logger] [info] Iteration 191: Rejected NNI move (1654, 1657), proposed log likelihood: -2032916.8785571908
[2025-10-20 14:07:47.019] [multi_logger] [info] Iteration 192: Rejected NNI move (142, 140), proposed log likelihood: -2032916.8785571908
[2025-10-20 14:07:47.732] [multi_logger] [info] Iteration 193: Rejected NNI move (442, 477), proposed log likelihood: -2032916.8785571908
[2025-10-20 14:07:48.367] [multi_logger] [info] Iteration 194: Applied NNI move (1409, 1402), no. accepts: 98, new log likelihood: -2032916.2356739643, current phi: 0.4068267995223625, current nu: 0.01582518620558121
[2025-10-20 14:07:49.041] [multi_logger] [info] Iteration 195: Applied NNI move (1001, 998), no. accepts: 99, new log likelihood: -2032916.0201291246, current phi: 0.4069731366109706, current nu: 0.015817487805987764
[2025-10-20 14:07:49.701] [multi_logger] [info] Iteration 196: Applied NNI move (177, 194), no. accepts: 100, new log likelihood: -2032915.204601307, current phi: 0.40707042014335154, current nu: 0.01580691310858354
[2025-10-20 14:07:50.343] [multi_logger] [info] Iteration 197: Rejected NNI move (803, 805), proposed log likelihood: -2032915.204601307
[2025-10-20 14:07:51.007] [multi_logger] [info] Iteration 198: Applied NNI move (1455, 1454), no. accepts: 101, new log likelihood: -2032914.9184966467, current phi: 0.4072389620334511, current nu: 0.015806123436900115
[2025-10-20 14:07:51.665] [multi_logger] [info] Iteration 199: Rejected NNI move (3, 706), proposed log likelihood: -2032914.9184966467
[2025-10-20 14:07:52.308] [multi_logger] [info] Iteration 200: Applied NNI move (1237, 1261), no. accepts: 102, new log likelihood: -2032914.7610229235, current phi: 0.4072549620635689, current nu: 0.015797410944700163
[2025-10-20 14:07:52.944] [multi_logger] [info] Iteration 201: Applied NNI move (169, 172), no. accepts: 103, new log likelihood: -2032910.213934841, current phi: 0.4079988743550507, current nu: 0.015903126573404515
[2025-10-20 14:07:53.578] [multi_logger] [info] Iteration 202: Rejected NNI move (650, 662), proposed log likelihood: -2032910.213934841
[2025-10-20 14:07:54.321] [multi_logger] [info] Iteration 203: Applied NNI move (220, 217), no. accepts: 104, new log likelihood: -2032908.1362494528, current phi: 0.40788263670711417, current nu: 0.01592238794432104
[2025-10-20 14:07:54.928] [multi_logger] [info] Iteration 204: Applied NNI move (940, 909), no. accepts: 105, new log likelihood: -2032907.7675117673, current phi: 0.40780906351594526, current nu: 0.015943375650140548
[2025-10-20 14:07:55.638] [multi_logger] [info] Iteration 205: Rejected NNI move (1136, 1315), proposed log likelihood: -2032907.7675117673
[2025-10-20 14:07:56.279] [multi_logger] [info] Iteration 206: Rejected NNI move (536, 538), proposed log likelihood: -2032907.7675117673
[2025-10-20 14:07:56.952] [multi_logger] [info] Iteration 207: Rejected NNI move (328, 331), proposed log likelihood: -2032907.7675117673
[2025-10-20 14:07:57.701] [multi_logger] [info] Iteration 208: Applied NNI move (1202, 1204), no. accepts: 106, new log likelihood: -2032902.3403385947, current phi: 0.40769543615435117, current nu: 0.015949100406475663
[2025-10-20 14:07:58.424] [multi_logger] [info] Iteration 209: Applied NNI move (420, 374), no. accepts: 107, new log likelihood: -2032902.148794272, current phi: 0.40763462044143334, current nu: 0.015971086598326627
[2025-10-20 14:07:59.143] [multi_logger] [info] Iteration 210: Applied NNI move (831, 833), no. accepts: 108, new log likelihood: -2032899.7662069255, current phi: 0.40758151768293127, current nu: 0.015996478902751257
[2025-10-20 14:07:59.803] [multi_logger] [info] Iteration 211: Rejected NNI move (949, 952), proposed log likelihood: -2032899.7662069255
[2025-10-20 14:08:00.519] [multi_logger] [info] Iteration 212: Rejected NNI move (1529, 1527), proposed log likelihood: -2032899.7662069255
[2025-10-20 14:08:01.164] [multi_logger] [info] Iteration 213: Rejected NNI move (374, 420), proposed log likelihood: -2032899.7662069255
[2025-10-20 14:08:01.803] [multi_logger] [info] Iteration 214: Applied NNI move (505, 522), no. accepts: 109, new log likelihood: -2032894.1776405452, current phi: 0.4074120063768847, current nu: 0.016022414205893794
[2025-10-20 14:08:02.487] [multi_logger] [info] Iteration 215: Applied NNI move (147, 214), no. accepts: 110, new log likelihood: -2032892.210617451, current phi: 0.40733634954666775, current nu: 0.016051923642075968
[2025-10-20 14:08:03.179] [multi_logger] [info] Iteration 216: Applied NNI move (953, 951), no. accepts: 111, new log likelihood: -2032891.52010361, current phi: 0.40735420985665466, current nu: 0.01607817888861156
[2025-10-20 14:08:03.887] [multi_logger] [info] Iteration 217: Rejected NNI move (870, 869), proposed log likelihood: -2032891.52010361
[2025-10-20 14:08:04.597] [multi_logger] [info] Iteration 218: Rejected NNI move (972, 979), proposed log likelihood: -2032891.52010361
[2025-10-20 14:08:05.275] [multi_logger] [info] Iteration 219: Rejected NNI move (798, 800), proposed log likelihood: -2032891.52010361
[2025-10-20 14:08:05.986] [multi_logger] [info] Iteration 220: Rejected NNI move (1412, 1416), proposed log likelihood: -2032891.52010361
[2025-10-20 14:08:06.682] [multi_logger] [info] Iteration 221: Rejected NNI move (358, 367), proposed log likelihood: -2032891.52010361
[2025-10-20 14:08:07.406] [multi_logger] [info] Iteration 222: Rejected NNI move (457, 462), proposed log likelihood: -2032891.52010361
[2025-10-20 14:08:08.088] [multi_logger] [info] Iteration 223: Rejected NNI move (1626, 1624), proposed log likelihood: -2032891.52010361
[2025-10-20 14:08:08.799] [multi_logger] [info] Iteration 224: Rejected NNI move (1311, 1218), proposed log likelihood: -2032891.52010361
[2025-10-20 14:08:09.490] [multi_logger] [info] Iteration 225: Applied NNI move (1310, 1309), no. accepts: 112, new log likelihood: -2032891.324012206, current phi: 0.40731288651795133, current nu: 0.01610046573637529
[2025-10-20 14:08:10.178] [multi_logger] [info] Iteration 226: Rejected NNI move (149, 222), proposed log likelihood: -2032891.324012206
[2025-10-20 14:08:10.844] [multi_logger] [info] Iteration 227: Rejected NNI move (89, 95), proposed log likelihood: -2032891.324012206
[2025-10-20 14:08:11.497] [multi_logger] [info] Iteration 228: Applied NNI move (433, 343), no. accepts: 113, new log likelihood: -2032890.820040279, current phi: 0.4072551056499305, current nu: 0.016119873575158178
[2025-10-20 14:08:12.181] [multi_logger] [info] Iteration 229: Applied NNI move (817, 819), no. accepts: 114, new log likelihood: -2032875.1130172801, current phi: 0.4072763867158665, current nu: 0.016135197713480955
[2025-10-20 14:08:12.929] [multi_logger] [info] Iteration 230: Applied NNI move (1067, 1074), no. accepts: 115, new log likelihood: -2032858.4325334483, current phi: 0.408019157739977, current nu: 0.01614812889027388
[2025-10-20 14:08:13.632] [multi_logger] [info] Iteration 231: Applied NNI move (1354, 1430), no. accepts: 116, new log likelihood: -2032854.8025257976, current phi: 0.4081065251810192, current nu: 0.016132813935408975
[2025-10-20 14:08:14.322] [multi_logger] [info] Iteration 232: Rejected NNI move (1155, 1153), proposed log likelihood: -2032854.8025257976
[2025-10-20 14:08:15.017] [multi_logger] [info] Iteration 233: Rejected NNI move (687, 692), proposed log likelihood: -2032854.8025257976
[2025-10-20 14:08:15.689] [multi_logger] [info] Iteration 234: Applied NNI move (803, 806), no. accepts: 117, new log likelihood: -2032853.4405513378, current phi: 0.40802718343904054, current nu: 0.01610089424153928
[2025-10-20 14:08:16.450] [multi_logger] [info] Iteration 235: Rejected NNI move (5, 701), proposed log likelihood: -2032853.4405513378
[2025-10-20 14:08:17.141] [multi_logger] [info] Iteration 236: Rejected NNI move (46, 59), proposed log likelihood: -2032853.4405513378
[2025-10-20 14:08:17.845] [multi_logger] [info] Iteration 237: Rejected NNI move (1383, 1382), proposed log likelihood: -2032853.4405513378
[2025-10-20 14:08:18.586] [multi_logger] [info] Iteration 238: Applied NNI move (484, 546), no. accepts: 118, new log likelihood: -2032853.400173807, current phi: 0.40802184555533616, current nu: 0.016070674421948285
[2025-10-20 14:08:19.262] [multi_logger] [info] Iteration 239: Applied NNI move (1423, 1376), no. accepts: 119, new log likelihood: -2032853.3440618648, current phi: 0.4080793499004576, current nu: 0.016041074274983993
[2025-10-20 14:08:19.958] [multi_logger] [info] Iteration 240: Applied NNI move (1389, 1391), no. accepts: 120, new log likelihood: -2032844.7379621144, current phi: 0.4081986309955972, current nu: 0.016007568822102653
[2025-10-20 14:08:20.681] [multi_logger] [info] Iteration 241: Rejected NNI move (1135, 1317), proposed log likelihood: -2032844.7379621144
[2025-10-20 14:08:21.356] [multi_logger] [info] Iteration 242: Applied NNI move (92, 89), no. accepts: 121, new log likelihood: -2032815.6109066666, current phi: 0.4084740837580167, current nu: 0.01597699983747537
[2025-10-20 14:08:22.031] [multi_logger] [info] Iteration 243: Applied NNI move (339, 236), no. accepts: 122, new log likelihood: -2032810.6474568732, current phi: 0.40841212026711016, current nu: 0.015956754415429365
[2025-10-20 14:08:22.750] [multi_logger] [info] Iteration 244: Applied NNI move (724, 708), no. accepts: 123, new log likelihood: -2032809.1202991395, current phi: 0.4083134661979365, current nu: 0.015952950101745935
[2025-10-20 14:08:23.489] [multi_logger] [info] Iteration 245: Applied NNI move (110, 116), no. accepts: 124, new log likelihood: -2032797.2642467306, current phi: 0.40850022467534197, current nu: 0.015976863089393275
[2025-10-20 14:08:24.197] [multi_logger] [info] Iteration 246: Applied NNI move (98, 97), no. accepts: 125, new log likelihood: -2032788.0438612984, current phi: 0.40832827961802604, current nu: 0.015959261650233574
[2025-10-20 14:08:24.948] [multi_logger] [info] Iteration 247: Applied NNI move (699, 647), no. accepts: 126, new log likelihood: -2032785.819744131, current phi: 0.4083516072088345, current nu: 0.01593824825181482
[2025-10-20 14:08:25.616] [multi_logger] [info] Iteration 248: Applied NNI move (552, 623), no. accepts: 127, new log likelihood: -2032783.1409626354, current phi: 0.40860541670159967, current nu: 0.015920832924172172
[2025-10-20 14:08:26.308] [multi_logger] [info] Iteration 249: Rejected NNI move (1536, 1542), proposed log likelihood: -2032783.1409626354
[2025-10-20 14:08:27.043] [multi_logger] [info] Iteration 250: Applied NNI move (736, 738), no. accepts: 128, new log likelihood: -2032773.2005870384, current phi: 0.408811547101578, current nu: 0.01592674036831434
[2025-10-20 14:08:27.755] [multi_logger] [info] Iteration 251: Rejected NNI move (405, 404), proposed log likelihood: -2032773.2005870384
[2025-10-20 14:08:28.564] [multi_logger] [info] Iteration 252: Rejected NNI move (726, 1429), proposed log likelihood: -2032773.2005870384
[2025-10-20 14:08:29.275] [multi_logger] [info] Iteration 253: Rejected NNI move (1267, 1265), proposed log likelihood: -2032773.2005870384
[2025-10-20 14:08:30.101] [multi_logger] [info] Iteration 254: Rejected NNI move (727, 1340), proposed log likelihood: -2032773.2005870384
[2025-10-20 14:08:30.785] [multi_logger] [info] Iteration 255: Rejected NNI move (1008, 1006), proposed log likelihood: -2032773.2005870384
[2025-10-20 14:08:31.408] [multi_logger] [info] Iteration 256: Rejected NNI move (88, 102), proposed log likelihood: -2032773.2005870384
[2025-10-20 14:08:32.075] [multi_logger] [info] Iteration 257: Rejected NNI move (817, 821), proposed log likelihood: -2032773.2005870384
[2025-10-20 14:08:32.724] [multi_logger] [info] Iteration 258: Applied NNI move (136, 131), no. accepts: 129, new log likelihood: -2032771.3957545368, current phi: 0.4087332923835858, current nu: 0.015895299400935425
[2025-10-20 14:08:33.375] [multi_logger] [info] Iteration 259: Rejected NNI move (1243, 1247), proposed log likelihood: -2032771.3957545368
[2025-10-20 14:08:34.008] [multi_logger] [info] Iteration 260: Rejected NNI move (856, 881), proposed log likelihood: -2032771.3957545368
[2025-10-20 14:08:34.595] [multi_logger] [info] Iteration 261: Applied NNI move (543, 542), no. accepts: 130, new log likelihood: -2032771.2029110694, current phi: 0.4087759465015028, current nu: 0.015860982469902644
[2025-10-20 14:08:35.208] [multi_logger] [info] Iteration 262: Applied NNI move (910, 939), no. accepts: 131, new log likelihood: -2032771.1893910673, current phi: 0.40883801185487895, current nu: 0.015827447949287546
[2025-10-20 14:08:35.824] [multi_logger] [info] Iteration 263: Applied NNI move (785, 788), no. accepts: 132, new log likelihood: -2032771.1876123156, current phi: 0.40890260241163173, current nu: 0.01579509678472305
[2025-10-20 14:08:36.437] [multi_logger] [info] Iteration 264: Rejected NNI move (483, 145), proposed log likelihood: -2032771.1876123156
[2025-10-20 14:08:37.078] [multi_logger] [info] Iteration 265: Applied NNI move (461, 463), no. accepts: 133, new log likelihood: -2032771.1861323062, current phi: 0.40896590243503544, current nu: 0.01576387803750127
[2025-10-20 14:08:37.696] [multi_logger] [info] Iteration 266: Applied NNI move (386, 389), no. accepts: 134, new log likelihood: -2032767.8080458734, current phi: 0.4091218865200319, current nu: 0.015733563087886676
[2025-10-20 14:08:38.319] [multi_logger] [info] Iteration 267: Rejected NNI move (1408, 1405), proposed log likelihood: -2032767.8080458734
[2025-10-20 14:08:38.955] [multi_logger] [info] Iteration 268: Rejected NNI move (1430, 1354), proposed log likelihood: -2032767.8080458734
[2025-10-20 14:08:39.578] [multi_logger] [info] Iteration 269: Rejected NNI move (732, 752), proposed log likelihood: -2032767.8080458734
[2025-10-20 14:08:40.372] [multi_logger] [info] Iteration 270: Rejected NNI move (975, 974), proposed log likelihood: -2032767.8080458734
[2025-10-20 14:08:41.082] [multi_logger] [info] Iteration 271: Applied NNI move (375, 410), no. accepts: 135, new log likelihood: -2032764.2020291213, current phi: 0.4091922088520567, current nu: 0.01570291891806615
[2025-10-20 14:08:41.820] [multi_logger] [info] Iteration 272: Rejected NNI move (949, 951), proposed log likelihood: -2032764.2020291213
[2025-10-20 14:08:42.447] [multi_logger] [info] Iteration 273: Rejected NNI move (1375, 1425), proposed log likelihood: -2032764.2020291213
[2025-10-20 14:08:42.448] [multi_logger] [info] Terminating: no acceptable move or improvement <  at iteration 274
[2025-10-20 14:08:42.448] [multi_logger] [info] Simulated annealing completed after 274 iterations. Final log likelihood: -2032764.2020291213
[2025-10-20 14:08:42.453] [multi_logger] [info] Num missing entries: 9846 Num not missing entries: 30090
[2025-10-20 14:08:42.538] [multi_logger] [info] EM iteration: 0 Log likelihood: -2074605.2181457602
[2025-10-20 14:08:42.538] [multi_logger] [info] Nu: 0.693670392036438 Phi: 0.8098391890525818
[2025-10-20 14:08:42.748] [multi_logger] [info] EM iteration: 1 Log likelihood: -2033747.7024373522
[2025-10-20 14:08:42.748] [multi_logger] [info] Nu: 0.15909859873785226 Phi: 0.17308055114714294
[2025-10-20 14:08:42.928] [multi_logger] [info] EM iteration: 2 Log likelihood: -2033276.0024421422
[2025-10-20 14:08:42.928] [multi_logger] [info] Nu: 0.17181618080295458 Phi: 0.1360363066373218
[2025-10-20 14:08:43.090] [multi_logger] [info] EM iteration: 3 Log likelihood: -2033112.966417117
[2025-10-20 14:08:43.091] [multi_logger] [info] Nu: 0.19767221025344828 Phi: 0.11915250083312552
[2025-10-20 14:08:43.264] [multi_logger] [info] EM iteration: 4 Log likelihood: -2033023.267630581
[2025-10-20 14:08:43.264] [multi_logger] [info] Nu: 0.22033754975610914 Phi: 0.10707362124651096
[2025-10-20 14:08:43.427] [multi_logger] [info] EM iteration: 5 Log likelihood: -2032965.3125075956
[2025-10-20 14:08:43.427] [multi_logger] [info] Nu: 0.2391090728016307 Phi: 0.0976328059137956
[2025-10-20 14:08:43.597] [multi_logger] [info] EM iteration: 6 Log likelihood: -2032924.9619734695
[2025-10-20 14:08:43.597] [multi_logger] [info] Nu: 0.2546693440138886 Phi: 0.08998498440931874
[2025-10-20 14:08:43.819] [multi_logger] [info] EM iteration: 7 Log likelihood: -2032895.7492610475
[2025-10-20 14:08:43.819] [multi_logger] [info] Nu: 0.26769908517026847 Phi: 0.08364981787396651
[2025-10-20 14:08:44.010] [multi_logger] [info] EM iteration: 8 Log likelihood: -2032874.032290453
[2025-10-20 14:08:44.010] [multi_logger] [info] Nu: 0.27873865764577466 Phi: 0.07831843605306987
[2025-10-20 14:08:44.362] [multi_logger] [info] Best log likelihood: -2032857.460031536
[2025-10-20 14:08:44.362] [multi_logger] [info] Total runtime: 182582 ms
[2025-10-20 14:08:44.362] [multi_logger] [info] Writing best tree to file...
[2025-10-20 14:08:44.364] [multi_logger] [info] Optimized tree written to fastlaml_colonies_clone3.stepwise_addition_09_tree.newick
[2025-10-20 14:08:44.364] [multi_logger] [info] data_type: observation-matrix, writing posterior probs and argmax probs.
[2025-10-20 14:08:44.723] [multi_logger] [info] Posterior matrix written to fastlaml_colonies_clone3.stepwise_addition_09_posterior_probs.csv
[2025-10-20 14:08:44.730] [multi_logger] [info] Argmax matrix written to fastlaml_colonies_clone3.stepwise_addition_09_posterior_argmax.csv
[2025-10-20 14:08:44.731] [multi_logger] [info] JSON summary written to fastlaml_colonies_clone3.stepwise_addition_09_results.json
[2025-10-20 14:08:44.731] [multi_logger] [info] Tree search and optimization completed. Log likelihood: -2032857.460031536
